<?xml version="1.0" encoding="UTF-8"?>
<testsuite xmlns:xsi="http://www.w3.org/2001/XMLSchema-instance" xsi:noNamespaceSchemaLocation="https://maven.apache.org/surefire/maven-surefire-plugin/xsd/surefire-test-report.xsd" name="org.sonar.samples.java.checks.SQLInjectionCheckTest" time="11.092" tests="1" errors="0" skipped="0" failures="1">
  <properties>
    <property name="sun.desktop" value="windows"/>
    <property name="awt.toolkit" value="sun.awt.windows.WToolkit"/>
    <property name="file.encoding.pkg" value="sun.io"/>
    <property name="java.specification.version" value="1.8"/>
    <property name="sun.cpu.isalist" value="amd64"/>
    <property name="sun.jnu.encoding" value="Cp1250"/>
    <property name="java.class.path" value="C:\Users\lucka\IdeaProjects\sonar-custom-rules-examples\java-custom-rules\target\test-classes;C:\Users\lucka\IdeaProjects\sonar-custom-rules-examples\java-custom-rules\target\classes;C:\Users\lucka\.m2\repository\org\sonarsource\sonarqube\sonar-plugin-api\6.7\sonar-plugin-api-6.7.jar;C:\Users\lucka\.m2\repository\org\codehaus\woodstox\woodstox-core-lgpl\4.4.0\woodstox-core-lgpl-4.4.0.jar;C:\Users\lucka\.m2\repository\javax\xml\stream\stax-api\1.0-2\stax-api-1.0-2.jar;C:\Users\lucka\.m2\repository\org\codehaus\woodstox\stax2-api\3.1.4\stax2-api-3.1.4.jar;C:\Users\lucka\.m2\repository\org\codehaus\staxmate\staxmate\2.0.1\staxmate-2.0.1.jar;C:\Users\lucka\.m2\repository\org\sonarsource\java\sonar-java-plugin\5.1.0.13090\sonar-java-plugin-5.1.0.13090.jar;C:\Users\lucka\.m2\repository\org\sonarsource\java\java-surefire\5.1.0.13090\java-surefire-5.1.0.13090.jar;C:\Users\lucka\.m2\repository\org\sonarsource\java\java-jacoco\5.1.0.13090\java-jacoco-5.1.0.13090.jar;C:\Users\lucka\.m2\repository\org\jacoco\org.jacoco.core\0.8.0\org.jacoco.core-0.8.0.jar;C:\Users\lucka\.m2\repository\org\sonarsource\java\java-jacoco-previous\5.1.0.13090\java-jacoco-previous-5.1.0.13090.jar;C:\Users\lucka\.m2\repository\org\sonarsource\java\java-checks\5.1.0.13090\java-checks-5.1.0.13090.jar;C:\Users\lucka\.m2\repository\org\sonarsource\java\java-frontend\5.1.0.13090\java-frontend-5.1.0.13090.jar;C:\Users\lucka\.m2\repository\org\sonarsource\sslr\sslr-core\1.22\sslr-core-1.22.jar;C:\Users\lucka\.m2\repository\com\google\code\findbugs\jsr305\1.3.9\jsr305-1.3.9.jar;C:\Users\lucka\.m2\repository\cglib\cglib-nodep\3.2.5\cglib-nodep-3.2.5.jar;C:\Users\lucka\.m2\repository\com\google\guava\guava\19.0\guava-19.0.jar;C:\Users\lucka\.m2\repository\org\sonarsource\java\java-maven-model\5.1.0.13090\java-maven-model-5.1.0.13090.jar;C:\Users\lucka\.m2\repository\org\ow2\asm\asm-commons\6.0\asm-commons-6.0.jar;C:\Users\lucka\.m2\repository\org\ow2\asm\asm-tree\6.0\asm-tree-6.0.jar;C:\Users\lucka\.m2\repository\org\ow2\asm\asm\6.0\asm-6.0.jar;C:\Users\lucka\.m2\repository\org\ow2\asm\asm-analysis\6.0\asm-analysis-6.0.jar;C:\Users\lucka\.m2\repository\org\ow2\asm\asm-util\6.0\asm-util-6.0.jar;C:\Users\lucka\.m2\repository\org\apache\maven\maven-project\2.0.7\maven-project-2.0.7.jar;C:\Users\lucka\.m2\repository\org\apache\maven\maven-settings\2.0.7\maven-settings-2.0.7.jar;C:\Users\lucka\.m2\repository\org\apache\maven\maven-profile\2.0.7\maven-profile-2.0.7.jar;C:\Users\lucka\.m2\repository\org\apache\maven\maven-model\2.0.7\maven-model-2.0.7.jar;C:\Users\lucka\.m2\repository\org\apache\maven\maven-artifact-manager\2.0.7\maven-artifact-manager-2.0.7.jar;C:\Users\lucka\.m2\repository\org\apache\maven\maven-repository-metadata\2.0.7\maven-repository-metadata-2.0.7.jar;C:\Users\lucka\.m2\repository\org\apache\maven\wagon\wagon-provider-api\1.0-beta-2\wagon-provider-api-1.0-beta-2.jar;C:\Users\lucka\.m2\repository\org\apache\maven\maven-plugin-registry\2.0.7\maven-plugin-registry-2.0.7.jar;C:\Users\lucka\.m2\repository\org\codehaus\plexus\plexus-utils\1.4.1\plexus-utils-1.4.1.jar;C:\Users\lucka\.m2\repository\org\apache\maven\maven-artifact\2.0.7\maven-artifact-2.0.7.jar;C:\Users\lucka\.m2\repository\org\codehaus\plexus\plexus-container-default\1.0-alpha-9-stable-1\plexus-container-default-1.0-alpha-9-stable-1.jar;C:\Users\lucka\.m2\repository\classworlds\classworlds\1.1-alpha-2\classworlds-1.1-alpha-2.jar;C:\Users\lucka\.m2\repository\commons-lang\commons-lang\2.6\commons-lang-2.6.jar;C:\Users\lucka\.m2\repository\javax\xml\bind\jaxb-api\2.3.0\jaxb-api-2.3.0.jar;C:\Users\lucka\.m2\repository\org\glassfish\jaxb\jaxb-runtime\2.3.0\jaxb-runtime-2.3.0.jar;C:\Users\lucka\.m2\repository\org\glassfish\jaxb\jaxb-core\2.3.0\jaxb-core-2.3.0.jar;C:\Users\lucka\.m2\repository\org\glassfish\jaxb\txw2\2.3.0\txw2-2.3.0.jar;C:\Users\lucka\.m2\repository\com\sun\istack\istack-commons-runtime\3.0.5\istack-commons-runtime-3.0.5.jar;C:\Users\lucka\.m2\repository\org\jvnet\staxex\stax-ex\1.7.8\stax-ex-1.7.8.jar;C:\Users\lucka\.m2\repository\com\sun\xml\fastinfoset\FastInfoset\1.2.13\FastInfoset-1.2.13.jar;C:\Users\lucka\.m2\repository\com\sun\activation\javax.activation\1.2.0\javax.activation-1.2.0.jar;C:\Users\lucka\.m2\repository\org\sonarsource\sslr-squid-bridge\sslr-squid-bridge\2.6.1\sslr-squid-bridge-2.6.1.jar;C:\Users\lucka\.m2\repository\org\picocontainer\picocontainer\2.14.1\picocontainer-2.14.1.jar;C:\Users\lucka\.m2\repository\org\sonarsource\java\java-checks-testkit\5.1.0.13090\java-checks-testkit-5.1.0.13090.jar;C:\Users\lucka\.m2\repository\com\google\code\gson\gson\2.6.2\gson-2.6.2.jar;C:\Users\lucka\.m2\repository\org\sonarsource\sslr\sslr-testing-harness\1.21\sslr-testing-harness-1.21.jar;C:\Users\lucka\.m2\repository\org\sonarsource\sslr\sslr-toolkit\1.21\sslr-toolkit-1.21.jar;C:\Users\lucka\.m2\repository\org\sonarsource\sslr\sslr-xpath\1.21\sslr-xpath-1.21.jar;C:\Users\lucka\.m2\repository\jaxen\jaxen\1.1.4\jaxen-1.1.4.jar;C:\Users\lucka\.m2\repository\org\codehaus\sonar\sonar-colorizer\3.7\sonar-colorizer-3.7.jar;C:\Users\lucka\.m2\repository\org\codehaus\sonar\sonar-channel\3.7\sonar-channel-3.7.jar;C:\Users\lucka\.m2\repository\commons-io\commons-io\2.4\commons-io-2.4.jar;C:\Users\lucka\.m2\repository\org\easytesting\fest-assert\1.4\fest-assert-1.4.jar;C:\Users\lucka\.m2\repository\org\easytesting\fest-util\1.1.6\fest-util-1.1.6.jar;C:\Users\lucka\.m2\repository\org\hamcrest\hamcrest-all\1.1\hamcrest-all-1.1.jar;C:\Users\lucka\.m2\repository\org\slf4j\slf4j-api\1.6.2\slf4j-api-1.6.2.jar;C:\Users\lucka\.m2\repository\junit\junit\4.11\junit-4.11.jar;C:\Users\lucka\.m2\repository\org\hamcrest\hamcrest-core\1.3\hamcrest-core-1.3.jar;C:\Users\lucka\.m2\repository\org\assertj\assertj-core\3.6.1\assertj-core-3.6.1.jar;C:\Users\lucka\.m2\repository\ch\qos\logback\logback-classic\0.9.30\logback-classic-0.9.30.jar;C:\Users\lucka\.m2\repository\ch\qos\logback\logback-core\0.9.30\logback-core-0.9.30.jar;"/>
    <property name="java.vm.vendor" value="Oracle Corporation"/>
    <property name="sun.arch.data.model" value="64"/>
    <property name="user.variant" value=""/>
    <property name="java.vendor.url" value="http://java.oracle.com/"/>
    <property name="user.timezone" value=""/>
    <property name="java.vm.specification.version" value="1.8"/>
    <property name="os.name" value="Windows 10"/>
    <property name="user.country" value="SK"/>
    <property name="sun.java.launcher" value="SUN_STANDARD"/>
    <property name="sun.boot.library.path" value="C:\Program Files\Java\jdk1.8.0_121\jre\bin"/>
    <property name="sun.java.command" value="C:\Users\lucka\AppData\Local\Temp\surefire7403292834518265587\surefirebooter6444861029427888238.jar C:\Users\lucka\AppData\Local\Temp\surefire7403292834518265587 2018-05-16T15-59-06_118-jvmRun1 surefire6135254252650226203tmp surefire_07031697072720424721tmp"/>
    <property name="surefire.test.class.path" value="C:\Users\lucka\IdeaProjects\sonar-custom-rules-examples\java-custom-rules\target\test-classes;C:\Users\lucka\IdeaProjects\sonar-custom-rules-examples\java-custom-rules\target\classes;C:\Users\lucka\.m2\repository\org\sonarsource\sonarqube\sonar-plugin-api\6.7\sonar-plugin-api-6.7.jar;C:\Users\lucka\.m2\repository\org\codehaus\woodstox\woodstox-core-lgpl\4.4.0\woodstox-core-lgpl-4.4.0.jar;C:\Users\lucka\.m2\repository\javax\xml\stream\stax-api\1.0-2\stax-api-1.0-2.jar;C:\Users\lucka\.m2\repository\org\codehaus\woodstox\stax2-api\3.1.4\stax2-api-3.1.4.jar;C:\Users\lucka\.m2\repository\org\codehaus\staxmate\staxmate\2.0.1\staxmate-2.0.1.jar;C:\Users\lucka\.m2\repository\org\sonarsource\java\sonar-java-plugin\5.1.0.13090\sonar-java-plugin-5.1.0.13090.jar;C:\Users\lucka\.m2\repository\org\sonarsource\java\java-surefire\5.1.0.13090\java-surefire-5.1.0.13090.jar;C:\Users\lucka\.m2\repository\org\sonarsource\java\java-jacoco\5.1.0.13090\java-jacoco-5.1.0.13090.jar;C:\Users\lucka\.m2\repository\org\jacoco\org.jacoco.core\0.8.0\org.jacoco.core-0.8.0.jar;C:\Users\lucka\.m2\repository\org\sonarsource\java\java-jacoco-previous\5.1.0.13090\java-jacoco-previous-5.1.0.13090.jar;C:\Users\lucka\.m2\repository\org\sonarsource\java\java-checks\5.1.0.13090\java-checks-5.1.0.13090.jar;C:\Users\lucka\.m2\repository\org\sonarsource\java\java-frontend\5.1.0.13090\java-frontend-5.1.0.13090.jar;C:\Users\lucka\.m2\repository\org\sonarsource\sslr\sslr-core\1.22\sslr-core-1.22.jar;C:\Users\lucka\.m2\repository\com\google\code\findbugs\jsr305\1.3.9\jsr305-1.3.9.jar;C:\Users\lucka\.m2\repository\cglib\cglib-nodep\3.2.5\cglib-nodep-3.2.5.jar;C:\Users\lucka\.m2\repository\com\google\guava\guava\19.0\guava-19.0.jar;C:\Users\lucka\.m2\repository\org\sonarsource\java\java-maven-model\5.1.0.13090\java-maven-model-5.1.0.13090.jar;C:\Users\lucka\.m2\repository\org\ow2\asm\asm-commons\6.0\asm-commons-6.0.jar;C:\Users\lucka\.m2\repository\org\ow2\asm\asm-tree\6.0\asm-tree-6.0.jar;C:\Users\lucka\.m2\repository\org\ow2\asm\asm\6.0\asm-6.0.jar;C:\Users\lucka\.m2\repository\org\ow2\asm\asm-analysis\6.0\asm-analysis-6.0.jar;C:\Users\lucka\.m2\repository\org\ow2\asm\asm-util\6.0\asm-util-6.0.jar;C:\Users\lucka\.m2\repository\org\apache\maven\maven-project\2.0.7\maven-project-2.0.7.jar;C:\Users\lucka\.m2\repository\org\apache\maven\maven-settings\2.0.7\maven-settings-2.0.7.jar;C:\Users\lucka\.m2\repository\org\apache\maven\maven-profile\2.0.7\maven-profile-2.0.7.jar;C:\Users\lucka\.m2\repository\org\apache\maven\maven-model\2.0.7\maven-model-2.0.7.jar;C:\Users\lucka\.m2\repository\org\apache\maven\maven-artifact-manager\2.0.7\maven-artifact-manager-2.0.7.jar;C:\Users\lucka\.m2\repository\org\apache\maven\maven-repository-metadata\2.0.7\maven-repository-metadata-2.0.7.jar;C:\Users\lucka\.m2\repository\org\apache\maven\wagon\wagon-provider-api\1.0-beta-2\wagon-provider-api-1.0-beta-2.jar;C:\Users\lucka\.m2\repository\org\apache\maven\maven-plugin-registry\2.0.7\maven-plugin-registry-2.0.7.jar;C:\Users\lucka\.m2\repository\org\codehaus\plexus\plexus-utils\1.4.1\plexus-utils-1.4.1.jar;C:\Users\lucka\.m2\repository\org\apache\maven\maven-artifact\2.0.7\maven-artifact-2.0.7.jar;C:\Users\lucka\.m2\repository\org\codehaus\plexus\plexus-container-default\1.0-alpha-9-stable-1\plexus-container-default-1.0-alpha-9-stable-1.jar;C:\Users\lucka\.m2\repository\classworlds\classworlds\1.1-alpha-2\classworlds-1.1-alpha-2.jar;C:\Users\lucka\.m2\repository\commons-lang\commons-lang\2.6\commons-lang-2.6.jar;C:\Users\lucka\.m2\repository\javax\xml\bind\jaxb-api\2.3.0\jaxb-api-2.3.0.jar;C:\Users\lucka\.m2\repository\org\glassfish\jaxb\jaxb-runtime\2.3.0\jaxb-runtime-2.3.0.jar;C:\Users\lucka\.m2\repository\org\glassfish\jaxb\jaxb-core\2.3.0\jaxb-core-2.3.0.jar;C:\Users\lucka\.m2\repository\org\glassfish\jaxb\txw2\2.3.0\txw2-2.3.0.jar;C:\Users\lucka\.m2\repository\com\sun\istack\istack-commons-runtime\3.0.5\istack-commons-runtime-3.0.5.jar;C:\Users\lucka\.m2\repository\org\jvnet\staxex\stax-ex\1.7.8\stax-ex-1.7.8.jar;C:\Users\lucka\.m2\repository\com\sun\xml\fastinfoset\FastInfoset\1.2.13\FastInfoset-1.2.13.jar;C:\Users\lucka\.m2\repository\com\sun\activation\javax.activation\1.2.0\javax.activation-1.2.0.jar;C:\Users\lucka\.m2\repository\org\sonarsource\sslr-squid-bridge\sslr-squid-bridge\2.6.1\sslr-squid-bridge-2.6.1.jar;C:\Users\lucka\.m2\repository\org\picocontainer\picocontainer\2.14.1\picocontainer-2.14.1.jar;C:\Users\lucka\.m2\repository\org\sonarsource\java\java-checks-testkit\5.1.0.13090\java-checks-testkit-5.1.0.13090.jar;C:\Users\lucka\.m2\repository\com\google\code\gson\gson\2.6.2\gson-2.6.2.jar;C:\Users\lucka\.m2\repository\org\sonarsource\sslr\sslr-testing-harness\1.21\sslr-testing-harness-1.21.jar;C:\Users\lucka\.m2\repository\org\sonarsource\sslr\sslr-toolkit\1.21\sslr-toolkit-1.21.jar;C:\Users\lucka\.m2\repository\org\sonarsource\sslr\sslr-xpath\1.21\sslr-xpath-1.21.jar;C:\Users\lucka\.m2\repository\jaxen\jaxen\1.1.4\jaxen-1.1.4.jar;C:\Users\lucka\.m2\repository\org\codehaus\sonar\sonar-colorizer\3.7\sonar-colorizer-3.7.jar;C:\Users\lucka\.m2\repository\org\codehaus\sonar\sonar-channel\3.7\sonar-channel-3.7.jar;C:\Users\lucka\.m2\repository\commons-io\commons-io\2.4\commons-io-2.4.jar;C:\Users\lucka\.m2\repository\org\easytesting\fest-assert\1.4\fest-assert-1.4.jar;C:\Users\lucka\.m2\repository\org\easytesting\fest-util\1.1.6\fest-util-1.1.6.jar;C:\Users\lucka\.m2\repository\org\hamcrest\hamcrest-all\1.1\hamcrest-all-1.1.jar;C:\Users\lucka\.m2\repository\org\slf4j\slf4j-api\1.6.2\slf4j-api-1.6.2.jar;C:\Users\lucka\.m2\repository\junit\junit\4.11\junit-4.11.jar;C:\Users\lucka\.m2\repository\org\hamcrest\hamcrest-core\1.3\hamcrest-core-1.3.jar;C:\Users\lucka\.m2\repository\org\assertj\assertj-core\3.6.1\assertj-core-3.6.1.jar;C:\Users\lucka\.m2\repository\ch\qos\logback\logback-classic\0.9.30\logback-classic-0.9.30.jar;C:\Users\lucka\.m2\repository\ch\qos\logback\logback-core\0.9.30\logback-core-0.9.30.jar;"/>
    <property name="sun.cpu.endian" value="little"/>
    <property name="user.home" value="C:\Users\lucka"/>
    <property name="user.language" value="sk"/>
    <property name="java.specification.vendor" value="Oracle Corporation"/>
    <property name="java.home" value="C:\Program Files\Java\jdk1.8.0_121\jre"/>
    <property name="basedir" value="C:\Users\lucka\IdeaProjects\sonar-custom-rules-examples\java-custom-rules"/>
    <property name="file.separator" value="\"/>
    <property name="line.separator" value="&#10;"/>
    <property name="java.vm.specification.vendor" value="Oracle Corporation"/>
    <property name="java.specification.name" value="Java Platform API Specification"/>
    <property name="java.awt.graphicsenv" value="sun.awt.Win32GraphicsEnvironment"/>
    <property name="surefire.real.class.path" value="C:\Users\lucka\AppData\Local\Temp\surefire7403292834518265587\surefirebooter6444861029427888238.jar"/>
    <property name="sun.boot.class.path" value="C:\Program Files\Java\jdk1.8.0_121\jre\lib\resources.jar;C:\Program Files\Java\jdk1.8.0_121\jre\lib\rt.jar;C:\Program Files\Java\jdk1.8.0_121\jre\lib\sunrsasign.jar;C:\Program Files\Java\jdk1.8.0_121\jre\lib\jsse.jar;C:\Program Files\Java\jdk1.8.0_121\jre\lib\jce.jar;C:\Program Files\Java\jdk1.8.0_121\jre\lib\charsets.jar;C:\Program Files\Java\jdk1.8.0_121\jre\lib\jfr.jar;C:\Program Files\Java\jdk1.8.0_121\jre\classes"/>
    <property name="user.script" value=""/>
    <property name="sun.management.compiler" value="HotSpot 64-Bit Tiered Compilers"/>
    <property name="java.runtime.version" value="1.8.0_121-b13"/>
    <property name="user.name" value="lucka"/>
    <property name="path.separator" value=";"/>
    <property name="os.version" value="10.0"/>
    <property name="java.endorsed.dirs" value="C:\Program Files\Java\jdk1.8.0_121\jre\lib\endorsed"/>
    <property name="java.runtime.name" value="Java(TM) SE Runtime Environment"/>
    <property name="file.encoding" value="Cp1250"/>
    <property name="java.vm.name" value="Java HotSpot(TM) 64-Bit Server VM"/>
    <property name="localRepository" value="C:\Users\lucka\.m2\repository"/>
    <property name="java.vendor.url.bug" value="http://bugreport.sun.com/bugreport/"/>
    <property name="java.io.tmpdir" value="C:\Users\lucka\AppData\Local\Temp\"/>
    <property name="java.version" value="1.8.0_121"/>
    <property name="user.dir" value="C:\Users\lucka\IdeaProjects\sonar-custom-rules-examples\java-custom-rules"/>
    <property name="os.arch" value="amd64"/>
    <property name="java.vm.specification.name" value="Java Virtual Machine Specification"/>
    <property name="java.awt.printerjob" value="sun.awt.windows.WPrinterJob"/>
    <property name="sun.os.patch.level" value=""/>
    <property name="java.library.path" value="C:\Program Files\Java\jdk1.8.0_121\jre\bin;C:\WINDOWS\Sun\Java\bin;C:\WINDOWS\system32;C:\WINDOWS;C:\ProgramData\Oracle\Java\javapath;C:\Program Files (x86)\Intel\iCLS Client\;C:\Program Files\Intel\iCLS Client\;C:\WINDOWS\system32;C:\WINDOWS;C:\WINDOWS\System32\Wbem;C:\WINDOWS\System32\WindowsPowerShell\v1.0\;C:\Program Files (x86)\Intel\Intel(R) Management Engine Components\DAL;C:\Program Files\Intel\Intel(R) Management Engine Components\DAL;C:\Program Files (x86)\Intel\Intel(R) Management Engine Components\IPT;C:\Program Files\Intel\Intel(R) Management Engine Components\IPT;C:\Program Files\Microsoft SQL Server\Client SDK\ODBC\130\Tools\Binn\;C:\Program Files (x86)\Microsoft SQL Server\130\Tools\Binn\;C:\Program Files\Microsoft SQL Server\130\Tools\Binn\;C:\Program Files\Microsoft SQL Server\130\DTS\Binn\;C:\Program Files (x86)\Microsoft SQL Server\Client SDK\ODBC\130\Tools\Binn\;C:\Program Files (x86)\Microsoft SQL Server\130\DTS\Binn\;C:\Program Files (x86)\Microsoft SQL Server\130\Tools\Binn\ManagementStudio\;C:\Program Files (x86)\Skype\Phone\;C:\Program Files\OpenVPN\bin;C:\Program Files\Git\cmd;C:\Users\lucka\apache-maven-3.5.3-bin\apache-maven-3.5.3\bin;;."/>
    <property name="java.vm.info" value="mixed mode"/>
    <property name="java.vendor" value="Oracle Corporation"/>
    <property name="java.vm.version" value="25.121-b13"/>
    <property name="java.ext.dirs" value="C:\Program Files\Java\jdk1.8.0_121\jre\lib\ext;C:\WINDOWS\Sun\Java\lib\ext"/>
    <property name="sun.io.unicode.encoding" value="UnicodeLittle"/>
    <property name="java.class.version" value="52.0"/>
  </properties>
  <testcase name="test" classname="org.sonar.samples.java.checks.SQLInjectionCheckTest" time="11.091">
    <failure message="Unexpected at [836, 892, 986, 1038, 1096, 1142, 1329, 1329, 1329, 1345, 1345, 1345, 1345, 1362, 1362, 1362, 1362, 1362, 1552, 1552, 1584, 1627, 1627, 1627, 1627, 1627, 1627, 1744, 1940]" type="java.lang.AssertionError">java.lang.AssertionError: Unexpected at [836, 892, 986, 1038, 1096, 1142, 1329, 1329, 1329, 1345, 1345, 1345, 1345, 1362, 1362, 1362, 1362, 1362, 1552, 1552, 1584, 1627, 1627, 1627, 1627, 1627, 1627, 1744, 1940]
	at org.sonar.samples.java.checks.SQLInjectionCheckTest.test(SQLInjectionCheckTest.java:10)
</failure>
    <system-out><![CDATA[15:59:08.805 [main] DEBUG o.s.java.bytecode.ClassLoaderBuilder - ----- Classpath analyzed by Squid:
15:59:08.805 [main] DEBUG o.s.java.bytecode.ClassLoaderBuilder - C:\Users\lucka\IdeaProjects\sonar-custom-rules-examples\java-custom-rules\target\test-jars\commons-collections4-4.0.jar
15:59:08.805 [main] DEBUG o.s.java.bytecode.ClassLoaderBuilder - C:\Users\lucka\IdeaProjects\sonar-custom-rules-examples\java-custom-rules\target\test-jars\javaee-api-6.0.jar
15:59:08.805 [main] DEBUG o.s.java.bytecode.ClassLoaderBuilder - C:\Users\lucka\IdeaProjects\sonar-custom-rules-examples\java-custom-rules\target\test-jars\spring-context-4.3.3.RELEASE.jar
15:59:08.805 [main] DEBUG o.s.java.bytecode.ClassLoaderBuilder - C:\Users\lucka\IdeaProjects\sonar-custom-rules-examples\java-custom-rules\target\test-jars\spring-web-4.3.3.RELEASE.jar
15:59:08.805 [main] DEBUG o.s.java.bytecode.ClassLoaderBuilder - C:\Users\lucka\IdeaProjects\sonar-custom-rules-examples\java-custom-rules\target\test-jars\spring-webmvc-4.3.3.RELEASE.jar
15:59:08.805 [main] DEBUG o.s.java.bytecode.ClassLoaderBuilder - C:\Users\lucka\IdeaProjects\sonar-custom-rules-examples\java-custom-rules\target\test-classes
15:59:08.805 [main] DEBUG o.s.java.bytecode.ClassLoaderBuilder - -----
15:59:08.816 [main] INFO  org.sonar.squidbridge.ProgressReport - 1 source files to be analyzed
15:59:09.278 [main] DEBUG o.s.j.b.loader.SquidClassLoader - .class not found for java
15:59:09.279 [main] DEBUG o.s.j.b.loader.SquidClassLoader - .class not found for java.math
15:59:09.280 [main] DEBUG o.s.j.b.loader.SquidClassLoader - .class not found for java
15:59:09.281 [main] DEBUG o.s.j.b.loader.SquidClassLoader - .class not found for java.sql
15:59:09.281 [main] DEBUG o.s.j.b.loader.SquidClassLoader - .class not found for java
15:59:09.282 [main] DEBUG o.s.j.b.loader.SquidClassLoader - .class not found for java.text
15:59:09.282 [main] DEBUG o.s.j.b.loader.SquidClassLoader - .class not found for java
15:59:09.283 [main] DEBUG o.s.j.b.loader.SquidClassLoader - .class not found for java.util
15:59:09.283 [main] DEBUG o.s.j.b.loader.SquidClassLoader - .class not found for java
15:59:09.283 [main] DEBUG o.s.j.b.loader.SquidClassLoader - .class not found for java.util
15:59:09.284 [main] DEBUG o.s.j.b.loader.SquidClassLoader - .class not found for java
15:59:09.284 [main] DEBUG o.s.j.b.loader.SquidClassLoader - .class not found for java.util
15:59:09.284 [main] DEBUG o.s.j.b.loader.SquidClassLoader - .class not found for java
15:59:09.284 [main] DEBUG o.s.j.b.loader.SquidClassLoader - .class not found for java.util
15:59:09.285 [main] DEBUG o.s.j.b.loader.SquidClassLoader - .class not found for java
15:59:09.285 [main] DEBUG o.s.j.b.loader.SquidClassLoader - .class not found for java.util
15:59:09.285 [main] DEBUG o.s.j.b.loader.SquidClassLoader - .class not found for java
15:59:09.286 [main] DEBUG o.s.j.b.loader.SquidClassLoader - .class not found for java.util
15:59:09.286 [main] DEBUG o.s.j.b.loader.SquidClassLoader - .class not found for ais
15:59:09.286 [main] DEBUG o.s.j.b.loader.SquidClassLoader - .class not found for ais.bo
15:59:09.286 [main] DEBUG o.s.j.b.loader.SquidClassLoader - .class not found for ais.bo.SluzbaBD
15:59:09.286 [main] DEBUG o.s.j.b.loader.SquidClassLoader - .class not found for ais
15:59:09.287 [main] DEBUG o.s.j.b.loader.SquidClassLoader - .class not found for ais.bo
15:59:09.287 [main] DEBUG o.s.j.b.loader.SquidClassLoader - .class not found for ais.bo.pw
15:59:09.287 [main] DEBUG o.s.j.b.loader.SquidClassLoader - .class not found for ais.bo.pw.PWVlastnostOJ
15:59:09.287 [main] DEBUG o.s.j.b.loader.SquidClassLoader - .class not found for ais
15:59:09.287 [main] DEBUG o.s.j.b.loader.SquidClassLoader - .class not found for ais.bo
15:59:09.287 [main] DEBUG o.s.j.b.loader.SquidClassLoader - .class not found for ais.bo.ss
15:59:09.288 [main] DEBUG o.s.j.b.loader.SquidClassLoader - .class not found for ais.bo.ss.sc
15:59:09.288 [main] DEBUG o.s.j.b.loader.SquidClassLoader - .class not found for ais.bo.ss.sc.SCDenVTyzdni
15:59:09.288 [main] DEBUG o.s.j.b.loader.SquidClassLoader - .class not found for ais
15:59:09.288 [main] DEBUG o.s.j.b.loader.SquidClassLoader - .class not found for ais.bo
15:59:09.288 [main] DEBUG o.s.j.b.loader.SquidClassLoader - .class not found for ais.bo.ss
15:59:09.288 [main] DEBUG o.s.j.b.loader.SquidClassLoader - .class not found for ais.bo.ss.sc
15:59:09.289 [main] DEBUG o.s.j.b.loader.SquidClassLoader - .class not found for ais.bo.ss.sc.SCJazyk
15:59:09.289 [main] DEBUG o.s.j.b.loader.SquidClassLoader - .class not found for ais
15:59:09.289 [main] DEBUG o.s.j.b.loader.SquidClassLoader - .class not found for ais.bo
15:59:09.290 [main] DEBUG o.s.j.b.loader.SquidClassLoader - .class not found for ais.bo.ss
15:59:09.290 [main] DEBUG o.s.j.b.loader.SquidClassLoader - .class not found for ais.bo.ss.sc
15:59:09.291 [main] DEBUG o.s.j.b.loader.SquidClassLoader - .class not found for ais.bo.ss.sc.SCMesiac
15:59:09.291 [main] DEBUG o.s.j.b.loader.SquidClassLoader - .class not found for ais
15:59:09.291 [main] DEBUG o.s.j.b.loader.SquidClassLoader - .class not found for ais.bo
15:59:09.291 [main] DEBUG o.s.j.b.loader.SquidClassLoader - .class not found for ais.bo.ss
15:59:09.291 [main] DEBUG o.s.j.b.loader.SquidClassLoader - .class not found for ais.bo.ss.sc
15:59:09.291 [main] DEBUG o.s.j.b.loader.SquidClassLoader - .class not found for ais.bo.ss.sc.SCObec
15:59:09.292 [main] DEBUG o.s.j.b.loader.SquidClassLoader - .class not found for ais
15:59:09.292 [main] DEBUG o.s.j.b.loader.SquidClassLoader - .class not found for ais.bo
15:59:09.292 [main] DEBUG o.s.j.b.loader.SquidClassLoader - .class not found for ais.bo.ss
15:59:09.292 [main] DEBUG o.s.j.b.loader.SquidClassLoader - .class not found for ais.bo.ss.sc
15:59:09.292 [main] DEBUG o.s.j.b.loader.SquidClassLoader - .class not found for ais.bo.ss.sc.SCOkres
15:59:09.292 [main] DEBUG o.s.j.b.loader.SquidClassLoader - .class not found for ais
15:59:09.293 [main] DEBUG o.s.j.b.loader.SquidClassLoader - .class not found for ais.bo
15:59:09.293 [main] DEBUG o.s.j.b.loader.SquidClassLoader - .class not found for ais.bo.ss
15:59:09.293 [main] DEBUG o.s.j.b.loader.SquidClassLoader - .class not found for ais.bo.ss.sc
15:59:09.293 [main] DEBUG o.s.j.b.loader.SquidClassLoader - .class not found for ais.bo.ss.sc.SCParamSystem
15:59:09.294 [main] DEBUG o.s.j.b.loader.SquidClassLoader - .class not found for ais
15:59:09.294 [main] DEBUG o.s.j.b.loader.SquidClassLoader - .class not found for ais.bo
15:59:09.294 [main] DEBUG o.s.j.b.loader.SquidClassLoader - .class not found for ais.bo.ss
15:59:09.294 [main] DEBUG o.s.j.b.loader.SquidClassLoader - .class not found for ais.bo.ss.sc
15:59:09.294 [main] DEBUG o.s.j.b.loader.SquidClassLoader - .class not found for ais.bo.ss.sc.SCStat
15:59:09.295 [main] DEBUG o.s.j.b.loader.SquidClassLoader - .class not found for ais
15:59:09.296 [main] DEBUG o.s.j.b.loader.SquidClassLoader - .class not found for ais.bo
15:59:09.296 [main] DEBUG o.s.j.b.loader.SquidClassLoader - .class not found for ais.bo.ss
15:59:09.296 [main] DEBUG o.s.j.b.loader.SquidClassLoader - .class not found for ais.bo.ss.sc
15:59:09.297 [main] DEBUG o.s.j.b.loader.SquidClassLoader - .class not found for ais.bo.ss.sc.SCSviatokKalendar
15:59:09.297 [main] DEBUG o.s.j.b.loader.SquidClassLoader - .class not found for ais
15:59:09.298 [main] DEBUG o.s.j.b.loader.SquidClassLoader - .class not found for ais.bo
15:59:09.298 [main] DEBUG o.s.j.b.loader.SquidClassLoader - .class not found for ais.bo.ss
15:59:09.298 [main] DEBUG o.s.j.b.loader.SquidClassLoader - .class not found for ais.bo.ss.sc
15:59:09.298 [main] DEBUG o.s.j.b.loader.SquidClassLoader - .class not found for ais.bo.ss.sc.SCTypDatumAkcia
15:59:09.299 [main] DEBUG o.s.j.b.loader.SquidClassLoader - .class not found for ais
15:59:09.299 [main] DEBUG o.s.j.b.loader.SquidClassLoader - .class not found for ais.bo
15:59:09.299 [main] DEBUG o.s.j.b.loader.SquidClassLoader - .class not found for ais.bo.ss
15:59:09.299 [main] DEBUG o.s.j.b.loader.SquidClassLoader - .class not found for ais.bo.ss.sc
15:59:09.299 [main] DEBUG o.s.j.b.loader.SquidClassLoader - .class not found for ais.bo.ss.sc.SCTypParamSystem
15:59:09.300 [main] DEBUG o.s.j.b.loader.SquidClassLoader - .class not found for ais
15:59:09.300 [main] DEBUG o.s.j.b.loader.SquidClassLoader - .class not found for ais.bo
15:59:09.300 [main] DEBUG o.s.j.b.loader.SquidClassLoader - .class not found for ais.bo.ss
15:59:09.301 [main] DEBUG o.s.j.b.loader.SquidClassLoader - .class not found for ais.bo.ss.sc
15:59:09.301 [main] DEBUG o.s.j.b.loader.SquidClassLoader - .class not found for ais.bo.ss.sc.crsc_
15:59:09.301 [main] DEBUG o.s.j.b.loader.SquidClassLoader - .class not found for ais.bo.ss.sc.crsc_.CRSC_Obec
15:59:09.301 [main] DEBUG o.s.j.b.loader.SquidClassLoader - .class not found for ais
15:59:09.303 [main] DEBUG o.s.j.b.loader.SquidClassLoader - .class not found for ais.bo
15:59:09.303 [main] DEBUG o.s.j.b.loader.SquidClassLoader - .class not found for ais.bo.ss
15:59:09.303 [main] DEBUG o.s.j.b.loader.SquidClassLoader - .class not found for ais.bo.ss.sc
15:59:09.303 [main] DEBUG o.s.j.b.loader.SquidClassLoader - .class not found for ais.bo.ss.sc.crsc_
15:59:09.304 [main] DEBUG o.s.j.b.loader.SquidClassLoader - .class not found for ais.bo.ss.sc.crsc_.CRSC_Staty
15:59:09.304 [main] DEBUG o.s.j.b.loader.SquidClassLoader - .class not found for ais
15:59:09.304 [main] DEBUG o.s.j.b.loader.SquidClassLoader - .class not found for ais.bo
15:59:09.304 [main] DEBUG o.s.j.b.loader.SquidClassLoader - .class not found for ais.bo.ss
15:59:09.305 [main] DEBUG o.s.j.b.loader.SquidClassLoader - .class not found for ais.bo.ss.sc
15:59:09.305 [main] DEBUG o.s.j.b.loader.SquidClassLoader - .class not found for ais.bo.ss.sc.pw
15:59:09.305 [main] DEBUG o.s.j.b.loader.SquidClassLoader - .class not found for ais.bo.ss.sc.pw.SCPWOrgJednotka
15:59:09.305 [main] DEBUG o.s.j.b.loader.SquidClassLoader - .class not found for ais
15:59:09.305 [main] DEBUG o.s.j.b.loader.SquidClassLoader - .class not found for ais.bo
15:59:09.306 [main] DEBUG o.s.j.b.loader.SquidClassLoader - .class not found for ais.bo.ss
15:59:09.306 [main] DEBUG o.s.j.b.loader.SquidClassLoader - .class not found for ais.bo.ss.sc
15:59:09.306 [main] DEBUG o.s.j.b.loader.SquidClassLoader - .class not found for ais.bo.ss.sc.st
15:59:09.306 [main] DEBUG o.s.j.b.loader.SquidClassLoader - .class not found for ais.bo.ss.sc.st.SCSTCinnostStudPrg
15:59:09.306 [main] DEBUG o.s.j.b.loader.SquidClassLoader - .class not found for ais
15:59:09.306 [main] DEBUG o.s.j.b.loader.SquidClassLoader - .class not found for ais.bo
15:59:09.307 [main] DEBUG o.s.j.b.loader.SquidClassLoader - .class not found for ais.bo.ss
15:59:09.307 [main] DEBUG o.s.j.b.loader.SquidClassLoader - .class not found for ais.bo.ss.sc
15:59:09.307 [main] DEBUG o.s.j.b.loader.SquidClassLoader - .class not found for ais.bo.ss.sc.st
15:59:09.307 [main] DEBUG o.s.j.b.loader.SquidClassLoader - .class not found for ais.bo.ss.sc.st.SCSTDruhStudia
15:59:09.307 [main] DEBUG o.s.j.b.loader.SquidClassLoader - .class not found for ais
15:59:09.308 [main] DEBUG o.s.j.b.loader.SquidClassLoader - .class not found for ais.bo
15:59:09.308 [main] DEBUG o.s.j.b.loader.SquidClassLoader - .class not found for ais.bo.ss
15:59:09.308 [main] DEBUG o.s.j.b.loader.SquidClassLoader - .class not found for ais.bo.ss.sc
15:59:09.308 [main] DEBUG o.s.j.b.loader.SquidClassLoader - .class not found for ais.bo.ss.sc.st
15:59:09.308 [main] DEBUG o.s.j.b.loader.SquidClassLoader - .class not found for ais.bo.ss.sc.st.SCSTFormaStudia
15:59:09.308 [main] DEBUG o.s.j.b.loader.SquidClassLoader - .class not found for ais
15:59:09.309 [main] DEBUG o.s.j.b.loader.SquidClassLoader - .class not found for ais.bo
15:59:09.309 [main] DEBUG o.s.j.b.loader.SquidClassLoader - .class not found for ais.bo.ss
15:59:09.309 [main] DEBUG o.s.j.b.loader.SquidClassLoader - .class not found for ais.bo.ss.sc
15:59:09.309 [main] DEBUG o.s.j.b.loader.SquidClassLoader - .class not found for ais.bo.ss.sc.st
15:59:09.309 [main] DEBUG o.s.j.b.loader.SquidClassLoader - .class not found for ais.bo.ss.sc.st.SCSTMetodaStudia
15:59:09.309 [main] DEBUG o.s.j.b.loader.SquidClassLoader - .class not found for ais
15:59:09.309 [main] DEBUG o.s.j.b.loader.SquidClassLoader - .class not found for ais.bo
15:59:09.310 [main] DEBUG o.s.j.b.loader.SquidClassLoader - .class not found for ais.bo.ss
15:59:09.310 [main] DEBUG o.s.j.b.loader.SquidClassLoader - .class not found for ais.bo.ss.sc
15:59:09.310 [main] DEBUG o.s.j.b.loader.SquidClassLoader - .class not found for ais.bo.ss.sc.st
15:59:09.310 [main] DEBUG o.s.j.b.loader.SquidClassLoader - .class not found for ais.bo.ss.sc.st.SCSTSposVyucby
15:59:09.310 [main] DEBUG o.s.j.b.loader.SquidClassLoader - .class not found for ais
15:59:09.310 [main] DEBUG o.s.j.b.loader.SquidClassLoader - .class not found for ais.bo
15:59:09.311 [main] DEBUG o.s.j.b.loader.SquidClassLoader - .class not found for ais.bo.ss
15:59:09.311 [main] DEBUG o.s.j.b.loader.SquidClassLoader - .class not found for ais.bo.ss.sc
15:59:09.311 [main] DEBUG o.s.j.b.loader.SquidClassLoader - .class not found for ais.bo.ss.sc.st
15:59:09.311 [main] DEBUG o.s.j.b.loader.SquidClassLoader - .class not found for ais.bo.ss.sc.st.SCSTStudProgram
15:59:09.311 [main] DEBUG o.s.j.b.loader.SquidClassLoader - .class not found for ais
15:59:09.312 [main] DEBUG o.s.j.b.loader.SquidClassLoader - .class not found for ais.bo
15:59:09.312 [main] DEBUG o.s.j.b.loader.SquidClassLoader - .class not found for ais.bo.ss
15:59:09.312 [main] DEBUG o.s.j.b.loader.SquidClassLoader - .class not found for ais.bo.ss.sc
15:59:09.312 [main] DEBUG o.s.j.b.loader.SquidClassLoader - .class not found for ais.bo.ss.sc.st
15:59:09.313 [main] DEBUG o.s.j.b.loader.SquidClassLoader - .class not found for ais.bo.ss.sc.st.SCSTStupenStudia
15:59:09.313 [main] DEBUG o.s.j.b.loader.SquidClassLoader - .class not found for ais
15:59:09.313 [main] DEBUG o.s.j.b.loader.SquidClassLoader - .class not found for ais.bo
15:59:09.314 [main] DEBUG o.s.j.b.loader.SquidClassLoader - .class not found for ais.bo.ss
15:59:09.314 [main] DEBUG o.s.j.b.loader.SquidClassLoader - .class not found for ais.bo.ss.sc
15:59:09.314 [main] DEBUG o.s.j.b.loader.SquidClassLoader - .class not found for ais.bo.ss.sc.st
15:59:09.315 [main] DEBUG o.s.j.b.loader.SquidClassLoader - .class not found for ais.bo.ss.sc.st.SCSTTypStudia
15:59:09.316 [main] DEBUG o.s.j.b.loader.SquidClassLoader - .class not found for ais
15:59:09.316 [main] DEBUG o.s.j.b.loader.SquidClassLoader - .class not found for ais.bo
15:59:09.316 [main] DEBUG o.s.j.b.loader.SquidClassLoader - .class not found for ais.bo.ss
15:59:09.316 [main] DEBUG o.s.j.b.loader.SquidClassLoader - .class not found for ais.bo.ss.so
15:59:09.317 [main] DEBUG o.s.j.b.loader.SquidClassLoader - .class not found for ais.bo.ss.so.ms
15:59:09.317 [main] DEBUG o.s.j.b.loader.SquidClassLoader - .class not found for ais.bo.ss.so.ms.MSMessage
15:59:09.317 [main] DEBUG o.s.j.b.loader.SquidClassLoader - .class not found for ais
15:59:09.317 [main] DEBUG o.s.j.b.loader.SquidClassLoader - .class not found for ais.bo
15:59:09.317 [main] DEBUG o.s.j.b.loader.SquidClassLoader - .class not found for ais.bo.ss
15:59:09.317 [main] DEBUG o.s.j.b.loader.SquidClassLoader - .class not found for ais.bo.ss.so
15:59:09.317 [main] DEBUG o.s.j.b.loader.SquidClassLoader - .class not found for ais.bo.ss.so.ms
15:59:09.318 [main] DEBUG o.s.j.b.loader.SquidClassLoader - .class not found for ais.bo.ss.so.ms.MSMessagePouzivatela
15:59:09.318 [main] DEBUG o.s.j.b.loader.SquidClassLoader - .class not found for ais
15:59:09.318 [main] DEBUG o.s.j.b.loader.SquidClassLoader - .class not found for ais.bo
15:59:09.318 [main] DEBUG o.s.j.b.loader.SquidClassLoader - .class not found for ais.bo.ss
15:59:09.318 [main] DEBUG o.s.j.b.loader.SquidClassLoader - .class not found for ais.bo.ss.so
15:59:09.318 [main] DEBUG o.s.j.b.loader.SquidClassLoader - .class not found for ais.bo.ss.so.ps
15:59:09.319 [main] DEBUG o.s.j.b.loader.SquidClassLoader - .class not found for ais.bo.ss.so.ps.PSParamSysOJ
15:59:09.319 [main] DEBUG o.s.j.b.loader.SquidClassLoader - .class not found for ais
15:59:09.319 [main] DEBUG o.s.j.b.loader.SquidClassLoader - .class not found for ais.bo
15:59:09.319 [main] DEBUG o.s.j.b.loader.SquidClassLoader - .class not found for ais.bo.ss
15:59:09.319 [main] DEBUG o.s.j.b.loader.SquidClassLoader - .class not found for ais.bo.ss.so
15:59:09.321 [main] DEBUG o.s.j.b.loader.SquidClassLoader - .class not found for ais.bo.ss.so.pz
15:59:09.321 [main] DEBUG o.s.j.b.loader.SquidClassLoader - .class not found for ais.bo.ss.so.pz.PZZostava
15:59:09.321 [main] DEBUG o.s.j.b.loader.SquidClassLoader - .class not found for ais
15:59:09.321 [main] DEBUG o.s.j.b.loader.SquidClassLoader - .class not found for ais.bo
15:59:09.321 [main] DEBUG o.s.j.b.loader.SquidClassLoader - .class not found for ais.bo.ss
15:59:09.322 [main] DEBUG o.s.j.b.loader.SquidClassLoader - .class not found for ais.bo.ss.so
15:59:09.322 [main] DEBUG o.s.j.b.loader.SquidClassLoader - .class not found for ais.bo.ss.so.pz
15:59:09.322 [main] DEBUG o.s.j.b.loader.SquidClassLoader - .class not found for ais.bo.ss.so.pz.TemplatePZ
15:59:09.322 [main] DEBUG o.s.j.b.loader.SquidClassLoader - .class not found for ais
15:59:09.322 [main] DEBUG o.s.j.b.loader.SquidClassLoader - .class not found for ais.bo
15:59:09.323 [main] DEBUG o.s.j.b.loader.SquidClassLoader - .class not found for ais.bo.ss
15:59:09.323 [main] DEBUG o.s.j.b.loader.SquidClassLoader - .class not found for ais.bo.ss.sp
15:59:09.323 [main] DEBUG o.s.j.b.loader.SquidClassLoader - .class not found for ais.bo.ss.sp.SPProfilPouzivatela
15:59:09.323 [main] DEBUG o.s.j.b.loader.SquidClassLoader - .class not found for ais
15:59:09.323 [main] DEBUG o.s.j.b.loader.SquidClassLoader - .class not found for ais.bo
15:59:09.323 [main] DEBUG o.s.j.b.loader.SquidClassLoader - .class not found for ais.bo.vs
15:59:09.323 [main] DEBUG o.s.j.b.loader.SquidClassLoader - .class not found for ais.bo.vs.es
15:59:09.324 [main] DEBUG o.s.j.b.loader.SquidClassLoader - .class not found for ais.bo.vs.es.ESMnozinaStudii
15:59:09.324 [main] DEBUG o.s.j.b.loader.SquidClassLoader - .class not found for ais
15:59:09.324 [main] DEBUG o.s.j.b.loader.SquidClassLoader - .class not found for ais.bo
15:59:09.324 [main] DEBUG o.s.j.b.loader.SquidClassLoader - .class not found for ais.bo.vs
15:59:09.324 [main] DEBUG o.s.j.b.loader.SquidClassLoader - .class not found for ais.bo.vs.es
15:59:09.324 [main] DEBUG o.s.j.b.loader.SquidClassLoader - .class not found for ais.bo.vs.es.ESStudium
15:59:09.324 [main] DEBUG o.s.j.b.loader.SquidClassLoader - .class not found for ais
15:59:09.324 [main] DEBUG o.s.j.b.loader.SquidClassLoader - .class not found for ais.bo
15:59:09.325 [main] DEBUG o.s.j.b.loader.SquidClassLoader - .class not found for ais.bo.vs
15:59:09.325 [main] DEBUG o.s.j.b.loader.SquidClassLoader - .class not found for ais.bo.vs.es
15:59:09.325 [main] DEBUG o.s.j.b.loader.SquidClassLoader - .class not found for ais.bo.vs.es.ESZapisnyList
15:59:09.325 [main] DEBUG o.s.j.b.loader.SquidClassLoader - .class not found for ais
15:59:09.325 [main] DEBUG o.s.j.b.loader.SquidClassLoader - .class not found for ais.bo
15:59:09.325 [main] DEBUG o.s.j.b.loader.SquidClassLoader - .class not found for ais.bo.vs
15:59:09.325 [main] DEBUG o.s.j.b.loader.SquidClassLoader - .class not found for ais.bo.vs.st
15:59:09.325 [main] DEBUG o.s.j.b.loader.SquidClassLoader - .class not found for ais.bo.vs.st.STCinnostSPOJ
15:59:09.325 [main] DEBUG o.s.j.b.loader.SquidClassLoader - .class not found for ais
15:59:09.326 [main] DEBUG o.s.j.b.loader.SquidClassLoader - .class not found for ais.bo
15:59:09.326 [main] DEBUG o.s.j.b.loader.SquidClassLoader - .class not found for ais.bo.vs
15:59:09.326 [main] DEBUG o.s.j.b.loader.SquidClassLoader - .class not found for ais.bo.vs.st
15:59:09.326 [main] DEBUG o.s.j.b.loader.SquidClassLoader - .class not found for ais.bo.vs.st.STJazykPredmet
15:59:09.326 [main] DEBUG o.s.j.b.loader.SquidClassLoader - .class not found for ais
15:59:09.326 [main] DEBUG o.s.j.b.loader.SquidClassLoader - .class not found for ais.bo
15:59:09.326 [main] DEBUG o.s.j.b.loader.SquidClassLoader - .class not found for ais.bo.vs
15:59:09.327 [main] DEBUG o.s.j.b.loader.SquidClassLoader - .class not found for ais.bo.vs.st
15:59:09.327 [main] DEBUG o.s.j.b.loader.SquidClassLoader - .class not found for ais.bo.vs.st.STPredmetRok
15:59:09.327 [main] DEBUG o.s.j.b.loader.SquidClassLoader - .class not found for ais
15:59:09.327 [main] DEBUG o.s.j.b.loader.SquidClassLoader - .class not found for ais.gui
15:59:09.327 [main] DEBUG o.s.j.b.loader.SquidClassLoader - .class not found for ais.gui.common
15:59:09.328 [main] DEBUG o.s.j.b.loader.SquidClassLoader - .class not found for ais.gui.common.print
15:59:09.328 [main] DEBUG o.s.j.b.loader.SquidClassLoader - .class not found for ais.gui.common.print.PrintUtils
15:59:09.329 [main] DEBUG o.s.j.b.loader.SquidClassLoader - .class not found for ais
15:59:09.329 [main] DEBUG o.s.j.b.loader.SquidClassLoader - .class not found for ais.gui
15:59:09.330 [main] DEBUG o.s.j.b.loader.SquidClassLoader - .class not found for ais.gui.common
15:59:09.330 [main] DEBUG o.s.j.b.loader.SquidClassLoader - .class not found for ais.gui.common.print
15:59:09.330 [main] DEBUG o.s.j.b.loader.SquidClassLoader - .class not found for ais.gui.common.print.TransformationService
15:59:09.331 [main] DEBUG o.s.j.b.loader.SquidClassLoader - .class not found for ais
15:59:09.331 [main] DEBUG o.s.j.b.loader.SquidClassLoader - .class not found for ais.sys
15:59:09.331 [main] DEBUG o.s.j.b.loader.SquidClassLoader - .class not found for ais.sys.AisAppException
15:59:09.332 [main] DEBUG o.s.j.b.loader.SquidClassLoader - .class not found for ais
15:59:09.332 [main] DEBUG o.s.j.b.loader.SquidClassLoader - .class not found for ais.sys
15:59:09.332 [main] DEBUG o.s.j.b.loader.SquidClassLoader - .class not found for ais.sys.AisApplicationContext
15:59:09.333 [main] DEBUG o.s.j.b.loader.SquidClassLoader - .class not found for ais
15:59:09.333 [main] DEBUG o.s.j.b.loader.SquidClassLoader - .class not found for ais.sys
15:59:09.333 [main] DEBUG o.s.j.b.loader.SquidClassLoader - .class not found for ais.sys.Globals
15:59:09.333 [main] DEBUG o.s.j.b.loader.SquidClassLoader - .class not found for ais
15:59:09.334 [main] DEBUG o.s.j.b.loader.SquidClassLoader - .class not found for ais.utils
15:59:09.334 [main] DEBUG o.s.j.b.loader.SquidClassLoader - .class not found for ais.utils.DateTimeFormater
15:59:09.334 [main] DEBUG o.s.j.b.loader.SquidClassLoader - .class not found for avc
15:59:09.334 [main] DEBUG o.s.j.b.loader.SquidClassLoader - .class not found for avc.ui
15:59:09.334 [main] DEBUG o.s.j.b.loader.SquidClassLoader - .class not found for avc.ui.AVCException
15:59:09.335 [main] DEBUG o.s.j.b.loader.SquidClassLoader - .class not found for avc
15:59:09.335 [main] DEBUG o.s.j.b.loader.SquidClassLoader - .class not found for avc.ui
15:59:09.335 [main] DEBUG o.s.j.b.loader.SquidClassLoader - .class not found for avc.ui.list
15:59:09.335 [main] DEBUG o.s.j.b.loader.SquidClassLoader - .class not found for avc.ui.list.AVCAbstractArrayListModel
15:59:09.335 [main] DEBUG o.s.j.b.loader.SquidClassLoader - .class not found for base
15:59:09.335 [main] DEBUG o.s.j.b.loader.SquidClassLoader - .class not found for base.Columns
15:59:09.336 [main] DEBUG o.s.j.b.loader.SquidClassLoader - .class not found for base
15:59:09.336 [main] DEBUG o.s.j.b.loader.SquidClassLoader - .class not found for base.Filter
15:59:09.336 [main] DEBUG o.s.j.b.loader.SquidClassLoader - .class not found for base
15:59:09.336 [main] DEBUG o.s.j.b.loader.SquidClassLoader - .class not found for base.JoinTree
15:59:09.336 [main] DEBUG o.s.j.b.loader.SquidClassLoader - .class not found for base
15:59:09.336 [main] DEBUG o.s.j.b.loader.SquidClassLoader - .class not found for base.NestedException
15:59:09.337 [main] DEBUG o.s.j.b.loader.SquidClassLoader - .class not found for base
15:59:09.337 [main] DEBUG o.s.j.b.loader.SquidClassLoader - .class not found for base.Ordering
15:59:09.337 [main] DEBUG o.s.j.b.loader.SquidClassLoader - .class not found for base
15:59:09.337 [main] DEBUG o.s.j.b.loader.SquidClassLoader - .class not found for base.mm
15:59:09.337 [main] DEBUG o.s.j.b.loader.SquidClassLoader - .class not found for base.mm.Attribute
15:59:09.337 [main] DEBUG o.s.j.b.loader.SquidClassLoader - .class not found for base
15:59:09.338 [main] DEBUG o.s.j.b.loader.SquidClassLoader - .class not found for base.ps
15:59:09.338 [main] DEBUG o.s.j.b.loader.SquidClassLoader - .class not found for base.ps.BarSpec
15:59:09.338 [main] DEBUG o.s.j.b.loader.SquidClassLoader - .class not found for base
15:59:09.338 [main] DEBUG o.s.j.b.loader.SquidClassLoader - .class not found for base.ps
15:59:09.338 [main] DEBUG o.s.j.b.loader.SquidClassLoader - .class not found for base.ps.EmptySpec
15:59:09.338 [main] DEBUG o.s.j.b.loader.SquidClassLoader - .class not found for base
15:59:09.339 [main] DEBUG o.s.j.b.loader.SquidClassLoader - .class not found for base.ps
15:59:09.339 [main] DEBUG o.s.j.b.loader.SquidClassLoader - .class not found for base.ps.JoinTreeBuilder
15:59:09.339 [main] DEBUG o.s.j.b.loader.SquidClassLoader - .class not found for base
15:59:09.339 [main] DEBUG o.s.j.b.loader.SquidClassLoader - .class not found for base.ps
15:59:09.339 [main] DEBUG o.s.j.b.loader.SquidClassLoader - .class not found for base.ps.PSException
15:59:09.340 [main] DEBUG o.s.j.b.loader.SquidClassLoader - .class not found for base
15:59:09.340 [main] DEBUG o.s.j.b.loader.SquidClassLoader - .class not found for base.ps
15:59:09.340 [main] DEBUG o.s.j.b.loader.SquidClassLoader - .class not found for base.ps.ReadOnlyPersistentService
15:59:09.340 [main] DEBUG o.s.j.b.loader.SquidClassLoader - .class not found for base
15:59:09.340 [main] DEBUG o.s.j.b.loader.SquidClassLoader - .class not found for base.so
15:59:09.340 [main] DEBUG o.s.j.b.loader.SquidClassLoader - .class not found for base.so.AppException
15:59:09.340 [main] DEBUG o.s.j.b.loader.SquidClassLoader - .class not found for base
15:59:09.340 [main] DEBUG o.s.j.b.loader.SquidClassLoader - .class not found for base.util
15:59:09.341 [main] DEBUG o.s.j.b.loader.SquidClassLoader - .class not found for base.util.ArrayUtils
15:59:09.341 [main] DEBUG o.s.j.b.loader.SquidClassLoader - .class not found for base
15:59:09.341 [main] DEBUG o.s.j.b.loader.SquidClassLoader - .class not found for base.util
15:59:09.341 [main] DEBUG o.s.j.b.loader.SquidClassLoader - .class not found for base.util.DateUtils
15:59:09.341 [main] DEBUG o.s.j.b.loader.SquidClassLoader - .class not found for base
15:59:09.341 [main] DEBUG o.s.j.b.loader.SquidClassLoader - .class not found for base.util
15:59:09.341 [main] DEBUG o.s.j.b.loader.SquidClassLoader - .class not found for base.util.StringUtils
15:59:09.399 [main] DEBUG o.s.j.b.loader.SquidClassLoader - .class not found for ais.gui.common.String
15:59:09.399 [main] DEBUG o.s.j.b.loader.SquidClassLoader - .class not found for java.lang.package-info
15:59:09.399 [main] DEBUG o.s.j.b.loader.SquidClassLoader - .class not found for java.lang.Synthetic$String
15:59:09.399 [main] DEBUG o.s.j.b.loader.SquidClassLoader - .class not found for ais.gui.common.String
15:59:09.399 [main] DEBUG o.s.j.b.loader.SquidClassLoader - .class not found for java.lang.Synthetic$String
15:59:09.399 [main] DEBUG o.s.j.b.loader.SquidClassLoader - .class not found for ais.gui.common.String
15:59:09.399 [main] DEBUG o.s.j.b.loader.SquidClassLoader - .class not found for java.lang.Synthetic$String
15:59:09.400 [main] DEBUG o.s.j.b.loader.SquidClassLoader - .class not found for ais.gui.common.String
15:59:09.400 [main] DEBUG o.s.j.b.loader.SquidClassLoader - .class not found for java.lang.Synthetic$String
15:59:09.400 [main] DEBUG o.s.j.b.loader.SquidClassLoader - .class not found for ais.gui.common.String
15:59:09.400 [main] DEBUG o.s.j.b.loader.SquidClassLoader - .class not found for java.lang.Synthetic$String
15:59:09.400 [main] DEBUG o.s.j.b.loader.SquidClassLoader - .class not found for ais.gui.common.String
15:59:09.400 [main] DEBUG o.s.j.b.loader.SquidClassLoader - .class not found for java.lang.Synthetic$String
15:59:09.400 [main] DEBUG o.s.j.b.loader.SquidClassLoader - .class not found for ais.gui.common.AisApp
15:59:09.400 [main] DEBUG o.s.j.b.loader.SquidClassLoader - .class not found for java.lang.AisApp
15:59:09.401 [main] DEBUG o.s.j.b.loader.SquidClassLoader - .class not found for java.lang.Synthetic$AisApp
15:59:09.401 [main] DEBUG o.s.j.b.loader.SquidClassLoader - .class not found for ais.gui.common.ESStudium
15:59:09.401 [main] DEBUG o.s.j.b.loader.SquidClassLoader - .class not found for java.lang.ESStudium
15:59:09.401 [main] DEBUG o.s.j.b.loader.SquidClassLoader - .class not found for java.lang.Synthetic$ESStudium
15:59:09.401 [main] DEBUG o.s.j.b.loader.SquidClassLoader - .class not found for ais.gui.common.NestedException
15:59:09.401 [main] DEBUG o.s.j.b.loader.SquidClassLoader - .class not found for java.lang.NestedException
15:59:09.401 [main] DEBUG o.s.j.b.loader.SquidClassLoader - .class not found for java.lang.Synthetic$NestedException
15:59:09.402 [main] DEBUG o.s.j.b.loader.SquidClassLoader - .class not found for ais.gui.common.NestedException
15:59:09.402 [main] DEBUG o.s.j.b.loader.SquidClassLoader - .class not found for java.lang.NestedException
15:59:09.402 [main] DEBUG o.s.j.b.loader.SquidClassLoader - .class not found for java.lang.Synthetic$NestedException
15:59:09.402 [main] DEBUG o.s.j.b.loader.SquidClassLoader - .class not found for ais.gui.common.String
15:59:09.402 [main] DEBUG o.s.j.b.loader.SquidClassLoader - .class not found for java.lang.Synthetic$String
15:59:09.402 [main] DEBUG o.s.j.b.loader.SquidClassLoader - .class not found for ais.gui.common.AisApp
15:59:09.403 [main] DEBUG o.s.j.b.loader.SquidClassLoader - .class not found for java.lang.AisApp
15:59:09.403 [main] DEBUG o.s.j.b.loader.SquidClassLoader - .class not found for java.lang.Synthetic$AisApp
15:59:09.403 [main] DEBUG o.s.j.b.loader.SquidClassLoader - .class not found for ais.gui.common.ESZapisnyList
15:59:09.403 [main] DEBUG o.s.j.b.loader.SquidClassLoader - .class not found for java.lang.ESZapisnyList
15:59:09.403 [main] DEBUG o.s.j.b.loader.SquidClassLoader - .class not found for java.lang.Synthetic$ESZapisnyList
15:59:09.403 [main] DEBUG o.s.j.b.loader.SquidClassLoader - .class not found for ais.gui.common.String
15:59:09.403 [main] DEBUG o.s.j.b.loader.SquidClassLoader - .class not found for java.lang.Synthetic$String
15:59:09.404 [main] DEBUG o.s.j.b.loader.SquidClassLoader - .class not found for ais.gui.common.StringBuffer
15:59:09.404 [main] DEBUG o.s.j.b.loader.SquidClassLoader - .class not found for java.lang.Synthetic$StringBuffer
15:59:09.404 [main] DEBUG o.s.j.b.loader.SquidClassLoader - .class not found for ais.gui.common.SCSTStudProgram
15:59:09.404 [main] DEBUG o.s.j.b.loader.SquidClassLoader - .class not found for java.lang.SCSTStudProgram
15:59:09.404 [main] DEBUG o.s.j.b.loader.SquidClassLoader - .class not found for java.lang.Synthetic$SCSTStudProgram
15:59:09.405 [main] DEBUG o.s.j.b.loader.SquidClassLoader - .class not found for ais.gui.common.String
15:59:09.405 [main] DEBUG o.s.j.b.loader.SquidClassLoader - .class not found for java.lang.Synthetic$String
15:59:09.405 [main] DEBUG o.s.j.b.loader.SquidClassLoader - .class not found for ais.gui.common.AisApp
15:59:09.405 [main] DEBUG o.s.j.b.loader.SquidClassLoader - .class not found for java.lang.AisApp
15:59:09.405 [main] DEBUG o.s.j.b.loader.SquidClassLoader - .class not found for java.lang.Synthetic$AisApp
15:59:09.405 [main] DEBUG o.s.j.b.loader.SquidClassLoader - .class not found for ais.gui.common.ESMnozinaStudii
15:59:09.405 [main] DEBUG o.s.j.b.loader.SquidClassLoader - .class not found for java.lang.ESMnozinaStudii
15:59:09.405 [main] DEBUG o.s.j.b.loader.SquidClassLoader - .class not found for java.lang.Synthetic$ESMnozinaStudii
15:59:09.405 [main] DEBUG o.s.j.b.loader.SquidClassLoader - .class not found for ais.gui.common.String
15:59:09.405 [main] DEBUG o.s.j.b.loader.SquidClassLoader - .class not found for java.lang.Synthetic$String
15:59:09.406 [main] DEBUG o.s.j.b.loader.SquidClassLoader - .class not found for ais.gui.common.String
15:59:09.406 [main] DEBUG o.s.j.b.loader.SquidClassLoader - .class not found for java.lang.Synthetic$String
15:59:09.406 [main] DEBUG o.s.j.b.loader.SquidClassLoader - .class not found for ais.gui.common.AisApp
15:59:09.406 [main] DEBUG o.s.j.b.loader.SquidClassLoader - .class not found for java.lang.AisApp
15:59:09.406 [main] DEBUG o.s.j.b.loader.SquidClassLoader - .class not found for java.lang.Synthetic$AisApp
15:59:09.406 [main] DEBUG o.s.j.b.loader.SquidClassLoader - .class not found for ais.gui.common.String
15:59:09.406 [main] DEBUG o.s.j.b.loader.SquidClassLoader - .class not found for java.lang.Synthetic$String
15:59:09.406 [main] DEBUG o.s.j.b.loader.SquidClassLoader - .class not found for ais.gui.common.String
15:59:09.407 [main] DEBUG o.s.j.b.loader.SquidClassLoader - .class not found for java.lang.Synthetic$String
15:59:09.407 [main] DEBUG o.s.j.b.loader.SquidClassLoader - .class not found for ais.gui.common.AisApp
15:59:09.407 [main] DEBUG o.s.j.b.loader.SquidClassLoader - .class not found for java.lang.AisApp
15:59:09.407 [main] DEBUG o.s.j.b.loader.SquidClassLoader - .class not found for java.lang.Synthetic$AisApp
15:59:09.407 [main] DEBUG o.s.j.b.loader.SquidClassLoader - .class not found for ais.gui.common.SPProfilPouzivatela
15:59:09.407 [main] DEBUG o.s.j.b.loader.SquidClassLoader - .class not found for java.lang.SPProfilPouzivatela
15:59:09.407 [main] DEBUG o.s.j.b.loader.SquidClassLoader - .class not found for java.lang.Synthetic$SPProfilPouzivatela
15:59:09.407 [main] DEBUG o.s.j.b.loader.SquidClassLoader - .class not found for ais.gui.common.String
15:59:09.407 [main] DEBUG o.s.j.b.loader.SquidClassLoader - .class not found for java.lang.Synthetic$String
15:59:09.408 [main] DEBUG o.s.j.b.loader.SquidClassLoader - .class not found for ais.gui.common.SPProfilPouzivatela
15:59:09.408 [main] DEBUG o.s.j.b.loader.SquidClassLoader - .class not found for java.lang.SPProfilPouzivatela
15:59:09.408 [main] DEBUG o.s.j.b.loader.SquidClassLoader - .class not found for java.lang.Synthetic$SPProfilPouzivatela
15:59:09.408 [main] DEBUG o.s.j.b.loader.SquidClassLoader - .class not found for ais.gui.common.AppException
15:59:09.408 [main] DEBUG o.s.j.b.loader.SquidClassLoader - .class not found for java.lang.AppException
15:59:09.408 [main] DEBUG o.s.j.b.loader.SquidClassLoader - .class not found for java.lang.Synthetic$AppException
15:59:09.408 [main] DEBUG o.s.j.b.loader.SquidClassLoader - .class not found for ais.gui.common.SCPWOrgJednotka
15:59:09.408 [main] DEBUG o.s.j.b.loader.SquidClassLoader - .class not found for java.lang.SCPWOrgJednotka
15:59:09.408 [main] DEBUG o.s.j.b.loader.SquidClassLoader - .class not found for java.lang.Synthetic$SCPWOrgJednotka
15:59:09.408 [main] DEBUG o.s.j.b.loader.SquidClassLoader - .class not found for ais.gui.common.AisApp
15:59:09.409 [main] DEBUG o.s.j.b.loader.SquidClassLoader - .class not found for java.lang.AisApp
15:59:09.409 [main] DEBUG o.s.j.b.loader.SquidClassLoader - .class not found for java.lang.Synthetic$AisApp
15:59:09.409 [main] DEBUG o.s.j.b.loader.SquidClassLoader - .class not found for ais.gui.common.AppException
15:59:09.409 [main] DEBUG o.s.j.b.loader.SquidClassLoader - .class not found for java.lang.AppException
15:59:09.409 [main] DEBUG o.s.j.b.loader.SquidClassLoader - .class not found for java.lang.Synthetic$AppException
15:59:09.409 [main] DEBUG o.s.j.b.loader.SquidClassLoader - .class not found for ais.gui.common.SCPWOrgJednotka
15:59:09.409 [main] DEBUG o.s.j.b.loader.SquidClassLoader - .class not found for java.lang.SCPWOrgJednotka
15:59:09.409 [main] DEBUG o.s.j.b.loader.SquidClassLoader - .class not found for java.lang.Synthetic$SCPWOrgJednotka
15:59:09.410 [main] DEBUG o.s.j.b.loader.SquidClassLoader - .class not found for ais.gui.common.AisApp
15:59:09.410 [main] DEBUG o.s.j.b.loader.SquidClassLoader - .class not found for java.lang.AisApp
15:59:09.410 [main] DEBUG o.s.j.b.loader.SquidClassLoader - .class not found for java.lang.Synthetic$AisApp
15:59:09.410 [main] DEBUG o.s.j.b.loader.SquidClassLoader - .class not found for ais.gui.common.SCPWOrgJednotka
15:59:09.410 [main] DEBUG o.s.j.b.loader.SquidClassLoader - .class not found for java.lang.SCPWOrgJednotka
15:59:09.410 [main] DEBUG o.s.j.b.loader.SquidClassLoader - .class not found for java.lang.Synthetic$SCPWOrgJednotka
15:59:09.410 [main] DEBUG o.s.j.b.loader.SquidClassLoader - .class not found for ais.gui.common.String
15:59:09.410 [main] DEBUG o.s.j.b.loader.SquidClassLoader - .class not found for java.lang.Synthetic$String
15:59:09.411 [main] DEBUG o.s.j.b.loader.SquidClassLoader - .class not found for ais.gui.common.AppException
15:59:09.411 [main] DEBUG o.s.j.b.loader.SquidClassLoader - .class not found for java.lang.AppException
15:59:09.411 [main] DEBUG o.s.j.b.loader.SquidClassLoader - .class not found for java.lang.Synthetic$AppException
15:59:09.411 [main] DEBUG o.s.j.b.loader.SquidClassLoader - .class not found for ais.gui.common.SCPWOrgJednotka
15:59:09.411 [main] DEBUG o.s.j.b.loader.SquidClassLoader - .class not found for java.lang.SCPWOrgJednotka
15:59:09.411 [main] DEBUG o.s.j.b.loader.SquidClassLoader - .class not found for java.lang.Synthetic$SCPWOrgJednotka
15:59:09.412 [main] DEBUG o.s.j.b.loader.SquidClassLoader - .class not found for ais.gui.common.AisApp
15:59:09.412 [main] DEBUG o.s.j.b.loader.SquidClassLoader - .class not found for java.lang.AisApp
15:59:09.412 [main] DEBUG o.s.j.b.loader.SquidClassLoader - .class not found for java.lang.Synthetic$AisApp
15:59:09.412 [main] DEBUG o.s.j.b.loader.SquidClassLoader - .class not found for ais.gui.common.String
15:59:09.412 [main] DEBUG o.s.j.b.loader.SquidClassLoader - .class not found for java.lang.Synthetic$String
15:59:09.413 [main] DEBUG o.s.j.b.loader.SquidClassLoader - .class not found for ais.gui.common.String
15:59:09.413 [main] DEBUG o.s.j.b.loader.SquidClassLoader - .class not found for java.lang.Synthetic$String
15:59:09.413 [main] DEBUG o.s.j.b.loader.SquidClassLoader - .class not found for ais.gui.common.Filter
15:59:09.413 [main] DEBUG o.s.j.b.loader.SquidClassLoader - .class not found for java.lang.Filter
15:59:09.413 [main] DEBUG o.s.j.b.loader.SquidClassLoader - .class not found for java.lang.Synthetic$Filter
15:59:09.413 [main] DEBUG o.s.j.b.loader.SquidClassLoader - .class not found for ais.gui.common.SCPWOrgJednotka
15:59:09.414 [main] DEBUG o.s.j.b.loader.SquidClassLoader - .class not found for java.lang.SCPWOrgJednotka
15:59:09.414 [main] DEBUG o.s.j.b.loader.SquidClassLoader - .class not found for java.lang.Synthetic$SCPWOrgJednotka
15:59:09.414 [main] DEBUG o.s.j.b.loader.SquidClassLoader - .class not found for ais.gui.common.Ordering
15:59:09.414 [main] DEBUG o.s.j.b.loader.SquidClassLoader - .class not found for java.lang.Ordering
15:59:09.414 [main] DEBUG o.s.j.b.loader.SquidClassLoader - .class not found for java.lang.Synthetic$Ordering
15:59:09.414 [main] DEBUG o.s.j.b.loader.SquidClassLoader - .class not found for ais.gui.common.Filter
15:59:09.414 [main] DEBUG o.s.j.b.loader.SquidClassLoader - .class not found for java.lang.Filter
15:59:09.414 [main] DEBUG o.s.j.b.loader.SquidClassLoader - .class not found for java.lang.Synthetic$Filter
15:59:09.414 [main] DEBUG o.s.j.b.loader.SquidClassLoader - .class not found for ais.gui.common.SCPWOrgJednotka
15:59:09.415 [main] DEBUG o.s.j.b.loader.SquidClassLoader - .class not found for java.lang.SCPWOrgJednotka
15:59:09.415 [main] DEBUG o.s.j.b.loader.SquidClassLoader - .class not found for java.lang.Synthetic$SCPWOrgJednotka
15:59:09.415 [main] DEBUG o.s.j.b.loader.SquidClassLoader - .class not found for ais.gui.common.PSException
15:59:09.415 [main] DEBUG o.s.j.b.loader.SquidClassLoader - .class not found for java.lang.PSException
15:59:09.415 [main] DEBUG o.s.j.b.loader.SquidClassLoader - .class not found for java.lang.Synthetic$PSException
15:59:09.415 [main] DEBUG o.s.j.b.loader.SquidClassLoader - .class not found for ais.gui.common.NestedException
15:59:09.415 [main] DEBUG o.s.j.b.loader.SquidClassLoader - .class not found for java.lang.NestedException
15:59:09.416 [main] DEBUG o.s.j.b.loader.SquidClassLoader - .class not found for java.lang.Synthetic$NestedException
15:59:09.416 [main] DEBUG o.s.j.b.loader.SquidClassLoader - .class not found for ais.gui.common.SCPWOrgJednotka
15:59:09.416 [main] DEBUG o.s.j.b.loader.SquidClassLoader - .class not found for java.lang.SCPWOrgJednotka
15:59:09.416 [main] DEBUG o.s.j.b.loader.SquidClassLoader - .class not found for java.lang.Synthetic$SCPWOrgJednotka
15:59:09.416 [main] DEBUG o.s.j.b.loader.SquidClassLoader - .class not found for ais.gui.common.AisApp
15:59:09.416 [main] DEBUG o.s.j.b.loader.SquidClassLoader - .class not found for java.lang.AisApp
15:59:09.417 [main] DEBUG o.s.j.b.loader.SquidClassLoader - .class not found for java.lang.Synthetic$AisApp
15:59:09.417 [main] DEBUG o.s.j.b.loader.SquidClassLoader - .class not found for ais.gui.common.String
15:59:09.417 [main] DEBUG o.s.j.b.loader.SquidClassLoader - .class not found for java.lang.Synthetic$String
15:59:09.417 [main] DEBUG o.s.j.b.loader.SquidClassLoader - .class not found for ais.gui.common.Filter
15:59:09.418 [main] DEBUG o.s.j.b.loader.SquidClassLoader - .class not found for java.lang.Filter
15:59:09.418 [main] DEBUG o.s.j.b.loader.SquidClassLoader - .class not found for java.lang.Synthetic$Filter
15:59:09.418 [main] DEBUG o.s.j.b.loader.SquidClassLoader - .class not found for ais.gui.common.PSException
15:59:09.418 [main] DEBUG o.s.j.b.loader.SquidClassLoader - .class not found for java.lang.PSException
15:59:09.418 [main] DEBUG o.s.j.b.loader.SquidClassLoader - .class not found for java.lang.Synthetic$PSException
15:59:09.418 [main] DEBUG o.s.j.b.loader.SquidClassLoader - .class not found for ais.gui.common.NestedException
15:59:09.419 [main] DEBUG o.s.j.b.loader.SquidClassLoader - .class not found for java.lang.NestedException
15:59:09.419 [main] DEBUG o.s.j.b.loader.SquidClassLoader - .class not found for java.lang.Synthetic$NestedException
15:59:09.419 [main] DEBUG o.s.j.b.loader.SquidClassLoader - .class not found for ais.gui.common.SCPWOrgJednotka
15:59:09.419 [main] DEBUG o.s.j.b.loader.SquidClassLoader - .class not found for java.lang.SCPWOrgJednotka
15:59:09.419 [main] DEBUG o.s.j.b.loader.SquidClassLoader - .class not found for java.lang.Synthetic$SCPWOrgJednotka
15:59:09.420 [main] DEBUG o.s.j.b.loader.SquidClassLoader - .class not found for ais.gui.common.AisApp
15:59:09.420 [main] DEBUG o.s.j.b.loader.SquidClassLoader - .class not found for java.lang.AisApp
15:59:09.420 [main] DEBUG o.s.j.b.loader.SquidClassLoader - .class not found for java.lang.Synthetic$AisApp
15:59:09.420 [main] DEBUG o.s.j.b.loader.SquidClassLoader - .class not found for ais.gui.common.String
15:59:09.420 [main] DEBUG o.s.j.b.loader.SquidClassLoader - .class not found for java.lang.Synthetic$String
15:59:09.420 [main] DEBUG o.s.j.b.loader.SquidClassLoader - .class not found for ais.gui.common.NestedException
15:59:09.420 [main] DEBUG o.s.j.b.loader.SquidClassLoader - .class not found for java.lang.NestedException
15:59:09.420 [main] DEBUG o.s.j.b.loader.SquidClassLoader - .class not found for java.lang.Synthetic$NestedException
15:59:09.421 [main] DEBUG o.s.j.b.loader.SquidClassLoader - .class not found for ais.gui.common.SCPWOrgJednotka
15:59:09.421 [main] DEBUG o.s.j.b.loader.SquidClassLoader - .class not found for java.lang.SCPWOrgJednotka
15:59:09.421 [main] DEBUG o.s.j.b.loader.SquidClassLoader - .class not found for java.lang.Synthetic$SCPWOrgJednotka
15:59:09.421 [main] DEBUG o.s.j.b.loader.SquidClassLoader - .class not found for ais.gui.common.AisApp
15:59:09.421 [main] DEBUG o.s.j.b.loader.SquidClassLoader - .class not found for java.lang.AisApp
15:59:09.421 [main] DEBUG o.s.j.b.loader.SquidClassLoader - .class not found for java.lang.Synthetic$AisApp
15:59:09.421 [main] DEBUG o.s.j.b.loader.SquidClassLoader - .class not found for ais.gui.common.SPProfilPouzivatela
15:59:09.421 [main] DEBUG o.s.j.b.loader.SquidClassLoader - .class not found for java.lang.SPProfilPouzivatela
15:59:09.421 [main] DEBUG o.s.j.b.loader.SquidClassLoader - .class not found for java.lang.Synthetic$SPProfilPouzivatela
15:59:09.423 [main] DEBUG o.s.j.b.loader.SquidClassLoader - .class not found for ais.gui.common.String
15:59:09.423 [main] DEBUG o.s.j.b.loader.SquidClassLoader - .class not found for java.lang.Synthetic$String
15:59:09.423 [main] DEBUG o.s.j.b.loader.SquidClassLoader - .class not found for ais.gui.common.SPProfilPouzivatela
15:59:09.423 [main] DEBUG o.s.j.b.loader.SquidClassLoader - .class not found for java.lang.SPProfilPouzivatela
15:59:09.423 [main] DEBUG o.s.j.b.loader.SquidClassLoader - .class not found for java.lang.Synthetic$SPProfilPouzivatela
15:59:09.424 [main] DEBUG o.s.j.b.loader.SquidClassLoader - .class not found for ais.gui.common.AppException
15:59:09.424 [main] DEBUG o.s.j.b.loader.SquidClassLoader - .class not found for java.lang.AppException
15:59:09.424 [main] DEBUG o.s.j.b.loader.SquidClassLoader - .class not found for java.lang.Synthetic$AppException
15:59:09.424 [main] DEBUG o.s.j.b.loader.SquidClassLoader - .class not found for ais.gui.common.SCPWOrgJednotka
15:59:09.424 [main] DEBUG o.s.j.b.loader.SquidClassLoader - .class not found for java.lang.SCPWOrgJednotka
15:59:09.424 [main] DEBUG o.s.j.b.loader.SquidClassLoader - .class not found for java.lang.Synthetic$SCPWOrgJednotka
15:59:09.424 [main] DEBUG o.s.j.b.loader.SquidClassLoader - .class not found for ais.gui.common.AisApp
15:59:09.424 [main] DEBUG o.s.j.b.loader.SquidClassLoader - .class not found for java.lang.AisApp
15:59:09.424 [main] DEBUG o.s.j.b.loader.SquidClassLoader - .class not found for java.lang.Synthetic$AisApp
15:59:09.425 [main] DEBUG o.s.j.b.loader.SquidClassLoader - .class not found for ais.gui.common.String
15:59:09.425 [main] DEBUG o.s.j.b.loader.SquidClassLoader - .class not found for java.lang.Synthetic$String
15:59:09.425 [main] DEBUG o.s.j.b.loader.SquidClassLoader - .class not found for ais.gui.common.String
15:59:09.425 [main] DEBUG o.s.j.b.loader.SquidClassLoader - .class not found for java.lang.Synthetic$String
15:59:09.425 [main] DEBUG o.s.j.b.loader.SquidClassLoader - .class not found for ais.gui.common.Filter
15:59:09.425 [main] DEBUG o.s.j.b.loader.SquidClassLoader - .class not found for java.lang.Filter
15:59:09.425 [main] DEBUG o.s.j.b.loader.SquidClassLoader - .class not found for java.lang.Synthetic$Filter
15:59:09.425 [main] DEBUG o.s.j.b.loader.SquidClassLoader - .class not found for ais.gui.common.Ordering
15:59:09.426 [main] DEBUG o.s.j.b.loader.SquidClassLoader - .class not found for java.lang.Ordering
15:59:09.426 [main] DEBUG o.s.j.b.loader.SquidClassLoader - .class not found for java.lang.Synthetic$Ordering
15:59:09.426 [main] DEBUG o.s.j.b.loader.SquidClassLoader - .class not found for ais.gui.common.PSException
15:59:09.426 [main] DEBUG o.s.j.b.loader.SquidClassLoader - .class not found for java.lang.PSException
15:59:09.426 [main] DEBUG o.s.j.b.loader.SquidClassLoader - .class not found for java.lang.Synthetic$PSException
15:59:09.426 [main] DEBUG o.s.j.b.loader.SquidClassLoader - .class not found for ais.gui.common.AppException
15:59:09.427 [main] DEBUG o.s.j.b.loader.SquidClassLoader - .class not found for java.lang.AppException
15:59:09.427 [main] DEBUG o.s.j.b.loader.SquidClassLoader - .class not found for java.lang.Synthetic$AppException
15:59:09.427 [main] DEBUG o.s.j.b.loader.SquidClassLoader - .class not found for ais.gui.common.SCPWOrgJednotka
15:59:09.427 [main] DEBUG o.s.j.b.loader.SquidClassLoader - .class not found for java.lang.SCPWOrgJednotka
15:59:09.428 [main] DEBUG o.s.j.b.loader.SquidClassLoader - .class not found for java.lang.Synthetic$SCPWOrgJednotka
15:59:09.428 [main] DEBUG o.s.j.b.loader.SquidClassLoader - .class not found for ais.gui.common.AisApp
15:59:09.428 [main] DEBUG o.s.j.b.loader.SquidClassLoader - .class not found for java.lang.AisApp
15:59:09.429 [main] DEBUG o.s.j.b.loader.SquidClassLoader - .class not found for java.lang.Synthetic$AisApp
15:59:09.430 [main] DEBUG o.s.j.b.loader.SquidClassLoader - .class not found for ais.gui.common.String
15:59:09.430 [main] DEBUG o.s.j.b.loader.SquidClassLoader - .class not found for java.lang.Synthetic$String
15:59:09.430 [main] DEBUG o.s.j.b.loader.SquidClassLoader - .class not found for ais.gui.common.String
15:59:09.430 [main] DEBUG o.s.j.b.loader.SquidClassLoader - .class not found for java.lang.Synthetic$String
15:59:09.430 [main] DEBUG o.s.j.b.loader.SquidClassLoader - .class not found for ais.gui.common.String
15:59:09.431 [main] DEBUG o.s.j.b.loader.SquidClassLoader - .class not found for java.lang.Synthetic$String
15:59:09.431 [main] DEBUG o.s.j.b.loader.SquidClassLoader - .class not found for ais.gui.common.Object
15:59:09.431 [main] DEBUG o.s.j.b.loader.SquidClassLoader - .class not found for java.lang.Synthetic$Object
15:59:09.431 [main] DEBUG o.s.j.b.loader.SquidClassLoader - .class not found for ais.gui.common.String
15:59:09.431 [main] DEBUG o.s.j.b.loader.SquidClassLoader - .class not found for java.lang.Synthetic$String
15:59:09.431 [main] DEBUG o.s.j.b.loader.SquidClassLoader - .class not found for ais.gui.common.String
15:59:09.431 [main] DEBUG o.s.j.b.loader.SquidClassLoader - .class not found for java.lang.Synthetic$String
15:59:09.431 [main] DEBUG o.s.j.b.loader.SquidClassLoader - .class not found for ais.gui.common.String
15:59:09.433 [main] DEBUG o.s.j.b.loader.SquidClassLoader - .class not found for java.lang.Synthetic$String
15:59:09.434 [main] DEBUG o.s.j.b.loader.SquidClassLoader - .class not found for ais.gui.common.String
15:59:09.434 [main] DEBUG o.s.j.b.loader.SquidClassLoader - .class not found for java.lang.Synthetic$String
15:59:09.435 [main] DEBUG o.s.j.b.loader.SquidClassLoader - .class not found for ais.gui.common.Integer
15:59:09.435 [main] DEBUG o.s.j.b.loader.SquidClassLoader - .class not found for java.lang.Synthetic$Integer
15:59:09.436 [main] DEBUG o.s.j.b.loader.SquidClassLoader - .class not found for ais.gui.common.String
15:59:09.437 [main] DEBUG o.s.j.b.loader.SquidClassLoader - .class not found for java.lang.Synthetic$String
15:59:09.438 [main] DEBUG o.s.j.b.loader.SquidClassLoader - .class not found for ais.gui.common.String
15:59:09.439 [main] DEBUG o.s.j.b.loader.SquidClassLoader - .class not found for java.lang.Synthetic$String
15:59:09.439 [main] DEBUG o.s.j.b.loader.SquidClassLoader - .class not found for ais.gui.common.String
15:59:09.439 [main] DEBUG o.s.j.b.loader.SquidClassLoader - .class not found for java.lang.Synthetic$String
15:59:09.440 [main] DEBUG o.s.j.b.loader.SquidClassLoader - .class not found for ais.gui.common.String
15:59:09.441 [main] DEBUG o.s.j.b.loader.SquidClassLoader - .class not found for java.lang.Synthetic$String
15:59:09.441 [main] DEBUG o.s.j.b.loader.SquidClassLoader - .class not found for ais.gui.common.String
15:59:09.441 [main] DEBUG o.s.j.b.loader.SquidClassLoader - .class not found for java.lang.Synthetic$String
15:59:09.442 [main] DEBUG o.s.j.b.loader.SquidClassLoader - .class not found for ais.gui.common.String
15:59:09.442 [main] DEBUG o.s.j.b.loader.SquidClassLoader - .class not found for java.lang.Synthetic$String
15:59:09.442 [main] DEBUG o.s.j.b.loader.SquidClassLoader - .class not found for ais.gui.common.Integer
15:59:09.442 [main] DEBUG o.s.j.b.loader.SquidClassLoader - .class not found for java.lang.Synthetic$Integer
15:59:09.442 [main] DEBUG o.s.j.b.loader.SquidClassLoader - .class not found for ais.gui.common.String
15:59:09.442 [main] DEBUG o.s.j.b.loader.SquidClassLoader - .class not found for java.lang.Synthetic$String
15:59:09.443 [main] DEBUG o.s.j.b.loader.SquidClassLoader - .class not found for ais.gui.common.Integer
15:59:09.443 [main] DEBUG o.s.j.b.loader.SquidClassLoader - .class not found for java.lang.Synthetic$Integer
15:59:09.443 [main] DEBUG o.s.j.b.loader.SquidClassLoader - .class not found for ais.gui.common.AppException
15:59:09.443 [main] DEBUG o.s.j.b.loader.SquidClassLoader - .class not found for java.lang.AppException
15:59:09.443 [main] DEBUG o.s.j.b.loader.SquidClassLoader - .class not found for java.lang.Synthetic$AppException
15:59:09.443 [main] DEBUG o.s.j.b.loader.SquidClassLoader - .class not found for ais.gui.common.SCPWOrgJednotka
15:59:09.444 [main] DEBUG o.s.j.b.loader.SquidClassLoader - .class not found for java.lang.SCPWOrgJednotka
15:59:09.444 [main] DEBUG o.s.j.b.loader.SquidClassLoader - .class not found for java.lang.Synthetic$SCPWOrgJednotka
15:59:09.444 [main] DEBUG o.s.j.b.loader.SquidClassLoader - .class not found for ais.gui.common.AisApp
15:59:09.444 [main] DEBUG o.s.j.b.loader.SquidClassLoader - .class not found for java.lang.AisApp
15:59:09.444 [main] DEBUG o.s.j.b.loader.SquidClassLoader - .class not found for java.lang.Synthetic$AisApp
15:59:09.444 [main] DEBUG o.s.j.b.loader.SquidClassLoader - .class not found for ais.gui.common.String
15:59:09.444 [main] DEBUG o.s.j.b.loader.SquidClassLoader - .class not found for java.lang.Synthetic$String
15:59:09.445 [main] DEBUG o.s.j.b.loader.SquidClassLoader - .class not found for ais.gui.common.AppException
15:59:09.445 [main] DEBUG o.s.j.b.loader.SquidClassLoader - .class not found for java.lang.AppException
15:59:09.445 [main] DEBUG o.s.j.b.loader.SquidClassLoader - .class not found for java.lang.Synthetic$AppException
15:59:09.446 [main] DEBUG o.s.j.b.loader.SquidClassLoader - .class not found for ais.gui.common.SCPWOrgJednotka
15:59:09.446 [main] DEBUG o.s.j.b.loader.SquidClassLoader - .class not found for java.lang.SCPWOrgJednotka
15:59:09.446 [main] DEBUG o.s.j.b.loader.SquidClassLoader - .class not found for java.lang.Synthetic$SCPWOrgJednotka
15:59:09.446 [main] DEBUG o.s.j.b.loader.SquidClassLoader - .class not found for ais.gui.common.AisApp
15:59:09.446 [main] DEBUG o.s.j.b.loader.SquidClassLoader - .class not found for java.lang.AisApp
15:59:09.446 [main] DEBUG o.s.j.b.loader.SquidClassLoader - .class not found for java.lang.Synthetic$AisApp
15:59:09.447 [main] DEBUG o.s.j.b.loader.SquidClassLoader - .class not found for ais.gui.common.String
15:59:09.447 [main] DEBUG o.s.j.b.loader.SquidClassLoader - .class not found for java.lang.Synthetic$String
15:59:09.447 [main] DEBUG o.s.j.b.loader.SquidClassLoader - .class not found for ais.gui.common.AppException
15:59:09.447 [main] DEBUG o.s.j.b.loader.SquidClassLoader - .class not found for java.lang.AppException
15:59:09.447 [main] DEBUG o.s.j.b.loader.SquidClassLoader - .class not found for java.lang.Synthetic$AppException
15:59:09.448 [main] DEBUG o.s.j.b.loader.SquidClassLoader - .class not found for ais.gui.common.SCPWOrgJednotka
15:59:09.448 [main] DEBUG o.s.j.b.loader.SquidClassLoader - .class not found for java.lang.SCPWOrgJednotka
15:59:09.448 [main] DEBUG o.s.j.b.loader.SquidClassLoader - .class not found for java.lang.Synthetic$SCPWOrgJednotka
15:59:09.449 [main] DEBUG o.s.j.b.loader.SquidClassLoader - .class not found for ais.gui.common.AisApp
15:59:09.449 [main] DEBUG o.s.j.b.loader.SquidClassLoader - .class not found for java.lang.AisApp
15:59:09.449 [main] DEBUG o.s.j.b.loader.SquidClassLoader - .class not found for java.lang.Synthetic$AisApp
15:59:09.450 [main] DEBUG o.s.j.b.loader.SquidClassLoader - .class not found for ais.gui.common.String
15:59:09.450 [main] DEBUG o.s.j.b.loader.SquidClassLoader - .class not found for java.lang.Synthetic$String
15:59:09.450 [main] DEBUG o.s.j.b.loader.SquidClassLoader - .class not found for ais.gui.common.AppException
15:59:09.450 [main] DEBUG o.s.j.b.loader.SquidClassLoader - .class not found for java.lang.AppException
15:59:09.450 [main] DEBUG o.s.j.b.loader.SquidClassLoader - .class not found for java.lang.Synthetic$AppException
15:59:09.450 [main] DEBUG o.s.j.b.loader.SquidClassLoader - .class not found for ais.gui.common.SCPWOrgJednotka
15:59:09.450 [main] DEBUG o.s.j.b.loader.SquidClassLoader - .class not found for java.lang.SCPWOrgJednotka
15:59:09.450 [main] DEBUG o.s.j.b.loader.SquidClassLoader - .class not found for java.lang.Synthetic$SCPWOrgJednotka
15:59:09.451 [main] DEBUG o.s.j.b.loader.SquidClassLoader - .class not found for ais.gui.common.AisApp
15:59:09.451 [main] DEBUG o.s.j.b.loader.SquidClassLoader - .class not found for java.lang.AisApp
15:59:09.451 [main] DEBUG o.s.j.b.loader.SquidClassLoader - .class not found for java.lang.Synthetic$AisApp
15:59:09.451 [main] DEBUG o.s.j.b.loader.SquidClassLoader - .class not found for ais.gui.common.String
15:59:09.451 [main] DEBUG o.s.j.b.loader.SquidClassLoader - .class not found for java.lang.Synthetic$String
15:59:09.451 [main] DEBUG o.s.j.b.loader.SquidClassLoader - .class not found for ais.gui.common.String
15:59:09.451 [main] DEBUG o.s.j.b.loader.SquidClassLoader - .class not found for java.lang.Synthetic$String
15:59:09.451 [main] DEBUG o.s.j.b.loader.SquidClassLoader - .class not found for ais.gui.common.AppException
15:59:09.451 [main] DEBUG o.s.j.b.loader.SquidClassLoader - .class not found for java.lang.AppException
15:59:09.451 [main] DEBUG o.s.j.b.loader.SquidClassLoader - .class not found for java.lang.Synthetic$AppException
15:59:09.453 [main] DEBUG o.s.j.b.loader.SquidClassLoader - .class not found for ais.gui.common.SCPWOrgJednotka
15:59:09.453 [main] DEBUG o.s.j.b.loader.SquidClassLoader - .class not found for java.lang.SCPWOrgJednotka
15:59:09.453 [main] DEBUG o.s.j.b.loader.SquidClassLoader - .class not found for java.lang.Synthetic$SCPWOrgJednotka
15:59:09.453 [main] DEBUG o.s.j.b.loader.SquidClassLoader - .class not found for ais.gui.common.AisApp
15:59:09.453 [main] DEBUG o.s.j.b.loader.SquidClassLoader - .class not found for java.lang.AisApp
15:59:09.453 [main] DEBUG o.s.j.b.loader.SquidClassLoader - .class not found for java.lang.Synthetic$AisApp
15:59:09.453 [main] DEBUG o.s.j.b.loader.SquidClassLoader - .class not found for ais.gui.common.String
15:59:09.453 [main] DEBUG o.s.j.b.loader.SquidClassLoader - .class not found for java.lang.Synthetic$String
15:59:09.453 [main] DEBUG o.s.j.b.loader.SquidClassLoader - .class not found for ais.gui.common.String
15:59:09.454 [main] DEBUG o.s.j.b.loader.SquidClassLoader - .class not found for java.lang.Synthetic$String
15:59:09.454 [main] DEBUG o.s.j.b.loader.SquidClassLoader - .class not found for ais.gui.common.AppException
15:59:09.454 [main] DEBUG o.s.j.b.loader.SquidClassLoader - .class not found for java.lang.AppException
15:59:09.454 [main] DEBUG o.s.j.b.loader.SquidClassLoader - .class not found for java.lang.Synthetic$AppException
15:59:09.454 [main] DEBUG o.s.j.b.loader.SquidClassLoader - .class not found for ais.gui.common.SCPWOrgJednotka
15:59:09.454 [main] DEBUG o.s.j.b.loader.SquidClassLoader - .class not found for java.lang.SCPWOrgJednotka
15:59:09.454 [main] DEBUG o.s.j.b.loader.SquidClassLoader - .class not found for java.lang.Synthetic$SCPWOrgJednotka
15:59:09.454 [main] DEBUG o.s.j.b.loader.SquidClassLoader - .class not found for ais.gui.common.AisApp
15:59:09.454 [main] DEBUG o.s.j.b.loader.SquidClassLoader - .class not found for java.lang.AisApp
15:59:09.454 [main] DEBUG o.s.j.b.loader.SquidClassLoader - .class not found for java.lang.Synthetic$AisApp
15:59:09.455 [main] DEBUG o.s.j.b.loader.SquidClassLoader - .class not found for ais.gui.common.SCPWOrgJednotka
15:59:09.455 [main] DEBUG o.s.j.b.loader.SquidClassLoader - .class not found for java.lang.SCPWOrgJednotka
15:59:09.455 [main] DEBUG o.s.j.b.loader.SquidClassLoader - .class not found for java.lang.Synthetic$SCPWOrgJednotka
15:59:09.455 [main] DEBUG o.s.j.b.loader.SquidClassLoader - .class not found for ais.gui.common.String
15:59:09.455 [main] DEBUG o.s.j.b.loader.SquidClassLoader - .class not found for java.lang.Synthetic$String
15:59:09.455 [main] DEBUG o.s.j.b.loader.SquidClassLoader - .class not found for ais.gui.common.NestedException
15:59:09.455 [main] DEBUG o.s.j.b.loader.SquidClassLoader - .class not found for java.lang.NestedException
15:59:09.455 [main] DEBUG o.s.j.b.loader.SquidClassLoader - .class not found for java.lang.Synthetic$NestedException
15:59:09.456 [main] DEBUG o.s.j.b.loader.SquidClassLoader - .class not found for ais.gui.common.SCPWOrgJednotka
15:59:09.456 [main] DEBUG o.s.j.b.loader.SquidClassLoader - .class not found for java.lang.SCPWOrgJednotka
15:59:09.456 [main] DEBUG o.s.j.b.loader.SquidClassLoader - .class not found for java.lang.Synthetic$SCPWOrgJednotka
15:59:09.456 [main] DEBUG o.s.j.b.loader.SquidClassLoader - .class not found for ais.gui.common.AisApp
15:59:09.456 [main] DEBUG o.s.j.b.loader.SquidClassLoader - .class not found for java.lang.AisApp
15:59:09.456 [main] DEBUG o.s.j.b.loader.SquidClassLoader - .class not found for java.lang.Synthetic$AisApp
15:59:09.456 [main] DEBUG o.s.j.b.loader.SquidClassLoader - .class not found for ais.gui.common.String
15:59:09.456 [main] DEBUG o.s.j.b.loader.SquidClassLoader - .class not found for java.lang.Synthetic$String
15:59:09.456 [main] DEBUG o.s.j.b.loader.SquidClassLoader - .class not found for ais.gui.common.String
15:59:09.457 [main] DEBUG o.s.j.b.loader.SquidClassLoader - .class not found for java.lang.Synthetic$String
15:59:09.457 [main] DEBUG o.s.j.b.loader.SquidClassLoader - .class not found for ais.gui.common.NestedException
15:59:09.457 [main] DEBUG o.s.j.b.loader.SquidClassLoader - .class not found for java.lang.NestedException
15:59:09.457 [main] DEBUG o.s.j.b.loader.SquidClassLoader - .class not found for java.lang.Synthetic$NestedException
15:59:09.457 [main] DEBUG o.s.j.b.loader.SquidClassLoader - .class not found for ais.gui.common.SCPWOrgJednotka
15:59:09.458 [main] DEBUG o.s.j.b.loader.SquidClassLoader - .class not found for java.lang.SCPWOrgJednotka
15:59:09.458 [main] DEBUG o.s.j.b.loader.SquidClassLoader - .class not found for java.lang.Synthetic$SCPWOrgJednotka
15:59:09.458 [main] DEBUG o.s.j.b.loader.SquidClassLoader - .class not found for ais.gui.common.AisApp
15:59:09.458 [main] DEBUG o.s.j.b.loader.SquidClassLoader - .class not found for java.lang.AisApp
15:59:09.458 [main] DEBUG o.s.j.b.loader.SquidClassLoader - .class not found for java.lang.Synthetic$AisApp
15:59:09.459 [main] DEBUG o.s.j.b.loader.SquidClassLoader - .class not found for ais.gui.common.String
15:59:09.459 [main] DEBUG o.s.j.b.loader.SquidClassLoader - .class not found for java.lang.Synthetic$String
15:59:09.459 [main] DEBUG o.s.j.b.loader.SquidClassLoader - .class not found for ais.gui.common.String
15:59:09.459 [main] DEBUG o.s.j.b.loader.SquidClassLoader - .class not found for java.lang.Synthetic$String
15:59:09.459 [main] DEBUG o.s.j.b.loader.SquidClassLoader - .class not found for ais.gui.common.AppException
15:59:09.460 [main] DEBUG o.s.j.b.loader.SquidClassLoader - .class not found for java.lang.AppException
15:59:09.460 [main] DEBUG o.s.j.b.loader.SquidClassLoader - .class not found for java.lang.Synthetic$AppException
15:59:09.460 [main] DEBUG o.s.j.b.loader.SquidClassLoader - .class not found for ais.gui.common.SCPWOrgJednotka
15:59:09.460 [main] DEBUG o.s.j.b.loader.SquidClassLoader - .class not found for java.lang.SCPWOrgJednotka
15:59:09.461 [main] DEBUG o.s.j.b.loader.SquidClassLoader - .class not found for java.lang.Synthetic$SCPWOrgJednotka
15:59:09.462 [main] DEBUG o.s.j.b.loader.SquidClassLoader - .class not found for ais.gui.common.AisApp
15:59:09.463 [main] DEBUG o.s.j.b.loader.SquidClassLoader - .class not found for java.lang.AisApp
15:59:09.463 [main] DEBUG o.s.j.b.loader.SquidClassLoader - .class not found for java.lang.Synthetic$AisApp
15:59:09.464 [main] DEBUG o.s.j.b.loader.SquidClassLoader - .class not found for ais.gui.common.String
15:59:09.464 [main] DEBUG o.s.j.b.loader.SquidClassLoader - .class not found for java.lang.Synthetic$String
15:59:09.464 [main] DEBUG o.s.j.b.loader.SquidClassLoader - .class not found for ais.gui.common.String
15:59:09.465 [main] DEBUG o.s.j.b.loader.SquidClassLoader - .class not found for java.lang.Synthetic$String
15:59:09.465 [main] DEBUG o.s.j.b.loader.SquidClassLoader - .class not found for ais.gui.common.String
15:59:09.466 [main] DEBUG o.s.j.b.loader.SquidClassLoader - .class not found for java.lang.Synthetic$String
15:59:09.466 [main] DEBUG o.s.j.b.loader.SquidClassLoader - .class not found for ais.gui.common.Integer
15:59:09.466 [main] DEBUG o.s.j.b.loader.SquidClassLoader - .class not found for java.lang.Synthetic$Integer
15:59:09.467 [main] DEBUG o.s.j.b.loader.SquidClassLoader - .class not found for ais.gui.common.AppException
15:59:09.467 [main] DEBUG o.s.j.b.loader.SquidClassLoader - .class not found for java.lang.AppException
15:59:09.467 [main] DEBUG o.s.j.b.loader.SquidClassLoader - .class not found for java.lang.Synthetic$AppException
15:59:09.467 [main] DEBUG o.s.j.b.loader.SquidClassLoader - .class not found for ais.gui.common.SCPWOrgJednotka
15:59:09.468 [main] DEBUG o.s.j.b.loader.SquidClassLoader - .class not found for java.lang.SCPWOrgJednotka
15:59:09.468 [main] DEBUG o.s.j.b.loader.SquidClassLoader - .class not found for java.lang.Synthetic$SCPWOrgJednotka
15:59:09.468 [main] DEBUG o.s.j.b.loader.SquidClassLoader - .class not found for ais.gui.common.AisApp
15:59:09.469 [main] DEBUG o.s.j.b.loader.SquidClassLoader - .class not found for java.lang.AisApp
15:59:09.469 [main] DEBUG o.s.j.b.loader.SquidClassLoader - .class not found for java.lang.Synthetic$AisApp
15:59:09.469 [main] DEBUG o.s.j.b.loader.SquidClassLoader - .class not found for ais.gui.common.String
15:59:09.470 [main] DEBUG o.s.j.b.loader.SquidClassLoader - .class not found for java.lang.Synthetic$String
15:59:09.470 [main] DEBUG o.s.j.b.loader.SquidClassLoader - .class not found for ais.gui.common.String
15:59:09.470 [main] DEBUG o.s.j.b.loader.SquidClassLoader - .class not found for java.lang.Synthetic$String
15:59:09.470 [main] DEBUG o.s.j.b.loader.SquidClassLoader - .class not found for ais.gui.common.String
15:59:09.470 [main] DEBUG o.s.j.b.loader.SquidClassLoader - .class not found for java.lang.Synthetic$String
15:59:09.470 [main] DEBUG o.s.j.b.loader.SquidClassLoader - .class not found for ais.gui.common.Integer
15:59:09.470 [main] DEBUG o.s.j.b.loader.SquidClassLoader - .class not found for java.lang.Synthetic$Integer
15:59:09.471 [main] DEBUG o.s.j.b.loader.SquidClassLoader - .class not found for ais.gui.common.AppException
15:59:09.471 [main] DEBUG o.s.j.b.loader.SquidClassLoader - .class not found for java.lang.AppException
15:59:09.471 [main] DEBUG o.s.j.b.loader.SquidClassLoader - .class not found for java.lang.Synthetic$AppException
15:59:09.471 [main] DEBUG o.s.j.b.loader.SquidClassLoader - .class not found for ais.gui.common.SCPWOrgJednotka
15:59:09.471 [main] DEBUG o.s.j.b.loader.SquidClassLoader - .class not found for java.lang.SCPWOrgJednotka
15:59:09.471 [main] DEBUG o.s.j.b.loader.SquidClassLoader - .class not found for java.lang.Synthetic$SCPWOrgJednotka
15:59:09.471 [main] DEBUG o.s.j.b.loader.SquidClassLoader - .class not found for ais.gui.common.AisApp
15:59:09.471 [main] DEBUG o.s.j.b.loader.SquidClassLoader - .class not found for java.lang.AisApp
15:59:09.471 [main] DEBUG o.s.j.b.loader.SquidClassLoader - .class not found for java.lang.Synthetic$AisApp
15:59:09.471 [main] DEBUG o.s.j.b.loader.SquidClassLoader - .class not found for ais.gui.common.String
15:59:09.472 [main] DEBUG o.s.j.b.loader.SquidClassLoader - .class not found for java.lang.Synthetic$String
15:59:09.472 [main] DEBUG o.s.j.b.loader.SquidClassLoader - .class not found for ais.gui.common.Integer
15:59:09.472 [main] DEBUG o.s.j.b.loader.SquidClassLoader - .class not found for java.lang.Synthetic$Integer
15:59:09.472 [main] DEBUG o.s.j.b.loader.SquidClassLoader - .class not found for ais.gui.common.String
15:59:09.472 [main] DEBUG o.s.j.b.loader.SquidClassLoader - .class not found for java.lang.Synthetic$String
15:59:09.472 [main] DEBUG o.s.j.b.loader.SquidClassLoader - .class not found for ais.gui.common.String
15:59:09.472 [main] DEBUG o.s.j.b.loader.SquidClassLoader - .class not found for java.lang.Synthetic$String
15:59:09.472 [main] DEBUG o.s.j.b.loader.SquidClassLoader - .class not found for ais.gui.common.Filter
15:59:09.472 [main] DEBUG o.s.j.b.loader.SquidClassLoader - .class not found for java.lang.Filter
15:59:09.472 [main] DEBUG o.s.j.b.loader.SquidClassLoader - .class not found for java.lang.Synthetic$Filter
15:59:09.473 [main] DEBUG o.s.j.b.loader.SquidClassLoader - .class not found for ais.gui.common.String
15:59:09.473 [main] DEBUG o.s.j.b.loader.SquidClassLoader - .class not found for java.lang.Synthetic$String
15:59:09.473 [main] DEBUG o.s.j.b.loader.SquidClassLoader - .class not found for ais.gui.common.String
15:59:09.473 [main] DEBUG o.s.j.b.loader.SquidClassLoader - .class not found for java.lang.Synthetic$String
15:59:09.474 [main] DEBUG o.s.j.b.loader.SquidClassLoader - .class not found for ais.gui.common.PWVlastnostOJ
15:59:09.474 [main] DEBUG o.s.j.b.loader.SquidClassLoader - .class not found for java.lang.PWVlastnostOJ
15:59:09.474 [main] DEBUG o.s.j.b.loader.SquidClassLoader - .class not found for java.lang.Synthetic$PWVlastnostOJ
15:59:09.474 [main] DEBUG o.s.j.b.loader.SquidClassLoader - .class not found for ais.gui.common.String
15:59:09.475 [main] DEBUG o.s.j.b.loader.SquidClassLoader - .class not found for java.lang.Synthetic$String
15:59:09.475 [main] DEBUG o.s.j.b.loader.SquidClassLoader - .class not found for ais.gui.common.PWVlastnostOJ
15:59:09.475 [main] DEBUG o.s.j.b.loader.SquidClassLoader - .class not found for java.lang.PWVlastnostOJ
15:59:09.475 [main] DEBUG o.s.j.b.loader.SquidClassLoader - .class not found for java.lang.Synthetic$PWVlastnostOJ
15:59:09.475 [main] DEBUG o.s.j.b.loader.SquidClassLoader - .class not found for ais.gui.common.Filter
15:59:09.475 [main] DEBUG o.s.j.b.loader.SquidClassLoader - .class not found for java.lang.Filter
15:59:09.475 [main] DEBUG o.s.j.b.loader.SquidClassLoader - .class not found for java.lang.Synthetic$Filter
15:59:09.475 [main] DEBUG o.s.j.b.loader.SquidClassLoader - .class not found for ais.gui.common.Filter
15:59:09.476 [main] DEBUG o.s.j.b.loader.SquidClassLoader - .class not found for java.lang.Filter
15:59:09.476 [main] DEBUG o.s.j.b.loader.SquidClassLoader - .class not found for java.lang.Synthetic$Filter
15:59:09.477 [main] DEBUG o.s.j.b.loader.SquidClassLoader - .class not found for ais.gui.common.SCPWOrgJednotka
15:59:09.477 [main] DEBUG o.s.j.b.loader.SquidClassLoader - .class not found for java.lang.SCPWOrgJednotka
15:59:09.477 [main] DEBUG o.s.j.b.loader.SquidClassLoader - .class not found for java.lang.Synthetic$SCPWOrgJednotka
15:59:09.478 [main] DEBUG o.s.j.b.loader.SquidClassLoader - .class not found for ais.gui.common.String
15:59:09.478 [main] DEBUG o.s.j.b.loader.SquidClassLoader - .class not found for java.lang.Synthetic$String
15:59:09.479 [main] DEBUG o.s.j.b.loader.SquidClassLoader - .class not found for ais.gui.common.SCPWOrgJednotka
15:59:09.480 [main] DEBUG o.s.j.b.loader.SquidClassLoader - .class not found for java.lang.SCPWOrgJednotka
15:59:09.480 [main] DEBUG o.s.j.b.loader.SquidClassLoader - .class not found for java.lang.Synthetic$SCPWOrgJednotka
15:59:09.480 [main] DEBUG o.s.j.b.loader.SquidClassLoader - .class not found for ais.gui.common.Ordering
15:59:09.480 [main] DEBUG o.s.j.b.loader.SquidClassLoader - .class not found for java.lang.Ordering
15:59:09.480 [main] DEBUG o.s.j.b.loader.SquidClassLoader - .class not found for java.lang.Synthetic$Ordering
15:59:09.480 [main] DEBUG o.s.j.b.loader.SquidClassLoader - .class not found for ais.gui.common.PSException
15:59:09.480 [main] DEBUG o.s.j.b.loader.SquidClassLoader - .class not found for java.lang.PSException
15:59:09.481 [main] DEBUG o.s.j.b.loader.SquidClassLoader - .class not found for java.lang.Synthetic$PSException
15:59:09.481 [main] DEBUG o.s.j.b.loader.SquidClassLoader - .class not found for ais.gui.common.NestedException
15:59:09.481 [main] DEBUG o.s.j.b.loader.SquidClassLoader - .class not found for java.lang.NestedException
15:59:09.481 [main] DEBUG o.s.j.b.loader.SquidClassLoader - .class not found for java.lang.Synthetic$NestedException
15:59:09.482 [main] DEBUG o.s.j.b.loader.SquidClassLoader - .class not found for ais.gui.common.SCPWOrgJednotka
15:59:09.482 [main] DEBUG o.s.j.b.loader.SquidClassLoader - .class not found for java.lang.SCPWOrgJednotka
15:59:09.482 [main] DEBUG o.s.j.b.loader.SquidClassLoader - .class not found for java.lang.Synthetic$SCPWOrgJednotka
15:59:09.483 [main] DEBUG o.s.j.b.loader.SquidClassLoader - .class not found for ais.gui.common.AisApp
15:59:09.483 [main] DEBUG o.s.j.b.loader.SquidClassLoader - .class not found for java.lang.AisApp
15:59:09.483 [main] DEBUG o.s.j.b.loader.SquidClassLoader - .class not found for java.lang.Synthetic$AisApp
15:59:09.484 [main] DEBUG o.s.j.b.loader.SquidClassLoader - .class not found for ais.gui.common.String
15:59:09.484 [main] DEBUG o.s.j.b.loader.SquidClassLoader - .class not found for java.lang.Synthetic$String
15:59:09.484 [main] DEBUG o.s.j.b.loader.SquidClassLoader - .class not found for ais.gui.common.Integer
15:59:09.485 [main] DEBUG o.s.j.b.loader.SquidClassLoader - .class not found for java.lang.Synthetic$Integer
15:59:09.485 [main] DEBUG o.s.j.b.loader.SquidClassLoader - .class not found for ais.gui.common.NestedException
15:59:09.486 [main] DEBUG o.s.j.b.loader.SquidClassLoader - .class not found for java.lang.NestedException
15:59:09.486 [main] DEBUG o.s.j.b.loader.SquidClassLoader - .class not found for java.lang.Synthetic$NestedException
15:59:09.486 [main] DEBUG o.s.j.b.loader.SquidClassLoader - .class not found for ais.gui.common.SCPWOrgJednotka
15:59:09.486 [main] DEBUG o.s.j.b.loader.SquidClassLoader - .class not found for java.lang.SCPWOrgJednotka
15:59:09.487 [main] DEBUG o.s.j.b.loader.SquidClassLoader - .class not found for java.lang.Synthetic$SCPWOrgJednotka
15:59:09.487 [main] DEBUG o.s.j.b.loader.SquidClassLoader - .class not found for ais.gui.common.AisApp
15:59:09.487 [main] DEBUG o.s.j.b.loader.SquidClassLoader - .class not found for java.lang.AisApp
15:59:09.487 [main] DEBUG o.s.j.b.loader.SquidClassLoader - .class not found for java.lang.Synthetic$AisApp
15:59:09.488 [main] DEBUG o.s.j.b.loader.SquidClassLoader - .class not found for ais.gui.common.String
15:59:09.488 [main] DEBUG o.s.j.b.loader.SquidClassLoader - .class not found for java.lang.Synthetic$String
15:59:09.488 [main] DEBUG o.s.j.b.loader.SquidClassLoader - .class not found for ais.gui.common.Integer
15:59:09.490 [main] DEBUG o.s.j.b.loader.SquidClassLoader - .class not found for java.lang.Synthetic$Integer
15:59:09.490 [main] DEBUG o.s.j.b.loader.SquidClassLoader - .class not found for ais.gui.common.NestedException
15:59:09.490 [main] DEBUG o.s.j.b.loader.SquidClassLoader - .class not found for java.lang.NestedException
15:59:09.491 [main] DEBUG o.s.j.b.loader.SquidClassLoader - .class not found for java.lang.Synthetic$NestedException
15:59:09.491 [main] DEBUG o.s.j.b.loader.SquidClassLoader - .class not found for ais.gui.common.SCPWOrgJednotka
15:59:09.491 [main] DEBUG o.s.j.b.loader.SquidClassLoader - .class not found for java.lang.SCPWOrgJednotka
15:59:09.491 [main] DEBUG o.s.j.b.loader.SquidClassLoader - .class not found for java.lang.Synthetic$SCPWOrgJednotka
15:59:09.491 [main] DEBUG o.s.j.b.loader.SquidClassLoader - .class not found for ais.gui.common.AisApplicationContext
15:59:09.491 [main] DEBUG o.s.j.b.loader.SquidClassLoader - .class not found for java.lang.AisApplicationContext
15:59:09.492 [main] DEBUG o.s.j.b.loader.SquidClassLoader - .class not found for java.lang.Synthetic$AisApplicationContext
15:59:09.492 [main] DEBUG o.s.j.b.loader.SquidClassLoader - .class not found for ais.gui.common.String
15:59:09.492 [main] DEBUG o.s.j.b.loader.SquidClassLoader - .class not found for java.lang.Synthetic$String
15:59:09.492 [main] DEBUG o.s.j.b.loader.SquidClassLoader - .class not found for ais.gui.common.Integer
15:59:09.492 [main] DEBUG o.s.j.b.loader.SquidClassLoader - .class not found for java.lang.Synthetic$Integer
15:59:09.492 [main] DEBUG o.s.j.b.loader.SquidClassLoader - .class not found for ais.gui.common.Filter
15:59:09.492 [main] DEBUG o.s.j.b.loader.SquidClassLoader - .class not found for java.lang.Filter
15:59:09.492 [main] DEBUG o.s.j.b.loader.SquidClassLoader - .class not found for java.lang.Synthetic$Filter
15:59:09.493 [main] DEBUG o.s.j.b.loader.SquidClassLoader - .class not found for ais.gui.common.PWVlastnostOJ
15:59:09.493 [main] DEBUG o.s.j.b.loader.SquidClassLoader - .class not found for java.lang.PWVlastnostOJ
15:59:09.493 [main] DEBUG o.s.j.b.loader.SquidClassLoader - .class not found for java.lang.Synthetic$PWVlastnostOJ
15:59:09.493 [main] DEBUG o.s.j.b.loader.SquidClassLoader - .class not found for ais.gui.common.String
15:59:09.493 [main] DEBUG o.s.j.b.loader.SquidClassLoader - .class not found for java.lang.Synthetic$String
15:59:09.494 [main] DEBUG o.s.j.b.loader.SquidClassLoader - .class not found for ais.gui.common.PWVlastnostOJ
15:59:09.494 [main] DEBUG o.s.j.b.loader.SquidClassLoader - .class not found for java.lang.PWVlastnostOJ
15:59:09.496 [main] DEBUG o.s.j.b.loader.SquidClassLoader - .class not found for java.lang.Synthetic$PWVlastnostOJ
15:59:09.497 [main] DEBUG o.s.j.b.loader.SquidClassLoader - .class not found for ais.gui.common.NestedException
15:59:09.497 [main] DEBUG o.s.j.b.loader.SquidClassLoader - .class not found for java.lang.NestedException
15:59:09.497 [main] DEBUG o.s.j.b.loader.SquidClassLoader - .class not found for java.lang.Synthetic$NestedException
15:59:09.498 [main] DEBUG o.s.j.b.loader.SquidClassLoader - .class not found for ais.gui.common.SCPWOrgJednotka
15:59:09.498 [main] DEBUG o.s.j.b.loader.SquidClassLoader - .class not found for java.lang.SCPWOrgJednotka
15:59:09.498 [main] DEBUG o.s.j.b.loader.SquidClassLoader - .class not found for java.lang.Synthetic$SCPWOrgJednotka
15:59:09.499 [main] DEBUG o.s.j.b.loader.SquidClassLoader - .class not found for ais.gui.common.AisApp
15:59:09.499 [main] DEBUG o.s.j.b.loader.SquidClassLoader - .class not found for java.lang.AisApp
15:59:09.499 [main] DEBUG o.s.j.b.loader.SquidClassLoader - .class not found for java.lang.Synthetic$AisApp
15:59:09.500 [main] DEBUG o.s.j.b.loader.SquidClassLoader - .class not found for ais.gui.common.String
15:59:09.500 [main] DEBUG o.s.j.b.loader.SquidClassLoader - .class not found for java.lang.Synthetic$String
15:59:09.500 [main] DEBUG o.s.j.b.loader.SquidClassLoader - .class not found for ais.gui.common.NestedException
15:59:09.500 [main] DEBUG o.s.j.b.loader.SquidClassLoader - .class not found for java.lang.NestedException
15:59:09.500 [main] DEBUG o.s.j.b.loader.SquidClassLoader - .class not found for java.lang.Synthetic$NestedException
15:59:09.500 [main] DEBUG o.s.j.b.loader.SquidClassLoader - .class not found for ais.gui.common.SCPWOrgJednotka
15:59:09.500 [main] DEBUG o.s.j.b.loader.SquidClassLoader - .class not found for java.lang.SCPWOrgJednotka
15:59:09.500 [main] DEBUG o.s.j.b.loader.SquidClassLoader - .class not found for java.lang.Synthetic$SCPWOrgJednotka
15:59:09.500 [main] DEBUG o.s.j.b.loader.SquidClassLoader - .class not found for ais.gui.common.AisApplicationContext
15:59:09.501 [main] DEBUG o.s.j.b.loader.SquidClassLoader - .class not found for java.lang.AisApplicationContext
15:59:09.501 [main] DEBUG o.s.j.b.loader.SquidClassLoader - .class not found for java.lang.Synthetic$AisApplicationContext
15:59:09.501 [main] DEBUG o.s.j.b.loader.SquidClassLoader - .class not found for ais.gui.common.String
15:59:09.501 [main] DEBUG o.s.j.b.loader.SquidClassLoader - .class not found for java.lang.Synthetic$String
15:59:09.501 [main] DEBUG o.s.j.b.loader.SquidClassLoader - .class not found for ais.gui.common.NestedException
15:59:09.501 [main] DEBUG o.s.j.b.loader.SquidClassLoader - .class not found for java.lang.NestedException
15:59:09.501 [main] DEBUG o.s.j.b.loader.SquidClassLoader - .class not found for java.lang.Synthetic$NestedException
15:59:09.502 [main] DEBUG o.s.j.b.loader.SquidClassLoader - .class not found for ais.gui.common.SCPWOrgJednotka
15:59:09.502 [main] DEBUG o.s.j.b.loader.SquidClassLoader - .class not found for java.lang.SCPWOrgJednotka
15:59:09.502 [main] DEBUG o.s.j.b.loader.SquidClassLoader - .class not found for java.lang.Synthetic$SCPWOrgJednotka
15:59:09.502 [main] DEBUG o.s.j.b.loader.SquidClassLoader - .class not found for ais.gui.common.AisApp
15:59:09.502 [main] DEBUG o.s.j.b.loader.SquidClassLoader - .class not found for java.lang.AisApp
15:59:09.502 [main] DEBUG o.s.j.b.loader.SquidClassLoader - .class not found for java.lang.Synthetic$AisApp
15:59:09.502 [main] DEBUG o.s.j.b.loader.SquidClassLoader - .class not found for ais.gui.common.String
15:59:09.502 [main] DEBUG o.s.j.b.loader.SquidClassLoader - .class not found for java.lang.Synthetic$String
15:59:09.502 [main] DEBUG o.s.j.b.loader.SquidClassLoader - .class not found for ais.gui.common.NestedException
15:59:09.503 [main] DEBUG o.s.j.b.loader.SquidClassLoader - .class not found for java.lang.NestedException
15:59:09.503 [main] DEBUG o.s.j.b.loader.SquidClassLoader - .class not found for java.lang.Synthetic$NestedException
15:59:09.503 [main] DEBUG o.s.j.b.loader.SquidClassLoader - .class not found for ais.gui.common.SCPWOrgJednotka
15:59:09.503 [main] DEBUG o.s.j.b.loader.SquidClassLoader - .class not found for java.lang.SCPWOrgJednotka
15:59:09.503 [main] DEBUG o.s.j.b.loader.SquidClassLoader - .class not found for java.lang.Synthetic$SCPWOrgJednotka
15:59:09.503 [main] DEBUG o.s.j.b.loader.SquidClassLoader - .class not found for ais.gui.common.AisApp
15:59:09.503 [main] DEBUG o.s.j.b.loader.SquidClassLoader - .class not found for java.lang.AisApp
15:59:09.503 [main] DEBUG o.s.j.b.loader.SquidClassLoader - .class not found for java.lang.Synthetic$AisApp
15:59:09.504 [main] DEBUG o.s.j.b.loader.SquidClassLoader - .class not found for ais.gui.common.String
15:59:09.504 [main] DEBUG o.s.j.b.loader.SquidClassLoader - .class not found for java.lang.Synthetic$String
15:59:09.504 [main] DEBUG o.s.j.b.loader.SquidClassLoader - .class not found for ais.gui.common.Integer
15:59:09.504 [main] DEBUG o.s.j.b.loader.SquidClassLoader - .class not found for java.lang.Synthetic$Integer
15:59:09.504 [main] DEBUG o.s.j.b.loader.SquidClassLoader - .class not found for ais.gui.common.String
15:59:09.504 [main] DEBUG o.s.j.b.loader.SquidClassLoader - .class not found for java.lang.Synthetic$String
15:59:09.504 [main] DEBUG o.s.j.b.loader.SquidClassLoader - .class not found for ais.gui.common.Filter
15:59:09.505 [main] DEBUG o.s.j.b.loader.SquidClassLoader - .class not found for java.lang.Filter
15:59:09.505 [main] DEBUG o.s.j.b.loader.SquidClassLoader - .class not found for java.lang.Synthetic$Filter
15:59:09.505 [main] DEBUG o.s.j.b.loader.SquidClassLoader - .class not found for ais.gui.common.PWVlastnostOJ
15:59:09.505 [main] DEBUG o.s.j.b.loader.SquidClassLoader - .class not found for java.lang.PWVlastnostOJ
15:59:09.505 [main] DEBUG o.s.j.b.loader.SquidClassLoader - .class not found for java.lang.Synthetic$PWVlastnostOJ
15:59:09.505 [main] DEBUG o.s.j.b.loader.SquidClassLoader - .class not found for ais.gui.common.String
15:59:09.505 [main] DEBUG o.s.j.b.loader.SquidClassLoader - .class not found for java.lang.Synthetic$String
15:59:09.506 [main] DEBUG o.s.j.b.loader.SquidClassLoader - .class not found for ais.gui.common.PWVlastnostOJ
15:59:09.506 [main] DEBUG o.s.j.b.loader.SquidClassLoader - .class not found for java.lang.PWVlastnostOJ
15:59:09.506 [main] DEBUG o.s.j.b.loader.SquidClassLoader - .class not found for java.lang.Synthetic$PWVlastnostOJ
15:59:09.506 [main] DEBUG o.s.j.b.loader.SquidClassLoader - .class not found for ais.gui.common.NestedException
15:59:09.506 [main] DEBUG o.s.j.b.loader.SquidClassLoader - .class not found for java.lang.NestedException
15:59:09.506 [main] DEBUG o.s.j.b.loader.SquidClassLoader - .class not found for java.lang.Synthetic$NestedException
15:59:09.506 [main] DEBUG o.s.j.b.loader.SquidClassLoader - .class not found for ais.gui.common.SCPWOrgJednotka
15:59:09.507 [main] DEBUG o.s.j.b.loader.SquidClassLoader - .class not found for java.lang.SCPWOrgJednotka
15:59:09.507 [main] DEBUG o.s.j.b.loader.SquidClassLoader - .class not found for java.lang.Synthetic$SCPWOrgJednotka
15:59:09.507 [main] DEBUG o.s.j.b.loader.SquidClassLoader - .class not found for ais.gui.common.AisApp
15:59:09.507 [main] DEBUG o.s.j.b.loader.SquidClassLoader - .class not found for java.lang.AisApp
15:59:09.507 [main] DEBUG o.s.j.b.loader.SquidClassLoader - .class not found for java.lang.Synthetic$AisApp
15:59:09.507 [main] DEBUG o.s.j.b.loader.SquidClassLoader - .class not found for ais.gui.common.String
15:59:09.508 [main] DEBUG o.s.j.b.loader.SquidClassLoader - .class not found for java.lang.Synthetic$String
15:59:09.509 [main] DEBUG o.s.j.b.loader.SquidClassLoader - .class not found for ais.gui.common.String
15:59:09.509 [main] DEBUG o.s.j.b.loader.SquidClassLoader - .class not found for java.lang.Synthetic$String
15:59:09.509 [main] DEBUG o.s.j.b.loader.SquidClassLoader - .class not found for ais.gui.common.AppException
15:59:09.509 [main] DEBUG o.s.j.b.loader.SquidClassLoader - .class not found for java.lang.AppException
15:59:09.509 [main] DEBUG o.s.j.b.loader.SquidClassLoader - .class not found for java.lang.Synthetic$AppException
15:59:09.510 [main] DEBUG o.s.j.b.loader.SquidClassLoader - .class not found for ais.gui.common.SCSTTypStudia
15:59:09.510 [main] DEBUG o.s.j.b.loader.SquidClassLoader - .class not found for java.lang.SCSTTypStudia
15:59:09.510 [main] DEBUG o.s.j.b.loader.SquidClassLoader - .class not found for java.lang.Synthetic$SCSTTypStudia
15:59:09.511 [main] DEBUG o.s.j.b.loader.SquidClassLoader - .class not found for ais.gui.common.AisApp
15:59:09.511 [main] DEBUG o.s.j.b.loader.SquidClassLoader - .class not found for java.lang.AisApp
15:59:09.511 [main] DEBUG o.s.j.b.loader.SquidClassLoader - .class not found for java.lang.Synthetic$AisApp
15:59:09.512 [main] DEBUG o.s.j.b.loader.SquidClassLoader - .class not found for ais.gui.common.String
15:59:09.512 [main] DEBUG o.s.j.b.loader.SquidClassLoader - .class not found for java.lang.Synthetic$String
15:59:09.513 [main] DEBUG o.s.j.b.loader.SquidClassLoader - .class not found for ais.gui.common.AppException
15:59:09.514 [main] DEBUG o.s.j.b.loader.SquidClassLoader - .class not found for java.lang.AppException
15:59:09.514 [main] DEBUG o.s.j.b.loader.SquidClassLoader - .class not found for java.lang.Synthetic$AppException
15:59:09.514 [main] DEBUG o.s.j.b.loader.SquidClassLoader - .class not found for ais.gui.common.SCSTDruhStudia
15:59:09.514 [main] DEBUG o.s.j.b.loader.SquidClassLoader - .class not found for java.lang.SCSTDruhStudia
15:59:09.514 [main] DEBUG o.s.j.b.loader.SquidClassLoader - .class not found for java.lang.Synthetic$SCSTDruhStudia
15:59:09.514 [main] DEBUG o.s.j.b.loader.SquidClassLoader - .class not found for ais.gui.common.AisApp
15:59:09.514 [main] DEBUG o.s.j.b.loader.SquidClassLoader - .class not found for java.lang.AisApp
15:59:09.514 [main] DEBUG o.s.j.b.loader.SquidClassLoader - .class not found for java.lang.Synthetic$AisApp
15:59:09.514 [main] DEBUG o.s.j.b.loader.SquidClassLoader - .class not found for ais.gui.common.String
15:59:09.514 [main] DEBUG o.s.j.b.loader.SquidClassLoader - .class not found for java.lang.Synthetic$String
15:59:09.514 [main] DEBUG o.s.j.b.loader.SquidClassLoader - .class not found for ais.gui.common.AppException
15:59:09.514 [main] DEBUG o.s.j.b.loader.SquidClassLoader - .class not found for java.lang.AppException
15:59:09.514 [main] DEBUG o.s.j.b.loader.SquidClassLoader - .class not found for java.lang.Synthetic$AppException
15:59:09.515 [main] DEBUG o.s.j.b.loader.SquidClassLoader - .class not found for ais.gui.common.STCinnostSPOJ
15:59:09.515 [main] DEBUG o.s.j.b.loader.SquidClassLoader - .class not found for java.lang.STCinnostSPOJ
15:59:09.515 [main] DEBUG o.s.j.b.loader.SquidClassLoader - .class not found for java.lang.Synthetic$STCinnostSPOJ
15:59:09.515 [main] DEBUG o.s.j.b.loader.SquidClassLoader - .class not found for ais.gui.common.AisApp
15:59:09.515 [main] DEBUG o.s.j.b.loader.SquidClassLoader - .class not found for java.lang.AisApp
15:59:09.515 [main] DEBUG o.s.j.b.loader.SquidClassLoader - .class not found for java.lang.Synthetic$AisApp
15:59:09.515 [main] DEBUG o.s.j.b.loader.SquidClassLoader - .class not found for ais.gui.common.String
15:59:09.516 [main] DEBUG o.s.j.b.loader.SquidClassLoader - .class not found for java.lang.Synthetic$String
15:59:09.516 [main] DEBUG o.s.j.b.loader.SquidClassLoader - .class not found for ais.gui.common.AppException
15:59:09.516 [main] DEBUG o.s.j.b.loader.SquidClassLoader - .class not found for java.lang.AppException
15:59:09.516 [main] DEBUG o.s.j.b.loader.SquidClassLoader - .class not found for java.lang.Synthetic$AppException
15:59:09.516 [main] DEBUG o.s.j.b.loader.SquidClassLoader - .class not found for ais.gui.common.SCSTFormaStudia
15:59:09.516 [main] DEBUG o.s.j.b.loader.SquidClassLoader - .class not found for java.lang.SCSTFormaStudia
15:59:09.516 [main] DEBUG o.s.j.b.loader.SquidClassLoader - .class not found for java.lang.Synthetic$SCSTFormaStudia
15:59:09.516 [main] DEBUG o.s.j.b.loader.SquidClassLoader - .class not found for ais.gui.common.AisApp
15:59:09.516 [main] DEBUG o.s.j.b.loader.SquidClassLoader - .class not found for java.lang.AisApp
15:59:09.517 [main] DEBUG o.s.j.b.loader.SquidClassLoader - .class not found for java.lang.Synthetic$AisApp
15:59:09.517 [main] DEBUG o.s.j.b.loader.SquidClassLoader - .class not found for ais.gui.common.String
15:59:09.517 [main] DEBUG o.s.j.b.loader.SquidClassLoader - .class not found for java.lang.Synthetic$String
15:59:09.517 [main] DEBUG o.s.j.b.loader.SquidClassLoader - .class not found for ais.gui.common.AppException
15:59:09.517 [main] DEBUG o.s.j.b.loader.SquidClassLoader - .class not found for java.lang.AppException
15:59:09.517 [main] DEBUG o.s.j.b.loader.SquidClassLoader - .class not found for java.lang.Synthetic$AppException
15:59:09.517 [main] DEBUG o.s.j.b.loader.SquidClassLoader - .class not found for ais.gui.common.SCSTStupenStudia
15:59:09.517 [main] DEBUG o.s.j.b.loader.SquidClassLoader - .class not found for java.lang.SCSTStupenStudia
15:59:09.517 [main] DEBUG o.s.j.b.loader.SquidClassLoader - .class not found for java.lang.Synthetic$SCSTStupenStudia
15:59:09.517 [main] DEBUG o.s.j.b.loader.SquidClassLoader - .class not found for ais.gui.common.AisApp
15:59:09.518 [main] DEBUG o.s.j.b.loader.SquidClassLoader - .class not found for java.lang.AisApp
15:59:09.518 [main] DEBUG o.s.j.b.loader.SquidClassLoader - .class not found for java.lang.Synthetic$AisApp
15:59:09.518 [main] DEBUG o.s.j.b.loader.SquidClassLoader - .class not found for ais.gui.common.String
15:59:09.518 [main] DEBUG o.s.j.b.loader.SquidClassLoader - .class not found for java.lang.Synthetic$String
15:59:09.518 [main] DEBUG o.s.j.b.loader.SquidClassLoader - .class not found for ais.gui.common.AppException
15:59:09.518 [main] DEBUG o.s.j.b.loader.SquidClassLoader - .class not found for java.lang.AppException
15:59:09.518 [main] DEBUG o.s.j.b.loader.SquidClassLoader - .class not found for java.lang.Synthetic$AppException
15:59:09.518 [main] DEBUG o.s.j.b.loader.SquidClassLoader - .class not found for ais.gui.common.SCSTMetodaStudia
15:59:09.518 [main] DEBUG o.s.j.b.loader.SquidClassLoader - .class not found for java.lang.SCSTMetodaStudia
15:59:09.519 [main] DEBUG o.s.j.b.loader.SquidClassLoader - .class not found for java.lang.Synthetic$SCSTMetodaStudia
15:59:09.519 [main] DEBUG o.s.j.b.loader.SquidClassLoader - .class not found for ais.gui.common.AisApp
15:59:09.519 [main] DEBUG o.s.j.b.loader.SquidClassLoader - .class not found for java.lang.AisApp
15:59:09.519 [main] DEBUG o.s.j.b.loader.SquidClassLoader - .class not found for java.lang.Synthetic$AisApp
15:59:09.519 [main] DEBUG o.s.j.b.loader.SquidClassLoader - .class not found for ais.gui.common.String
15:59:09.519 [main] DEBUG o.s.j.b.loader.SquidClassLoader - .class not found for java.lang.Synthetic$String
15:59:09.519 [main] DEBUG o.s.j.b.loader.SquidClassLoader - .class not found for ais.gui.common.AppException
15:59:09.519 [main] DEBUG o.s.j.b.loader.SquidClassLoader - .class not found for java.lang.AppException
15:59:09.519 [main] DEBUG o.s.j.b.loader.SquidClassLoader - .class not found for java.lang.Synthetic$AppException
15:59:09.520 [main] DEBUG o.s.j.b.loader.SquidClassLoader - .class not found for ais.gui.common.SCSTStupenStudia
15:59:09.520 [main] DEBUG o.s.j.b.loader.SquidClassLoader - .class not found for java.lang.SCSTStupenStudia
15:59:09.520 [main] DEBUG o.s.j.b.loader.SquidClassLoader - .class not found for java.lang.Synthetic$SCSTStupenStudia
15:59:09.520 [main] DEBUG o.s.j.b.loader.SquidClassLoader - .class not found for ais.gui.common.AisApp
15:59:09.520 [main] DEBUG o.s.j.b.loader.SquidClassLoader - .class not found for java.lang.AisApp
15:59:09.520 [main] DEBUG o.s.j.b.loader.SquidClassLoader - .class not found for java.lang.Synthetic$AisApp
15:59:09.521 [main] DEBUG o.s.j.b.loader.SquidClassLoader - .class not found for ais.gui.common.String
15:59:09.521 [main] DEBUG o.s.j.b.loader.SquidClassLoader - .class not found for java.lang.Synthetic$String
15:59:09.521 [main] DEBUG o.s.j.b.loader.SquidClassLoader - .class not found for ais.gui.common.String
15:59:09.521 [main] DEBUG o.s.j.b.loader.SquidClassLoader - .class not found for java.lang.Synthetic$String
15:59:09.521 [main] DEBUG o.s.j.b.loader.SquidClassLoader - .class not found for ais.gui.common.Object
15:59:09.521 [main] DEBUG o.s.j.b.loader.SquidClassLoader - .class not found for java.lang.Synthetic$Object
15:59:09.522 [main] DEBUG o.s.j.b.loader.SquidClassLoader - .class not found for ais.gui.common.PSException
15:59:09.523 [main] DEBUG o.s.j.b.loader.SquidClassLoader - .class not found for java.lang.PSException
15:59:09.523 [main] DEBUG o.s.j.b.loader.SquidClassLoader - .class not found for java.lang.Synthetic$PSException
15:59:09.523 [main] DEBUG o.s.j.b.loader.SquidClassLoader - .class not found for ais.gui.common.AppException
15:59:09.523 [main] DEBUG o.s.j.b.loader.SquidClassLoader - .class not found for java.lang.AppException
15:59:09.523 [main] DEBUG o.s.j.b.loader.SquidClassLoader - .class not found for java.lang.Synthetic$AppException
15:59:09.523 [main] DEBUG o.s.j.b.loader.SquidClassLoader - .class not found for ais.gui.common.SCSTStupenStudia
15:59:09.523 [main] DEBUG o.s.j.b.loader.SquidClassLoader - .class not found for java.lang.SCSTStupenStudia
15:59:09.524 [main] DEBUG o.s.j.b.loader.SquidClassLoader - .class not found for java.lang.Synthetic$SCSTStupenStudia
15:59:09.524 [main] DEBUG o.s.j.b.loader.SquidClassLoader - .class not found for ais.gui.common.AisApp
15:59:09.524 [main] DEBUG o.s.j.b.loader.SquidClassLoader - .class not found for java.lang.AisApp
15:59:09.524 [main] DEBUG o.s.j.b.loader.SquidClassLoader - .class not found for java.lang.Synthetic$AisApp
15:59:09.524 [main] DEBUG o.s.j.b.loader.SquidClassLoader - .class not found for ais.gui.common.AppException
15:59:09.524 [main] DEBUG o.s.j.b.loader.SquidClassLoader - .class not found for java.lang.AppException
15:59:09.524 [main] DEBUG o.s.j.b.loader.SquidClassLoader - .class not found for java.lang.Synthetic$AppException
15:59:09.524 [main] DEBUG o.s.j.b.loader.SquidClassLoader - .class not found for ais.gui.common.SCSTStupenStudia
15:59:09.524 [main] DEBUG o.s.j.b.loader.SquidClassLoader - .class not found for java.lang.SCSTStupenStudia
15:59:09.525 [main] DEBUG o.s.j.b.loader.SquidClassLoader - .class not found for java.lang.Synthetic$SCSTStupenStudia
15:59:09.525 [main] DEBUG o.s.j.b.loader.SquidClassLoader - .class not found for ais.gui.common.AisApp
15:59:09.525 [main] DEBUG o.s.j.b.loader.SquidClassLoader - .class not found for java.lang.AisApp
15:59:09.525 [main] DEBUG o.s.j.b.loader.SquidClassLoader - .class not found for java.lang.Synthetic$AisApp
15:59:09.525 [main] DEBUG o.s.j.b.loader.SquidClassLoader - .class not found for ais.gui.common.Filter
15:59:09.525 [main] DEBUG o.s.j.b.loader.SquidClassLoader - .class not found for java.lang.Filter
15:59:09.525 [main] DEBUG o.s.j.b.loader.SquidClassLoader - .class not found for java.lang.Synthetic$Filter
15:59:09.525 [main] DEBUG o.s.j.b.loader.SquidClassLoader - .class not found for ais.gui.common.Ordering
15:59:09.525 [main] DEBUG o.s.j.b.loader.SquidClassLoader - .class not found for java.lang.Ordering
15:59:09.526 [main] DEBUG o.s.j.b.loader.SquidClassLoader - .class not found for java.lang.Synthetic$Ordering
15:59:09.526 [main] DEBUG o.s.j.b.loader.SquidClassLoader - .class not found for ais.gui.common.PSException
15:59:09.526 [main] DEBUG o.s.j.b.loader.SquidClassLoader - .class not found for java.lang.PSException
15:59:09.526 [main] DEBUG o.s.j.b.loader.SquidClassLoader - .class not found for java.lang.Synthetic$PSException
15:59:09.526 [main] DEBUG o.s.j.b.loader.SquidClassLoader - .class not found for ais.gui.common.AppException
15:59:09.526 [main] DEBUG o.s.j.b.loader.SquidClassLoader - .class not found for java.lang.AppException
15:59:09.526 [main] DEBUG o.s.j.b.loader.SquidClassLoader - .class not found for java.lang.Synthetic$AppException
15:59:09.526 [main] DEBUG o.s.j.b.loader.SquidClassLoader - .class not found for ais.gui.common.SCSTDruhStudia
15:59:09.527 [main] DEBUG o.s.j.b.loader.SquidClassLoader - .class not found for java.lang.SCSTDruhStudia
15:59:09.527 [main] DEBUG o.s.j.b.loader.SquidClassLoader - .class not found for java.lang.Synthetic$SCSTDruhStudia
15:59:09.527 [main] DEBUG o.s.j.b.loader.SquidClassLoader - .class not found for ais.gui.common.AisApp
15:59:09.527 [main] DEBUG o.s.j.b.loader.SquidClassLoader - .class not found for java.lang.AisApp
15:59:09.527 [main] DEBUG o.s.j.b.loader.SquidClassLoader - .class not found for java.lang.Synthetic$AisApp
15:59:09.527 [main] DEBUG o.s.j.b.loader.SquidClassLoader - .class not found for ais.gui.common.String
15:59:09.527 [main] DEBUG o.s.j.b.loader.SquidClassLoader - .class not found for java.lang.Synthetic$String
15:59:09.528 [main] DEBUG o.s.j.b.loader.SquidClassLoader - .class not found for ais.gui.common.String
15:59:09.529 [main] DEBUG o.s.j.b.loader.SquidClassLoader - .class not found for java.lang.Synthetic$String
15:59:09.529 [main] DEBUG o.s.j.b.loader.SquidClassLoader - .class not found for ais.gui.common.Object
15:59:09.530 [main] DEBUG o.s.j.b.loader.SquidClassLoader - .class not found for java.lang.Synthetic$Object
15:59:09.530 [main] DEBUG o.s.j.b.loader.SquidClassLoader - .class not found for ais.gui.common.PSException
15:59:09.530 [main] DEBUG o.s.j.b.loader.SquidClassLoader - .class not found for java.lang.PSException
15:59:09.530 [main] DEBUG o.s.j.b.loader.SquidClassLoader - .class not found for java.lang.Synthetic$PSException
15:59:09.530 [main] DEBUG o.s.j.b.loader.SquidClassLoader - .class not found for ais.gui.common.AppException
15:59:09.530 [main] DEBUG o.s.j.b.loader.SquidClassLoader - .class not found for java.lang.AppException
15:59:09.530 [main] DEBUG o.s.j.b.loader.SquidClassLoader - .class not found for java.lang.Synthetic$AppException
15:59:09.531 [main] DEBUG o.s.j.b.loader.SquidClassLoader - .class not found for ais.gui.common.STCinnostSPOJ
15:59:09.531 [main] DEBUG o.s.j.b.loader.SquidClassLoader - .class not found for java.lang.STCinnostSPOJ
15:59:09.531 [main] DEBUG o.s.j.b.loader.SquidClassLoader - .class not found for java.lang.Synthetic$STCinnostSPOJ
15:59:09.531 [main] DEBUG o.s.j.b.loader.SquidClassLoader - .class not found for ais.gui.common.AisApp
15:59:09.531 [main] DEBUG o.s.j.b.loader.SquidClassLoader - .class not found for java.lang.AisApp
15:59:09.532 [main] DEBUG o.s.j.b.loader.SquidClassLoader - .class not found for java.lang.Synthetic$AisApp
15:59:09.532 [main] DEBUG o.s.j.b.loader.SquidClassLoader - .class not found for ais.gui.common.String
15:59:09.532 [main] DEBUG o.s.j.b.loader.SquidClassLoader - .class not found for java.lang.Synthetic$String
15:59:09.532 [main] DEBUG o.s.j.b.loader.SquidClassLoader - .class not found for ais.gui.common.String
15:59:09.532 [main] DEBUG o.s.j.b.loader.SquidClassLoader - .class not found for java.lang.Synthetic$String
15:59:09.532 [main] DEBUG o.s.j.b.loader.SquidClassLoader - .class not found for ais.gui.common.Filter
15:59:09.532 [main] DEBUG o.s.j.b.loader.SquidClassLoader - .class not found for java.lang.Filter
15:59:09.533 [main] DEBUG o.s.j.b.loader.SquidClassLoader - .class not found for java.lang.Synthetic$Filter
15:59:09.533 [main] DEBUG o.s.j.b.loader.SquidClassLoader - .class not found for ais.gui.common.PSException
15:59:09.533 [main] DEBUG o.s.j.b.loader.SquidClassLoader - .class not found for java.lang.PSException
15:59:09.533 [main] DEBUG o.s.j.b.loader.SquidClassLoader - .class not found for java.lang.Synthetic$PSException
15:59:09.533 [main] DEBUG o.s.j.b.loader.SquidClassLoader - .class not found for ais.gui.common.AppException
15:59:09.533 [main] DEBUG o.s.j.b.loader.SquidClassLoader - .class not found for java.lang.AppException
15:59:09.533 [main] DEBUG o.s.j.b.loader.SquidClassLoader - .class not found for java.lang.Synthetic$AppException
15:59:09.533 [main] DEBUG o.s.j.b.loader.SquidClassLoader - .class not found for ais.gui.common.SCSTDruhStudia
15:59:09.533 [main] DEBUG o.s.j.b.loader.SquidClassLoader - .class not found for java.lang.SCSTDruhStudia
15:59:09.533 [main] DEBUG o.s.j.b.loader.SquidClassLoader - .class not found for java.lang.Synthetic$SCSTDruhStudia
15:59:09.534 [main] DEBUG o.s.j.b.loader.SquidClassLoader - .class not found for ais.gui.common.AisApp
15:59:09.535 [main] DEBUG o.s.j.b.loader.SquidClassLoader - .class not found for java.lang.AisApp
15:59:09.535 [main] DEBUG o.s.j.b.loader.SquidClassLoader - .class not found for java.lang.Synthetic$AisApp
15:59:09.535 [main] DEBUG o.s.j.b.loader.SquidClassLoader - .class not found for ais.gui.common.AppException
15:59:09.535 [main] DEBUG o.s.j.b.loader.SquidClassLoader - .class not found for java.lang.AppException
15:59:09.535 [main] DEBUG o.s.j.b.loader.SquidClassLoader - .class not found for java.lang.Synthetic$AppException
15:59:09.535 [main] DEBUG o.s.j.b.loader.SquidClassLoader - .class not found for ais.gui.common.SCSTDruhStudia
15:59:09.535 [main] DEBUG o.s.j.b.loader.SquidClassLoader - .class not found for java.lang.SCSTDruhStudia
15:59:09.536 [main] DEBUG o.s.j.b.loader.SquidClassLoader - .class not found for java.lang.Synthetic$SCSTDruhStudia
15:59:09.536 [main] DEBUG o.s.j.b.loader.SquidClassLoader - .class not found for ais.gui.common.AisApp
15:59:09.536 [main] DEBUG o.s.j.b.loader.SquidClassLoader - .class not found for java.lang.AisApp
15:59:09.536 [main] DEBUG o.s.j.b.loader.SquidClassLoader - .class not found for java.lang.Synthetic$AisApp
15:59:09.536 [main] DEBUG o.s.j.b.loader.SquidClassLoader - .class not found for ais.gui.common.Filter
15:59:09.536 [main] DEBUG o.s.j.b.loader.SquidClassLoader - .class not found for java.lang.Filter
15:59:09.536 [main] DEBUG o.s.j.b.loader.SquidClassLoader - .class not found for java.lang.Synthetic$Filter
15:59:09.536 [main] DEBUG o.s.j.b.loader.SquidClassLoader - .class not found for ais.gui.common.Ordering
15:59:09.536 [main] DEBUG o.s.j.b.loader.SquidClassLoader - .class not found for java.lang.Ordering
15:59:09.537 [main] DEBUG o.s.j.b.loader.SquidClassLoader - .class not found for java.lang.Synthetic$Ordering
15:59:09.537 [main] DEBUG o.s.j.b.loader.SquidClassLoader - .class not found for ais.gui.common.PSException
15:59:09.537 [main] DEBUG o.s.j.b.loader.SquidClassLoader - .class not found for java.lang.PSException
15:59:09.537 [main] DEBUG o.s.j.b.loader.SquidClassLoader - .class not found for java.lang.Synthetic$PSException
15:59:09.537 [main] DEBUG o.s.j.b.loader.SquidClassLoader - .class not found for ais.gui.common.AppException
15:59:09.537 [main] DEBUG o.s.j.b.loader.SquidClassLoader - .class not found for java.lang.AppException
15:59:09.537 [main] DEBUG o.s.j.b.loader.SquidClassLoader - .class not found for java.lang.Synthetic$AppException
15:59:09.537 [main] DEBUG o.s.j.b.loader.SquidClassLoader - .class not found for ais.gui.common.SCSTTypStudia
15:59:09.538 [main] DEBUG o.s.j.b.loader.SquidClassLoader - .class not found for java.lang.SCSTTypStudia
15:59:09.538 [main] DEBUG o.s.j.b.loader.SquidClassLoader - .class not found for java.lang.Synthetic$SCSTTypStudia
15:59:09.538 [main] DEBUG o.s.j.b.loader.SquidClassLoader - .class not found for ais.gui.common.AisApp
15:59:09.538 [main] DEBUG o.s.j.b.loader.SquidClassLoader - .class not found for java.lang.AisApp
15:59:09.538 [main] DEBUG o.s.j.b.loader.SquidClassLoader - .class not found for java.lang.Synthetic$AisApp
15:59:09.538 [main] DEBUG o.s.j.b.loader.SquidClassLoader - .class not found for ais.gui.common.String
15:59:09.538 [main] DEBUG o.s.j.b.loader.SquidClassLoader - .class not found for java.lang.Synthetic$String
15:59:09.539 [main] DEBUG o.s.j.b.loader.SquidClassLoader - .class not found for ais.gui.common.String
15:59:09.539 [main] DEBUG o.s.j.b.loader.SquidClassLoader - .class not found for java.lang.Synthetic$String
15:59:09.539 [main] DEBUG o.s.j.b.loader.SquidClassLoader - .class not found for ais.gui.common.Object
15:59:09.539 [main] DEBUG o.s.j.b.loader.SquidClassLoader - .class not found for java.lang.Synthetic$Object
15:59:09.539 [main] DEBUG o.s.j.b.loader.SquidClassLoader - .class not found for ais.gui.common.PSException
15:59:09.539 [main] DEBUG o.s.j.b.loader.SquidClassLoader - .class not found for java.lang.PSException
15:59:09.539 [main] DEBUG o.s.j.b.loader.SquidClassLoader - .class not found for java.lang.Synthetic$PSException
15:59:09.539 [main] DEBUG o.s.j.b.loader.SquidClassLoader - .class not found for ais.gui.common.AppException
15:59:09.539 [main] DEBUG o.s.j.b.loader.SquidClassLoader - .class not found for java.lang.AppException
15:59:09.540 [main] DEBUG o.s.j.b.loader.SquidClassLoader - .class not found for java.lang.Synthetic$AppException
15:59:09.540 [main] DEBUG o.s.j.b.loader.SquidClassLoader - .class not found for ais.gui.common.SCSTTypStudia
15:59:09.540 [main] DEBUG o.s.j.b.loader.SquidClassLoader - .class not found for java.lang.SCSTTypStudia
15:59:09.540 [main] DEBUG o.s.j.b.loader.SquidClassLoader - .class not found for java.lang.Synthetic$SCSTTypStudia
15:59:09.540 [main] DEBUG o.s.j.b.loader.SquidClassLoader - .class not found for ais.gui.common.AisApp
15:59:09.540 [main] DEBUG o.s.j.b.loader.SquidClassLoader - .class not found for java.lang.AisApp
15:59:09.540 [main] DEBUG o.s.j.b.loader.SquidClassLoader - .class not found for java.lang.Synthetic$AisApp
15:59:09.541 [main] DEBUG o.s.j.b.loader.SquidClassLoader - .class not found for ais.gui.common.AppException
15:59:09.541 [main] DEBUG o.s.j.b.loader.SquidClassLoader - .class not found for java.lang.AppException
15:59:09.541 [main] DEBUG o.s.j.b.loader.SquidClassLoader - .class not found for java.lang.Synthetic$AppException
15:59:09.541 [main] DEBUG o.s.j.b.loader.SquidClassLoader - .class not found for ais.gui.common.SCSTTypStudia
15:59:09.541 [main] DEBUG o.s.j.b.loader.SquidClassLoader - .class not found for java.lang.SCSTTypStudia
15:59:09.541 [main] DEBUG o.s.j.b.loader.SquidClassLoader - .class not found for java.lang.Synthetic$SCSTTypStudia
15:59:09.541 [main] DEBUG o.s.j.b.loader.SquidClassLoader - .class not found for ais.gui.common.AisApp
15:59:09.541 [main] DEBUG o.s.j.b.loader.SquidClassLoader - .class not found for java.lang.AisApp
15:59:09.541 [main] DEBUG o.s.j.b.loader.SquidClassLoader - .class not found for java.lang.Synthetic$AisApp
15:59:09.542 [main] DEBUG o.s.j.b.loader.SquidClassLoader - .class not found for ais.gui.common.Filter
15:59:09.543 [main] DEBUG o.s.j.b.loader.SquidClassLoader - .class not found for java.lang.Filter
15:59:09.543 [main] DEBUG o.s.j.b.loader.SquidClassLoader - .class not found for java.lang.Synthetic$Filter
15:59:09.543 [main] DEBUG o.s.j.b.loader.SquidClassLoader - .class not found for ais.gui.common.Ordering
15:59:09.543 [main] DEBUG o.s.j.b.loader.SquidClassLoader - .class not found for java.lang.Ordering
15:59:09.543 [main] DEBUG o.s.j.b.loader.SquidClassLoader - .class not found for java.lang.Synthetic$Ordering
15:59:09.543 [main] DEBUG o.s.j.b.loader.SquidClassLoader - .class not found for ais.gui.common.PSException
15:59:09.543 [main] DEBUG o.s.j.b.loader.SquidClassLoader - .class not found for java.lang.PSException
15:59:09.543 [main] DEBUG o.s.j.b.loader.SquidClassLoader - .class not found for java.lang.Synthetic$PSException
15:59:09.544 [main] DEBUG o.s.j.b.loader.SquidClassLoader - .class not found for ais.gui.common.AppException
15:59:09.544 [main] DEBUG o.s.j.b.loader.SquidClassLoader - .class not found for java.lang.AppException
15:59:09.544 [main] DEBUG o.s.j.b.loader.SquidClassLoader - .class not found for java.lang.Synthetic$AppException
15:59:09.544 [main] DEBUG o.s.j.b.loader.SquidClassLoader - .class not found for ais.gui.common.SCSTFormaStudia
15:59:09.544 [main] DEBUG o.s.j.b.loader.SquidClassLoader - .class not found for java.lang.SCSTFormaStudia
15:59:09.544 [main] DEBUG o.s.j.b.loader.SquidClassLoader - .class not found for java.lang.Synthetic$SCSTFormaStudia
15:59:09.544 [main] DEBUG o.s.j.b.loader.SquidClassLoader - .class not found for ais.gui.common.AisApp
15:59:09.544 [main] DEBUG o.s.j.b.loader.SquidClassLoader - .class not found for java.lang.AisApp
15:59:09.545 [main] DEBUG o.s.j.b.loader.SquidClassLoader - .class not found for java.lang.Synthetic$AisApp
15:59:09.545 [main] DEBUG o.s.j.b.loader.SquidClassLoader - .class not found for ais.gui.common.String
15:59:09.545 [main] DEBUG o.s.j.b.loader.SquidClassLoader - .class not found for java.lang.Synthetic$String
15:59:09.545 [main] DEBUG o.s.j.b.loader.SquidClassLoader - .class not found for ais.gui.common.String
15:59:09.545 [main] DEBUG o.s.j.b.loader.SquidClassLoader - .class not found for java.lang.Synthetic$String
15:59:09.545 [main] DEBUG o.s.j.b.loader.SquidClassLoader - .class not found for ais.gui.common.Object
15:59:09.545 [main] DEBUG o.s.j.b.loader.SquidClassLoader - .class not found for java.lang.Synthetic$Object
15:59:09.545 [main] DEBUG o.s.j.b.loader.SquidClassLoader - .class not found for ais.gui.common.PSException
15:59:09.545 [main] DEBUG o.s.j.b.loader.SquidClassLoader - .class not found for java.lang.PSException
15:59:09.545 [main] DEBUG o.s.j.b.loader.SquidClassLoader - .class not found for java.lang.Synthetic$PSException
15:59:09.545 [main] DEBUG o.s.j.b.loader.SquidClassLoader - .class not found for ais.gui.common.AppException
15:59:09.545 [main] DEBUG o.s.j.b.loader.SquidClassLoader - .class not found for java.lang.AppException
15:59:09.545 [main] DEBUG o.s.j.b.loader.SquidClassLoader - .class not found for java.lang.Synthetic$AppException
15:59:09.545 [main] DEBUG o.s.j.b.loader.SquidClassLoader - .class not found for ais.gui.common.SCSTFormaStudia
15:59:09.545 [main] DEBUG o.s.j.b.loader.SquidClassLoader - .class not found for java.lang.SCSTFormaStudia
15:59:09.545 [main] DEBUG o.s.j.b.loader.SquidClassLoader - .class not found for java.lang.Synthetic$SCSTFormaStudia
15:59:09.546 [main] DEBUG o.s.j.b.loader.SquidClassLoader - .class not found for ais.gui.common.AisApp
15:59:09.546 [main] DEBUG o.s.j.b.loader.SquidClassLoader - .class not found for java.lang.AisApp
15:59:09.546 [main] DEBUG o.s.j.b.loader.SquidClassLoader - .class not found for java.lang.Synthetic$AisApp
15:59:09.546 [main] DEBUG o.s.j.b.loader.SquidClassLoader - .class not found for ais.gui.common.AppException
15:59:09.546 [main] DEBUG o.s.j.b.loader.SquidClassLoader - .class not found for java.lang.AppException
15:59:09.546 [main] DEBUG o.s.j.b.loader.SquidClassLoader - .class not found for java.lang.Synthetic$AppException
15:59:09.546 [main] DEBUG o.s.j.b.loader.SquidClassLoader - .class not found for ais.gui.common.SCSTFormaStudia
15:59:09.546 [main] DEBUG o.s.j.b.loader.SquidClassLoader - .class not found for java.lang.SCSTFormaStudia
15:59:09.547 [main] DEBUG o.s.j.b.loader.SquidClassLoader - .class not found for java.lang.Synthetic$SCSTFormaStudia
15:59:09.547 [main] DEBUG o.s.j.b.loader.SquidClassLoader - .class not found for ais.gui.common.AisApp
15:59:09.547 [main] DEBUG o.s.j.b.loader.SquidClassLoader - .class not found for java.lang.AisApp
15:59:09.547 [main] DEBUG o.s.j.b.loader.SquidClassLoader - .class not found for java.lang.Synthetic$AisApp
15:59:09.547 [main] DEBUG o.s.j.b.loader.SquidClassLoader - .class not found for ais.gui.common.Filter
15:59:09.547 [main] DEBUG o.s.j.b.loader.SquidClassLoader - .class not found for java.lang.Filter
15:59:09.548 [main] DEBUG o.s.j.b.loader.SquidClassLoader - .class not found for java.lang.Synthetic$Filter
15:59:09.548 [main] DEBUG o.s.j.b.loader.SquidClassLoader - .class not found for ais.gui.common.Ordering
15:59:09.548 [main] DEBUG o.s.j.b.loader.SquidClassLoader - .class not found for java.lang.Ordering
15:59:09.548 [main] DEBUG o.s.j.b.loader.SquidClassLoader - .class not found for java.lang.Synthetic$Ordering
15:59:09.548 [main] DEBUG o.s.j.b.loader.SquidClassLoader - .class not found for ais.gui.common.PSException
15:59:09.548 [main] DEBUG o.s.j.b.loader.SquidClassLoader - .class not found for java.lang.PSException
15:59:09.548 [main] DEBUG o.s.j.b.loader.SquidClassLoader - .class not found for java.lang.Synthetic$PSException
15:59:09.548 [main] DEBUG o.s.j.b.loader.SquidClassLoader - .class not found for ais.gui.common.AppException
15:59:09.548 [main] DEBUG o.s.j.b.loader.SquidClassLoader - .class not found for java.lang.AppException
15:59:09.548 [main] DEBUG o.s.j.b.loader.SquidClassLoader - .class not found for java.lang.Synthetic$AppException
15:59:09.549 [main] DEBUG o.s.j.b.loader.SquidClassLoader - .class not found for ais.gui.common.SCSTMetodaStudia
15:59:09.549 [main] DEBUG o.s.j.b.loader.SquidClassLoader - .class not found for java.lang.SCSTMetodaStudia
15:59:09.549 [main] DEBUG o.s.j.b.loader.SquidClassLoader - .class not found for java.lang.Synthetic$SCSTMetodaStudia
15:59:09.549 [main] DEBUG o.s.j.b.loader.SquidClassLoader - .class not found for ais.gui.common.AisApp
15:59:09.549 [main] DEBUG o.s.j.b.loader.SquidClassLoader - .class not found for java.lang.AisApp
15:59:09.549 [main] DEBUG o.s.j.b.loader.SquidClassLoader - .class not found for java.lang.Synthetic$AisApp
15:59:09.549 [main] DEBUG o.s.j.b.loader.SquidClassLoader - .class not found for ais.gui.common.String
15:59:09.549 [main] DEBUG o.s.j.b.loader.SquidClassLoader - .class not found for java.lang.Synthetic$String
15:59:09.549 [main] DEBUG o.s.j.b.loader.SquidClassLoader - .class not found for ais.gui.common.String
15:59:09.550 [main] DEBUG o.s.j.b.loader.SquidClassLoader - .class not found for java.lang.Synthetic$String
15:59:09.550 [main] DEBUG o.s.j.b.loader.SquidClassLoader - .class not found for ais.gui.common.Object
15:59:09.550 [main] DEBUG o.s.j.b.loader.SquidClassLoader - .class not found for java.lang.Synthetic$Object
15:59:09.550 [main] DEBUG o.s.j.b.loader.SquidClassLoader - .class not found for ais.gui.common.PSException
15:59:09.550 [main] DEBUG o.s.j.b.loader.SquidClassLoader - .class not found for java.lang.PSException
15:59:09.550 [main] DEBUG o.s.j.b.loader.SquidClassLoader - .class not found for java.lang.Synthetic$PSException
15:59:09.550 [main] DEBUG o.s.j.b.loader.SquidClassLoader - .class not found for ais.gui.common.AppException
15:59:09.550 [main] DEBUG o.s.j.b.loader.SquidClassLoader - .class not found for java.lang.AppException
15:59:09.550 [main] DEBUG o.s.j.b.loader.SquidClassLoader - .class not found for java.lang.Synthetic$AppException
15:59:09.551 [main] DEBUG o.s.j.b.loader.SquidClassLoader - .class not found for ais.gui.common.SCSTMetodaStudia
15:59:09.551 [main] DEBUG o.s.j.b.loader.SquidClassLoader - .class not found for java.lang.SCSTMetodaStudia
15:59:09.551 [main] DEBUG o.s.j.b.loader.SquidClassLoader - .class not found for java.lang.Synthetic$SCSTMetodaStudia
15:59:09.551 [main] DEBUG o.s.j.b.loader.SquidClassLoader - .class not found for ais.gui.common.AisApp
15:59:09.551 [main] DEBUG o.s.j.b.loader.SquidClassLoader - .class not found for java.lang.AisApp
15:59:09.551 [main] DEBUG o.s.j.b.loader.SquidClassLoader - .class not found for java.lang.Synthetic$AisApp
15:59:09.551 [main] DEBUG o.s.j.b.loader.SquidClassLoader - .class not found for ais.gui.common.Filter
15:59:09.551 [main] DEBUG o.s.j.b.loader.SquidClassLoader - .class not found for java.lang.Filter
15:59:09.551 [main] DEBUG o.s.j.b.loader.SquidClassLoader - .class not found for java.lang.Synthetic$Filter
15:59:09.552 [main] DEBUG o.s.j.b.loader.SquidClassLoader - .class not found for ais.gui.common.Ordering
15:59:09.552 [main] DEBUG o.s.j.b.loader.SquidClassLoader - .class not found for java.lang.Ordering
15:59:09.552 [main] DEBUG o.s.j.b.loader.SquidClassLoader - .class not found for java.lang.Synthetic$Ordering
15:59:09.552 [main] DEBUG o.s.j.b.loader.SquidClassLoader - .class not found for ais.gui.common.PSException
15:59:09.552 [main] DEBUG o.s.j.b.loader.SquidClassLoader - .class not found for java.lang.PSException
15:59:09.552 [main] DEBUG o.s.j.b.loader.SquidClassLoader - .class not found for java.lang.Synthetic$PSException
15:59:09.552 [main] DEBUG o.s.j.b.loader.SquidClassLoader - .class not found for ais.gui.common.AppException
15:59:09.552 [main] DEBUG o.s.j.b.loader.SquidClassLoader - .class not found for java.lang.AppException
15:59:09.552 [main] DEBUG o.s.j.b.loader.SquidClassLoader - .class not found for java.lang.Synthetic$AppException
15:59:09.552 [main] DEBUG o.s.j.b.loader.SquidClassLoader - .class not found for ais.gui.common.SCSTSposVyucby
15:59:09.553 [main] DEBUG o.s.j.b.loader.SquidClassLoader - .class not found for java.lang.SCSTSposVyucby
15:59:09.553 [main] DEBUG o.s.j.b.loader.SquidClassLoader - .class not found for java.lang.Synthetic$SCSTSposVyucby
15:59:09.553 [main] DEBUG o.s.j.b.loader.SquidClassLoader - .class not found for ais.gui.common.AisApp
15:59:09.553 [main] DEBUG o.s.j.b.loader.SquidClassLoader - .class not found for java.lang.AisApp
15:59:09.553 [main] DEBUG o.s.j.b.loader.SquidClassLoader - .class not found for java.lang.Synthetic$AisApp
15:59:09.553 [main] DEBUG o.s.j.b.loader.SquidClassLoader - .class not found for ais.gui.common.String
15:59:09.553 [main] DEBUG o.s.j.b.loader.SquidClassLoader - .class not found for java.lang.Synthetic$String
15:59:09.553 [main] DEBUG o.s.j.b.loader.SquidClassLoader - .class not found for ais.gui.common.String
15:59:09.553 [main] DEBUG o.s.j.b.loader.SquidClassLoader - .class not found for java.lang.Synthetic$String
15:59:09.553 [main] DEBUG o.s.j.b.loader.SquidClassLoader - .class not found for ais.gui.common.Object
15:59:09.554 [main] DEBUG o.s.j.b.loader.SquidClassLoader - .class not found for java.lang.Synthetic$Object
15:59:09.554 [main] DEBUG o.s.j.b.loader.SquidClassLoader - .class not found for ais.gui.common.PSException
15:59:09.554 [main] DEBUG o.s.j.b.loader.SquidClassLoader - .class not found for java.lang.PSException
15:59:09.554 [main] DEBUG o.s.j.b.loader.SquidClassLoader - .class not found for java.lang.Synthetic$PSException
15:59:09.554 [main] DEBUG o.s.j.b.loader.SquidClassLoader - .class not found for ais.gui.common.AppException
15:59:09.554 [main] DEBUG o.s.j.b.loader.SquidClassLoader - .class not found for java.lang.AppException
15:59:09.554 [main] DEBUG o.s.j.b.loader.SquidClassLoader - .class not found for java.lang.Synthetic$AppException
15:59:09.554 [main] DEBUG o.s.j.b.loader.SquidClassLoader - .class not found for ais.gui.common.SCSTSposVyucby
15:59:09.554 [main] DEBUG o.s.j.b.loader.SquidClassLoader - .class not found for java.lang.SCSTSposVyucby
15:59:09.554 [main] DEBUG o.s.j.b.loader.SquidClassLoader - .class not found for java.lang.Synthetic$SCSTSposVyucby
15:59:09.554 [main] DEBUG o.s.j.b.loader.SquidClassLoader - .class not found for ais.gui.common.AisApp
15:59:09.555 [main] DEBUG o.s.j.b.loader.SquidClassLoader - .class not found for java.lang.AisApp
15:59:09.555 [main] DEBUG o.s.j.b.loader.SquidClassLoader - .class not found for java.lang.Synthetic$AisApp
15:59:09.555 [main] DEBUG o.s.j.b.loader.SquidClassLoader - .class not found for ais.gui.common.String
15:59:09.555 [main] DEBUG o.s.j.b.loader.SquidClassLoader - .class not found for java.lang.Synthetic$String
15:59:09.555 [main] DEBUG o.s.j.b.loader.SquidClassLoader - .class not found for ais.gui.common.Filter
15:59:09.555 [main] DEBUG o.s.j.b.loader.SquidClassLoader - .class not found for java.lang.Filter
15:59:09.555 [main] DEBUG o.s.j.b.loader.SquidClassLoader - .class not found for java.lang.Synthetic$Filter
15:59:09.555 [main] DEBUG o.s.j.b.loader.SquidClassLoader - .class not found for ais.gui.common.PSException
15:59:09.555 [main] DEBUG o.s.j.b.loader.SquidClassLoader - .class not found for java.lang.PSException
15:59:09.555 [main] DEBUG o.s.j.b.loader.SquidClassLoader - .class not found for java.lang.Synthetic$PSException
15:59:09.556 [main] DEBUG o.s.j.b.loader.SquidClassLoader - .class not found for ais.gui.common.AppException
15:59:09.556 [main] DEBUG o.s.j.b.loader.SquidClassLoader - .class not found for java.lang.AppException
15:59:09.556 [main] DEBUG o.s.j.b.loader.SquidClassLoader - .class not found for java.lang.Synthetic$AppException
15:59:09.556 [main] DEBUG o.s.j.b.loader.SquidClassLoader - .class not found for ais.gui.common.SCPWOrgJednotka
15:59:09.556 [main] DEBUG o.s.j.b.loader.SquidClassLoader - .class not found for java.lang.SCPWOrgJednotka
15:59:09.556 [main] DEBUG o.s.j.b.loader.SquidClassLoader - .class not found for java.lang.Synthetic$SCPWOrgJednotka
15:59:09.556 [main] DEBUG o.s.j.b.loader.SquidClassLoader - .class not found for ais.gui.common.AisApp
15:59:09.556 [main] DEBUG o.s.j.b.loader.SquidClassLoader - .class not found for java.lang.AisApp
15:59:09.556 [main] DEBUG o.s.j.b.loader.SquidClassLoader - .class not found for java.lang.Synthetic$AisApp
15:59:09.556 [main] DEBUG o.s.j.b.loader.SquidClassLoader - .class not found for ais.gui.common.String
15:59:09.556 [main] DEBUG o.s.j.b.loader.SquidClassLoader - .class not found for java.lang.Synthetic$String
15:59:09.556 [main] DEBUG o.s.j.b.loader.SquidClassLoader - .class not found for ais.gui.common.Filter
15:59:09.557 [main] DEBUG o.s.j.b.loader.SquidClassLoader - .class not found for java.lang.Filter
15:59:09.557 [main] DEBUG o.s.j.b.loader.SquidClassLoader - .class not found for java.lang.Synthetic$Filter
15:59:09.557 [main] DEBUG o.s.j.b.loader.SquidClassLoader - .class not found for ais.gui.common.STCinnostSPOJ
15:59:09.557 [main] DEBUG o.s.j.b.loader.SquidClassLoader - .class not found for java.lang.STCinnostSPOJ
15:59:09.557 [main] DEBUG o.s.j.b.loader.SquidClassLoader - .class not found for java.lang.Synthetic$STCinnostSPOJ
15:59:09.557 [main] DEBUG o.s.j.b.loader.SquidClassLoader - .class not found for ais.gui.common.Integer
15:59:09.557 [main] DEBUG o.s.j.b.loader.SquidClassLoader - .class not found for java.lang.Synthetic$Integer
15:59:09.557 [main] DEBUG o.s.j.b.loader.SquidClassLoader - .class not found for ais.gui.common.STCinnostSPOJ
15:59:09.557 [main] DEBUG o.s.j.b.loader.SquidClassLoader - .class not found for java.lang.STCinnostSPOJ
15:59:09.557 [main] DEBUG o.s.j.b.loader.SquidClassLoader - .class not found for java.lang.Synthetic$STCinnostSPOJ
15:59:09.557 [main] DEBUG o.s.j.b.loader.SquidClassLoader - .class not found for ais.gui.common.Filter
15:59:09.558 [main] DEBUG o.s.j.b.loader.SquidClassLoader - .class not found for java.lang.Filter
15:59:09.558 [main] DEBUG o.s.j.b.loader.SquidClassLoader - .class not found for java.lang.Synthetic$Filter
15:59:09.558 [main] DEBUG o.s.j.b.loader.SquidClassLoader - .class not found for ais.gui.common.STCinnostSPOJ
15:59:09.558 [main] DEBUG o.s.j.b.loader.SquidClassLoader - .class not found for java.lang.STCinnostSPOJ
15:59:09.558 [main] DEBUG o.s.j.b.loader.SquidClassLoader - .class not found for java.lang.Synthetic$STCinnostSPOJ
15:59:09.558 [main] DEBUG o.s.j.b.loader.SquidClassLoader - .class not found for ais.gui.common.String
15:59:09.558 [main] DEBUG o.s.j.b.loader.SquidClassLoader - .class not found for java.lang.Synthetic$String
15:59:09.558 [main] DEBUG o.s.j.b.loader.SquidClassLoader - .class not found for ais.gui.common.STCinnostSPOJ
15:59:09.558 [main] DEBUG o.s.j.b.loader.SquidClassLoader - .class not found for java.lang.STCinnostSPOJ
15:59:09.558 [main] DEBUG o.s.j.b.loader.SquidClassLoader - .class not found for java.lang.Synthetic$STCinnostSPOJ
15:59:09.558 [main] DEBUG o.s.j.b.loader.SquidClassLoader - .class not found for ais.gui.common.Filter
15:59:09.559 [main] DEBUG o.s.j.b.loader.SquidClassLoader - .class not found for java.lang.Filter
15:59:09.559 [main] DEBUG o.s.j.b.loader.SquidClassLoader - .class not found for java.lang.Synthetic$Filter
15:59:09.559 [main] DEBUG o.s.j.b.loader.SquidClassLoader - .class not found for ais.gui.common.PSException
15:59:09.559 [main] DEBUG o.s.j.b.loader.SquidClassLoader - .class not found for java.lang.PSException
15:59:09.559 [main] DEBUG o.s.j.b.loader.SquidClassLoader - .class not found for java.lang.Synthetic$PSException
15:59:09.559 [main] DEBUG o.s.j.b.loader.SquidClassLoader - .class not found for ais.gui.common.AppException
15:59:09.559 [main] DEBUG o.s.j.b.loader.SquidClassLoader - .class not found for java.lang.AppException
15:59:09.559 [main] DEBUG o.s.j.b.loader.SquidClassLoader - .class not found for java.lang.Synthetic$AppException
15:59:09.559 [main] DEBUG o.s.j.b.loader.SquidClassLoader - .class not found for ais.gui.common.SCPWOrgJednotka
15:59:09.559 [main] DEBUG o.s.j.b.loader.SquidClassLoader - .class not found for java.lang.SCPWOrgJednotka
15:59:09.559 [main] DEBUG o.s.j.b.loader.SquidClassLoader - .class not found for java.lang.Synthetic$SCPWOrgJednotka
15:59:09.559 [main] DEBUG o.s.j.b.loader.SquidClassLoader - .class not found for ais.gui.common.AisApp
15:59:09.559 [main] DEBUG o.s.j.b.loader.SquidClassLoader - .class not found for java.lang.AisApp
15:59:09.559 [main] DEBUG o.s.j.b.loader.SquidClassLoader - .class not found for java.lang.Synthetic$AisApp
15:59:09.559 [main] DEBUG o.s.j.b.loader.SquidClassLoader - .class not found for ais.gui.common.String
15:59:09.559 [main] DEBUG o.s.j.b.loader.SquidClassLoader - .class not found for java.lang.Synthetic$String
15:59:09.559 [main] DEBUG o.s.j.b.loader.SquidClassLoader - .class not found for ais.gui.common.String
15:59:09.559 [main] DEBUG o.s.j.b.loader.SquidClassLoader - .class not found for java.lang.Synthetic$String
15:59:09.560 [main] DEBUG o.s.j.b.loader.SquidClassLoader - .class not found for ais.gui.common.PWVlastnostOJ
15:59:09.560 [main] DEBUG o.s.j.b.loader.SquidClassLoader - .class not found for java.lang.PWVlastnostOJ
15:59:09.560 [main] DEBUG o.s.j.b.loader.SquidClassLoader - .class not found for java.lang.Synthetic$PWVlastnostOJ
15:59:09.560 [main] DEBUG o.s.j.b.loader.SquidClassLoader - .class not found for ais.gui.common.String
15:59:09.560 [main] DEBUG o.s.j.b.loader.SquidClassLoader - .class not found for java.lang.Synthetic$String
15:59:09.560 [main] DEBUG o.s.j.b.loader.SquidClassLoader - .class not found for ais.gui.common.PWVlastnostOJ
15:59:09.560 [main] DEBUG o.s.j.b.loader.SquidClassLoader - .class not found for java.lang.PWVlastnostOJ
15:59:09.560 [main] DEBUG o.s.j.b.loader.SquidClassLoader - .class not found for java.lang.Synthetic$PWVlastnostOJ
15:59:09.560 [main] DEBUG o.s.j.b.loader.SquidClassLoader - .class not found for ais.gui.common.Filter
15:59:09.560 [main] DEBUG o.s.j.b.loader.SquidClassLoader - .class not found for java.lang.Filter
15:59:09.560 [main] DEBUG o.s.j.b.loader.SquidClassLoader - .class not found for java.lang.Synthetic$Filter
15:59:09.560 [main] DEBUG o.s.j.b.loader.SquidClassLoader - .class not found for ais.gui.common.Ordering
15:59:09.560 [main] DEBUG o.s.j.b.loader.SquidClassLoader - .class not found for java.lang.Ordering
15:59:09.560 [main] DEBUG o.s.j.b.loader.SquidClassLoader - .class not found for java.lang.Synthetic$Ordering
15:59:09.560 [main] DEBUG o.s.j.b.loader.SquidClassLoader - .class not found for ais.gui.common.PSException
15:59:09.561 [main] DEBUG o.s.j.b.loader.SquidClassLoader - .class not found for java.lang.PSException
15:59:09.561 [main] DEBUG o.s.j.b.loader.SquidClassLoader - .class not found for java.lang.Synthetic$PSException
15:59:09.561 [main] DEBUG o.s.j.b.loader.SquidClassLoader - .class not found for ais.gui.common.AppException
15:59:09.561 [main] DEBUG o.s.j.b.loader.SquidClassLoader - .class not found for java.lang.AppException
15:59:09.562 [main] DEBUG o.s.j.b.loader.SquidClassLoader - .class not found for java.lang.Synthetic$AppException
15:59:09.562 [main] DEBUG o.s.j.b.loader.SquidClassLoader - .class not found for ais.gui.common.SCSviatokKalendar
15:59:09.562 [main] DEBUG o.s.j.b.loader.SquidClassLoader - .class not found for java.lang.SCSviatokKalendar
15:59:09.562 [main] DEBUG o.s.j.b.loader.SquidClassLoader - .class not found for java.lang.Synthetic$SCSviatokKalendar
15:59:09.562 [main] DEBUG o.s.j.b.loader.SquidClassLoader - .class not found for ais.gui.common.AisApp
15:59:09.562 [main] DEBUG o.s.j.b.loader.SquidClassLoader - .class not found for java.lang.AisApp
15:59:09.562 [main] DEBUG o.s.j.b.loader.SquidClassLoader - .class not found for java.lang.Synthetic$AisApp
15:59:09.562 [main] DEBUG o.s.j.b.loader.SquidClassLoader - .class not found for ais.gui.common.String
15:59:09.563 [main] DEBUG o.s.j.b.loader.SquidClassLoader - .class not found for java.lang.Synthetic$String
15:59:09.563 [main] DEBUG o.s.j.b.loader.SquidClassLoader - .class not found for ais.gui.common.PSException
15:59:09.563 [main] DEBUG o.s.j.b.loader.SquidClassLoader - .class not found for java.lang.PSException
15:59:09.563 [main] DEBUG o.s.j.b.loader.SquidClassLoader - .class not found for java.lang.Synthetic$PSException
15:59:09.563 [main] DEBUG o.s.j.b.loader.SquidClassLoader - .class not found for ais.gui.common.AppException
15:59:09.563 [main] DEBUG o.s.j.b.loader.SquidClassLoader - .class not found for java.lang.AppException
15:59:09.563 [main] DEBUG o.s.j.b.loader.SquidClassLoader - .class not found for java.lang.Synthetic$AppException
15:59:09.563 [main] DEBUG o.s.j.b.loader.SquidClassLoader - .class not found for ais.gui.common.SCStat
15:59:09.563 [main] DEBUG o.s.j.b.loader.SquidClassLoader - .class not found for java.lang.SCStat
15:59:09.563 [main] DEBUG o.s.j.b.loader.SquidClassLoader - .class not found for java.lang.Synthetic$SCStat
15:59:09.563 [main] DEBUG o.s.j.b.loader.SquidClassLoader - .class not found for ais.gui.common.AisApp
15:59:09.563 [main] DEBUG o.s.j.b.loader.SquidClassLoader - .class not found for java.lang.AisApp
15:59:09.563 [main] DEBUG o.s.j.b.loader.SquidClassLoader - .class not found for java.lang.Synthetic$AisApp
15:59:09.564 [main] DEBUG o.s.j.b.loader.SquidClassLoader - .class not found for ais.gui.common.String
15:59:09.564 [main] DEBUG o.s.j.b.loader.SquidClassLoader - .class not found for java.lang.Synthetic$String
15:59:09.564 [main] DEBUG o.s.j.b.loader.SquidClassLoader - .class not found for ais.gui.common.PSException
15:59:09.564 [main] DEBUG o.s.j.b.loader.SquidClassLoader - .class not found for java.lang.PSException
15:59:09.564 [main] DEBUG o.s.j.b.loader.SquidClassLoader - .class not found for java.lang.Synthetic$PSException
15:59:09.564 [main] DEBUG o.s.j.b.loader.SquidClassLoader - .class not found for ais.gui.common.AppException
15:59:09.564 [main] DEBUG o.s.j.b.loader.SquidClassLoader - .class not found for java.lang.AppException
15:59:09.564 [main] DEBUG o.s.j.b.loader.SquidClassLoader - .class not found for java.lang.Synthetic$AppException
15:59:09.564 [main] DEBUG o.s.j.b.loader.SquidClassLoader - .class not found for ais.gui.common.SCStat
15:59:09.564 [main] DEBUG o.s.j.b.loader.SquidClassLoader - .class not found for java.lang.SCStat
15:59:09.564 [main] DEBUG o.s.j.b.loader.SquidClassLoader - .class not found for java.lang.Synthetic$SCStat
15:59:09.565 [main] DEBUG o.s.j.b.loader.SquidClassLoader - .class not found for ais.gui.common.AisApp
15:59:09.565 [main] DEBUG o.s.j.b.loader.SquidClassLoader - .class not found for java.lang.AisApp
15:59:09.565 [main] DEBUG o.s.j.b.loader.SquidClassLoader - .class not found for java.lang.Synthetic$AisApp
15:59:09.565 [main] DEBUG o.s.j.b.loader.SquidClassLoader - .class not found for ais.gui.common.String
15:59:09.565 [main] DEBUG o.s.j.b.loader.SquidClassLoader - .class not found for java.lang.Synthetic$String
15:59:09.565 [main] DEBUG o.s.j.b.loader.SquidClassLoader - .class not found for ais.gui.common.String
15:59:09.565 [main] DEBUG o.s.j.b.loader.SquidClassLoader - .class not found for java.lang.Synthetic$String
15:59:09.565 [main] DEBUG o.s.j.b.loader.SquidClassLoader - .class not found for ais.gui.common.Object
15:59:09.565 [main] DEBUG o.s.j.b.loader.SquidClassLoader - .class not found for java.lang.Synthetic$Object
15:59:09.566 [main] DEBUG o.s.j.b.loader.SquidClassLoader - .class not found for ais.gui.common.PSException
15:59:09.566 [main] DEBUG o.s.j.b.loader.SquidClassLoader - .class not found for java.lang.PSException
15:59:09.566 [main] DEBUG o.s.j.b.loader.SquidClassLoader - .class not found for java.lang.Synthetic$PSException
15:59:09.566 [main] DEBUG o.s.j.b.loader.SquidClassLoader - .class not found for ais.gui.common.AppException
15:59:09.566 [main] DEBUG o.s.j.b.loader.SquidClassLoader - .class not found for java.lang.AppException
15:59:09.566 [main] DEBUG o.s.j.b.loader.SquidClassLoader - .class not found for java.lang.Synthetic$AppException
15:59:09.566 [main] DEBUG o.s.j.b.loader.SquidClassLoader - .class not found for ais.gui.common.SCStat
15:59:09.566 [main] DEBUG o.s.j.b.loader.SquidClassLoader - .class not found for java.lang.SCStat
15:59:09.566 [main] DEBUG o.s.j.b.loader.SquidClassLoader - .class not found for java.lang.Synthetic$SCStat
15:59:09.566 [main] DEBUG o.s.j.b.loader.SquidClassLoader - .class not found for ais.gui.common.AisApp
15:59:09.566 [main] DEBUG o.s.j.b.loader.SquidClassLoader - .class not found for java.lang.AisApp
15:59:09.566 [main] DEBUG o.s.j.b.loader.SquidClassLoader - .class not found for java.lang.Synthetic$AisApp
15:59:09.566 [main] DEBUG o.s.j.b.loader.SquidClassLoader - .class not found for ais.gui.common.String
15:59:09.566 [main] DEBUG o.s.j.b.loader.SquidClassLoader - .class not found for java.lang.Synthetic$String
15:59:09.567 [main] DEBUG o.s.j.b.loader.SquidClassLoader - .class not found for ais.gui.common.Filter
15:59:09.567 [main] DEBUG o.s.j.b.loader.SquidClassLoader - .class not found for java.lang.Filter
15:59:09.567 [main] DEBUG o.s.j.b.loader.SquidClassLoader - .class not found for java.lang.Synthetic$Filter
15:59:09.567 [main] DEBUG o.s.j.b.loader.SquidClassLoader - .class not found for ais.gui.common.Ordering
15:59:09.567 [main] DEBUG o.s.j.b.loader.SquidClassLoader - .class not found for java.lang.Ordering
15:59:09.567 [main] DEBUG o.s.j.b.loader.SquidClassLoader - .class not found for java.lang.Synthetic$Ordering
15:59:09.567 [main] DEBUG o.s.j.b.loader.SquidClassLoader - .class not found for ais.gui.common.PSException
15:59:09.567 [main] DEBUG o.s.j.b.loader.SquidClassLoader - .class not found for java.lang.PSException
15:59:09.567 [main] DEBUG o.s.j.b.loader.SquidClassLoader - .class not found for java.lang.Synthetic$PSException
15:59:09.567 [main] DEBUG o.s.j.b.loader.SquidClassLoader - .class not found for ais.gui.common.AppException
15:59:09.567 [main] DEBUG o.s.j.b.loader.SquidClassLoader - .class not found for java.lang.AppException
15:59:09.567 [main] DEBUG o.s.j.b.loader.SquidClassLoader - .class not found for java.lang.Synthetic$AppException
15:59:09.567 [main] DEBUG o.s.j.b.loader.SquidClassLoader - .class not found for ais.gui.common.SCStat
15:59:09.567 [main] DEBUG o.s.j.b.loader.SquidClassLoader - .class not found for java.lang.SCStat
15:59:09.568 [main] DEBUG o.s.j.b.loader.SquidClassLoader - .class not found for java.lang.Synthetic$SCStat
15:59:09.568 [main] DEBUG o.s.j.b.loader.SquidClassLoader - .class not found for ais.gui.common.AisApp
15:59:09.568 [main] DEBUG o.s.j.b.loader.SquidClassLoader - .class not found for java.lang.AisApp
15:59:09.568 [main] DEBUG o.s.j.b.loader.SquidClassLoader - .class not found for java.lang.Synthetic$AisApp
15:59:09.568 [main] DEBUG o.s.j.b.loader.SquidClassLoader - .class not found for ais.gui.common.String
15:59:09.568 [main] DEBUG o.s.j.b.loader.SquidClassLoader - .class not found for java.lang.Synthetic$String
15:59:09.568 [main] DEBUG o.s.j.b.loader.SquidClassLoader - .class not found for ais.gui.common.PSException
15:59:09.568 [main] DEBUG o.s.j.b.loader.SquidClassLoader - .class not found for java.lang.PSException
15:59:09.568 [main] DEBUG o.s.j.b.loader.SquidClassLoader - .class not found for java.lang.Synthetic$PSException
15:59:09.568 [main] DEBUG o.s.j.b.loader.SquidClassLoader - .class not found for ais.gui.common.AppException
15:59:09.568 [main] DEBUG o.s.j.b.loader.SquidClassLoader - .class not found for java.lang.AppException
15:59:09.568 [main] DEBUG o.s.j.b.loader.SquidClassLoader - .class not found for java.lang.Synthetic$AppException
15:59:09.568 [main] DEBUG o.s.j.b.loader.SquidClassLoader - .class not found for ais.gui.common.SCStat
15:59:09.568 [main] DEBUG o.s.j.b.loader.SquidClassLoader - .class not found for java.lang.SCStat
15:59:09.568 [main] DEBUG o.s.j.b.loader.SquidClassLoader - .class not found for java.lang.Synthetic$SCStat
15:59:09.568 [main] DEBUG o.s.j.b.loader.SquidClassLoader - .class not found for ais.gui.common.AisApp
15:59:09.568 [main] DEBUG o.s.j.b.loader.SquidClassLoader - .class not found for java.lang.AisApp
15:59:09.568 [main] DEBUG o.s.j.b.loader.SquidClassLoader - .class not found for java.lang.Synthetic$AisApp
15:59:09.568 [main] DEBUG o.s.j.b.loader.SquidClassLoader - .class not found for ais.gui.common.String
15:59:09.568 [main] DEBUG o.s.j.b.loader.SquidClassLoader - .class not found for java.lang.Synthetic$String
15:59:09.569 [main] DEBUG o.s.j.b.loader.SquidClassLoader - .class not found for ais.gui.common.PSException
15:59:09.569 [main] DEBUG o.s.j.b.loader.SquidClassLoader - .class not found for java.lang.PSException
15:59:09.569 [main] DEBUG o.s.j.b.loader.SquidClassLoader - .class not found for java.lang.Synthetic$PSException
15:59:09.569 [main] DEBUG o.s.j.b.loader.SquidClassLoader - .class not found for ais.gui.common.AppException
15:59:09.569 [main] DEBUG o.s.j.b.loader.SquidClassLoader - .class not found for java.lang.AppException
15:59:09.569 [main] DEBUG o.s.j.b.loader.SquidClassLoader - .class not found for java.lang.Synthetic$AppException
15:59:09.569 [main] DEBUG o.s.j.b.loader.SquidClassLoader - .class not found for ais.gui.common.SCStat
15:59:09.569 [main] DEBUG o.s.j.b.loader.SquidClassLoader - .class not found for java.lang.SCStat
15:59:09.569 [main] DEBUG o.s.j.b.loader.SquidClassLoader - .class not found for java.lang.Synthetic$SCStat
15:59:09.569 [main] DEBUG o.s.j.b.loader.SquidClassLoader - .class not found for ais.gui.common.AisApp
15:59:09.569 [main] DEBUG o.s.j.b.loader.SquidClassLoader - .class not found for java.lang.AisApp
15:59:09.569 [main] DEBUG o.s.j.b.loader.SquidClassLoader - .class not found for java.lang.Synthetic$AisApp
15:59:09.569 [main] DEBUG o.s.j.b.loader.SquidClassLoader - .class not found for ais.gui.common.String
15:59:09.570 [main] DEBUG o.s.j.b.loader.SquidClassLoader - .class not found for java.lang.Synthetic$String
15:59:09.570 [main] DEBUG o.s.j.b.loader.SquidClassLoader - .class not found for ais.gui.common.PSException
15:59:09.570 [main] DEBUG o.s.j.b.loader.SquidClassLoader - .class not found for java.lang.PSException
15:59:09.570 [main] DEBUG o.s.j.b.loader.SquidClassLoader - .class not found for java.lang.Synthetic$PSException
15:59:09.570 [main] DEBUG o.s.j.b.loader.SquidClassLoader - .class not found for ais.gui.common.AppException
15:59:09.570 [main] DEBUG o.s.j.b.loader.SquidClassLoader - .class not found for java.lang.AppException
15:59:09.570 [main] DEBUG o.s.j.b.loader.SquidClassLoader - .class not found for java.lang.Synthetic$AppException
15:59:09.570 [main] DEBUG o.s.j.b.loader.SquidClassLoader - .class not found for ais.gui.common.SCStat
15:59:09.570 [main] DEBUG o.s.j.b.loader.SquidClassLoader - .class not found for java.lang.SCStat
15:59:09.570 [main] DEBUG o.s.j.b.loader.SquidClassLoader - .class not found for java.lang.Synthetic$SCStat
15:59:09.570 [main] DEBUG o.s.j.b.loader.SquidClassLoader - .class not found for ais.gui.common.AisApp
15:59:09.570 [main] DEBUG o.s.j.b.loader.SquidClassLoader - .class not found for java.lang.AisApp
15:59:09.570 [main] DEBUG o.s.j.b.loader.SquidClassLoader - .class not found for java.lang.Synthetic$AisApp
15:59:09.570 [main] DEBUG o.s.j.b.loader.SquidClassLoader - .class not found for ais.gui.common.String
15:59:09.570 [main] DEBUG o.s.j.b.loader.SquidClassLoader - .class not found for java.lang.Synthetic$String
15:59:09.570 [main] DEBUG o.s.j.b.loader.SquidClassLoader - .class not found for ais.gui.common.String
15:59:09.570 [main] DEBUG o.s.j.b.loader.SquidClassLoader - .class not found for java.lang.Synthetic$String
15:59:09.571 [main] DEBUG o.s.j.b.loader.SquidClassLoader - .class not found for ais.gui.common.PSException
15:59:09.571 [main] DEBUG o.s.j.b.loader.SquidClassLoader - .class not found for java.lang.PSException
15:59:09.571 [main] DEBUG o.s.j.b.loader.SquidClassLoader - .class not found for java.lang.Synthetic$PSException
15:59:09.571 [main] DEBUG o.s.j.b.loader.SquidClassLoader - .class not found for ais.gui.common.AppException
15:59:09.571 [main] DEBUG o.s.j.b.loader.SquidClassLoader - .class not found for java.lang.AppException
15:59:09.571 [main] DEBUG o.s.j.b.loader.SquidClassLoader - .class not found for java.lang.Synthetic$AppException
15:59:09.571 [main] DEBUG o.s.j.b.loader.SquidClassLoader - .class not found for ais.gui.common.SCStat
15:59:09.571 [main] DEBUG o.s.j.b.loader.SquidClassLoader - .class not found for java.lang.SCStat
15:59:09.571 [main] DEBUG o.s.j.b.loader.SquidClassLoader - .class not found for java.lang.Synthetic$SCStat
15:59:09.571 [main] DEBUG o.s.j.b.loader.SquidClassLoader - .class not found for ais.gui.common.AisApplicationContext
15:59:09.571 [main] DEBUG o.s.j.b.loader.SquidClassLoader - .class not found for java.lang.AisApplicationContext
15:59:09.571 [main] DEBUG o.s.j.b.loader.SquidClassLoader - .class not found for java.lang.Synthetic$AisApplicationContext
15:59:09.571 [main] DEBUG o.s.j.b.loader.SquidClassLoader - .class not found for ais.gui.common.String
15:59:09.571 [main] DEBUG o.s.j.b.loader.SquidClassLoader - .class not found for java.lang.Synthetic$String
15:59:09.571 [main] DEBUG o.s.j.b.loader.SquidClassLoader - .class not found for ais.gui.common.String
15:59:09.571 [main] DEBUG o.s.j.b.loader.SquidClassLoader - .class not found for java.lang.Synthetic$String
15:59:09.571 [main] DEBUG o.s.j.b.loader.SquidClassLoader - .class not found for ais.gui.common.PSException
15:59:09.571 [main] DEBUG o.s.j.b.loader.SquidClassLoader - .class not found for java.lang.PSException
15:59:09.571 [main] DEBUG o.s.j.b.loader.SquidClassLoader - .class not found for java.lang.Synthetic$PSException
15:59:09.572 [main] DEBUG o.s.j.b.loader.SquidClassLoader - .class not found for ais.gui.common.NestedException
15:59:09.572 [main] DEBUG o.s.j.b.loader.SquidClassLoader - .class not found for java.lang.NestedException
15:59:09.572 [main] DEBUG o.s.j.b.loader.SquidClassLoader - .class not found for java.lang.Synthetic$NestedException
15:59:09.572 [main] DEBUG o.s.j.b.loader.SquidClassLoader - .class not found for ais.gui.common.SCJazyk
15:59:09.572 [main] DEBUG o.s.j.b.loader.SquidClassLoader - .class not found for java.lang.SCJazyk
15:59:09.572 [main] DEBUG o.s.j.b.loader.SquidClassLoader - .class not found for java.lang.Synthetic$SCJazyk
15:59:09.572 [main] DEBUG o.s.j.b.loader.SquidClassLoader - .class not found for ais.gui.common.AisApp
15:59:09.572 [main] DEBUG o.s.j.b.loader.SquidClassLoader - .class not found for java.lang.AisApp
15:59:09.572 [main] DEBUG o.s.j.b.loader.SquidClassLoader - .class not found for java.lang.Synthetic$AisApp
15:59:09.572 [main] DEBUG o.s.j.b.loader.SquidClassLoader - .class not found for ais.gui.common.String
15:59:09.572 [main] DEBUG o.s.j.b.loader.SquidClassLoader - .class not found for java.lang.Synthetic$String
15:59:09.573 [main] DEBUG o.s.j.b.loader.SquidClassLoader - .class not found for ais.gui.common.PSException
15:59:09.573 [main] DEBUG o.s.j.b.loader.SquidClassLoader - .class not found for java.lang.PSException
15:59:09.573 [main] DEBUG o.s.j.b.loader.SquidClassLoader - .class not found for java.lang.Synthetic$PSException
15:59:09.573 [main] DEBUG o.s.j.b.loader.SquidClassLoader - .class not found for ais.gui.common.AppException
15:59:09.573 [main] DEBUG o.s.j.b.loader.SquidClassLoader - .class not found for java.lang.AppException
15:59:09.573 [main] DEBUG o.s.j.b.loader.SquidClassLoader - .class not found for java.lang.Synthetic$AppException
15:59:09.573 [main] DEBUG o.s.j.b.loader.SquidClassLoader - .class not found for ais.gui.common.SCJazyk
15:59:09.573 [main] DEBUG o.s.j.b.loader.SquidClassLoader - .class not found for java.lang.SCJazyk
15:59:09.573 [main] DEBUG o.s.j.b.loader.SquidClassLoader - .class not found for java.lang.Synthetic$SCJazyk
15:59:09.573 [main] DEBUG o.s.j.b.loader.SquidClassLoader - .class not found for ais.gui.common.AisApp
15:59:09.573 [main] DEBUG o.s.j.b.loader.SquidClassLoader - .class not found for java.lang.AisApp
15:59:09.574 [main] DEBUG o.s.j.b.loader.SquidClassLoader - .class not found for java.lang.Synthetic$AisApp
15:59:09.574 [main] DEBUG o.s.j.b.loader.SquidClassLoader - .class not found for ais.gui.common.Filter
15:59:09.574 [main] DEBUG o.s.j.b.loader.SquidClassLoader - .class not found for java.lang.Filter
15:59:09.574 [main] DEBUG o.s.j.b.loader.SquidClassLoader - .class not found for java.lang.Synthetic$Filter
15:59:09.574 [main] DEBUG o.s.j.b.loader.SquidClassLoader - .class not found for ais.gui.common.Ordering
15:59:09.574 [main] DEBUG o.s.j.b.loader.SquidClassLoader - .class not found for java.lang.Ordering
15:59:09.574 [main] DEBUG o.s.j.b.loader.SquidClassLoader - .class not found for java.lang.Synthetic$Ordering
15:59:09.574 [main] DEBUG o.s.j.b.loader.SquidClassLoader - .class not found for ais.gui.common.PSException
15:59:09.574 [main] DEBUG o.s.j.b.loader.SquidClassLoader - .class not found for java.lang.PSException
15:59:09.575 [main] DEBUG o.s.j.b.loader.SquidClassLoader - .class not found for java.lang.Synthetic$PSException
15:59:09.575 [main] DEBUG o.s.j.b.loader.SquidClassLoader - .class not found for ais.gui.common.AppException
15:59:09.575 [main] DEBUG o.s.j.b.loader.SquidClassLoader - .class not found for java.lang.AppException
15:59:09.575 [main] DEBUG o.s.j.b.loader.SquidClassLoader - .class not found for java.lang.Synthetic$AppException
15:59:09.578 [main] DEBUG o.s.j.b.loader.SquidClassLoader - .class not found for ais.gui.common.SCJazyk
15:59:09.578 [main] DEBUG o.s.j.b.loader.SquidClassLoader - .class not found for java.lang.SCJazyk
15:59:09.578 [main] DEBUG o.s.j.b.loader.SquidClassLoader - .class not found for java.lang.Synthetic$SCJazyk
15:59:09.578 [main] DEBUG o.s.j.b.loader.SquidClassLoader - .class not found for ais.gui.common.AisApp
15:59:09.579 [main] DEBUG o.s.j.b.loader.SquidClassLoader - .class not found for java.lang.AisApp
15:59:09.579 [main] DEBUG o.s.j.b.loader.SquidClassLoader - .class not found for java.lang.Synthetic$AisApp
15:59:09.579 [main] DEBUG o.s.j.b.loader.SquidClassLoader - .class not found for ais.gui.common.AppException
15:59:09.580 [main] DEBUG o.s.j.b.loader.SquidClassLoader - .class not found for java.lang.AppException
15:59:09.580 [main] DEBUG o.s.j.b.loader.SquidClassLoader - .class not found for java.lang.Synthetic$AppException
15:59:09.580 [main] DEBUG o.s.j.b.loader.SquidClassLoader - .class not found for ais.gui.common.SCJazyk
15:59:09.580 [main] DEBUG o.s.j.b.loader.SquidClassLoader - .class not found for java.lang.SCJazyk
15:59:09.580 [main] DEBUG o.s.j.b.loader.SquidClassLoader - .class not found for java.lang.Synthetic$SCJazyk
15:59:09.580 [main] DEBUG o.s.j.b.loader.SquidClassLoader - .class not found for ais.gui.common.AisApp
15:59:09.580 [main] DEBUG o.s.j.b.loader.SquidClassLoader - .class not found for java.lang.AisApp
15:59:09.580 [main] DEBUG o.s.j.b.loader.SquidClassLoader - .class not found for java.lang.Synthetic$AisApp
15:59:09.580 [main] DEBUG o.s.j.b.loader.SquidClassLoader - .class not found for ais.gui.common.String
15:59:09.580 [main] DEBUG o.s.j.b.loader.SquidClassLoader - .class not found for java.lang.Synthetic$String
15:59:09.581 [main] DEBUG o.s.j.b.loader.SquidClassLoader - .class not found for ais.gui.common.AppException
15:59:09.581 [main] DEBUG o.s.j.b.loader.SquidClassLoader - .class not found for java.lang.AppException
15:59:09.581 [main] DEBUG o.s.j.b.loader.SquidClassLoader - .class not found for java.lang.Synthetic$AppException
15:59:09.581 [main] DEBUG o.s.j.b.loader.SquidClassLoader - .class not found for ais.gui.common.SCJazyk
15:59:09.581 [main] DEBUG o.s.j.b.loader.SquidClassLoader - .class not found for java.lang.SCJazyk
15:59:09.581 [main] DEBUG o.s.j.b.loader.SquidClassLoader - .class not found for java.lang.Synthetic$SCJazyk
15:59:09.581 [main] DEBUG o.s.j.b.loader.SquidClassLoader - .class not found for ais.gui.common.AisApp
15:59:09.581 [main] DEBUG o.s.j.b.loader.SquidClassLoader - .class not found for java.lang.AisApp
15:59:09.581 [main] DEBUG o.s.j.b.loader.SquidClassLoader - .class not found for java.lang.Synthetic$AisApp
15:59:09.582 [main] DEBUG o.s.j.b.loader.SquidClassLoader - .class not found for ais.gui.common.String
15:59:09.582 [main] DEBUG o.s.j.b.loader.SquidClassLoader - .class not found for java.lang.Synthetic$String
15:59:09.582 [main] DEBUG o.s.j.b.loader.SquidClassLoader - .class not found for ais.gui.common.Filter
15:59:09.582 [main] DEBUG o.s.j.b.loader.SquidClassLoader - .class not found for java.lang.Filter
15:59:09.582 [main] DEBUG o.s.j.b.loader.SquidClassLoader - .class not found for java.lang.Synthetic$Filter
15:59:09.582 [main] DEBUG o.s.j.b.loader.SquidClassLoader - .class not found for ais.gui.common.Ordering
15:59:09.582 [main] DEBUG o.s.j.b.loader.SquidClassLoader - .class not found for java.lang.Ordering
15:59:09.582 [main] DEBUG o.s.j.b.loader.SquidClassLoader - .class not found for java.lang.Synthetic$Ordering
15:59:09.582 [main] DEBUG o.s.j.b.loader.SquidClassLoader - .class not found for ais.gui.common.PSException
15:59:09.587 [main] DEBUG o.s.j.b.loader.SquidClassLoader - .class not found for java.lang.PSException
15:59:09.587 [main] DEBUG o.s.j.b.loader.SquidClassLoader - .class not found for java.lang.Synthetic$PSException
15:59:09.587 [main] DEBUG o.s.j.b.loader.SquidClassLoader - .class not found for ais.gui.common.AppException
15:59:09.587 [main] DEBUG o.s.j.b.loader.SquidClassLoader - .class not found for java.lang.AppException
15:59:09.587 [main] DEBUG o.s.j.b.loader.SquidClassLoader - .class not found for java.lang.Synthetic$AppException
15:59:09.587 [main] DEBUG o.s.j.b.loader.SquidClassLoader - .class not found for ais.gui.common.String
15:59:09.587 [main] DEBUG o.s.j.b.loader.SquidClassLoader - .class not found for java.lang.Synthetic$String
15:59:09.588 [main] DEBUG o.s.j.b.loader.SquidClassLoader - .class not found for ais.gui.common.AisApp
15:59:09.588 [main] DEBUG o.s.j.b.loader.SquidClassLoader - .class not found for java.lang.AisApp
15:59:09.588 [main] DEBUG o.s.j.b.loader.SquidClassLoader - .class not found for java.lang.Synthetic$AisApp
15:59:09.588 [main] DEBUG o.s.j.b.loader.SquidClassLoader - .class not found for ais.gui.common.String
15:59:09.588 [main] DEBUG o.s.j.b.loader.SquidClassLoader - .class not found for java.lang.Synthetic$String
15:59:09.588 [main] DEBUG o.s.j.b.loader.SquidClassLoader - .class not found for ais.gui.common.JoinTreeBuilder
15:59:09.588 [main] DEBUG o.s.j.b.loader.SquidClassLoader - .class not found for java.lang.JoinTreeBuilder
15:59:09.588 [main] DEBUG o.s.j.b.loader.SquidClassLoader - .class not found for java.lang.Synthetic$JoinTreeBuilder
15:59:09.589 [main] DEBUG o.s.j.b.loader.SquidClassLoader - .class not found for ais.gui.common.JoinTreeBuilder
15:59:09.589 [main] DEBUG o.s.j.b.loader.SquidClassLoader - .class not found for java.lang.JoinTreeBuilder
15:59:09.589 [main] DEBUG o.s.j.b.loader.SquidClassLoader - .class not found for java.lang.Synthetic$JoinTreeBuilder
15:59:09.589 [main] DEBUG o.s.j.b.loader.SquidClassLoader - .class not found for JoinTreeBuilder.JTBJoin
15:59:09.590 [main] DEBUG o.s.j.b.loader.SquidClassLoader - .class not found for ais.gui.common.base
15:59:09.590 [main] DEBUG o.s.j.b.loader.SquidClassLoader - .class not found for java.lang.base
15:59:09.591 [main] DEBUG o.s.j.b.loader.SquidClassLoader - .class not found for java.lang.Synthetic$base
15:59:09.591 [main] DEBUG o.s.j.b.loader.SquidClassLoader - .class not found for base.Filter
15:59:09.591 [main] DEBUG o.s.j.b.loader.SquidClassLoader - .class not found for ais.gui.common.STJazykPredmet
15:59:09.591 [main] DEBUG o.s.j.b.loader.SquidClassLoader - .class not found for java.lang.STJazykPredmet
15:59:09.591 [main] DEBUG o.s.j.b.loader.SquidClassLoader - .class not found for java.lang.Synthetic$STJazykPredmet
15:59:09.591 [main] DEBUG o.s.j.b.loader.SquidClassLoader - .class not found for ais.gui.common.String
15:59:09.591 [main] DEBUG o.s.j.b.loader.SquidClassLoader - .class not found for java.lang.Synthetic$String
15:59:09.591 [main] DEBUG o.s.j.b.loader.SquidClassLoader - .class not found for ais.gui.common.STJazykPredmet
15:59:09.591 [main] DEBUG o.s.j.b.loader.SquidClassLoader - .class not found for java.lang.STJazykPredmet
15:59:09.591 [main] DEBUG o.s.j.b.loader.SquidClassLoader - .class not found for java.lang.Synthetic$STJazykPredmet
15:59:09.591 [main] DEBUG o.s.j.b.loader.SquidClassLoader - .class not found for ais.gui.common.PSException
15:59:09.592 [main] DEBUG o.s.j.b.loader.SquidClassLoader - .class not found for java.lang.PSException
15:59:09.592 [main] DEBUG o.s.j.b.loader.SquidClassLoader - .class not found for java.lang.Synthetic$PSException
15:59:09.592 [main] DEBUG o.s.j.b.loader.SquidClassLoader - .class not found for ais.gui.common.AppException
15:59:09.592 [main] DEBUG o.s.j.b.loader.SquidClassLoader - .class not found for java.lang.AppException
15:59:09.593 [main] DEBUG o.s.j.b.loader.SquidClassLoader - .class not found for java.lang.Synthetic$AppException
15:59:09.593 [main] DEBUG o.s.j.b.loader.SquidClassLoader - .class not found for ais.gui.common.SCJazyk
15:59:09.593 [main] DEBUG o.s.j.b.loader.SquidClassLoader - .class not found for java.lang.SCJazyk
15:59:09.593 [main] DEBUG o.s.j.b.loader.SquidClassLoader - .class not found for java.lang.Synthetic$SCJazyk
15:59:09.593 [main] DEBUG o.s.j.b.loader.SquidClassLoader - .class not found for ais.gui.common.AisApp
15:59:09.593 [main] DEBUG o.s.j.b.loader.SquidClassLoader - .class not found for java.lang.AisApp
15:59:09.593 [main] DEBUG o.s.j.b.loader.SquidClassLoader - .class not found for java.lang.Synthetic$AisApp
15:59:09.593 [main] DEBUG o.s.j.b.loader.SquidClassLoader - .class not found for ais.gui.common.String
15:59:09.593 [main] DEBUG o.s.j.b.loader.SquidClassLoader - .class not found for java.lang.Synthetic$String
15:59:09.593 [main] DEBUG o.s.j.b.loader.SquidClassLoader - .class not found for ais.gui.common.String
15:59:09.593 [main] DEBUG o.s.j.b.loader.SquidClassLoader - .class not found for java.lang.Synthetic$String
15:59:09.594 [main] DEBUG o.s.j.b.loader.SquidClassLoader - .class not found for ais.gui.common.PSException
15:59:09.595 [main] DEBUG o.s.j.b.loader.SquidClassLoader - .class not found for java.lang.PSException
15:59:09.595 [main] DEBUG o.s.j.b.loader.SquidClassLoader - .class not found for java.lang.Synthetic$PSException
15:59:09.595 [main] DEBUG o.s.j.b.loader.SquidClassLoader - .class not found for ais.gui.common.AppException
15:59:09.595 [main] DEBUG o.s.j.b.loader.SquidClassLoader - .class not found for java.lang.AppException
15:59:09.595 [main] DEBUG o.s.j.b.loader.SquidClassLoader - .class not found for java.lang.Synthetic$AppException
15:59:09.595 [main] DEBUG o.s.j.b.loader.SquidClassLoader - .class not found for ais.gui.common.String
15:59:09.595 [main] DEBUG o.s.j.b.loader.SquidClassLoader - .class not found for java.lang.Synthetic$String
15:59:09.595 [main] DEBUG o.s.j.b.loader.SquidClassLoader - .class not found for ais.gui.common.AisApp
15:59:09.596 [main] DEBUG o.s.j.b.loader.SquidClassLoader - .class not found for java.lang.AisApp
15:59:09.596 [main] DEBUG o.s.j.b.loader.SquidClassLoader - .class not found for java.lang.Synthetic$AisApp
15:59:09.596 [main] DEBUG o.s.j.b.loader.SquidClassLoader - .class not found for ais.gui.common.String
15:59:09.596 [main] DEBUG o.s.j.b.loader.SquidClassLoader - .class not found for java.lang.Synthetic$String
15:59:09.596 [main] DEBUG o.s.j.b.loader.SquidClassLoader - .class not found for ais.gui.common.SCJazyk
15:59:09.596 [main] DEBUG o.s.j.b.loader.SquidClassLoader - .class not found for java.lang.SCJazyk
15:59:09.596 [main] DEBUG o.s.j.b.loader.SquidClassLoader - .class not found for java.lang.Synthetic$SCJazyk
15:59:09.596 [main] DEBUG o.s.j.b.loader.SquidClassLoader - .class not found for ais.gui.common.String
15:59:09.596 [main] DEBUG o.s.j.b.loader.SquidClassLoader - .class not found for java.lang.Synthetic$String
15:59:09.597 [main] DEBUG o.s.j.b.loader.SquidClassLoader - .class not found for ais.gui.common.SCJazyk
15:59:09.597 [main] DEBUG o.s.j.b.loader.SquidClassLoader - .class not found for java.lang.SCJazyk
15:59:09.597 [main] DEBUG o.s.j.b.loader.SquidClassLoader - .class not found for java.lang.Synthetic$SCJazyk
15:59:09.597 [main] DEBUG o.s.j.b.loader.SquidClassLoader - .class not found for ais.gui.common.PSException
15:59:09.597 [main] DEBUG o.s.j.b.loader.SquidClassLoader - .class not found for java.lang.PSException
15:59:09.597 [main] DEBUG o.s.j.b.loader.SquidClassLoader - .class not found for java.lang.Synthetic$PSException
15:59:09.597 [main] DEBUG o.s.j.b.loader.SquidClassLoader - .class not found for ais.gui.common.AppException
15:59:09.597 [main] DEBUG o.s.j.b.loader.SquidClassLoader - .class not found for java.lang.AppException
15:59:09.597 [main] DEBUG o.s.j.b.loader.SquidClassLoader - .class not found for java.lang.Synthetic$AppException
15:59:09.603 [main] DEBUG o.s.j.b.loader.SquidClassLoader - .class not found for ais.gui.common.SCJazyk
15:59:09.603 [main] DEBUG o.s.j.b.loader.SquidClassLoader - .class not found for java.lang.SCJazyk
15:59:09.603 [main] DEBUG o.s.j.b.loader.SquidClassLoader - .class not found for java.lang.Synthetic$SCJazyk
15:59:09.603 [main] DEBUG o.s.j.b.loader.SquidClassLoader - .class not found for ais.gui.common.AisApp
15:59:09.603 [main] DEBUG o.s.j.b.loader.SquidClassLoader - .class not found for java.lang.AisApp
15:59:09.603 [main] DEBUG o.s.j.b.loader.SquidClassLoader - .class not found for java.lang.Synthetic$AisApp
15:59:09.603 [main] DEBUG o.s.j.b.loader.SquidClassLoader - .class not found for ais.gui.common.Integer
15:59:09.604 [main] DEBUG o.s.j.b.loader.SquidClassLoader - .class not found for java.lang.Synthetic$Integer
15:59:09.604 [main] DEBUG o.s.j.b.loader.SquidClassLoader - .class not found for ais.gui.common.String
15:59:09.604 [main] DEBUG o.s.j.b.loader.SquidClassLoader - .class not found for java.lang.Synthetic$String
15:59:09.604 [main] DEBUG o.s.j.b.loader.SquidClassLoader - .class not found for ais.gui.common.Object
15:59:09.604 [main] DEBUG o.s.j.b.loader.SquidClassLoader - .class not found for java.lang.Synthetic$Object
15:59:09.604 [main] DEBUG o.s.j.b.loader.SquidClassLoader - .class not found for ais.gui.common.PSException
15:59:09.604 [main] DEBUG o.s.j.b.loader.SquidClassLoader - .class not found for java.lang.PSException
15:59:09.604 [main] DEBUG o.s.j.b.loader.SquidClassLoader - .class not found for java.lang.Synthetic$PSException
15:59:09.604 [main] DEBUG o.s.j.b.loader.SquidClassLoader - .class not found for ais.gui.common.AppException
15:59:09.604 [main] DEBUG o.s.j.b.loader.SquidClassLoader - .class not found for java.lang.AppException
15:59:09.604 [main] DEBUG o.s.j.b.loader.SquidClassLoader - .class not found for java.lang.Synthetic$AppException
15:59:09.605 [main] DEBUG o.s.j.b.loader.SquidClassLoader - .class not found for ais.gui.common.SCJazyk
15:59:09.605 [main] DEBUG o.s.j.b.loader.SquidClassLoader - .class not found for java.lang.SCJazyk
15:59:09.605 [main] DEBUG o.s.j.b.loader.SquidClassLoader - .class not found for java.lang.Synthetic$SCJazyk
15:59:09.605 [main] DEBUG o.s.j.b.loader.SquidClassLoader - .class not found for ais.gui.common.AisApp
15:59:09.605 [main] DEBUG o.s.j.b.loader.SquidClassLoader - .class not found for java.lang.AisApp
15:59:09.605 [main] DEBUG o.s.j.b.loader.SquidClassLoader - .class not found for java.lang.Synthetic$AisApp
15:59:09.605 [main] DEBUG o.s.j.b.loader.SquidClassLoader - .class not found for ais.gui.common.Integer
15:59:09.605 [main] DEBUG o.s.j.b.loader.SquidClassLoader - .class not found for java.lang.Synthetic$Integer
15:59:09.605 [main] DEBUG o.s.j.b.loader.SquidClassLoader - .class not found for ais.gui.common.String
15:59:09.605 [main] DEBUG o.s.j.b.loader.SquidClassLoader - .class not found for java.lang.Synthetic$String
15:59:09.605 [main] DEBUG o.s.j.b.loader.SquidClassLoader - .class not found for ais.gui.common.PSException
15:59:09.606 [main] DEBUG o.s.j.b.loader.SquidClassLoader - .class not found for java.lang.PSException
15:59:09.606 [main] DEBUG o.s.j.b.loader.SquidClassLoader - .class not found for java.lang.Synthetic$PSException
15:59:09.606 [main] DEBUG o.s.j.b.loader.SquidClassLoader - .class not found for ais.gui.common.AppException
15:59:09.606 [main] DEBUG o.s.j.b.loader.SquidClassLoader - .class not found for java.lang.AppException
15:59:09.606 [main] DEBUG o.s.j.b.loader.SquidClassLoader - .class not found for java.lang.Synthetic$AppException
15:59:09.606 [main] DEBUG o.s.j.b.loader.SquidClassLoader - .class not found for ais.gui.common.PSParamSysOJ
15:59:09.606 [main] DEBUG o.s.j.b.loader.SquidClassLoader - .class not found for java.lang.PSParamSysOJ
15:59:09.606 [main] DEBUG o.s.j.b.loader.SquidClassLoader - .class not found for java.lang.Synthetic$PSParamSysOJ
15:59:09.606 [main] DEBUG o.s.j.b.loader.SquidClassLoader - .class not found for ais.gui.common.AisApp
15:59:09.606 [main] DEBUG o.s.j.b.loader.SquidClassLoader - .class not found for java.lang.AisApp
15:59:09.606 [main] DEBUG o.s.j.b.loader.SquidClassLoader - .class not found for java.lang.Synthetic$AisApp
15:59:09.606 [main] DEBUG o.s.j.b.loader.SquidClassLoader - .class not found for ais.gui.common.String
15:59:09.607 [main] DEBUG o.s.j.b.loader.SquidClassLoader - .class not found for java.lang.Synthetic$String
15:59:09.607 [main] DEBUG o.s.j.b.loader.SquidClassLoader - .class not found for ais.gui.common.String
15:59:09.607 [main] DEBUG o.s.j.b.loader.SquidClassLoader - .class not found for java.lang.Synthetic$String
15:59:09.607 [main] DEBUG o.s.j.b.loader.SquidClassLoader - .class not found for ais.gui.common.AppException
15:59:09.607 [main] DEBUG o.s.j.b.loader.SquidClassLoader - .class not found for java.lang.AppException
15:59:09.607 [main] DEBUG o.s.j.b.loader.SquidClassLoader - .class not found for java.lang.Synthetic$AppException
15:59:09.607 [main] DEBUG o.s.j.b.loader.SquidClassLoader - .class not found for ais.gui.common.PSParamSysOJ
15:59:09.607 [main] DEBUG o.s.j.b.loader.SquidClassLoader - .class not found for java.lang.PSParamSysOJ
15:59:09.607 [main] DEBUG o.s.j.b.loader.SquidClassLoader - .class not found for java.lang.Synthetic$PSParamSysOJ
15:59:09.607 [main] DEBUG o.s.j.b.loader.SquidClassLoader - .class not found for ais.gui.common.AisApp
15:59:09.607 [main] DEBUG o.s.j.b.loader.SquidClassLoader - .class not found for java.lang.AisApp
15:59:09.607 [main] DEBUG o.s.j.b.loader.SquidClassLoader - .class not found for java.lang.Synthetic$AisApp
15:59:09.608 [main] DEBUG o.s.j.b.loader.SquidClassLoader - .class not found for ais.gui.common.String
15:59:09.608 [main] DEBUG o.s.j.b.loader.SquidClassLoader - .class not found for java.lang.Synthetic$String
15:59:09.608 [main] DEBUG o.s.j.b.loader.SquidClassLoader - .class not found for ais.gui.common.Integer
15:59:09.608 [main] DEBUG o.s.j.b.loader.SquidClassLoader - .class not found for java.lang.Synthetic$Integer
15:59:09.608 [main] DEBUG o.s.j.b.loader.SquidClassLoader - .class not found for ais.gui.common.AppException
15:59:09.608 [main] DEBUG o.s.j.b.loader.SquidClassLoader - .class not found for java.lang.AppException
15:59:09.608 [main] DEBUG o.s.j.b.loader.SquidClassLoader - .class not found for java.lang.Synthetic$AppException
15:59:09.608 [main] DEBUG o.s.j.b.loader.SquidClassLoader - .class not found for ais.gui.common.PSParamSysOJ
15:59:09.608 [main] DEBUG o.s.j.b.loader.SquidClassLoader - .class not found for java.lang.PSParamSysOJ
15:59:09.609 [main] DEBUG o.s.j.b.loader.SquidClassLoader - .class not found for java.lang.Synthetic$PSParamSysOJ
15:59:09.609 [main] DEBUG o.s.j.b.loader.SquidClassLoader - .class not found for ais.gui.common.AisApp
15:59:09.609 [main] DEBUG o.s.j.b.loader.SquidClassLoader - .class not found for java.lang.AisApp
15:59:09.609 [main] DEBUG o.s.j.b.loader.SquidClassLoader - .class not found for java.lang.Synthetic$AisApp
15:59:09.609 [main] DEBUG o.s.j.b.loader.SquidClassLoader - .class not found for ais.gui.common.String
15:59:09.609 [main] DEBUG o.s.j.b.loader.SquidClassLoader - .class not found for java.lang.Synthetic$String
15:59:09.609 [main] DEBUG o.s.j.b.loader.SquidClassLoader - .class not found for ais.gui.common.Integer
15:59:09.609 [main] DEBUG o.s.j.b.loader.SquidClassLoader - .class not found for java.lang.Synthetic$Integer
15:59:09.609 [main] DEBUG o.s.j.b.loader.SquidClassLoader - .class not found for ais.gui.common.String
15:59:09.609 [main] DEBUG o.s.j.b.loader.SquidClassLoader - .class not found for java.lang.Synthetic$String
15:59:09.609 [main] DEBUG o.s.j.b.loader.SquidClassLoader - .class not found for ais.gui.common.String
15:59:09.609 [main] DEBUG o.s.j.b.loader.SquidClassLoader - .class not found for java.lang.Synthetic$String
15:59:09.610 [main] DEBUG o.s.j.b.loader.SquidClassLoader - .class not found for ais.gui.common.Filter
15:59:09.610 [main] DEBUG o.s.j.b.loader.SquidClassLoader - .class not found for java.lang.Filter
15:59:09.610 [main] DEBUG o.s.j.b.loader.SquidClassLoader - .class not found for java.lang.Synthetic$Filter
15:59:09.610 [main] DEBUG o.s.j.b.loader.SquidClassLoader - .class not found for ais.gui.common.PSException
15:59:09.610 [main] DEBUG o.s.j.b.loader.SquidClassLoader - .class not found for java.lang.PSException
15:59:09.610 [main] DEBUG o.s.j.b.loader.SquidClassLoader - .class not found for java.lang.Synthetic$PSException
15:59:09.610 [main] DEBUG o.s.j.b.loader.SquidClassLoader - .class not found for ais.gui.common.AppException
15:59:09.610 [main] DEBUG o.s.j.b.loader.SquidClassLoader - .class not found for java.lang.AppException
15:59:09.610 [main] DEBUG o.s.j.b.loader.SquidClassLoader - .class not found for java.lang.Synthetic$AppException
15:59:09.610 [main] DEBUG o.s.j.b.loader.SquidClassLoader - .class not found for ais.gui.common.PSParamSysOJ
15:59:09.611 [main] DEBUG o.s.j.b.loader.SquidClassLoader - .class not found for java.lang.PSParamSysOJ
15:59:09.611 [main] DEBUG o.s.j.b.loader.SquidClassLoader - .class not found for java.lang.Synthetic$PSParamSysOJ
15:59:09.611 [main] DEBUG o.s.j.b.loader.SquidClassLoader - .class not found for ais.gui.common.AisApp
15:59:09.612 [main] DEBUG o.s.j.b.loader.SquidClassLoader - .class not found for java.lang.AisApp
15:59:09.612 [main] DEBUG o.s.j.b.loader.SquidClassLoader - .class not found for java.lang.Synthetic$AisApp
15:59:09.612 [main] DEBUG o.s.j.b.loader.SquidClassLoader - .class not found for ais.gui.common.String
15:59:09.612 [main] DEBUG o.s.j.b.loader.SquidClassLoader - .class not found for java.lang.Synthetic$String
15:59:09.612 [main] DEBUG o.s.j.b.loader.SquidClassLoader - .class not found for ais.gui.common.Integer
15:59:09.612 [main] DEBUG o.s.j.b.loader.SquidClassLoader - .class not found for java.lang.Synthetic$Integer
15:59:09.612 [main] DEBUG o.s.j.b.loader.SquidClassLoader - .class not found for ais.gui.common.String
15:59:09.612 [main] DEBUG o.s.j.b.loader.SquidClassLoader - .class not found for java.lang.Synthetic$String
15:59:09.612 [main] DEBUG o.s.j.b.loader.SquidClassLoader - .class not found for ais.gui.common.String
15:59:09.612 [main] DEBUG o.s.j.b.loader.SquidClassLoader - .class not found for java.lang.Synthetic$String
15:59:09.612 [main] DEBUG o.s.j.b.loader.SquidClassLoader - .class not found for ais.gui.common.Filter
15:59:09.613 [main] DEBUG o.s.j.b.loader.SquidClassLoader - .class not found for java.lang.Filter
15:59:09.613 [main] DEBUG o.s.j.b.loader.SquidClassLoader - .class not found for java.lang.Synthetic$Filter
15:59:09.613 [main] DEBUG o.s.j.b.loader.SquidClassLoader - .class not found for ais.gui.common.PSException
15:59:09.613 [main] DEBUG o.s.j.b.loader.SquidClassLoader - .class not found for java.lang.PSException
15:59:09.613 [main] DEBUG o.s.j.b.loader.SquidClassLoader - .class not found for java.lang.Synthetic$PSException
15:59:09.613 [main] DEBUG o.s.j.b.loader.SquidClassLoader - .class not found for ais.gui.common.AppException
15:59:09.613 [main] DEBUG o.s.j.b.loader.SquidClassLoader - .class not found for java.lang.AppException
15:59:09.613 [main] DEBUG o.s.j.b.loader.SquidClassLoader - .class not found for java.lang.Synthetic$AppException
15:59:09.613 [main] DEBUG o.s.j.b.loader.SquidClassLoader - .class not found for ais.gui.common.SCParamSystem
15:59:09.613 [main] DEBUG o.s.j.b.loader.SquidClassLoader - .class not found for java.lang.SCParamSystem
15:59:09.613 [main] DEBUG o.s.j.b.loader.SquidClassLoader - .class not found for java.lang.Synthetic$SCParamSystem
15:59:09.613 [main] DEBUG o.s.j.b.loader.SquidClassLoader - .class not found for ais.gui.common.AisApp
15:59:09.613 [main] DEBUG o.s.j.b.loader.SquidClassLoader - .class not found for java.lang.AisApp
15:59:09.615 [main] DEBUG o.s.j.b.loader.SquidClassLoader - .class not found for java.lang.Synthetic$AisApp
15:59:09.615 [main] DEBUG o.s.j.b.loader.SquidClassLoader - .class not found for ais.gui.common.Integer
15:59:09.615 [main] DEBUG o.s.j.b.loader.SquidClassLoader - .class not found for java.lang.Synthetic$Integer
15:59:09.615 [main] DEBUG o.s.j.b.loader.SquidClassLoader - .class not found for ais.gui.common.Filter
15:59:09.615 [main] DEBUG o.s.j.b.loader.SquidClassLoader - .class not found for java.lang.Filter
15:59:09.615 [main] DEBUG o.s.j.b.loader.SquidClassLoader - .class not found for java.lang.Synthetic$Filter
15:59:09.615 [main] DEBUG o.s.j.b.loader.SquidClassLoader - .class not found for ais.gui.common.PSException
15:59:09.615 [main] DEBUG o.s.j.b.loader.SquidClassLoader - .class not found for java.lang.PSException
15:59:09.615 [main] DEBUG o.s.j.b.loader.SquidClassLoader - .class not found for java.lang.Synthetic$PSException
15:59:09.615 [main] DEBUG o.s.j.b.loader.SquidClassLoader - .class not found for ais.gui.common.AppException
15:59:09.615 [main] DEBUG o.s.j.b.loader.SquidClassLoader - .class not found for java.lang.AppException
15:59:09.616 [main] DEBUG o.s.j.b.loader.SquidClassLoader - .class not found for java.lang.Synthetic$AppException
15:59:09.616 [main] DEBUG o.s.j.b.loader.SquidClassLoader - .class not found for ais.gui.common.MSMessage
15:59:09.616 [main] DEBUG o.s.j.b.loader.SquidClassLoader - .class not found for java.lang.MSMessage
15:59:09.616 [main] DEBUG o.s.j.b.loader.SquidClassLoader - .class not found for java.lang.Synthetic$MSMessage
15:59:09.616 [main] DEBUG o.s.j.b.loader.SquidClassLoader - .class not found for ais.gui.common.AisApp
15:59:09.616 [main] DEBUG o.s.j.b.loader.SquidClassLoader - .class not found for java.lang.AisApp
15:59:09.616 [main] DEBUG o.s.j.b.loader.SquidClassLoader - .class not found for java.lang.Synthetic$AisApp
15:59:09.616 [main] DEBUG o.s.j.b.loader.SquidClassLoader - .class not found for ais.gui.common.AppException
15:59:09.616 [main] DEBUG o.s.j.b.loader.SquidClassLoader - .class not found for java.lang.AppException
15:59:09.616 [main] DEBUG o.s.j.b.loader.SquidClassLoader - .class not found for java.lang.Synthetic$AppException
15:59:09.616 [main] DEBUG o.s.j.b.loader.SquidClassLoader - .class not found for ais.gui.common.MSMessage
15:59:09.617 [main] DEBUG o.s.j.b.loader.SquidClassLoader - .class not found for java.lang.MSMessage
15:59:09.617 [main] DEBUG o.s.j.b.loader.SquidClassLoader - .class not found for java.lang.Synthetic$MSMessage
15:59:09.617 [main] DEBUG o.s.j.b.loader.SquidClassLoader - .class not found for ais.gui.common.ReadOnlyPersistentService
15:59:09.617 [main] DEBUG o.s.j.b.loader.SquidClassLoader - .class not found for java.lang.ReadOnlyPersistentService
15:59:09.617 [main] DEBUG o.s.j.b.loader.SquidClassLoader - .class not found for java.lang.Synthetic$ReadOnlyPersistentService
15:59:09.617 [main] DEBUG o.s.j.b.loader.SquidClassLoader - .class not found for ais.gui.common.AppException
15:59:09.617 [main] DEBUG o.s.j.b.loader.SquidClassLoader - .class not found for java.lang.AppException
15:59:09.617 [main] DEBUG o.s.j.b.loader.SquidClassLoader - .class not found for java.lang.Synthetic$AppException
15:59:09.617 [main] DEBUG o.s.j.b.loader.SquidClassLoader - .class not found for ais.gui.common.MSMessage
15:59:09.617 [main] DEBUG o.s.j.b.loader.SquidClassLoader - .class not found for java.lang.MSMessage
15:59:09.617 [main] DEBUG o.s.j.b.loader.SquidClassLoader - .class not found for java.lang.Synthetic$MSMessage
15:59:09.618 [main] DEBUG o.s.j.b.loader.SquidClassLoader - .class not found for ais.gui.common.ReadOnlyPersistentService
15:59:09.618 [main] DEBUG o.s.j.b.loader.SquidClassLoader - .class not found for java.lang.ReadOnlyPersistentService
15:59:09.618 [main] DEBUG o.s.j.b.loader.SquidClassLoader - .class not found for java.lang.Synthetic$ReadOnlyPersistentService
15:59:09.618 [main] DEBUG o.s.j.b.loader.SquidClassLoader - .class not found for ais.gui.common.String
15:59:09.618 [main] DEBUG o.s.j.b.loader.SquidClassLoader - .class not found for java.lang.Synthetic$String
15:59:09.618 [main] DEBUG o.s.j.b.loader.SquidClassLoader - .class not found for ais.gui.common.Object
15:59:09.618 [main] DEBUG o.s.j.b.loader.SquidClassLoader - .class not found for java.lang.Synthetic$Object
15:59:09.618 [main] DEBUG o.s.j.b.loader.SquidClassLoader - .class not found for ais.gui.common.PSException
15:59:09.618 [main] DEBUG o.s.j.b.loader.SquidClassLoader - .class not found for java.lang.PSException
15:59:09.618 [main] DEBUG o.s.j.b.loader.SquidClassLoader - .class not found for java.lang.Synthetic$PSException
15:59:09.618 [main] DEBUG o.s.j.b.loader.SquidClassLoader - .class not found for ais.gui.common.AppException
15:59:09.619 [main] DEBUG o.s.j.b.loader.SquidClassLoader - .class not found for java.lang.AppException
15:59:09.619 [main] DEBUG o.s.j.b.loader.SquidClassLoader - .class not found for java.lang.Synthetic$AppException
15:59:09.619 [main] DEBUG o.s.j.b.loader.SquidClassLoader - .class not found for ais.gui.common.MSMessage
15:59:09.619 [main] DEBUG o.s.j.b.loader.SquidClassLoader - .class not found for java.lang.MSMessage
15:59:09.619 [main] DEBUG o.s.j.b.loader.SquidClassLoader - .class not found for java.lang.Synthetic$MSMessage
15:59:09.619 [main] DEBUG o.s.j.b.loader.SquidClassLoader - .class not found for ais.gui.common.ReadOnlyPersistentService
15:59:09.619 [main] DEBUG o.s.j.b.loader.SquidClassLoader - .class not found for java.lang.ReadOnlyPersistentService
15:59:09.619 [main] DEBUG o.s.j.b.loader.SquidClassLoader - .class not found for java.lang.Synthetic$ReadOnlyPersistentService
15:59:09.619 [main] DEBUG o.s.j.b.loader.SquidClassLoader - .class not found for ais.gui.common.String
15:59:09.619 [main] DEBUG o.s.j.b.loader.SquidClassLoader - .class not found for java.lang.Synthetic$String
15:59:09.619 [main] DEBUG o.s.j.b.loader.SquidClassLoader - .class not found for ais.gui.common.Object
15:59:09.620 [main] DEBUG o.s.j.b.loader.SquidClassLoader - .class not found for java.lang.Synthetic$Object
15:59:09.620 [main] DEBUG o.s.j.b.loader.SquidClassLoader - .class not found for ais.gui.common.PSException
15:59:09.620 [main] DEBUG o.s.j.b.loader.SquidClassLoader - .class not found for java.lang.PSException
15:59:09.620 [main] DEBUG o.s.j.b.loader.SquidClassLoader - .class not found for java.lang.Synthetic$PSException
15:59:09.620 [main] DEBUG o.s.j.b.loader.SquidClassLoader - .class not found for ais.gui.common.AppException
15:59:09.620 [main] DEBUG o.s.j.b.loader.SquidClassLoader - .class not found for java.lang.AppException
15:59:09.620 [main] DEBUG o.s.j.b.loader.SquidClassLoader - .class not found for java.lang.Synthetic$AppException
15:59:09.620 [main] DEBUG o.s.j.b.loader.SquidClassLoader - .class not found for ais.gui.common.MSMessagePouzivatela
15:59:09.620 [main] DEBUG o.s.j.b.loader.SquidClassLoader - .class not found for java.lang.MSMessagePouzivatela
15:59:09.620 [main] DEBUG o.s.j.b.loader.SquidClassLoader - .class not found for java.lang.Synthetic$MSMessagePouzivatela
15:59:09.620 [main] DEBUG o.s.j.b.loader.SquidClassLoader - .class not found for ais.gui.common.AisApp
15:59:09.621 [main] DEBUG o.s.j.b.loader.SquidClassLoader - .class not found for java.lang.AisApp
15:59:09.621 [main] DEBUG o.s.j.b.loader.SquidClassLoader - .class not found for java.lang.Synthetic$AisApp
15:59:09.621 [main] DEBUG o.s.j.b.loader.SquidClassLoader - .class not found for ais.gui.common.String
15:59:09.621 [main] DEBUG o.s.j.b.loader.SquidClassLoader - .class not found for java.lang.Synthetic$String
15:59:09.621 [main] DEBUG o.s.j.b.loader.SquidClassLoader - .class not found for ais.gui.common.String
15:59:09.621 [main] DEBUG o.s.j.b.loader.SquidClassLoader - .class not found for java.lang.Synthetic$String
15:59:09.621 [main] DEBUG o.s.j.b.loader.SquidClassLoader - .class not found for ais.gui.common.String
15:59:09.621 [main] DEBUG o.s.j.b.loader.SquidClassLoader - .class not found for java.lang.Synthetic$String
15:59:09.621 [main] DEBUG o.s.j.b.loader.SquidClassLoader - .class not found for ais.gui.common.AppException
15:59:09.621 [main] DEBUG o.s.j.b.loader.SquidClassLoader - .class not found for java.lang.AppException
15:59:09.621 [main] DEBUG o.s.j.b.loader.SquidClassLoader - .class not found for java.lang.Synthetic$AppException
15:59:09.622 [main] DEBUG o.s.j.b.loader.SquidClassLoader - .class not found for ais.gui.common.MSMessagePouzivatela
15:59:09.622 [main] DEBUG o.s.j.b.loader.SquidClassLoader - .class not found for java.lang.MSMessagePouzivatela
15:59:09.622 [main] DEBUG o.s.j.b.loader.SquidClassLoader - .class not found for java.lang.Synthetic$MSMessagePouzivatela
15:59:09.623 [main] DEBUG o.s.j.b.loader.SquidClassLoader - .class not found for ais.gui.common.ReadOnlyPersistentService
15:59:09.623 [main] DEBUG o.s.j.b.loader.SquidClassLoader - .class not found for java.lang.ReadOnlyPersistentService
15:59:09.623 [main] DEBUG o.s.j.b.loader.SquidClassLoader - .class not found for java.lang.Synthetic$ReadOnlyPersistentService
15:59:09.623 [main] DEBUG o.s.j.b.loader.SquidClassLoader - .class not found for ais.gui.common.String
15:59:09.623 [main] DEBUG o.s.j.b.loader.SquidClassLoader - .class not found for java.lang.Synthetic$String
15:59:09.623 [main] DEBUG o.s.j.b.loader.SquidClassLoader - .class not found for ais.gui.common.String
15:59:09.623 [main] DEBUG o.s.j.b.loader.SquidClassLoader - .class not found for java.lang.Synthetic$String
15:59:09.623 [main] DEBUG o.s.j.b.loader.SquidClassLoader - .class not found for ais.gui.common.String
15:59:09.623 [main] DEBUG o.s.j.b.loader.SquidClassLoader - .class not found for java.lang.Synthetic$String
15:59:09.623 [main] DEBUG o.s.j.b.loader.SquidClassLoader - .class not found for ais.gui.common.Filter
15:59:09.624 [main] DEBUG o.s.j.b.loader.SquidClassLoader - .class not found for java.lang.Filter
15:59:09.624 [main] DEBUG o.s.j.b.loader.SquidClassLoader - .class not found for java.lang.Synthetic$Filter
15:59:09.624 [main] DEBUG o.s.j.b.loader.SquidClassLoader - .class not found for ais.gui.common.PSException
15:59:09.624 [main] DEBUG o.s.j.b.loader.SquidClassLoader - .class not found for java.lang.PSException
15:59:09.624 [main] DEBUG o.s.j.b.loader.SquidClassLoader - .class not found for java.lang.Synthetic$PSException
15:59:09.624 [main] DEBUG o.s.j.b.loader.SquidClassLoader - .class not found for ais.gui.common.NestedException
15:59:09.624 [main] DEBUG o.s.j.b.loader.SquidClassLoader - .class not found for java.lang.NestedException
15:59:09.624 [main] DEBUG o.s.j.b.loader.SquidClassLoader - .class not found for java.lang.Synthetic$NestedException
15:59:09.624 [main] DEBUG o.s.j.b.loader.SquidClassLoader - .class not found for ais.gui.common.SCObec
15:59:09.624 [main] DEBUG o.s.j.b.loader.SquidClassLoader - .class not found for java.lang.SCObec
15:59:09.624 [main] DEBUG o.s.j.b.loader.SquidClassLoader - .class not found for java.lang.Synthetic$SCObec
15:59:09.625 [main] DEBUG o.s.j.b.loader.SquidClassLoader - .class not found for ais.gui.common.AisApp
15:59:09.625 [main] DEBUG o.s.j.b.loader.SquidClassLoader - .class not found for java.lang.AisApp
15:59:09.625 [main] DEBUG o.s.j.b.loader.SquidClassLoader - .class not found for java.lang.Synthetic$AisApp
15:59:09.625 [main] DEBUG o.s.j.b.loader.SquidClassLoader - .class not found for ais.gui.common.String
15:59:09.625 [main] DEBUG o.s.j.b.loader.SquidClassLoader - .class not found for java.lang.Synthetic$String
15:59:09.625 [main] DEBUG o.s.j.b.loader.SquidClassLoader - .class not found for ais.gui.common.String
15:59:09.625 [main] DEBUG o.s.j.b.loader.SquidClassLoader - .class not found for java.lang.Synthetic$String
15:59:09.625 [main] DEBUG o.s.j.b.loader.SquidClassLoader - .class not found for ais.gui.common.Filter
15:59:09.625 [main] DEBUG o.s.j.b.loader.SquidClassLoader - .class not found for java.lang.Filter
15:59:09.625 [main] DEBUG o.s.j.b.loader.SquidClassLoader - .class not found for java.lang.Synthetic$Filter
15:59:09.625 [main] DEBUG o.s.j.b.loader.SquidClassLoader - .class not found for ais.gui.common.Ordering
15:59:09.625 [main] DEBUG o.s.j.b.loader.SquidClassLoader - .class not found for java.lang.Ordering
15:59:09.626 [main] DEBUG o.s.j.b.loader.SquidClassLoader - .class not found for java.lang.Synthetic$Ordering
15:59:09.626 [main] DEBUG o.s.j.b.loader.SquidClassLoader - .class not found for ais.gui.common.SCObec
15:59:09.626 [main] DEBUG o.s.j.b.loader.SquidClassLoader - .class not found for java.lang.SCObec
15:59:09.626 [main] DEBUG o.s.j.b.loader.SquidClassLoader - .class not found for java.lang.Synthetic$SCObec
15:59:09.626 [main] DEBUG o.s.j.b.loader.SquidClassLoader - .class not found for ais.gui.common.SCObec
15:59:09.626 [main] DEBUG o.s.j.b.loader.SquidClassLoader - .class not found for java.lang.SCObec
15:59:09.626 [main] DEBUG o.s.j.b.loader.SquidClassLoader - .class not found for java.lang.Synthetic$SCObec
15:59:09.626 [main] DEBUG o.s.j.b.loader.SquidClassLoader - .class not found for ais.gui.common.SCObec
15:59:09.626 [main] DEBUG o.s.j.b.loader.SquidClassLoader - .class not found for java.lang.SCObec
15:59:09.626 [main] DEBUG o.s.j.b.loader.SquidClassLoader - .class not found for java.lang.Synthetic$SCObec
15:59:09.626 [main] DEBUG o.s.j.b.loader.SquidClassLoader - .class not found for ais.gui.common.Filter
15:59:09.626 [main] DEBUG o.s.j.b.loader.SquidClassLoader - .class not found for java.lang.Filter
15:59:09.627 [main] DEBUG o.s.j.b.loader.SquidClassLoader - .class not found for java.lang.Synthetic$Filter
15:59:09.627 [main] DEBUG o.s.j.b.loader.SquidClassLoader - .class not found for ais.gui.common.String
15:59:09.627 [main] DEBUG o.s.j.b.loader.SquidClassLoader - .class not found for java.lang.Synthetic$String
15:59:09.627 [main] DEBUG o.s.j.b.loader.SquidClassLoader - .class not found for ais.gui.common.SCObec
15:59:09.627 [main] DEBUG o.s.j.b.loader.SquidClassLoader - .class not found for java.lang.SCObec
15:59:09.627 [main] DEBUG o.s.j.b.loader.SquidClassLoader - .class not found for java.lang.Synthetic$SCObec
15:59:09.627 [main] DEBUG o.s.j.b.loader.SquidClassLoader - .class not found for ais.gui.common.SCObec
15:59:09.627 [main] DEBUG o.s.j.b.loader.SquidClassLoader - .class not found for java.lang.SCObec
15:59:09.627 [main] DEBUG o.s.j.b.loader.SquidClassLoader - .class not found for java.lang.Synthetic$SCObec
15:59:09.627 [main] DEBUG o.s.j.b.loader.SquidClassLoader - .class not found for ais.gui.common.Filter
15:59:09.627 [main] DEBUG o.s.j.b.loader.SquidClassLoader - .class not found for java.lang.Filter
15:59:09.627 [main] DEBUG o.s.j.b.loader.SquidClassLoader - .class not found for java.lang.Synthetic$Filter
15:59:09.627 [main] DEBUG o.s.j.b.loader.SquidClassLoader - .class not found for ais.gui.common.String
15:59:09.628 [main] DEBUG o.s.j.b.loader.SquidClassLoader - .class not found for java.lang.Synthetic$String
15:59:09.628 [main] DEBUG o.s.j.b.loader.SquidClassLoader - .class not found for ais.gui.common.SCObec
15:59:09.628 [main] DEBUG o.s.j.b.loader.SquidClassLoader - .class not found for java.lang.SCObec
15:59:09.628 [main] DEBUG o.s.j.b.loader.SquidClassLoader - .class not found for java.lang.Synthetic$SCObec
15:59:09.628 [main] DEBUG o.s.j.b.loader.SquidClassLoader - .class not found for ais.gui.common.SCObec
15:59:09.628 [main] DEBUG o.s.j.b.loader.SquidClassLoader - .class not found for java.lang.SCObec
15:59:09.628 [main] DEBUG o.s.j.b.loader.SquidClassLoader - .class not found for java.lang.Synthetic$SCObec
15:59:09.629 [main] DEBUG o.s.j.b.loader.SquidClassLoader - .class not found for ais.gui.common.PSException
15:59:09.629 [main] DEBUG o.s.j.b.loader.SquidClassLoader - .class not found for java.lang.PSException
15:59:09.629 [main] DEBUG o.s.j.b.loader.SquidClassLoader - .class not found for java.lang.Synthetic$PSException
15:59:09.629 [main] DEBUG o.s.j.b.loader.SquidClassLoader - .class not found for ais.gui.common.AppException
15:59:09.629 [main] DEBUG o.s.j.b.loader.SquidClassLoader - .class not found for java.lang.AppException
15:59:09.629 [main] DEBUG o.s.j.b.loader.SquidClassLoader - .class not found for java.lang.Synthetic$AppException
15:59:09.629 [main] DEBUG o.s.j.b.loader.SquidClassLoader - .class not found for ais.gui.common.SCOkres
15:59:09.630 [main] DEBUG o.s.j.b.loader.SquidClassLoader - .class not found for java.lang.SCOkres
15:59:09.630 [main] DEBUG o.s.j.b.loader.SquidClassLoader - .class not found for java.lang.Synthetic$SCOkres
15:59:09.630 [main] DEBUG o.s.j.b.loader.SquidClassLoader - .class not found for ais.gui.common.AisApp
15:59:09.630 [main] DEBUG o.s.j.b.loader.SquidClassLoader - .class not found for java.lang.AisApp
15:59:09.630 [main] DEBUG o.s.j.b.loader.SquidClassLoader - .class not found for java.lang.Synthetic$AisApp
15:59:09.630 [main] DEBUG o.s.j.b.loader.SquidClassLoader - .class not found for ais.gui.common.Filter
15:59:09.630 [main] DEBUG o.s.j.b.loader.SquidClassLoader - .class not found for java.lang.Filter
15:59:09.630 [main] DEBUG o.s.j.b.loader.SquidClassLoader - .class not found for java.lang.Synthetic$Filter
15:59:09.630 [main] DEBUG o.s.j.b.loader.SquidClassLoader - .class not found for ais.gui.common.PSException
15:59:09.630 [main] DEBUG o.s.j.b.loader.SquidClassLoader - .class not found for java.lang.PSException
15:59:09.630 [main] DEBUG o.s.j.b.loader.SquidClassLoader - .class not found for java.lang.Synthetic$PSException
15:59:09.630 [main] DEBUG o.s.j.b.loader.SquidClassLoader - .class not found for ais.gui.common.NestedException
15:59:09.631 [main] DEBUG o.s.j.b.loader.SquidClassLoader - .class not found for java.lang.NestedException
15:59:09.631 [main] DEBUG o.s.j.b.loader.SquidClassLoader - .class not found for java.lang.Synthetic$NestedException
15:59:09.631 [main] DEBUG o.s.j.b.loader.SquidClassLoader - .class not found for ais.gui.common.SCObec
15:59:09.631 [main] DEBUG o.s.j.b.loader.SquidClassLoader - .class not found for java.lang.SCObec
15:59:09.631 [main] DEBUG o.s.j.b.loader.SquidClassLoader - .class not found for java.lang.Synthetic$SCObec
15:59:09.631 [main] DEBUG o.s.j.b.loader.SquidClassLoader - .class not found for ais.gui.common.AisApp
15:59:09.631 [main] DEBUG o.s.j.b.loader.SquidClassLoader - .class not found for java.lang.AisApp
15:59:09.631 [main] DEBUG o.s.j.b.loader.SquidClassLoader - .class not found for java.lang.Synthetic$AisApp
15:59:09.631 [main] DEBUG o.s.j.b.loader.SquidClassLoader - .class not found for ais.gui.common.NestedException
15:59:09.631 [main] DEBUG o.s.j.b.loader.SquidClassLoader - .class not found for java.lang.NestedException
15:59:09.633 [main] DEBUG o.s.j.b.loader.SquidClassLoader - .class not found for java.lang.Synthetic$NestedException
15:59:09.633 [main] DEBUG o.s.j.b.loader.SquidClassLoader - .class not found for ais.gui.common.SCObec
15:59:09.633 [main] DEBUG o.s.j.b.loader.SquidClassLoader - .class not found for java.lang.SCObec
15:59:09.633 [main] DEBUG o.s.j.b.loader.SquidClassLoader - .class not found for java.lang.Synthetic$SCObec
15:59:09.633 [main] DEBUG o.s.j.b.loader.SquidClassLoader - .class not found for ais.gui.common.AisApplicationContext
15:59:09.633 [main] DEBUG o.s.j.b.loader.SquidClassLoader - .class not found for java.lang.AisApplicationContext
15:59:09.633 [main] DEBUG o.s.j.b.loader.SquidClassLoader - .class not found for java.lang.Synthetic$AisApplicationContext
15:59:09.633 [main] DEBUG o.s.j.b.loader.SquidClassLoader - .class not found for ais.gui.common.PSException
15:59:09.633 [main] DEBUG o.s.j.b.loader.SquidClassLoader - .class not found for java.lang.PSException
15:59:09.633 [main] DEBUG o.s.j.b.loader.SquidClassLoader - .class not found for java.lang.Synthetic$PSException
15:59:09.634 [main] DEBUG o.s.j.b.loader.SquidClassLoader - .class not found for ais.gui.common.NestedException
15:59:09.634 [main] DEBUG o.s.j.b.loader.SquidClassLoader - .class not found for java.lang.NestedException
15:59:09.634 [main] DEBUG o.s.j.b.loader.SquidClassLoader - .class not found for java.lang.Synthetic$NestedException
15:59:09.634 [main] DEBUG o.s.j.b.loader.SquidClassLoader - .class not found for ais.gui.common.CRSC_Obec
15:59:09.634 [main] DEBUG o.s.j.b.loader.SquidClassLoader - .class not found for java.lang.CRSC_Obec
15:59:09.634 [main] DEBUG o.s.j.b.loader.SquidClassLoader - .class not found for java.lang.Synthetic$CRSC_Obec
15:59:09.634 [main] DEBUG o.s.j.b.loader.SquidClassLoader - .class not found for ais.gui.common.AisApplicationContext
15:59:09.634 [main] DEBUG o.s.j.b.loader.SquidClassLoader - .class not found for java.lang.AisApplicationContext
15:59:09.634 [main] DEBUG o.s.j.b.loader.SquidClassLoader - .class not found for java.lang.Synthetic$AisApplicationContext
15:59:09.634 [main] DEBUG o.s.j.b.loader.SquidClassLoader - .class not found for ais.gui.common.String
15:59:09.634 [main] DEBUG o.s.j.b.loader.SquidClassLoader - .class not found for java.lang.Synthetic$String
15:59:09.635 [main] DEBUG o.s.j.b.loader.SquidClassLoader - .class not found for ais.gui.common.String
15:59:09.635 [main] DEBUG o.s.j.b.loader.SquidClassLoader - .class not found for java.lang.Synthetic$String
15:59:09.635 [main] DEBUG o.s.j.b.loader.SquidClassLoader - .class not found for ais.gui.common.String
15:59:09.635 [main] DEBUG o.s.j.b.loader.SquidClassLoader - .class not found for java.lang.Synthetic$String
15:59:09.635 [main] DEBUG o.s.j.b.loader.SquidClassLoader - .class not found for ais.gui.common.AisApplicationContext
15:59:09.635 [main] DEBUG o.s.j.b.loader.SquidClassLoader - .class not found for java.lang.AisApplicationContext
15:59:09.635 [main] DEBUG o.s.j.b.loader.SquidClassLoader - .class not found for java.lang.Synthetic$AisApplicationContext
15:59:09.635 [main] DEBUG o.s.j.b.loader.SquidClassLoader - .class not found for ais.gui.common.PSException
15:59:09.635 [main] DEBUG o.s.j.b.loader.SquidClassLoader - .class not found for java.lang.PSException
15:59:09.635 [main] DEBUG o.s.j.b.loader.SquidClassLoader - .class not found for java.lang.Synthetic$PSException
15:59:09.635 [main] DEBUG o.s.j.b.loader.SquidClassLoader - .class not found for ais.gui.common.AppException
15:59:09.636 [main] DEBUG o.s.j.b.loader.SquidClassLoader - .class not found for java.lang.AppException
15:59:09.636 [main] DEBUG o.s.j.b.loader.SquidClassLoader - .class not found for java.lang.Synthetic$AppException
15:59:09.636 [main] DEBUG o.s.j.b.loader.SquidClassLoader - .class not found for ais.gui.common.SCMesiac
15:59:09.636 [main] DEBUG o.s.j.b.loader.SquidClassLoader - .class not found for java.lang.SCMesiac
15:59:09.636 [main] DEBUG o.s.j.b.loader.SquidClassLoader - .class not found for java.lang.Synthetic$SCMesiac
15:59:09.636 [main] DEBUG o.s.j.b.loader.SquidClassLoader - .class not found for ais.gui.common.AisApp
15:59:09.636 [main] DEBUG o.s.j.b.loader.SquidClassLoader - .class not found for java.lang.AisApp
15:59:09.636 [main] DEBUG o.s.j.b.loader.SquidClassLoader - .class not found for java.lang.Synthetic$AisApp
15:59:09.636 [main] DEBUG o.s.j.b.loader.SquidClassLoader - .class not found for ais.gui.common.Filter
15:59:09.636 [main] DEBUG o.s.j.b.loader.SquidClassLoader - .class not found for java.lang.Filter
15:59:09.636 [main] DEBUG o.s.j.b.loader.SquidClassLoader - .class not found for java.lang.Synthetic$Filter
15:59:09.636 [main] DEBUG o.s.j.b.loader.SquidClassLoader - .class not found for ais.gui.common.Ordering
15:59:09.636 [main] DEBUG o.s.j.b.loader.SquidClassLoader - .class not found for java.lang.Ordering
15:59:09.636 [main] DEBUG o.s.j.b.loader.SquidClassLoader - .class not found for java.lang.Synthetic$Ordering
15:59:09.636 [main] DEBUG o.s.j.b.loader.SquidClassLoader - .class not found for ais.gui.common.PSException
15:59:09.637 [main] DEBUG o.s.j.b.loader.SquidClassLoader - .class not found for java.lang.PSException
15:59:09.637 [main] DEBUG o.s.j.b.loader.SquidClassLoader - .class not found for java.lang.Synthetic$PSException
15:59:09.637 [main] DEBUG o.s.j.b.loader.SquidClassLoader - .class not found for ais.gui.common.AisApp
15:59:09.637 [main] DEBUG o.s.j.b.loader.SquidClassLoader - .class not found for java.lang.AisApp
15:59:09.637 [main] DEBUG o.s.j.b.loader.SquidClassLoader - .class not found for java.lang.Synthetic$AisApp
15:59:09.637 [main] DEBUG o.s.j.b.loader.SquidClassLoader - .class not found for ais.gui.common.AppException
15:59:09.637 [main] DEBUG o.s.j.b.loader.SquidClassLoader - .class not found for java.lang.AppException
15:59:09.637 [main] DEBUG o.s.j.b.loader.SquidClassLoader - .class not found for java.lang.Synthetic$AppException
15:59:09.637 [main] DEBUG o.s.j.b.loader.SquidClassLoader - .class not found for ais.gui.common.SCPWOrgJednotka
15:59:09.637 [main] DEBUG o.s.j.b.loader.SquidClassLoader - .class not found for java.lang.SCPWOrgJednotka
15:59:09.637 [main] DEBUG o.s.j.b.loader.SquidClassLoader - .class not found for java.lang.Synthetic$SCPWOrgJednotka
15:59:09.637 [main] DEBUG o.s.j.b.loader.SquidClassLoader - .class not found for ais.gui.common.AisApp
15:59:09.637 [main] DEBUG o.s.j.b.loader.SquidClassLoader - .class not found for java.lang.AisApp
15:59:09.637 [main] DEBUG o.s.j.b.loader.SquidClassLoader - .class not found for java.lang.Synthetic$AisApp
15:59:09.637 [main] DEBUG o.s.j.b.loader.SquidClassLoader - .class not found for ais.gui.common.String
15:59:09.637 [main] DEBUG o.s.j.b.loader.SquidClassLoader - .class not found for java.lang.Synthetic$String
15:59:09.637 [main] DEBUG o.s.j.b.loader.SquidClassLoader - .class not found for ais.gui.common.String
15:59:09.638 [main] DEBUG o.s.j.b.loader.SquidClassLoader - .class not found for java.lang.Synthetic$String
15:59:09.638 [main] DEBUG o.s.j.b.loader.SquidClassLoader - .class not found for ais.gui.common.BarSpec
15:59:09.638 [main] DEBUG o.s.j.b.loader.SquidClassLoader - .class not found for java.lang.BarSpec
15:59:09.638 [main] DEBUG o.s.j.b.loader.SquidClassLoader - .class not found for java.lang.Synthetic$BarSpec
15:59:09.638 [main] DEBUG o.s.j.b.loader.SquidClassLoader - .class not found for ais.gui.common.PSException
15:59:09.638 [main] DEBUG o.s.j.b.loader.SquidClassLoader - .class not found for java.lang.PSException
15:59:09.638 [main] DEBUG o.s.j.b.loader.SquidClassLoader - .class not found for java.lang.Synthetic$PSException
15:59:09.638 [main] DEBUG o.s.j.b.loader.SquidClassLoader - .class not found for ais.gui.common.PSException
15:59:09.638 [main] DEBUG o.s.j.b.loader.SquidClassLoader - .class not found for java.lang.PSException
15:59:09.638 [main] DEBUG o.s.j.b.loader.SquidClassLoader - .class not found for java.lang.Synthetic$PSException
15:59:09.638 [main] DEBUG o.s.j.b.loader.SquidClassLoader - .class not found for ais.gui.common.SCTypParamSystem
15:59:09.638 [main] DEBUG o.s.j.b.loader.SquidClassLoader - .class not found for java.lang.SCTypParamSystem
15:59:09.638 [main] DEBUG o.s.j.b.loader.SquidClassLoader - .class not found for java.lang.Synthetic$SCTypParamSystem
15:59:09.638 [main] DEBUG o.s.j.b.loader.SquidClassLoader - .class not found for ais.gui.common.AisApp
15:59:09.638 [main] DEBUG o.s.j.b.loader.SquidClassLoader - .class not found for java.lang.AisApp
15:59:09.638 [main] DEBUG o.s.j.b.loader.SquidClassLoader - .class not found for java.lang.Synthetic$AisApp
15:59:09.638 [main] DEBUG o.s.j.b.loader.SquidClassLoader - .class not found for ais.gui.common.Integer
15:59:09.638 [main] DEBUG o.s.j.b.loader.SquidClassLoader - .class not found for java.lang.Synthetic$Integer
15:59:09.638 [main] DEBUG o.s.j.b.loader.SquidClassLoader - .class not found for ais.gui.common.String
15:59:09.639 [main] DEBUG o.s.j.b.loader.SquidClassLoader - .class not found for java.lang.Synthetic$String
15:59:09.639 [main] DEBUG o.s.j.b.loader.SquidClassLoader - .class not found for ais.gui.common.NumberFormatException
15:59:09.639 [main] DEBUG o.s.j.b.loader.SquidClassLoader - .class not found for java.lang.Synthetic$NumberFormatException
15:59:09.639 [main] DEBUG o.s.j.b.loader.SquidClassLoader - .class not found for ais.gui.common.String
15:59:09.639 [main] DEBUG o.s.j.b.loader.SquidClassLoader - .class not found for java.lang.Synthetic$String
15:59:09.639 [main] DEBUG o.s.j.b.loader.SquidClassLoader - .class not found for ais.gui.common.String
15:59:09.639 [main] DEBUG o.s.j.b.loader.SquidClassLoader - .class not found for java.lang.Synthetic$String
15:59:09.639 [main] DEBUG o.s.j.b.loader.SquidClassLoader - .class not found for ais.gui.common.String
15:59:09.639 [main] DEBUG o.s.j.b.loader.SquidClassLoader - .class not found for java.lang.Synthetic$String
15:59:09.639 [main] DEBUG o.s.j.b.loader.SquidClassLoader - .class not found for ais.gui.common.String
15:59:09.639 [main] DEBUG o.s.j.b.loader.SquidClassLoader - .class not found for java.lang.Synthetic$String
15:59:09.639 [main] DEBUG o.s.j.b.loader.SquidClassLoader - .class not found for ais.gui.common.AppException
15:59:09.639 [main] DEBUG o.s.j.b.loader.SquidClassLoader - .class not found for java.lang.AppException
15:59:09.639 [main] DEBUG o.s.j.b.loader.SquidClassLoader - .class not found for java.lang.Synthetic$AppException
15:59:09.640 [main] DEBUG o.s.j.b.loader.SquidClassLoader - .class not found for ais.gui.common.SCDenVTyzdni
15:59:09.640 [main] DEBUG o.s.j.b.loader.SquidClassLoader - .class not found for java.lang.SCDenVTyzdni
15:59:09.640 [main] DEBUG o.s.j.b.loader.SquidClassLoader - .class not found for java.lang.Synthetic$SCDenVTyzdni
15:59:09.640 [main] DEBUG o.s.j.b.loader.SquidClassLoader - .class not found for ais.gui.common.AisApp
15:59:09.640 [main] DEBUG o.s.j.b.loader.SquidClassLoader - .class not found for java.lang.AisApp
15:59:09.640 [main] DEBUG o.s.j.b.loader.SquidClassLoader - .class not found for java.lang.Synthetic$AisApp
15:59:09.640 [main] DEBUG o.s.j.b.loader.SquidClassLoader - .class not found for ais.gui.common.PSException
15:59:09.640 [main] DEBUG o.s.j.b.loader.SquidClassLoader - .class not found for java.lang.PSException
15:59:09.640 [main] DEBUG o.s.j.b.loader.SquidClassLoader - .class not found for java.lang.Synthetic$PSException
15:59:09.640 [main] DEBUG o.s.j.b.loader.SquidClassLoader - .class not found for ais.gui.common.AppException
15:59:09.640 [main] DEBUG o.s.j.b.loader.SquidClassLoader - .class not found for java.lang.AppException
15:59:09.640 [main] DEBUG o.s.j.b.loader.SquidClassLoader - .class not found for java.lang.Synthetic$AppException
15:59:09.640 [main] DEBUG o.s.j.b.loader.SquidClassLoader - .class not found for ais.gui.common.SCTypDatumAkcia
15:59:09.640 [main] DEBUG o.s.j.b.loader.SquidClassLoader - .class not found for java.lang.SCTypDatumAkcia
15:59:09.640 [main] DEBUG o.s.j.b.loader.SquidClassLoader - .class not found for java.lang.Synthetic$SCTypDatumAkcia
15:59:09.640 [main] DEBUG o.s.j.b.loader.SquidClassLoader - .class not found for ais.gui.common.AisApp
15:59:09.640 [main] DEBUG o.s.j.b.loader.SquidClassLoader - .class not found for java.lang.AisApp
15:59:09.640 [main] DEBUG o.s.j.b.loader.SquidClassLoader - .class not found for java.lang.Synthetic$AisApp
15:59:09.641 [main] DEBUG o.s.j.b.loader.SquidClassLoader - .class not found for ais.gui.common.PSException
15:59:09.641 [main] DEBUG o.s.j.b.loader.SquidClassLoader - .class not found for java.lang.PSException
15:59:09.641 [main] DEBUG o.s.j.b.loader.SquidClassLoader - .class not found for java.lang.Synthetic$PSException
15:59:09.641 [main] DEBUG o.s.j.b.loader.SquidClassLoader - .class not found for ais.gui.common.NestedException
15:59:09.641 [main] DEBUG o.s.j.b.loader.SquidClassLoader - .class not found for java.lang.NestedException
15:59:09.641 [main] DEBUG o.s.j.b.loader.SquidClassLoader - .class not found for java.lang.Synthetic$NestedException
15:59:09.641 [main] DEBUG o.s.j.b.loader.SquidClassLoader - .class not found for ais.gui.common.SCPWOrgJednotka
15:59:09.641 [main] DEBUG o.s.j.b.loader.SquidClassLoader - .class not found for java.lang.SCPWOrgJednotka
15:59:09.641 [main] DEBUG o.s.j.b.loader.SquidClassLoader - .class not found for java.lang.Synthetic$SCPWOrgJednotka
15:59:09.641 [main] DEBUG o.s.j.b.loader.SquidClassLoader - .class not found for ais.gui.common.AisApp
15:59:09.642 [main] DEBUG o.s.j.b.loader.SquidClassLoader - .class not found for java.lang.AisApp
15:59:09.642 [main] DEBUG o.s.j.b.loader.SquidClassLoader - .class not found for java.lang.Synthetic$AisApp
15:59:09.642 [main] DEBUG o.s.j.b.loader.SquidClassLoader - .class not found for ais.gui.common.NestedException
15:59:09.642 [main] DEBUG o.s.j.b.loader.SquidClassLoader - .class not found for java.lang.NestedException
15:59:09.642 [main] DEBUG o.s.j.b.loader.SquidClassLoader - .class not found for java.lang.Synthetic$NestedException
15:59:09.642 [main] DEBUG o.s.j.b.loader.SquidClassLoader - .class not found for ais.gui.common.SCPWOrgJednotka
15:59:09.642 [main] DEBUG o.s.j.b.loader.SquidClassLoader - .class not found for java.lang.SCPWOrgJednotka
15:59:09.642 [main] DEBUG o.s.j.b.loader.SquidClassLoader - .class not found for java.lang.Synthetic$SCPWOrgJednotka
15:59:09.642 [main] DEBUG o.s.j.b.loader.SquidClassLoader - .class not found for ais.gui.common.AisApplicationContext
15:59:09.643 [main] DEBUG o.s.j.b.loader.SquidClassLoader - .class not found for java.lang.AisApplicationContext
15:59:09.643 [main] DEBUG o.s.j.b.loader.SquidClassLoader - .class not found for java.lang.Synthetic$AisApplicationContext
15:59:09.643 [main] DEBUG o.s.j.b.loader.SquidClassLoader - .class not found for ais.gui.common.NestedException
15:59:09.643 [main] DEBUG o.s.j.b.loader.SquidClassLoader - .class not found for java.lang.NestedException
15:59:09.643 [main] DEBUG o.s.j.b.loader.SquidClassLoader - .class not found for java.lang.Synthetic$NestedException
15:59:09.643 [main] DEBUG o.s.j.b.loader.SquidClassLoader - .class not found for ais.gui.common.SCPWOrgJednotka
15:59:09.643 [main] DEBUG o.s.j.b.loader.SquidClassLoader - .class not found for java.lang.SCPWOrgJednotka
15:59:09.643 [main] DEBUG o.s.j.b.loader.SquidClassLoader - .class not found for java.lang.Synthetic$SCPWOrgJednotka
15:59:09.643 [main] DEBUG o.s.j.b.loader.SquidClassLoader - .class not found for ais.gui.common.AisApp
15:59:09.643 [main] DEBUG o.s.j.b.loader.SquidClassLoader - .class not found for java.lang.AisApp
15:59:09.643 [main] DEBUG o.s.j.b.loader.SquidClassLoader - .class not found for java.lang.Synthetic$AisApp
15:59:09.644 [main] DEBUG o.s.j.b.loader.SquidClassLoader - .class not found for ais.gui.common.NestedException
15:59:09.644 [main] DEBUG o.s.j.b.loader.SquidClassLoader - .class not found for java.lang.NestedException
15:59:09.644 [main] DEBUG o.s.j.b.loader.SquidClassLoader - .class not found for java.lang.Synthetic$NestedException
15:59:09.644 [main] DEBUG o.s.j.b.loader.SquidClassLoader - .class not found for ais.gui.common.SCPWOrgJednotka
15:59:09.644 [main] DEBUG o.s.j.b.loader.SquidClassLoader - .class not found for java.lang.SCPWOrgJednotka
15:59:09.644 [main] DEBUG o.s.j.b.loader.SquidClassLoader - .class not found for java.lang.Synthetic$SCPWOrgJednotka
15:59:09.644 [main] DEBUG o.s.j.b.loader.SquidClassLoader - .class not found for ais.gui.common.AisApp
15:59:09.644 [main] DEBUG o.s.j.b.loader.SquidClassLoader - .class not found for java.lang.AisApp
15:59:09.645 [main] DEBUG o.s.j.b.loader.SquidClassLoader - .class not found for java.lang.Synthetic$AisApp
15:59:09.645 [main] DEBUG o.s.j.b.loader.SquidClassLoader - .class not found for ais.gui.common.String
15:59:09.646 [main] DEBUG o.s.j.b.loader.SquidClassLoader - .class not found for java.lang.Synthetic$String
15:59:09.646 [main] DEBUG o.s.j.b.loader.SquidClassLoader - .class not found for ais.gui.common.NestedException
15:59:09.646 [main] DEBUG o.s.j.b.loader.SquidClassLoader - .class not found for java.lang.NestedException
15:59:09.646 [main] DEBUG o.s.j.b.loader.SquidClassLoader - .class not found for java.lang.Synthetic$NestedException
15:59:09.646 [main] DEBUG o.s.j.b.loader.SquidClassLoader - .class not found for ais.gui.common.SCPWOrgJednotka
15:59:09.646 [main] DEBUG o.s.j.b.loader.SquidClassLoader - .class not found for java.lang.SCPWOrgJednotka
15:59:09.646 [main] DEBUG o.s.j.b.loader.SquidClassLoader - .class not found for java.lang.Synthetic$SCPWOrgJednotka
15:59:09.646 [main] DEBUG o.s.j.b.loader.SquidClassLoader - .class not found for ais.gui.common.AisApplicationContext
15:59:09.646 [main] DEBUG o.s.j.b.loader.SquidClassLoader - .class not found for java.lang.AisApplicationContext
15:59:09.646 [main] DEBUG o.s.j.b.loader.SquidClassLoader - .class not found for java.lang.Synthetic$AisApplicationContext
15:59:09.646 [main] DEBUG o.s.j.b.loader.SquidClassLoader - .class not found for ais.gui.common.String
15:59:09.647 [main] DEBUG o.s.j.b.loader.SquidClassLoader - .class not found for java.lang.Synthetic$String
15:59:09.647 [main] DEBUG o.s.j.b.loader.SquidClassLoader - .class not found for ais.gui.common.NestedException
15:59:09.647 [main] DEBUG o.s.j.b.loader.SquidClassLoader - .class not found for java.lang.NestedException
15:59:09.647 [main] DEBUG o.s.j.b.loader.SquidClassLoader - .class not found for java.lang.Synthetic$NestedException
15:59:09.647 [main] DEBUG o.s.j.b.loader.SquidClassLoader - .class not found for ais.gui.common.SCPWOrgJednotka
15:59:09.647 [main] DEBUG o.s.j.b.loader.SquidClassLoader - .class not found for java.lang.SCPWOrgJednotka
15:59:09.647 [main] DEBUG o.s.j.b.loader.SquidClassLoader - .class not found for java.lang.Synthetic$SCPWOrgJednotka
15:59:09.647 [main] DEBUG o.s.j.b.loader.SquidClassLoader - .class not found for ais.gui.common.AisApp
15:59:09.647 [main] DEBUG o.s.j.b.loader.SquidClassLoader - .class not found for java.lang.AisApp
15:59:09.647 [main] DEBUG o.s.j.b.loader.SquidClassLoader - .class not found for java.lang.Synthetic$AisApp
15:59:09.647 [main] DEBUG o.s.j.b.loader.SquidClassLoader - .class not found for ais.gui.common.String
15:59:09.647 [main] DEBUG o.s.j.b.loader.SquidClassLoader - .class not found for java.lang.Synthetic$String
15:59:09.647 [main] DEBUG o.s.j.b.loader.SquidClassLoader - .class not found for ais.gui.common.String
15:59:09.647 [main] DEBUG o.s.j.b.loader.SquidClassLoader - .class not found for java.lang.Synthetic$String
15:59:09.648 [main] DEBUG o.s.j.b.loader.SquidClassLoader - .class not found for ais.gui.common.NestedException
15:59:09.648 [main] DEBUG o.s.j.b.loader.SquidClassLoader - .class not found for java.lang.NestedException
15:59:09.648 [main] DEBUG o.s.j.b.loader.SquidClassLoader - .class not found for java.lang.Synthetic$NestedException
15:59:09.648 [main] DEBUG o.s.j.b.loader.SquidClassLoader - .class not found for ais.gui.common.SCPWOrgJednotka
15:59:09.648 [main] DEBUG o.s.j.b.loader.SquidClassLoader - .class not found for java.lang.SCPWOrgJednotka
15:59:09.648 [main] DEBUG o.s.j.b.loader.SquidClassLoader - .class not found for java.lang.Synthetic$SCPWOrgJednotka
15:59:09.648 [main] DEBUG o.s.j.b.loader.SquidClassLoader - .class not found for ais.gui.common.AisApplicationContext
15:59:09.648 [main] DEBUG o.s.j.b.loader.SquidClassLoader - .class not found for java.lang.AisApplicationContext
15:59:09.648 [main] DEBUG o.s.j.b.loader.SquidClassLoader - .class not found for java.lang.Synthetic$AisApplicationContext
15:59:09.648 [main] DEBUG o.s.j.b.loader.SquidClassLoader - .class not found for ais.gui.common.String
15:59:09.648 [main] DEBUG o.s.j.b.loader.SquidClassLoader - .class not found for java.lang.Synthetic$String
15:59:09.648 [main] DEBUG o.s.j.b.loader.SquidClassLoader - .class not found for ais.gui.common.String
15:59:09.649 [main] DEBUG o.s.j.b.loader.SquidClassLoader - .class not found for java.lang.Synthetic$String
15:59:09.649 [main] DEBUG o.s.j.b.loader.SquidClassLoader - .class not found for ais.gui.common.SCPWOrgJednotka
15:59:09.649 [main] DEBUG o.s.j.b.loader.SquidClassLoader - .class not found for java.lang.SCPWOrgJednotka
15:59:09.649 [main] DEBUG o.s.j.b.loader.SquidClassLoader - .class not found for java.lang.Synthetic$SCPWOrgJednotka
15:59:09.649 [main] DEBUG o.s.j.b.loader.SquidClassLoader - .class not found for ais.gui.common.NestedException
15:59:09.649 [main] DEBUG o.s.j.b.loader.SquidClassLoader - .class not found for java.lang.NestedException
15:59:09.649 [main] DEBUG o.s.j.b.loader.SquidClassLoader - .class not found for java.lang.Synthetic$NestedException
15:59:09.649 [main] DEBUG o.s.j.b.loader.SquidClassLoader - .class not found for ais.gui.common.SCPWOrgJednotka
15:59:09.649 [main] DEBUG o.s.j.b.loader.SquidClassLoader - .class not found for java.lang.SCPWOrgJednotka
15:59:09.649 [main] DEBUG o.s.j.b.loader.SquidClassLoader - .class not found for java.lang.Synthetic$SCPWOrgJednotka
15:59:09.649 [main] DEBUG o.s.j.b.loader.SquidClassLoader - .class not found for ais.gui.common.AisApplicationContext
15:59:09.650 [main] DEBUG o.s.j.b.loader.SquidClassLoader - .class not found for java.lang.AisApplicationContext
15:59:09.650 [main] DEBUG o.s.j.b.loader.SquidClassLoader - .class not found for java.lang.Synthetic$AisApplicationContext
15:59:09.650 [main] DEBUG o.s.j.b.loader.SquidClassLoader - .class not found for ais.gui.common.String
15:59:09.650 [main] DEBUG o.s.j.b.loader.SquidClassLoader - .class not found for java.lang.Synthetic$String
15:59:09.650 [main] DEBUG o.s.j.b.loader.SquidClassLoader - .class not found for ais.gui.common.String
15:59:09.650 [main] DEBUG o.s.j.b.loader.SquidClassLoader - .class not found for java.lang.Synthetic$String
15:59:09.650 [main] DEBUG o.s.j.b.loader.SquidClassLoader - .class not found for ais.gui.common.SCPWOrgJednotka
15:59:09.650 [main] DEBUG o.s.j.b.loader.SquidClassLoader - .class not found for java.lang.SCPWOrgJednotka
15:59:09.650 [main] DEBUG o.s.j.b.loader.SquidClassLoader - .class not found for java.lang.Synthetic$SCPWOrgJednotka
15:59:09.650 [main] DEBUG o.s.j.b.loader.SquidClassLoader - .class not found for ais.gui.common.AppException
15:59:09.654 [main] DEBUG o.s.j.b.loader.SquidClassLoader - .class not found for java.lang.AppException
15:59:09.654 [main] DEBUG o.s.j.b.loader.SquidClassLoader - .class not found for java.lang.Synthetic$AppException
15:59:09.654 [main] DEBUG o.s.j.b.loader.SquidClassLoader - .class not found for ais.gui.common.SCPWOrgJednotka
15:59:09.654 [main] DEBUG o.s.j.b.loader.SquidClassLoader - .class not found for java.lang.SCPWOrgJednotka
15:59:09.654 [main] DEBUG o.s.j.b.loader.SquidClassLoader - .class not found for java.lang.Synthetic$SCPWOrgJednotka
15:59:09.654 [main] DEBUG o.s.j.b.loader.SquidClassLoader - .class not found for ais.gui.common.AisApp
15:59:09.654 [main] DEBUG o.s.j.b.loader.SquidClassLoader - .class not found for java.lang.AisApp
15:59:09.654 [main] DEBUG o.s.j.b.loader.SquidClassLoader - .class not found for java.lang.Synthetic$AisApp
15:59:09.655 [main] DEBUG o.s.j.b.loader.SquidClassLoader - .class not found for ais.gui.common.String
15:59:09.655 [main] DEBUG o.s.j.b.loader.SquidClassLoader - .class not found for java.lang.Synthetic$String
15:59:09.655 [main] DEBUG o.s.j.b.loader.SquidClassLoader - .class not found for ais.gui.common.AppException
15:59:09.655 [main] DEBUG o.s.j.b.loader.SquidClassLoader - .class not found for java.lang.AppException
15:59:09.655 [main] DEBUG o.s.j.b.loader.SquidClassLoader - .class not found for java.lang.Synthetic$AppException
15:59:09.655 [main] DEBUG o.s.j.b.loader.SquidClassLoader - .class not found for ais.gui.common.SCPWOrgJednotka
15:59:09.655 [main] DEBUG o.s.j.b.loader.SquidClassLoader - .class not found for java.lang.SCPWOrgJednotka
15:59:09.655 [main] DEBUG o.s.j.b.loader.SquidClassLoader - .class not found for java.lang.Synthetic$SCPWOrgJednotka
15:59:09.655 [main] DEBUG o.s.j.b.loader.SquidClassLoader - .class not found for ais.gui.common.AisApplicationContext
15:59:09.655 [main] DEBUG o.s.j.b.loader.SquidClassLoader - .class not found for java.lang.AisApplicationContext
15:59:09.655 [main] DEBUG o.s.j.b.loader.SquidClassLoader - .class not found for java.lang.Synthetic$AisApplicationContext
15:59:09.655 [main] DEBUG o.s.j.b.loader.SquidClassLoader - .class not found for ais.gui.common.SCPWOrgJednotka
15:59:09.655 [main] DEBUG o.s.j.b.loader.SquidClassLoader - .class not found for java.lang.SCPWOrgJednotka
15:59:09.655 [main] DEBUG o.s.j.b.loader.SquidClassLoader - .class not found for java.lang.Synthetic$SCPWOrgJednotka
15:59:09.656 [main] DEBUG o.s.j.b.loader.SquidClassLoader - .class not found for ais.gui.common.AppException
15:59:09.656 [main] DEBUG o.s.j.b.loader.SquidClassLoader - .class not found for java.lang.AppException
15:59:09.656 [main] DEBUG o.s.j.b.loader.SquidClassLoader - .class not found for java.lang.Synthetic$AppException
15:59:09.656 [main] DEBUG o.s.j.b.loader.SquidClassLoader - .class not found for ais.gui.common.SCPWOrgJednotka
15:59:09.656 [main] DEBUG o.s.j.b.loader.SquidClassLoader - .class not found for java.lang.SCPWOrgJednotka
15:59:09.656 [main] DEBUG o.s.j.b.loader.SquidClassLoader - .class not found for java.lang.Synthetic$SCPWOrgJednotka
15:59:09.656 [main] DEBUG o.s.j.b.loader.SquidClassLoader - .class not found for ais.gui.common.AisApplicationContext
15:59:09.656 [main] DEBUG o.s.j.b.loader.SquidClassLoader - .class not found for java.lang.AisApplicationContext
15:59:09.656 [main] DEBUG o.s.j.b.loader.SquidClassLoader - .class not found for java.lang.Synthetic$AisApplicationContext
15:59:09.656 [main] DEBUG o.s.j.b.loader.SquidClassLoader - .class not found for ais.gui.common.String
15:59:09.656 [main] DEBUG o.s.j.b.loader.SquidClassLoader - .class not found for java.lang.Synthetic$String
15:59:09.656 [main] DEBUG o.s.j.b.loader.SquidClassLoader - .class not found for ais.gui.common.String
15:59:09.657 [main] DEBUG o.s.j.b.loader.SquidClassLoader - .class not found for java.lang.Synthetic$String
15:59:09.657 [main] DEBUG o.s.j.b.loader.SquidClassLoader - .class not found for ais.gui.common.AppException
15:59:09.657 [main] DEBUG o.s.j.b.loader.SquidClassLoader - .class not found for java.lang.AppException
15:59:09.657 [main] DEBUG o.s.j.b.loader.SquidClassLoader - .class not found for java.lang.Synthetic$AppException
15:59:09.657 [main] DEBUG o.s.j.b.loader.SquidClassLoader - .class not found for ais.gui.common.SCPWOrgJednotka
15:59:09.657 [main] DEBUG o.s.j.b.loader.SquidClassLoader - .class not found for java.lang.SCPWOrgJednotka
15:59:09.657 [main] DEBUG o.s.j.b.loader.SquidClassLoader - .class not found for java.lang.Synthetic$SCPWOrgJednotka
15:59:09.657 [main] DEBUG o.s.j.b.loader.SquidClassLoader - .class not found for ais.gui.common.AisApplicationContext
15:59:09.658 [main] DEBUG o.s.j.b.loader.SquidClassLoader - .class not found for java.lang.AisApplicationContext
15:59:09.658 [main] DEBUG o.s.j.b.loader.SquidClassLoader - .class not found for java.lang.Synthetic$AisApplicationContext
15:59:09.658 [main] DEBUG o.s.j.b.loader.SquidClassLoader - .class not found for ais.gui.common.String
15:59:09.658 [main] DEBUG o.s.j.b.loader.SquidClassLoader - .class not found for java.lang.Synthetic$String
15:59:09.658 [main] DEBUG o.s.j.b.loader.SquidClassLoader - .class not found for ais.gui.common.String
15:59:09.658 [main] DEBUG o.s.j.b.loader.SquidClassLoader - .class not found for java.lang.Synthetic$String
15:59:09.658 [main] DEBUG o.s.j.b.loader.SquidClassLoader - .class not found for ais.gui.common.AisApplicationContext
15:59:09.658 [main] DEBUG o.s.j.b.loader.SquidClassLoader - .class not found for java.lang.AisApplicationContext
15:59:09.658 [main] DEBUG o.s.j.b.loader.SquidClassLoader - .class not found for java.lang.Synthetic$AisApplicationContext
15:59:09.658 [main] DEBUG o.s.j.b.loader.SquidClassLoader - .class not found for ais.gui.common.ReadOnlyPersistentService
15:59:09.659 [main] DEBUG o.s.j.b.loader.SquidClassLoader - .class not found for java.lang.ReadOnlyPersistentService
15:59:09.659 [main] DEBUG o.s.j.b.loader.SquidClassLoader - .class not found for java.lang.Synthetic$ReadOnlyPersistentService
15:59:09.659 [main] DEBUG o.s.j.b.loader.SquidClassLoader - .class not found for ais.gui.common.Filter
15:59:09.659 [main] DEBUG o.s.j.b.loader.SquidClassLoader - .class not found for java.lang.Filter
15:59:09.659 [main] DEBUG o.s.j.b.loader.SquidClassLoader - .class not found for java.lang.Synthetic$Filter
15:59:09.659 [main] DEBUG o.s.j.b.loader.SquidClassLoader - .class not found for ais.gui.common.STCinnostSPOJ
15:59:09.659 [main] DEBUG o.s.j.b.loader.SquidClassLoader - .class not found for java.lang.STCinnostSPOJ
15:59:09.659 [main] DEBUG o.s.j.b.loader.SquidClassLoader - .class not found for java.lang.Synthetic$STCinnostSPOJ
15:59:09.660 [main] DEBUG o.s.j.b.loader.SquidClassLoader - .class not found for ais.gui.common.String
15:59:09.660 [main] DEBUG o.s.j.b.loader.SquidClassLoader - .class not found for java.lang.Synthetic$String
15:59:09.660 [main] DEBUG o.s.j.b.loader.SquidClassLoader - .class not found for ais.gui.common.STCinnostSPOJ
15:59:09.660 [main] DEBUG o.s.j.b.loader.SquidClassLoader - .class not found for java.lang.STCinnostSPOJ
15:59:09.660 [main] DEBUG o.s.j.b.loader.SquidClassLoader - .class not found for java.lang.Synthetic$STCinnostSPOJ
15:59:09.660 [main] DEBUG o.s.j.b.loader.SquidClassLoader - .class not found for ais.gui.common.PSException
15:59:09.660 [main] DEBUG o.s.j.b.loader.SquidClassLoader - .class not found for java.lang.PSException
15:59:09.660 [main] DEBUG o.s.j.b.loader.SquidClassLoader - .class not found for java.lang.Synthetic$PSException
15:59:09.660 [main] DEBUG o.s.j.b.loader.SquidClassLoader - .class not found for ais.gui.common.AppException
15:59:09.660 [main] DEBUG o.s.j.b.loader.SquidClassLoader - .class not found for java.lang.AppException
15:59:09.660 [main] DEBUG o.s.j.b.loader.SquidClassLoader - .class not found for java.lang.Synthetic$AppException
15:59:09.660 [main] DEBUG o.s.j.b.loader.SquidClassLoader - .class not found for ais.gui.common.Attribute
15:59:09.660 [main] DEBUG o.s.j.b.loader.SquidClassLoader - .class not found for java.lang.Attribute
15:59:09.661 [main] DEBUG o.s.j.b.loader.SquidClassLoader - .class not found for java.lang.Synthetic$Attribute
15:59:09.661 [main] DEBUG o.s.j.b.loader.SquidClassLoader - .class not found for ais.gui.common.AisApp
15:59:09.661 [main] DEBUG o.s.j.b.loader.SquidClassLoader - .class not found for java.lang.AisApp
15:59:09.661 [main] DEBUG o.s.j.b.loader.SquidClassLoader - .class not found for java.lang.Synthetic$AisApp
15:59:09.661 [main] DEBUG o.s.j.b.loader.SquidClassLoader - .class not found for ais.gui.common.Integer
15:59:09.661 [main] DEBUG o.s.j.b.loader.SquidClassLoader - .class not found for java.lang.Synthetic$Integer
15:59:09.661 [main] DEBUG o.s.j.b.loader.SquidClassLoader - .class not found for ais.gui.common.Filter
15:59:09.661 [main] DEBUG o.s.j.b.loader.SquidClassLoader - .class not found for java.lang.Filter
15:59:09.661 [main] DEBUG o.s.j.b.loader.SquidClassLoader - .class not found for java.lang.Synthetic$Filter
15:59:09.662 [main] DEBUG o.s.j.b.loader.SquidClassLoader - .class not found for ais.gui.common.PSException
15:59:09.662 [main] DEBUG o.s.j.b.loader.SquidClassLoader - .class not found for java.lang.PSException
15:59:09.662 [main] DEBUG o.s.j.b.loader.SquidClassLoader - .class not found for java.lang.Synthetic$PSException
15:59:09.662 [main] DEBUG o.s.j.b.loader.SquidClassLoader - .class not found for ais.gui.common.AppException
15:59:09.662 [main] DEBUG o.s.j.b.loader.SquidClassLoader - .class not found for java.lang.AppException
15:59:09.662 [main] DEBUG o.s.j.b.loader.SquidClassLoader - .class not found for java.lang.Synthetic$AppException
15:59:09.662 [main] DEBUG o.s.j.b.loader.SquidClassLoader - .class not found for ais.gui.common.CRSC_Staty
15:59:09.662 [main] DEBUG o.s.j.b.loader.SquidClassLoader - .class not found for java.lang.CRSC_Staty
15:59:09.662 [main] DEBUG o.s.j.b.loader.SquidClassLoader - .class not found for java.lang.Synthetic$CRSC_Staty
15:59:09.663 [main] DEBUG o.s.j.b.loader.SquidClassLoader - .class not found for ais.gui.common.AisApp
15:59:09.663 [main] DEBUG o.s.j.b.loader.SquidClassLoader - .class not found for java.lang.AisApp
15:59:09.663 [main] DEBUG o.s.j.b.loader.SquidClassLoader - .class not found for java.lang.Synthetic$AisApp
15:59:09.663 [main] DEBUG o.s.j.b.loader.SquidClassLoader - .class not found for ais.gui.common.PSException
15:59:09.663 [main] DEBUG o.s.j.b.loader.SquidClassLoader - .class not found for java.lang.PSException
15:59:09.663 [main] DEBUG o.s.j.b.loader.SquidClassLoader - .class not found for java.lang.Synthetic$PSException
15:59:09.663 [main] DEBUG o.s.j.b.loader.SquidClassLoader - .class not found for ais.gui.common.AppException
15:59:09.664 [main] DEBUG o.s.j.b.loader.SquidClassLoader - .class not found for java.lang.AppException
15:59:09.664 [main] DEBUG o.s.j.b.loader.SquidClassLoader - .class not found for java.lang.Synthetic$AppException
15:59:09.664 [main] DEBUG o.s.j.b.loader.SquidClassLoader - .class not found for ais.gui.common.CRSC_Staty
15:59:09.665 [main] DEBUG o.s.j.b.loader.SquidClassLoader - .class not found for java.lang.CRSC_Staty
15:59:09.665 [main] DEBUG o.s.j.b.loader.SquidClassLoader - .class not found for java.lang.Synthetic$CRSC_Staty
15:59:09.665 [main] DEBUG o.s.j.b.loader.SquidClassLoader - .class not found for ais.gui.common.AisApp
15:59:09.665 [main] DEBUG o.s.j.b.loader.SquidClassLoader - .class not found for java.lang.AisApp
15:59:09.665 [main] DEBUG o.s.j.b.loader.SquidClassLoader - .class not found for java.lang.Synthetic$AisApp
15:59:09.665 [main] DEBUG o.s.j.b.loader.SquidClassLoader - .class not found for ais.gui.common.String
15:59:09.665 [main] DEBUG o.s.j.b.loader.SquidClassLoader - .class not found for java.lang.Synthetic$String
15:59:09.665 [main] DEBUG o.s.j.b.loader.SquidClassLoader - .class not found for ais.gui.common.String
15:59:09.665 [main] DEBUG o.s.j.b.loader.SquidClassLoader - .class not found for java.lang.Synthetic$String
15:59:09.665 [main] DEBUG o.s.j.b.loader.SquidClassLoader - .class not found for ais.gui.common.PSException
15:59:09.665 [main] DEBUG o.s.j.b.loader.SquidClassLoader - .class not found for java.lang.PSException
15:59:09.665 [main] DEBUG o.s.j.b.loader.SquidClassLoader - .class not found for java.lang.Synthetic$PSException
15:59:09.665 [main] DEBUG o.s.j.b.loader.SquidClassLoader - .class not found for ais.gui.common.AppException
15:59:09.665 [main] DEBUG o.s.j.b.loader.SquidClassLoader - .class not found for java.lang.AppException
15:59:09.665 [main] DEBUG o.s.j.b.loader.SquidClassLoader - .class not found for java.lang.Synthetic$AppException
15:59:09.665 [main] DEBUG o.s.j.b.loader.SquidClassLoader - .class not found for ais.gui.common.CRSC_Staty
15:59:09.666 [main] DEBUG o.s.j.b.loader.SquidClassLoader - .class not found for java.lang.CRSC_Staty
15:59:09.666 [main] DEBUG o.s.j.b.loader.SquidClassLoader - .class not found for java.lang.Synthetic$CRSC_Staty
15:59:09.666 [main] DEBUG o.s.j.b.loader.SquidClassLoader - .class not found for ais.gui.common.AisApplicationContext
15:59:09.666 [main] DEBUG o.s.j.b.loader.SquidClassLoader - .class not found for java.lang.AisApplicationContext
15:59:09.666 [main] DEBUG o.s.j.b.loader.SquidClassLoader - .class not found for java.lang.Synthetic$AisApplicationContext
15:59:09.666 [main] DEBUG o.s.j.b.loader.SquidClassLoader - .class not found for ais.gui.common.String
15:59:09.666 [main] DEBUG o.s.j.b.loader.SquidClassLoader - .class not found for java.lang.Synthetic$String
15:59:09.666 [main] DEBUG o.s.j.b.loader.SquidClassLoader - .class not found for ais.gui.common.String
15:59:09.667 [main] DEBUG o.s.j.b.loader.SquidClassLoader - .class not found for java.lang.Synthetic$String
15:59:09.667 [main] DEBUG o.s.j.b.loader.SquidClassLoader - .class not found for ais.gui.common.PSException
15:59:09.667 [main] DEBUG o.s.j.b.loader.SquidClassLoader - .class not found for java.lang.PSException
15:59:09.667 [main] DEBUG o.s.j.b.loader.SquidClassLoader - .class not found for java.lang.Synthetic$PSException
15:59:09.667 [main] DEBUG o.s.j.b.loader.SquidClassLoader - .class not found for ais.gui.common.AppException
15:59:09.667 [main] DEBUG o.s.j.b.loader.SquidClassLoader - .class not found for java.lang.AppException
15:59:09.667 [main] DEBUG o.s.j.b.loader.SquidClassLoader - .class not found for java.lang.Synthetic$AppException
15:59:09.667 [main] DEBUG o.s.j.b.loader.SquidClassLoader - .class not found for ais.gui.common.CRSC_Obec
15:59:09.667 [main] DEBUG o.s.j.b.loader.SquidClassLoader - .class not found for java.lang.CRSC_Obec
15:59:09.667 [main] DEBUG o.s.j.b.loader.SquidClassLoader - .class not found for java.lang.Synthetic$CRSC_Obec
15:59:09.668 [main] DEBUG o.s.j.b.loader.SquidClassLoader - .class not found for ais.gui.common.AisApp
15:59:09.668 [main] DEBUG o.s.j.b.loader.SquidClassLoader - .class not found for java.lang.AisApp
15:59:09.668 [main] DEBUG o.s.j.b.loader.SquidClassLoader - .class not found for java.lang.Synthetic$AisApp
15:59:09.669 [main] DEBUG o.s.j.b.loader.SquidClassLoader - .class not found for ais.gui.common.String
15:59:09.669 [main] DEBUG o.s.j.b.loader.SquidClassLoader - .class not found for java.lang.Synthetic$String
15:59:09.669 [main] DEBUG o.s.j.b.loader.SquidClassLoader - .class not found for ais.gui.common.String
15:59:09.669 [main] DEBUG o.s.j.b.loader.SquidClassLoader - .class not found for java.lang.Synthetic$String
15:59:09.669 [main] DEBUG o.s.j.b.loader.SquidClassLoader - .class not found for ais.gui.common.String
15:59:09.669 [main] DEBUG o.s.j.b.loader.SquidClassLoader - .class not found for java.lang.Synthetic$String
15:59:09.669 [main] DEBUG o.s.j.b.loader.SquidClassLoader - .class not found for ais.gui.common.PSException
15:59:09.669 [main] DEBUG o.s.j.b.loader.SquidClassLoader - .class not found for java.lang.PSException
15:59:09.669 [main] DEBUG o.s.j.b.loader.SquidClassLoader - .class not found for java.lang.Synthetic$PSException
15:59:09.669 [main] DEBUG o.s.j.b.loader.SquidClassLoader - .class not found for ais.gui.common.AppException
15:59:09.669 [main] DEBUG o.s.j.b.loader.SquidClassLoader - .class not found for java.lang.AppException
15:59:09.669 [main] DEBUG o.s.j.b.loader.SquidClassLoader - .class not found for java.lang.Synthetic$AppException
15:59:09.669 [main] DEBUG o.s.j.b.loader.SquidClassLoader - .class not found for ais.gui.common.PZZostava
15:59:09.669 [main] DEBUG o.s.j.b.loader.SquidClassLoader - .class not found for java.lang.PZZostava
15:59:09.670 [main] DEBUG o.s.j.b.loader.SquidClassLoader - .class not found for java.lang.Synthetic$PZZostava
15:59:09.670 [main] DEBUG o.s.j.b.loader.SquidClassLoader - .class not found for ais.gui.common.AisApp
15:59:09.670 [main] DEBUG o.s.j.b.loader.SquidClassLoader - .class not found for java.lang.AisApp
15:59:09.670 [main] DEBUG o.s.j.b.loader.SquidClassLoader - .class not found for java.lang.Synthetic$AisApp
15:59:09.670 [main] DEBUG o.s.j.b.loader.SquidClassLoader - .class not found for ais.gui.common.PSException
15:59:09.670 [main] DEBUG o.s.j.b.loader.SquidClassLoader - .class not found for java.lang.PSException
15:59:09.670 [main] DEBUG o.s.j.b.loader.SquidClassLoader - .class not found for java.lang.Synthetic$PSException
15:59:09.670 [main] DEBUG o.s.j.b.loader.SquidClassLoader - .class not found for ais.gui.common.NestedException
15:59:09.670 [main] DEBUG o.s.j.b.loader.SquidClassLoader - .class not found for java.lang.NestedException
15:59:09.670 [main] DEBUG o.s.j.b.loader.SquidClassLoader - .class not found for java.lang.Synthetic$NestedException
15:59:09.670 [main] DEBUG o.s.j.b.loader.SquidClassLoader - .class not found for ais.gui.common.String
15:59:09.670 [main] DEBUG o.s.j.b.loader.SquidClassLoader - .class not found for java.lang.Synthetic$String
15:59:09.671 [main] DEBUG o.s.j.b.loader.SquidClassLoader - .class not found for ais.gui.common.AisDlg
15:59:09.671 [main] DEBUG o.s.j.b.loader.SquidClassLoader - .class not found for java.lang.AisDlg
15:59:09.671 [main] DEBUG o.s.j.b.loader.SquidClassLoader - .class not found for java.lang.Synthetic$AisDlg
15:59:09.671 [main] DEBUG o.s.j.b.loader.SquidClassLoader - .class not found for ais.gui.common.String
15:59:09.671 [main] DEBUG o.s.j.b.loader.SquidClassLoader - .class not found for java.lang.Synthetic$String
15:59:09.671 [main] DEBUG o.s.j.b.loader.SquidClassLoader - .class not found for ais.gui.common.String
15:59:09.671 [main] DEBUG o.s.j.b.loader.SquidClassLoader - .class not found for java.lang.Synthetic$String
15:59:09.671 [main] DEBUG o.s.j.b.loader.SquidClassLoader - .class not found for ais.gui.common.SCJazyk
15:59:09.671 [main] DEBUG o.s.j.b.loader.SquidClassLoader - .class not found for java.lang.SCJazyk
15:59:09.671 [main] DEBUG o.s.j.b.loader.SquidClassLoader - .class not found for java.lang.Synthetic$SCJazyk
15:59:09.671 [main] DEBUG o.s.j.b.loader.SquidClassLoader - .class not found for ais.gui.common.AVCAbstractArrayListModel
15:59:09.672 [main] DEBUG o.s.j.b.loader.SquidClassLoader - .class not found for java.lang.AVCAbstractArrayListModel
15:59:09.672 [main] DEBUG o.s.j.b.loader.SquidClassLoader - .class not found for java.lang.Synthetic$AVCAbstractArrayListModel
15:59:09.672 [main] DEBUG o.s.j.b.loader.SquidClassLoader - .class not found for ais.gui.common.String
15:59:09.672 [main] DEBUG o.s.j.b.loader.SquidClassLoader - .class not found for java.lang.Synthetic$String
15:59:09.672 [main] DEBUG o.s.j.b.loader.SquidClassLoader - .class not found for ais.gui.common.CM009_VyberMoznostiDlg
15:59:09.672 [main] DEBUG o.s.j.b.loader.SquidClassLoader - .class not found for java.lang.CM009_VyberMoznostiDlg
15:59:09.672 [main] DEBUG o.s.j.b.loader.SquidClassLoader - .class not found for java.lang.Synthetic$CM009_VyberMoznostiDlg
15:59:09.672 [main] DEBUG o.s.j.b.loader.SquidClassLoader - .class not found for ais.gui.common.NestedException
15:59:09.672 [main] DEBUG o.s.j.b.loader.SquidClassLoader - .class not found for java.lang.NestedException
15:59:09.672 [main] DEBUG o.s.j.b.loader.SquidClassLoader - .class not found for java.lang.Synthetic$NestedException
15:59:09.672 [main] DEBUG o.s.j.b.loader.SquidClassLoader - .class not found for ais.gui.common.String
15:59:09.672 [main] DEBUG o.s.j.b.loader.SquidClassLoader - .class not found for java.lang.Synthetic$String
15:59:09.673 [main] DEBUG o.s.j.b.loader.SquidClassLoader - .class not found for ais.gui.common.String
15:59:09.673 [main] DEBUG o.s.j.b.loader.SquidClassLoader - .class not found for java.lang.Synthetic$String
15:59:09.673 [main] DEBUG o.s.j.b.loader.SquidClassLoader - .class not found for ais.gui.common.String
15:59:09.673 [main] DEBUG o.s.j.b.loader.SquidClassLoader - .class not found for java.lang.Synthetic$String
15:59:09.673 [main] DEBUG o.s.j.b.loader.SquidClassLoader - .class not found for ais.gui.common.String
15:59:09.673 [main] DEBUG o.s.j.b.loader.SquidClassLoader - .class not found for java.lang.Synthetic$String
15:59:09.673 [main] DEBUG o.s.j.b.loader.SquidClassLoader - .class not found for ais.gui.common.String
15:59:09.673 [main] DEBUG o.s.j.b.loader.SquidClassLoader - .class not found for java.lang.Synthetic$String
15:59:09.673 [main] DEBUG o.s.j.b.loader.SquidClassLoader - .class not found for ais.gui.common.String
15:59:09.673 [main] DEBUG o.s.j.b.loader.SquidClassLoader - .class not found for java.lang.Synthetic$String
15:59:09.673 [main] DEBUG o.s.j.b.loader.SquidClassLoader - .class not found for ais.gui.common.String
15:59:09.673 [main] DEBUG o.s.j.b.loader.SquidClassLoader - .class not found for java.lang.Synthetic$String
15:59:09.674 [main] DEBUG o.s.j.b.loader.SquidClassLoader - .class not found for ais.gui.common.String
15:59:09.674 [main] DEBUG o.s.j.b.loader.SquidClassLoader - .class not found for java.lang.Synthetic$String
15:59:09.674 [main] DEBUG o.s.j.b.loader.SquidClassLoader - .class not found for ais.gui.common.TransformationService
15:59:09.674 [main] DEBUG o.s.j.b.loader.SquidClassLoader - .class not found for java.lang.TransformationService
15:59:09.674 [main] DEBUG o.s.j.b.loader.SquidClassLoader - .class not found for java.lang.Synthetic$TransformationService
15:59:09.674 [main] DEBUG o.s.j.b.loader.SquidClassLoader - .class not found for ais.gui.common.Exception
15:59:09.674 [main] DEBUG o.s.j.b.loader.SquidClassLoader - .class not found for java.lang.Synthetic$Exception
15:59:09.674 [main] DEBUG o.s.j.b.loader.SquidClassLoader - .class not found for ais.gui.common.NestedException
15:59:09.674 [main] DEBUG o.s.j.b.loader.SquidClassLoader - .class not found for java.lang.NestedException
15:59:09.674 [main] DEBUG o.s.j.b.loader.SquidClassLoader - .class not found for java.lang.Synthetic$NestedException
15:59:09.674 [main] DEBUG o.s.j.b.loader.SquidClassLoader - .class not found for ais.gui.common.String
15:59:09.675 [main] DEBUG o.s.j.b.loader.SquidClassLoader - .class not found for java.lang.Synthetic$String
15:59:09.675 [main] DEBUG o.s.j.b.loader.SquidClassLoader - .class not found for ais.gui.common.AisApplicationContext
15:59:09.675 [main] DEBUG o.s.j.b.loader.SquidClassLoader - .class not found for java.lang.AisApplicationContext
15:59:09.675 [main] DEBUG o.s.j.b.loader.SquidClassLoader - .class not found for java.lang.Synthetic$AisApplicationContext
15:59:09.675 [main] DEBUG o.s.j.b.loader.SquidClassLoader - .class not found for ais.gui.common.String
15:59:09.675 [main] DEBUG o.s.j.b.loader.SquidClassLoader - .class not found for java.lang.Synthetic$String
15:59:09.675 [main] DEBUG o.s.j.b.loader.SquidClassLoader - .class not found for ais.gui.common.String
15:59:09.675 [main] DEBUG o.s.j.b.loader.SquidClassLoader - .class not found for java.lang.Synthetic$String
15:59:09.675 [main] DEBUG o.s.j.b.loader.SquidClassLoader - .class not found for ais.gui.common.String
15:59:09.675 [main] DEBUG o.s.j.b.loader.SquidClassLoader - .class not found for java.lang.Synthetic$String
15:59:09.675 [main] DEBUG o.s.j.b.loader.SquidClassLoader - .class not found for ais.gui.common.String
15:59:09.676 [main] DEBUG o.s.j.b.loader.SquidClassLoader - .class not found for java.lang.Synthetic$String
15:59:09.676 [main] DEBUG o.s.j.b.loader.SquidClassLoader - .class not found for ais.gui.common.SluzbaBD
15:59:09.676 [main] DEBUG o.s.j.b.loader.SquidClassLoader - .class not found for java.lang.SluzbaBD
15:59:09.676 [main] DEBUG o.s.j.b.loader.SquidClassLoader - .class not found for java.lang.Synthetic$SluzbaBD
15:59:09.676 [main] DEBUG o.s.j.b.loader.SquidClassLoader - .class not found for ais.gui.common.TemplatePZ
15:59:09.676 [main] DEBUG o.s.j.b.loader.SquidClassLoader - .class not found for java.lang.TemplatePZ
15:59:09.676 [main] DEBUG o.s.j.b.loader.SquidClassLoader - .class not found for java.lang.Synthetic$TemplatePZ
15:59:09.676 [main] DEBUG o.s.j.b.loader.SquidClassLoader - .class not found for ais.gui.common.AppException
15:59:09.676 [main] DEBUG o.s.j.b.loader.SquidClassLoader - .class not found for java.lang.AppException
15:59:09.676 [main] DEBUG o.s.j.b.loader.SquidClassLoader - .class not found for java.lang.Synthetic$AppException
15:59:09.676 [main] DEBUG o.s.j.b.loader.SquidClassLoader - .class not found for ais.gui.common.TemplatePZ
15:59:09.676 [main] DEBUG o.s.j.b.loader.SquidClassLoader - .class not found for java.lang.TemplatePZ
15:59:09.676 [main] DEBUG o.s.j.b.loader.SquidClassLoader - .class not found for java.lang.Synthetic$TemplatePZ
15:59:09.677 [main] DEBUG o.s.j.b.loader.SquidClassLoader - .class not found for ais.gui.common.String
15:59:09.677 [main] DEBUG o.s.j.b.loader.SquidClassLoader - .class not found for java.lang.Synthetic$String
15:59:09.677 [main] DEBUG o.s.j.b.loader.SquidClassLoader - .class not found for ais.gui.common.String
15:59:09.677 [main] DEBUG o.s.j.b.loader.SquidClassLoader - .class not found for java.lang.Synthetic$String
15:59:09.677 [main] DEBUG o.s.j.b.loader.SquidClassLoader - .class not found for ais.gui.common.TransformationService
15:59:09.677 [main] DEBUG o.s.j.b.loader.SquidClassLoader - .class not found for java.lang.TransformationService
15:59:09.677 [main] DEBUG o.s.j.b.loader.SquidClassLoader - .class not found for java.lang.Synthetic$TransformationService
15:59:09.677 [main] DEBUG o.s.j.b.loader.SquidClassLoader - .class not found for ais.gui.common.Exception
15:59:09.677 [main] DEBUG o.s.j.b.loader.SquidClassLoader - .class not found for java.lang.Synthetic$Exception
15:59:09.677 [main] DEBUG o.s.j.b.loader.SquidClassLoader - .class not found for ais.gui.common.ais
15:59:09.677 [main] DEBUG o.s.j.b.loader.SquidClassLoader - .class not found for java.lang.ais
15:59:09.678 [main] DEBUG o.s.j.b.loader.SquidClassLoader - .class not found for java.lang.Synthetic$ais
15:59:09.678 [main] DEBUG o.s.j.b.loader.SquidClassLoader - .class not found for ais.gui
15:59:09.681 [main] DEBUG o.s.j.b.loader.SquidClassLoader - .class not found for ais.gui.common.base
15:59:09.681 [main] DEBUG o.s.j.b.loader.SquidClassLoader - .class not found for java.lang.base
15:59:09.682 [main] DEBUG o.s.j.b.loader.SquidClassLoader - .class not found for java.lang.Synthetic$base
15:59:09.682 [main] DEBUG o.s.j.b.loader.SquidClassLoader - .class not found for base.util
15:59:09.682 [main] DEBUG o.s.j.b.loader.SquidClassLoader - .class not found for base.util.DateUtils
15:59:09.682 [main] DEBUG o.s.j.b.loader.SquidClassLoader - .class not found for ais.gui.common.base
15:59:09.682 [main] DEBUG o.s.j.b.loader.SquidClassLoader - .class not found for java.lang.base
15:59:09.682 [main] DEBUG o.s.j.b.loader.SquidClassLoader - .class not found for java.lang.Synthetic$base
15:59:09.682 [main] DEBUG o.s.j.b.loader.SquidClassLoader - .class not found for base.util
15:59:09.682 [main] DEBUG o.s.j.b.loader.SquidClassLoader - .class not found for base.util.DateUtils
15:59:09.684 [main] DEBUG o.s.j.b.loader.SquidClassLoader - .class not found for ais.gui.common.DisplayString
15:59:09.684 [main] DEBUG o.s.j.b.loader.SquidClassLoader - .class not found for java.lang.DisplayString
15:59:09.684 [main] DEBUG o.s.j.b.loader.SquidClassLoader - .class not found for java.lang.Synthetic$DisplayString
15:59:09.685 [main] DEBUG o.s.j.b.loader.SquidClassLoader - .class not found for ais.gui.common.StringBuffer
15:59:09.685 [main] DEBUG o.s.j.b.loader.SquidClassLoader - .class not found for java.lang.Synthetic$StringBuffer
15:59:09.687 [main] DEBUG o.s.j.b.loader.SquidClassLoader - .class not found for ais.gui.common.BarSpec
15:59:09.687 [main] DEBUG o.s.j.b.loader.SquidClassLoader - .class not found for java.lang.BarSpec
15:59:09.687 [main] DEBUG o.s.j.b.loader.SquidClassLoader - .class not found for java.lang.Synthetic$BarSpec
15:59:09.688 [main] DEBUG o.s.j.b.loader.SquidClassLoader - .class not found for ais.gui.common.ESZapisnyList
15:59:09.688 [main] DEBUG o.s.j.b.loader.SquidClassLoader - .class not found for java.lang.ESZapisnyList
15:59:09.688 [main] DEBUG o.s.j.b.loader.SquidClassLoader - .class not found for java.lang.Synthetic$ESZapisnyList
15:59:09.688 [main] DEBUG o.s.j.b.loader.SquidClassLoader - .class not found for ais.gui.common.Object
15:59:09.688 [main] DEBUG o.s.j.b.loader.SquidClassLoader - .class not found for java.lang.Synthetic$Object
15:59:09.689 [main] DEBUG o.s.j.b.loader.SquidClassLoader - .class not found for ais.gui.common.BarSpec
15:59:09.689 [main] DEBUG o.s.j.b.loader.SquidClassLoader - .class not found for java.lang.BarSpec
15:59:09.689 [main] DEBUG o.s.j.b.loader.SquidClassLoader - .class not found for java.lang.Synthetic$BarSpec
15:59:09.702 [main] DEBUG o.s.j.b.loader.SquidClassLoader - .class not found for ais.gui.common.String
15:59:09.702 [main] DEBUG o.s.j.b.loader.SquidClassLoader - .class not found for java.lang.Synthetic$String
15:59:09.706 [main] DEBUG o.s.j.b.loader.SquidClassLoader - .class not found for ais.gui.common.String
15:59:09.706 [main] DEBUG o.s.j.b.loader.SquidClassLoader - .class not found for java.lang.Synthetic$String
15:59:09.707 [main] DEBUG o.s.j.b.loader.SquidClassLoader - .class not found for ais.gui.common.SCPWOrgJednotka
15:59:09.707 [main] DEBUG o.s.j.b.loader.SquidClassLoader - .class not found for java.lang.SCPWOrgJednotka
15:59:09.707 [main] DEBUG o.s.j.b.loader.SquidClassLoader - .class not found for java.lang.Synthetic$SCPWOrgJednotka
15:59:09.707 [main] DEBUG o.s.j.b.loader.SquidClassLoader - .class not found for ais.gui.common.String
15:59:09.707 [main] DEBUG o.s.j.b.loader.SquidClassLoader - .class not found for java.lang.Synthetic$String
15:59:09.708 [main] DEBUG o.s.j.b.loader.SquidClassLoader - .class not found for ais.gui.common.SCParamSystem
15:59:09.708 [main] DEBUG o.s.j.b.loader.SquidClassLoader - .class not found for java.lang.SCParamSystem
15:59:09.708 [main] DEBUG o.s.j.b.loader.SquidClassLoader - .class not found for java.lang.Synthetic$SCParamSystem
15:59:09.708 [main] DEBUG o.s.j.b.loader.SquidClassLoader - .class not found for ais.gui.common.SCPWOrgJednotka
15:59:09.708 [main] DEBUG o.s.j.b.loader.SquidClassLoader - .class not found for java.lang.SCPWOrgJednotka
15:59:09.709 [main] DEBUG o.s.j.b.loader.SquidClassLoader - .class not found for java.lang.Synthetic$SCPWOrgJednotka
15:59:09.709 [main] DEBUG o.s.j.b.loader.SquidClassLoader - .class not found for ais.gui.common.Filter
15:59:09.709 [main] DEBUG o.s.j.b.loader.SquidClassLoader - .class not found for java.lang.Filter
15:59:09.709 [main] DEBUG o.s.j.b.loader.SquidClassLoader - .class not found for java.lang.Synthetic$Filter
15:59:09.710 [main] DEBUG o.s.j.b.loader.SquidClassLoader - .class not found for ais.gui.common.SCPWOrgJednotka
15:59:09.710 [main] DEBUG o.s.j.b.loader.SquidClassLoader - .class not found for java.lang.SCPWOrgJednotka
15:59:09.710 [main] DEBUG o.s.j.b.loader.SquidClassLoader - .class not found for java.lang.Synthetic$SCPWOrgJednotka
15:59:09.710 [main] DEBUG o.s.j.b.loader.SquidClassLoader - .class not found for ais.gui.common.SCPWOrgJednotka
15:59:09.710 [main] DEBUG o.s.j.b.loader.SquidClassLoader - .class not found for java.lang.SCPWOrgJednotka
15:59:09.710 [main] DEBUG o.s.j.b.loader.SquidClassLoader - .class not found for java.lang.Synthetic$SCPWOrgJednotka
15:59:09.711 [main] DEBUG o.s.j.b.loader.SquidClassLoader - .class not found for ais.gui.common.EmptySpec
15:59:09.711 [main] DEBUG o.s.j.b.loader.SquidClassLoader - .class not found for java.lang.EmptySpec
15:59:09.711 [main] DEBUG o.s.j.b.loader.SquidClassLoader - .class not found for java.lang.Synthetic$EmptySpec
15:59:09.711 [main] DEBUG o.s.j.b.loader.SquidClassLoader - .class not found for ais.gui.common.Ordering
15:59:09.711 [main] DEBUG o.s.j.b.loader.SquidClassLoader - .class not found for java.lang.Ordering
15:59:09.711 [main] DEBUG o.s.j.b.loader.SquidClassLoader - .class not found for java.lang.Synthetic$Ordering
15:59:09.711 [main] DEBUG o.s.j.b.loader.SquidClassLoader - .class not found for ais.gui.common.SCPWOrgJednotka
15:59:09.712 [main] DEBUG o.s.j.b.loader.SquidClassLoader - .class not found for java.lang.SCPWOrgJednotka
15:59:09.712 [main] DEBUG o.s.j.b.loader.SquidClassLoader - .class not found for java.lang.Synthetic$SCPWOrgJednotka
15:59:09.713 [main] DEBUG o.s.j.b.loader.SquidClassLoader - .class not found for ais.gui.common.Filter
15:59:09.713 [main] DEBUG o.s.j.b.loader.SquidClassLoader - .class not found for java.lang.Filter
15:59:09.713 [main] DEBUG o.s.j.b.loader.SquidClassLoader - .class not found for java.lang.Synthetic$Filter
15:59:09.715 [main] DEBUG o.s.j.b.loader.SquidClassLoader - .class not found for ais.gui.common.SCPWOrgJednotka
15:59:09.715 [main] DEBUG o.s.j.b.loader.SquidClassLoader - .class not found for java.lang.SCPWOrgJednotka
15:59:09.716 [main] DEBUG o.s.j.b.loader.SquidClassLoader - .class not found for java.lang.Synthetic$SCPWOrgJednotka
15:59:09.716 [main] DEBUG o.s.j.b.loader.SquidClassLoader - .class not found for ais.gui.common.SCPWOrgJednotka
15:59:09.716 [main] DEBUG o.s.j.b.loader.SquidClassLoader - .class not found for java.lang.SCPWOrgJednotka
15:59:09.716 [main] DEBUG o.s.j.b.loader.SquidClassLoader - .class not found for java.lang.Synthetic$SCPWOrgJednotka
15:59:09.716 [main] DEBUG o.s.j.b.loader.SquidClassLoader - .class not found for ais.gui.common.EmptySpec
15:59:09.716 [main] DEBUG o.s.j.b.loader.SquidClassLoader - .class not found for java.lang.EmptySpec
15:59:09.716 [main] DEBUG o.s.j.b.loader.SquidClassLoader - .class not found for java.lang.Synthetic$EmptySpec
15:59:09.716 [main] DEBUG o.s.j.b.loader.SquidClassLoader - .class not found for ais.gui.common.SCPWOrgJednotka
15:59:09.716 [main] DEBUG o.s.j.b.loader.SquidClassLoader - .class not found for java.lang.SCPWOrgJednotka
15:59:09.716 [main] DEBUG o.s.j.b.loader.SquidClassLoader - .class not found for java.lang.Synthetic$SCPWOrgJednotka
15:59:09.717 [main] DEBUG o.s.j.b.loader.SquidClassLoader - .class not found for ais.gui.common.ArrayUtils
15:59:09.717 [main] DEBUG o.s.j.b.loader.SquidClassLoader - .class not found for java.lang.ArrayUtils
15:59:09.717 [main] DEBUG o.s.j.b.loader.SquidClassLoader - .class not found for java.lang.Synthetic$ArrayUtils
15:59:09.717 [main] DEBUG o.s.j.b.loader.SquidClassLoader - .class not found for ais.gui.common.AppException
15:59:09.717 [main] DEBUG o.s.j.b.loader.SquidClassLoader - .class not found for java.lang.AppException
15:59:09.717 [main] DEBUG o.s.j.b.loader.SquidClassLoader - .class not found for java.lang.Synthetic$AppException
15:59:09.717 [main] DEBUG o.s.j.b.loader.SquidClassLoader - .class not found for ais.gui.common.SCPWOrgJednotka
15:59:09.717 [main] DEBUG o.s.j.b.loader.SquidClassLoader - .class not found for java.lang.SCPWOrgJednotka
15:59:09.717 [main] DEBUG o.s.j.b.loader.SquidClassLoader - .class not found for java.lang.Synthetic$SCPWOrgJednotka
15:59:09.718 [main] DEBUG o.s.j.b.loader.SquidClassLoader - .class not found for ais.gui.common.Filter
15:59:09.718 [main] DEBUG o.s.j.b.loader.SquidClassLoader - .class not found for java.lang.Filter
15:59:09.718 [main] DEBUG o.s.j.b.loader.SquidClassLoader - .class not found for java.lang.Synthetic$Filter
15:59:09.720 [main] DEBUG o.s.j.b.loader.SquidClassLoader - .class not found for ais.gui.common.DateUtils
15:59:09.720 [main] DEBUG o.s.j.b.loader.SquidClassLoader - .class not found for java.lang.DateUtils
15:59:09.721 [main] DEBUG o.s.j.b.loader.SquidClassLoader - .class not found for java.lang.Synthetic$DateUtils
15:59:09.721 [main] DEBUG o.s.j.b.loader.SquidClassLoader - .class not found for ais.gui.common.DateUtils
15:59:09.721 [main] DEBUG o.s.j.b.loader.SquidClassLoader - .class not found for java.lang.DateUtils
15:59:09.721 [main] DEBUG o.s.j.b.loader.SquidClassLoader - .class not found for java.lang.Synthetic$DateUtils
15:59:09.721 [main] DEBUG o.s.j.b.loader.SquidClassLoader - .class not found for ais.gui.common.SCPWOrgJednotka
15:59:09.721 [main] DEBUG o.s.j.b.loader.SquidClassLoader - .class not found for java.lang.SCPWOrgJednotka
15:59:09.721 [main] DEBUG o.s.j.b.loader.SquidClassLoader - .class not found for java.lang.Synthetic$SCPWOrgJednotka
15:59:09.721 [main] DEBUG o.s.j.b.loader.SquidClassLoader - .class not found for ais.gui.common.SCPWOrgJednotka
15:59:09.721 [main] DEBUG o.s.j.b.loader.SquidClassLoader - .class not found for java.lang.SCPWOrgJednotka
15:59:09.721 [main] DEBUG o.s.j.b.loader.SquidClassLoader - .class not found for java.lang.Synthetic$SCPWOrgJednotka
15:59:09.722 [main] DEBUG o.s.j.b.loader.SquidClassLoader - .class not found for ais.gui.common.EmptySpec
15:59:09.722 [main] DEBUG o.s.j.b.loader.SquidClassLoader - .class not found for java.lang.EmptySpec
15:59:09.722 [main] DEBUG o.s.j.b.loader.SquidClassLoader - .class not found for java.lang.Synthetic$EmptySpec
15:59:09.722 [main] DEBUG o.s.j.b.loader.SquidClassLoader - .class not found for ais.gui.common.AppException
15:59:09.722 [main] DEBUG o.s.j.b.loader.SquidClassLoader - .class not found for java.lang.AppException
15:59:09.722 [main] DEBUG o.s.j.b.loader.SquidClassLoader - .class not found for java.lang.Synthetic$AppException
15:59:09.723 [main] DEBUG o.s.j.b.loader.SquidClassLoader - .class not found for ais.gui.common.String
15:59:09.724 [main] DEBUG o.s.j.b.loader.SquidClassLoader - .class not found for java.lang.Synthetic$String
15:59:09.727 [main] DEBUG o.s.j.b.loader.SquidClassLoader - .class not found for ais.gui.common.SCPWOrgJednotka
15:59:09.727 [main] DEBUG o.s.j.b.loader.SquidClassLoader - .class not found for java.lang.SCPWOrgJednotka
15:59:09.727 [main] DEBUG o.s.j.b.loader.SquidClassLoader - .class not found for java.lang.Synthetic$SCPWOrgJednotka
15:59:09.727 [main] DEBUG o.s.j.b.loader.SquidClassLoader - .class not found for ais.gui.common.String
15:59:09.727 [main] DEBUG o.s.j.b.loader.SquidClassLoader - .class not found for java.lang.Synthetic$String
15:59:09.728 [main] DEBUG o.s.j.b.loader.SquidClassLoader - .class not found for ais.gui.common.SCPWOrgJednotka
15:59:09.728 [main] DEBUG o.s.j.b.loader.SquidClassLoader - .class not found for java.lang.SCPWOrgJednotka
15:59:09.729 [main] DEBUG o.s.j.b.loader.SquidClassLoader - .class not found for java.lang.Synthetic$SCPWOrgJednotka
15:59:09.729 [main] DEBUG o.s.j.b.loader.SquidClassLoader - .class not found for ais.gui.common.Filter
15:59:09.729 [main] DEBUG o.s.j.b.loader.SquidClassLoader - .class not found for java.lang.Filter
15:59:09.729 [main] DEBUG o.s.j.b.loader.SquidClassLoader - .class not found for java.lang.Synthetic$Filter
15:59:09.730 [main] DEBUG o.s.j.b.loader.SquidClassLoader - .class not found for ais.gui.common.DateUtils
15:59:09.730 [main] DEBUG o.s.j.b.loader.SquidClassLoader - .class not found for java.lang.DateUtils
15:59:09.730 [main] DEBUG o.s.j.b.loader.SquidClassLoader - .class not found for java.lang.Synthetic$DateUtils
15:59:09.730 [main] DEBUG o.s.j.b.loader.SquidClassLoader - .class not found for ais.gui.common.DateUtils
15:59:09.730 [main] DEBUG o.s.j.b.loader.SquidClassLoader - .class not found for java.lang.DateUtils
15:59:09.730 [main] DEBUG o.s.j.b.loader.SquidClassLoader - .class not found for java.lang.Synthetic$DateUtils
15:59:09.730 [main] DEBUG o.s.j.b.loader.SquidClassLoader - .class not found for ais.gui.common.Ordering
15:59:09.730 [main] DEBUG o.s.j.b.loader.SquidClassLoader - .class not found for java.lang.Ordering
15:59:09.730 [main] DEBUG o.s.j.b.loader.SquidClassLoader - .class not found for java.lang.Synthetic$Ordering
15:59:09.731 [main] DEBUG o.s.j.b.loader.SquidClassLoader - .class not found for ais.gui.common.SCPWOrgJednotka
15:59:09.731 [main] DEBUG o.s.j.b.loader.SquidClassLoader - .class not found for java.lang.SCPWOrgJednotka
15:59:09.731 [main] DEBUG o.s.j.b.loader.SquidClassLoader - .class not found for java.lang.Synthetic$SCPWOrgJednotka
15:59:09.731 [main] DEBUG o.s.j.b.loader.SquidClassLoader - .class not found for ais.gui.common.SCPWOrgJednotka
15:59:09.731 [main] DEBUG o.s.j.b.loader.SquidClassLoader - .class not found for java.lang.SCPWOrgJednotka
15:59:09.731 [main] DEBUG o.s.j.b.loader.SquidClassLoader - .class not found for java.lang.Synthetic$SCPWOrgJednotka
15:59:09.731 [main] DEBUG o.s.j.b.loader.SquidClassLoader - .class not found for ais.gui.common.EmptySpec
15:59:09.731 [main] DEBUG o.s.j.b.loader.SquidClassLoader - .class not found for java.lang.EmptySpec
15:59:09.731 [main] DEBUG o.s.j.b.loader.SquidClassLoader - .class not found for java.lang.Synthetic$EmptySpec
15:59:09.731 [main] DEBUG o.s.j.b.loader.SquidClassLoader - .class not found for ais.gui.common.AppException
15:59:09.731 [main] DEBUG o.s.j.b.loader.SquidClassLoader - .class not found for java.lang.AppException
15:59:09.732 [main] DEBUG o.s.j.b.loader.SquidClassLoader - .class not found for java.lang.Synthetic$AppException
15:59:09.732 [main] DEBUG o.s.j.b.loader.SquidClassLoader - .class not found for ais.gui.common.String
15:59:09.732 [main] DEBUG o.s.j.b.loader.SquidClassLoader - .class not found for java.lang.Synthetic$String
15:59:09.733 [main] DEBUG o.s.j.b.loader.SquidClassLoader - .class not found for ais.gui.common.String
15:59:09.733 [main] DEBUG o.s.j.b.loader.SquidClassLoader - .class not found for java.lang.Synthetic$String
15:59:09.737 [main] DEBUG o.s.j.b.loader.SquidClassLoader - .class not found for ais.gui.common.SCPWOrgJednotka
15:59:09.737 [main] DEBUG o.s.j.b.loader.SquidClassLoader - .class not found for java.lang.SCPWOrgJednotka
15:59:09.737 [main] DEBUG o.s.j.b.loader.SquidClassLoader - .class not found for java.lang.Synthetic$SCPWOrgJednotka
15:59:09.737 [main] DEBUG o.s.j.b.loader.SquidClassLoader - .class not found for ais.gui.common.String
15:59:09.737 [main] DEBUG o.s.j.b.loader.SquidClassLoader - .class not found for java.lang.Synthetic$String
15:59:09.738 [main] DEBUG o.s.j.b.loader.SquidClassLoader - .class not found for ais.gui.common.SCPWOrgJednotka
15:59:09.738 [main] DEBUG o.s.j.b.loader.SquidClassLoader - .class not found for java.lang.SCPWOrgJednotka
15:59:09.738 [main] DEBUG o.s.j.b.loader.SquidClassLoader - .class not found for java.lang.Synthetic$SCPWOrgJednotka
15:59:09.738 [main] DEBUG o.s.j.b.loader.SquidClassLoader - .class not found for ais.gui.common.String
15:59:09.738 [main] DEBUG o.s.j.b.loader.SquidClassLoader - .class not found for java.lang.Synthetic$String
15:59:09.738 [main] DEBUG o.s.j.b.loader.SquidClassLoader - .class not found for ais.gui.common.String
15:59:09.738 [main] DEBUG o.s.j.b.loader.SquidClassLoader - .class not found for java.lang.Synthetic$String
15:59:09.739 [main] DEBUG o.s.j.b.loader.SquidClassLoader - .class not found for ais.gui.common.SCPWOrgJednotka
15:59:09.739 [main] DEBUG o.s.j.b.loader.SquidClassLoader - .class not found for java.lang.SCPWOrgJednotka
15:59:09.739 [main] DEBUG o.s.j.b.loader.SquidClassLoader - .class not found for java.lang.Synthetic$SCPWOrgJednotka
15:59:09.739 [main] DEBUG o.s.j.b.loader.SquidClassLoader - .class not found for ais.gui.common.String
15:59:09.739 [main] DEBUG o.s.j.b.loader.SquidClassLoader - .class not found for java.lang.Synthetic$String
15:59:09.739 [main] DEBUG o.s.j.b.loader.SquidClassLoader - .class not found for ais.gui.common.SCPWOrgJednotka
15:59:09.739 [main] DEBUG o.s.j.b.loader.SquidClassLoader - .class not found for java.lang.SCPWOrgJednotka
15:59:09.739 [main] DEBUG o.s.j.b.loader.SquidClassLoader - .class not found for java.lang.Synthetic$SCPWOrgJednotka
15:59:09.740 [main] DEBUG o.s.j.b.loader.SquidClassLoader - .class not found for ais.gui.common.String
15:59:09.740 [main] DEBUG o.s.j.b.loader.SquidClassLoader - .class not found for java.lang.Synthetic$String
15:59:09.740 [main] DEBUG o.s.j.b.loader.SquidClassLoader - .class not found for ais.gui.common.Integer
15:59:09.740 [main] DEBUG o.s.j.b.loader.SquidClassLoader - .class not found for java.lang.Synthetic$Integer
15:59:09.740 [main] DEBUG o.s.j.b.loader.SquidClassLoader - .class not found for ais.gui.common.SCPWOrgJednotka
15:59:09.741 [main] DEBUG o.s.j.b.loader.SquidClassLoader - .class not found for java.lang.SCPWOrgJednotka
15:59:09.741 [main] DEBUG o.s.j.b.loader.SquidClassLoader - .class not found for java.lang.Synthetic$SCPWOrgJednotka
15:59:09.741 [main] DEBUG o.s.j.b.loader.SquidClassLoader - .class not found for ais.gui.common.String
15:59:09.741 [main] DEBUG o.s.j.b.loader.SquidClassLoader - .class not found for java.lang.Synthetic$String
15:59:09.742 [main] DEBUG o.s.j.b.loader.SquidClassLoader - .class not found for ais.gui.common.String
15:59:09.742 [main] DEBUG o.s.j.b.loader.SquidClassLoader - .class not found for java.lang.Synthetic$String
15:59:09.743 [main] DEBUG o.s.j.b.loader.SquidClassLoader - .class not found for ais.gui.common.String
15:59:09.743 [main] DEBUG o.s.j.b.loader.SquidClassLoader - .class not found for java.lang.Synthetic$String
15:59:09.744 [main] DEBUG o.s.j.b.loader.SquidClassLoader - .class not found for ais.gui.common.String
15:59:09.744 [main] DEBUG o.s.j.b.loader.SquidClassLoader - .class not found for java.lang.Synthetic$String
15:59:09.745 [main] DEBUG o.s.j.b.loader.SquidClassLoader - .class not found for ais.gui.common.Integer
15:59:09.746 [main] DEBUG o.s.j.b.loader.SquidClassLoader - .class not found for java.lang.Synthetic$Integer
15:59:09.746 [main] DEBUG o.s.j.b.loader.SquidClassLoader - .class not found for ais.gui.common.Integer
15:59:09.746 [main] DEBUG o.s.j.b.loader.SquidClassLoader - .class not found for java.lang.Synthetic$Integer
15:59:09.748 [main] DEBUG o.s.j.b.loader.SquidClassLoader - .class not found for ais.gui.common.Integer
15:59:09.748 [main] DEBUG o.s.j.b.loader.SquidClassLoader - .class not found for java.lang.Synthetic$Integer
15:59:09.749 [main] DEBUG o.s.j.b.loader.SquidClassLoader - .class not found for ais.gui.common.Integer
15:59:09.749 [main] DEBUG o.s.j.b.loader.SquidClassLoader - .class not found for java.lang.Synthetic$Integer
15:59:09.750 [main] DEBUG o.s.j.b.loader.SquidClassLoader - .class not found for ais.gui.common.IllegalArgumentException
15:59:09.750 [main] DEBUG o.s.j.b.loader.SquidClassLoader - .class not found for java.lang.Synthetic$IllegalArgumentException
15:59:09.752 [main] DEBUG o.s.j.b.loader.SquidClassLoader - .class not found for ais.gui.common.PWVlastnostOJ
15:59:09.752 [main] DEBUG o.s.j.b.loader.SquidClassLoader - .class not found for java.lang.PWVlastnostOJ
15:59:09.752 [main] DEBUG o.s.j.b.loader.SquidClassLoader - .class not found for java.lang.Synthetic$PWVlastnostOJ
15:59:09.752 [main] DEBUG o.s.j.b.loader.SquidClassLoader - .class not found for ais.gui.common.Filter
15:59:09.752 [main] DEBUG o.s.j.b.loader.SquidClassLoader - .class not found for java.lang.Filter
15:59:09.752 [main] DEBUG o.s.j.b.loader.SquidClassLoader - .class not found for java.lang.Synthetic$Filter
15:59:09.753 [main] DEBUG o.s.j.b.loader.SquidClassLoader - .class not found for ais.gui.common.String
15:59:09.753 [main] DEBUG o.s.j.b.loader.SquidClassLoader - .class not found for java.lang.Synthetic$String
15:59:09.755 [main] DEBUG o.s.j.b.loader.SquidClassLoader - .class not found for ais.gui.common.PWVlastnostOJ
15:59:09.755 [main] DEBUG o.s.j.b.loader.SquidClassLoader - .class not found for java.lang.PWVlastnostOJ
15:59:09.755 [main] DEBUG o.s.j.b.loader.SquidClassLoader - .class not found for java.lang.Synthetic$PWVlastnostOJ
15:59:09.755 [main] DEBUG o.s.j.b.loader.SquidClassLoader - .class not found for ais.gui.common.PWVlastnostOJ
15:59:09.755 [main] DEBUG o.s.j.b.loader.SquidClassLoader - .class not found for java.lang.PWVlastnostOJ
15:59:09.755 [main] DEBUG o.s.j.b.loader.SquidClassLoader - .class not found for java.lang.Synthetic$PWVlastnostOJ
15:59:09.756 [main] DEBUG o.s.j.b.loader.SquidClassLoader - .class not found for ais.gui.common.BarSpec
15:59:09.756 [main] DEBUG o.s.j.b.loader.SquidClassLoader - .class not found for java.lang.BarSpec
15:59:09.756 [main] DEBUG o.s.j.b.loader.SquidClassLoader - .class not found for java.lang.Synthetic$BarSpec
15:59:09.756 [main] DEBUG o.s.j.b.loader.SquidClassLoader - .class not found for ais.gui.common.SCPWOrgJednotka
15:59:09.756 [main] DEBUG o.s.j.b.loader.SquidClassLoader - .class not found for java.lang.SCPWOrgJednotka
15:59:09.756 [main] DEBUG o.s.j.b.loader.SquidClassLoader - .class not found for java.lang.Synthetic$SCPWOrgJednotka
15:59:09.757 [main] DEBUG o.s.j.b.loader.SquidClassLoader - .class not found for ais.gui.common.String
15:59:09.757 [main] DEBUG o.s.j.b.loader.SquidClassLoader - .class not found for java.lang.Synthetic$String
15:59:09.757 [main] DEBUG o.s.j.b.loader.SquidClassLoader - .class not found for ais.gui.common.SCPWOrgJednotka
15:59:09.757 [main] DEBUG o.s.j.b.loader.SquidClassLoader - .class not found for java.lang.SCPWOrgJednotka
15:59:09.757 [main] DEBUG o.s.j.b.loader.SquidClassLoader - .class not found for java.lang.Synthetic$SCPWOrgJednotka
15:59:09.757 [main] DEBUG o.s.j.b.loader.SquidClassLoader - .class not found for ais.gui.common.Filter
15:59:09.757 [main] DEBUG o.s.j.b.loader.SquidClassLoader - .class not found for java.lang.Filter
15:59:09.757 [main] DEBUG o.s.j.b.loader.SquidClassLoader - .class not found for java.lang.Synthetic$Filter
15:59:09.758 [main] DEBUG o.s.j.b.loader.SquidClassLoader - .class not found for ais.gui.common.String
15:59:09.758 [main] DEBUG o.s.j.b.loader.SquidClassLoader - .class not found for java.lang.Synthetic$String
15:59:09.764 [main] DEBUG o.s.j.b.loader.SquidClassLoader - .class not found for ais.gui.common.DateUtils
15:59:09.764 [main] DEBUG o.s.j.b.loader.SquidClassLoader - .class not found for java.lang.DateUtils
15:59:09.764 [main] DEBUG o.s.j.b.loader.SquidClassLoader - .class not found for java.lang.Synthetic$DateUtils
15:59:09.764 [main] DEBUG o.s.j.b.loader.SquidClassLoader - .class not found for ais.gui.common.DateUtils
15:59:09.765 [main] DEBUG o.s.j.b.loader.SquidClassLoader - .class not found for java.lang.DateUtils
15:59:09.765 [main] DEBUG o.s.j.b.loader.SquidClassLoader - .class not found for java.lang.Synthetic$DateUtils
15:59:09.765 [main] DEBUG o.s.j.b.loader.SquidClassLoader - .class not found for ais.gui.common.SCPWOrgJednotka
15:59:09.765 [main] DEBUG o.s.j.b.loader.SquidClassLoader - .class not found for java.lang.SCPWOrgJednotka
15:59:09.765 [main] DEBUG o.s.j.b.loader.SquidClassLoader - .class not found for java.lang.Synthetic$SCPWOrgJednotka
15:59:09.765 [main] DEBUG o.s.j.b.loader.SquidClassLoader - .class not found for ais.gui.common.Filter
15:59:09.765 [main] DEBUG o.s.j.b.loader.SquidClassLoader - .class not found for java.lang.Filter
15:59:09.765 [main] DEBUG o.s.j.b.loader.SquidClassLoader - .class not found for java.lang.Synthetic$Filter
15:59:09.767 [main] DEBUG o.s.j.b.loader.SquidClassLoader - .class not found for ais.gui.common.StringUtils
15:59:09.768 [main] DEBUG o.s.j.b.loader.SquidClassLoader - .class not found for java.lang.StringUtils
15:59:09.768 [main] DEBUG o.s.j.b.loader.SquidClassLoader - .class not found for java.lang.Synthetic$StringUtils
15:59:09.768 [main] DEBUG o.s.j.b.loader.SquidClassLoader - .class not found for ais.gui.common.SCPWOrgJednotka
15:59:09.768 [main] DEBUG o.s.j.b.loader.SquidClassLoader - .class not found for java.lang.SCPWOrgJednotka
15:59:09.768 [main] DEBUG o.s.j.b.loader.SquidClassLoader - .class not found for java.lang.Synthetic$SCPWOrgJednotka
15:59:09.768 [main] DEBUG o.s.j.b.loader.SquidClassLoader - .class not found for ais.gui.common.SCPWOrgJednotka
15:59:09.768 [main] DEBUG o.s.j.b.loader.SquidClassLoader - .class not found for java.lang.SCPWOrgJednotka
15:59:09.768 [main] DEBUG o.s.j.b.loader.SquidClassLoader - .class not found for java.lang.Synthetic$SCPWOrgJednotka
15:59:09.769 [main] DEBUG o.s.j.b.loader.SquidClassLoader - .class not found for ais.gui.common.EmptySpec
15:59:09.769 [main] DEBUG o.s.j.b.loader.SquidClassLoader - .class not found for java.lang.EmptySpec
15:59:09.769 [main] DEBUG o.s.j.b.loader.SquidClassLoader - .class not found for java.lang.Synthetic$EmptySpec
15:59:09.770 [main] DEBUG o.s.j.b.loader.SquidClassLoader - .class not found for ais.gui.common.String
15:59:09.770 [main] DEBUG o.s.j.b.loader.SquidClassLoader - .class not found for java.lang.Synthetic$String
15:59:09.770 [main] DEBUG o.s.j.b.loader.SquidClassLoader - .class not found for ais.gui.common.String
15:59:09.771 [main] DEBUG o.s.j.b.loader.SquidClassLoader - .class not found for java.lang.Synthetic$String
15:59:09.773 [main] DEBUG o.s.j.b.loader.SquidClassLoader - .class not found for ais.gui.common.Ordering
15:59:09.773 [main] DEBUG o.s.j.b.loader.SquidClassLoader - .class not found for java.lang.Ordering
15:59:09.773 [main] DEBUG o.s.j.b.loader.SquidClassLoader - .class not found for java.lang.Synthetic$Ordering
15:59:09.773 [main] DEBUG o.s.j.b.loader.SquidClassLoader - .class not found for ais.gui.common.SCPWOrgJednotka
15:59:09.773 [main] DEBUG o.s.j.b.loader.SquidClassLoader - .class not found for java.lang.SCPWOrgJednotka
15:59:09.773 [main] DEBUG o.s.j.b.loader.SquidClassLoader - .class not found for java.lang.Synthetic$SCPWOrgJednotka
15:59:09.774 [main] DEBUG o.s.j.b.loader.SquidClassLoader - .class not found for ais.gui.common.SCPWOrgJednotka
15:59:09.774 [main] DEBUG o.s.j.b.loader.SquidClassLoader - .class not found for java.lang.SCPWOrgJednotka
15:59:09.774 [main] DEBUG o.s.j.b.loader.SquidClassLoader - .class not found for java.lang.Synthetic$SCPWOrgJednotka
15:59:09.774 [main] DEBUG o.s.j.b.loader.SquidClassLoader - .class not found for ais.gui.common.EmptySpec
15:59:09.774 [main] DEBUG o.s.j.b.loader.SquidClassLoader - .class not found for java.lang.EmptySpec
15:59:09.774 [main] DEBUG o.s.j.b.loader.SquidClassLoader - .class not found for java.lang.Synthetic$EmptySpec
15:59:09.774 [main] DEBUG o.s.j.b.loader.SquidClassLoader - .class not found for ais.gui.common.AppException
15:59:09.774 [main] DEBUG o.s.j.b.loader.SquidClassLoader - .class not found for java.lang.AppException
15:59:09.774 [main] DEBUG o.s.j.b.loader.SquidClassLoader - .class not found for java.lang.Synthetic$AppException
15:59:09.775 [main] DEBUG o.s.j.b.loader.SquidClassLoader - .class not found for ais.gui.common.String
15:59:09.775 [main] DEBUG o.s.j.b.loader.SquidClassLoader - .class not found for java.lang.Synthetic$String
15:59:09.776 [main] DEBUG o.s.j.b.loader.SquidClassLoader - .class not found for ais.gui.common.PWVlastnostOJ
15:59:09.776 [main] DEBUG o.s.j.b.loader.SquidClassLoader - .class not found for java.lang.PWVlastnostOJ
15:59:09.776 [main] DEBUG o.s.j.b.loader.SquidClassLoader - .class not found for java.lang.Synthetic$PWVlastnostOJ
15:59:09.777 [main] DEBUG o.s.j.b.loader.SquidClassLoader - .class not found for ais.gui.common.Filter
15:59:09.777 [main] DEBUG o.s.j.b.loader.SquidClassLoader - .class not found for java.lang.Filter
15:59:09.777 [main] DEBUG o.s.j.b.loader.SquidClassLoader - .class not found for java.lang.Synthetic$Filter
15:59:09.777 [main] DEBUG o.s.j.b.loader.SquidClassLoader - .class not found for ais.gui.common.PWVlastnostOJ
15:59:09.777 [main] DEBUG o.s.j.b.loader.SquidClassLoader - .class not found for java.lang.PWVlastnostOJ
15:59:09.777 [main] DEBUG o.s.j.b.loader.SquidClassLoader - .class not found for java.lang.Synthetic$PWVlastnostOJ
15:59:09.777 [main] DEBUG o.s.j.b.loader.SquidClassLoader - .class not found for ais.gui.common.PWVlastnostOJ
15:59:09.778 [main] DEBUG o.s.j.b.loader.SquidClassLoader - .class not found for java.lang.PWVlastnostOJ
15:59:09.779 [main] DEBUG o.s.j.b.loader.SquidClassLoader - .class not found for java.lang.Synthetic$PWVlastnostOJ
15:59:09.779 [main] DEBUG o.s.j.b.loader.SquidClassLoader - .class not found for ais.gui.common.EmptySpec
15:59:09.779 [main] DEBUG o.s.j.b.loader.SquidClassLoader - .class not found for java.lang.EmptySpec
15:59:09.779 [main] DEBUG o.s.j.b.loader.SquidClassLoader - .class not found for java.lang.Synthetic$EmptySpec
15:59:09.779 [main] DEBUG o.s.j.b.loader.SquidClassLoader - .class not found for ais.gui.common.SCPWOrgJednotka
15:59:09.779 [main] DEBUG o.s.j.b.loader.SquidClassLoader - .class not found for java.lang.SCPWOrgJednotka
15:59:09.779 [main] DEBUG o.s.j.b.loader.SquidClassLoader - .class not found for java.lang.Synthetic$SCPWOrgJednotka
15:59:09.780 [main] DEBUG o.s.j.b.loader.SquidClassLoader - .class not found for ais.gui.common.String
15:59:09.780 [main] DEBUG o.s.j.b.loader.SquidClassLoader - .class not found for java.lang.Synthetic$String
15:59:09.780 [main] DEBUG o.s.j.b.loader.SquidClassLoader - .class not found for ais.gui.common.SCPWOrgJednotka
15:59:09.780 [main] DEBUG o.s.j.b.loader.SquidClassLoader - .class not found for java.lang.SCPWOrgJednotka
15:59:09.780 [main] DEBUG o.s.j.b.loader.SquidClassLoader - .class not found for java.lang.Synthetic$SCPWOrgJednotka
15:59:09.780 [main] DEBUG o.s.j.b.loader.SquidClassLoader - .class not found for ais.gui.common.Filter
15:59:09.780 [main] DEBUG o.s.j.b.loader.SquidClassLoader - .class not found for java.lang.Filter
15:59:09.780 [main] DEBUG o.s.j.b.loader.SquidClassLoader - .class not found for java.lang.Synthetic$Filter
15:59:09.780 [main] DEBUG o.s.j.b.loader.SquidClassLoader - .class not found for ais.gui.common.String
15:59:09.781 [main] DEBUG o.s.j.b.loader.SquidClassLoader - .class not found for java.lang.Synthetic$String
15:59:09.783 [main] DEBUG o.s.j.b.loader.SquidClassLoader - .class not found for ais.gui.common.SCPWOrgJednotka
15:59:09.783 [main] DEBUG o.s.j.b.loader.SquidClassLoader - .class not found for java.lang.SCPWOrgJednotka
15:59:09.783 [main] DEBUG o.s.j.b.loader.SquidClassLoader - .class not found for java.lang.Synthetic$SCPWOrgJednotka
15:59:09.783 [main] DEBUG o.s.j.b.loader.SquidClassLoader - .class not found for ais.gui.common.SCPWOrgJednotka
15:59:09.783 [main] DEBUG o.s.j.b.loader.SquidClassLoader - .class not found for java.lang.SCPWOrgJednotka
15:59:09.783 [main] DEBUG o.s.j.b.loader.SquidClassLoader - .class not found for java.lang.Synthetic$SCPWOrgJednotka
15:59:09.784 [main] DEBUG o.s.j.b.loader.SquidClassLoader - .class not found for ais.gui.common.EmptySpec
15:59:09.784 [main] DEBUG o.s.j.b.loader.SquidClassLoader - .class not found for java.lang.EmptySpec
15:59:09.784 [main] DEBUG o.s.j.b.loader.SquidClassLoader - .class not found for java.lang.Synthetic$EmptySpec
15:59:09.784 [main] DEBUG o.s.j.b.loader.SquidClassLoader - .class not found for ais.gui.common.String
15:59:09.784 [main] DEBUG o.s.j.b.loader.SquidClassLoader - .class not found for java.lang.Synthetic$String
15:59:09.787 [main] DEBUG o.s.j.b.loader.SquidClassLoader - .class not found for ais.gui.common.Integer
15:59:09.788 [main] DEBUG o.s.j.b.loader.SquidClassLoader - .class not found for java.lang.Synthetic$Integer
15:59:09.788 [main] DEBUG o.s.j.b.loader.SquidClassLoader - .class not found for ais.gui.common.String
15:59:09.788 [main] DEBUG o.s.j.b.loader.SquidClassLoader - .class not found for java.lang.Synthetic$String
15:59:09.789 [main] DEBUG o.s.j.b.loader.SquidClassLoader - .class not found for ais.gui.common.Integer
15:59:09.789 [main] DEBUG o.s.j.b.loader.SquidClassLoader - .class not found for java.lang.Synthetic$Integer
15:59:09.789 [main] DEBUG o.s.j.b.loader.SquidClassLoader - .class not found for ais.gui.common.String
15:59:09.789 [main] DEBUG o.s.j.b.loader.SquidClassLoader - .class not found for java.lang.Synthetic$String
15:59:09.789 [main] DEBUG o.s.j.b.loader.SquidClassLoader - .class not found for ais.gui.common.Integer
15:59:09.790 [main] DEBUG o.s.j.b.loader.SquidClassLoader - .class not found for java.lang.Synthetic$Integer
15:59:09.790 [main] DEBUG o.s.j.b.loader.SquidClassLoader - .class not found for ais.gui.common.PWVlastnostOJ
15:59:09.790 [main] DEBUG o.s.j.b.loader.SquidClassLoader - .class not found for java.lang.PWVlastnostOJ
15:59:09.790 [main] DEBUG o.s.j.b.loader.SquidClassLoader - .class not found for java.lang.Synthetic$PWVlastnostOJ
15:59:09.790 [main] DEBUG o.s.j.b.loader.SquidClassLoader - .class not found for ais.gui.common.Filter
15:59:09.790 [main] DEBUG o.s.j.b.loader.SquidClassLoader - .class not found for java.lang.Filter
15:59:09.790 [main] DEBUG o.s.j.b.loader.SquidClassLoader - .class not found for java.lang.Synthetic$Filter
15:59:09.792 [main] DEBUG o.s.j.b.loader.SquidClassLoader - .class not found for ais.gui.common.PWVlastnostOJ
15:59:09.792 [main] DEBUG o.s.j.b.loader.SquidClassLoader - .class not found for java.lang.PWVlastnostOJ
15:59:09.792 [main] DEBUG o.s.j.b.loader.SquidClassLoader - .class not found for java.lang.Synthetic$PWVlastnostOJ
15:59:09.792 [main] DEBUG o.s.j.b.loader.SquidClassLoader - .class not found for ais.gui.common.PWVlastnostOJ
15:59:09.792 [main] DEBUG o.s.j.b.loader.SquidClassLoader - .class not found for java.lang.PWVlastnostOJ
15:59:09.793 [main] DEBUG o.s.j.b.loader.SquidClassLoader - .class not found for java.lang.Synthetic$PWVlastnostOJ
15:59:09.793 [main] DEBUG o.s.j.b.loader.SquidClassLoader - .class not found for ais.gui.common.EmptySpec
15:59:09.793 [main] DEBUG o.s.j.b.loader.SquidClassLoader - .class not found for java.lang.EmptySpec
15:59:09.793 [main] DEBUG o.s.j.b.loader.SquidClassLoader - .class not found for java.lang.Synthetic$EmptySpec
15:59:09.793 [main] DEBUG o.s.j.b.loader.SquidClassLoader - .class not found for ais.gui.common.SCPWOrgJednotka
15:59:09.793 [main] DEBUG o.s.j.b.loader.SquidClassLoader - .class not found for java.lang.SCPWOrgJednotka
15:59:09.793 [main] DEBUG o.s.j.b.loader.SquidClassLoader - .class not found for java.lang.Synthetic$SCPWOrgJednotka
15:59:09.793 [main] DEBUG o.s.j.b.loader.SquidClassLoader - .class not found for ais.gui.common.String
15:59:09.794 [main] DEBUG o.s.j.b.loader.SquidClassLoader - .class not found for java.lang.Synthetic$String
15:59:09.794 [main] DEBUG o.s.j.b.loader.SquidClassLoader - .class not found for ais.gui.common.SCPWOrgJednotka
15:59:09.794 [main] DEBUG o.s.j.b.loader.SquidClassLoader - .class not found for java.lang.SCPWOrgJednotka
15:59:09.794 [main] DEBUG o.s.j.b.loader.SquidClassLoader - .class not found for java.lang.Synthetic$SCPWOrgJednotka
15:59:09.794 [main] DEBUG o.s.j.b.loader.SquidClassLoader - .class not found for ais.gui.common.Filter
15:59:09.794 [main] DEBUG o.s.j.b.loader.SquidClassLoader - .class not found for java.lang.Filter
15:59:09.795 [main] DEBUG o.s.j.b.loader.SquidClassLoader - .class not found for java.lang.Synthetic$Filter
15:59:09.795 [main] DEBUG o.s.j.b.loader.SquidClassLoader - .class not found for ais.gui.common.String
15:59:09.795 [main] DEBUG o.s.j.b.loader.SquidClassLoader - .class not found for java.lang.Synthetic$String
15:59:09.796 [main] DEBUG o.s.j.b.loader.SquidClassLoader - .class not found for ais.gui.common.SCPWOrgJednotka
15:59:09.796 [main] DEBUG o.s.j.b.loader.SquidClassLoader - .class not found for java.lang.SCPWOrgJednotka
15:59:09.796 [main] DEBUG o.s.j.b.loader.SquidClassLoader - .class not found for java.lang.Synthetic$SCPWOrgJednotka
15:59:09.796 [main] DEBUG o.s.j.b.loader.SquidClassLoader - .class not found for ais.gui.common.SCPWOrgJednotka
15:59:09.796 [main] DEBUG o.s.j.b.loader.SquidClassLoader - .class not found for java.lang.SCPWOrgJednotka
15:59:09.796 [main] DEBUG o.s.j.b.loader.SquidClassLoader - .class not found for java.lang.Synthetic$SCPWOrgJednotka
15:59:09.797 [main] DEBUG o.s.j.b.loader.SquidClassLoader - .class not found for ais.gui.common.EmptySpec
15:59:09.797 [main] DEBUG o.s.j.b.loader.SquidClassLoader - .class not found for java.lang.EmptySpec
15:59:09.797 [main] DEBUG o.s.j.b.loader.SquidClassLoader - .class not found for java.lang.Synthetic$EmptySpec
15:59:09.797 [main] DEBUG o.s.j.b.loader.SquidClassLoader - .class not found for ais.gui.common.String
15:59:09.797 [main] DEBUG o.s.j.b.loader.SquidClassLoader - .class not found for java.lang.Synthetic$String
15:59:09.799 [main] DEBUG o.s.j.b.loader.SquidClassLoader - .class not found for ais.gui.common.Integer
15:59:09.799 [main] DEBUG o.s.j.b.loader.SquidClassLoader - .class not found for java.lang.Synthetic$Integer
15:59:09.799 [main] DEBUG o.s.j.b.loader.SquidClassLoader - .class not found for ais.gui.common.SCSTCinnostStudPrg
15:59:09.799 [main] DEBUG o.s.j.b.loader.SquidClassLoader - .class not found for java.lang.SCSTCinnostStudPrg
15:59:09.799 [main] DEBUG o.s.j.b.loader.SquidClassLoader - .class not found for java.lang.Synthetic$SCSTCinnostStudPrg
15:59:09.799 [main] DEBUG o.s.j.b.loader.SquidClassLoader - .class not found for ais.gui.common.SCSTCinnostStudPrg
15:59:09.799 [main] DEBUG o.s.j.b.loader.SquidClassLoader - .class not found for java.lang.SCSTCinnostStudPrg
15:59:09.800 [main] DEBUG o.s.j.b.loader.SquidClassLoader - .class not found for java.lang.Synthetic$SCSTCinnostStudPrg
15:59:09.800 [main] DEBUG o.s.j.b.loader.SquidClassLoader - .class not found for ais.gui.common.SCSTCinnostStudPrg
15:59:09.800 [main] DEBUG o.s.j.b.loader.SquidClassLoader - .class not found for java.lang.SCSTCinnostStudPrg
15:59:09.800 [main] DEBUG o.s.j.b.loader.SquidClassLoader - .class not found for java.lang.Synthetic$SCSTCinnostStudPrg
15:59:09.800 [main] DEBUG o.s.j.b.loader.SquidClassLoader - .class not found for ais.gui.common.SCSTCinnostStudPrg
15:59:09.800 [main] DEBUG o.s.j.b.loader.SquidClassLoader - .class not found for java.lang.SCSTCinnostStudPrg
15:59:09.800 [main] DEBUG o.s.j.b.loader.SquidClassLoader - .class not found for java.lang.Synthetic$SCSTCinnostStudPrg
15:59:09.801 [main] DEBUG o.s.j.b.loader.SquidClassLoader - .class not found for ais.gui.common.SCSTCinnostStudPrg
15:59:09.801 [main] DEBUG o.s.j.b.loader.SquidClassLoader - .class not found for java.lang.SCSTCinnostStudPrg
15:59:09.801 [main] DEBUG o.s.j.b.loader.SquidClassLoader - .class not found for java.lang.Synthetic$SCSTCinnostStudPrg
15:59:09.801 [main] DEBUG o.s.j.b.loader.SquidClassLoader - .class not found for ais.gui.common.SCSTCinnostStudPrg
15:59:09.801 [main] DEBUG o.s.j.b.loader.SquidClassLoader - .class not found for java.lang.SCSTCinnostStudPrg
15:59:09.801 [main] DEBUG o.s.j.b.loader.SquidClassLoader - .class not found for java.lang.Synthetic$SCSTCinnostStudPrg
15:59:09.802 [main] DEBUG o.s.j.b.loader.SquidClassLoader - .class not found for ais.gui.common.Object
15:59:09.802 [main] DEBUG o.s.j.b.loader.SquidClassLoader - .class not found for java.lang.Synthetic$Object
15:59:09.803 [main] DEBUG o.s.j.b.loader.SquidClassLoader - .class not found for ais.gui.common.SCSTStupenStudia
15:59:09.803 [main] DEBUG o.s.j.b.loader.SquidClassLoader - .class not found for java.lang.SCSTStupenStudia
15:59:09.803 [main] DEBUG o.s.j.b.loader.SquidClassLoader - .class not found for java.lang.Synthetic$SCSTStupenStudia
15:59:09.803 [main] DEBUG o.s.j.b.loader.SquidClassLoader - .class not found for ais.gui.common.SCSTStupenStudia
15:59:09.803 [main] DEBUG o.s.j.b.loader.SquidClassLoader - .class not found for java.lang.SCSTStupenStudia
15:59:09.803 [main] DEBUG o.s.j.b.loader.SquidClassLoader - .class not found for java.lang.Synthetic$SCSTStupenStudia
15:59:09.803 [main] DEBUG o.s.j.b.loader.SquidClassLoader - .class not found for ais.gui.common.BarSpec
15:59:09.803 [main] DEBUG o.s.j.b.loader.SquidClassLoader - .class not found for java.lang.BarSpec
15:59:09.803 [main] DEBUG o.s.j.b.loader.SquidClassLoader - .class not found for java.lang.Synthetic$BarSpec
15:59:09.804 [main] DEBUG o.s.j.b.loader.SquidClassLoader - .class not found for ais.gui.common.AppException
15:59:09.804 [main] DEBUG o.s.j.b.loader.SquidClassLoader - .class not found for java.lang.AppException
15:59:09.804 [main] DEBUG o.s.j.b.loader.SquidClassLoader - .class not found for java.lang.Synthetic$AppException
15:59:09.804 [main] DEBUG o.s.j.b.loader.SquidClassLoader - .class not found for ais.gui.common.SCSTStupenStudia
15:59:09.804 [main] DEBUG o.s.j.b.loader.SquidClassLoader - .class not found for java.lang.SCSTStupenStudia
15:59:09.804 [main] DEBUG o.s.j.b.loader.SquidClassLoader - .class not found for java.lang.Synthetic$SCSTStupenStudia
15:59:09.805 [main] DEBUG o.s.j.b.loader.SquidClassLoader - .class not found for ais.gui.common.Filter
15:59:09.805 [main] DEBUG o.s.j.b.loader.SquidClassLoader - .class not found for java.lang.Filter
15:59:09.805 [main] DEBUG o.s.j.b.loader.SquidClassLoader - .class not found for java.lang.Synthetic$Filter
15:59:09.805 [main] DEBUG o.s.j.b.loader.SquidClassLoader - .class not found for ais.gui.common.DateUtils
15:59:09.805 [main] DEBUG o.s.j.b.loader.SquidClassLoader - .class not found for java.lang.DateUtils
15:59:09.806 [main] DEBUG o.s.j.b.loader.SquidClassLoader - .class not found for java.lang.Synthetic$DateUtils
15:59:09.806 [main] DEBUG o.s.j.b.loader.SquidClassLoader - .class not found for ais.gui.common.DateUtils
15:59:09.806 [main] DEBUG o.s.j.b.loader.SquidClassLoader - .class not found for java.lang.DateUtils
15:59:09.806 [main] DEBUG o.s.j.b.loader.SquidClassLoader - .class not found for java.lang.Synthetic$DateUtils
15:59:09.806 [main] DEBUG o.s.j.b.loader.SquidClassLoader - .class not found for ais.gui.common.Ordering
15:59:09.806 [main] DEBUG o.s.j.b.loader.SquidClassLoader - .class not found for java.lang.Ordering
15:59:09.806 [main] DEBUG o.s.j.b.loader.SquidClassLoader - .class not found for java.lang.Synthetic$Ordering
15:59:09.807 [main] DEBUG o.s.j.b.loader.SquidClassLoader - .class not found for ais.gui.common.SCSTStupenStudia
15:59:09.807 [main] DEBUG o.s.j.b.loader.SquidClassLoader - .class not found for java.lang.SCSTStupenStudia
15:59:09.807 [main] DEBUG o.s.j.b.loader.SquidClassLoader - .class not found for java.lang.Synthetic$SCSTStupenStudia
15:59:09.807 [main] DEBUG o.s.j.b.loader.SquidClassLoader - .class not found for ais.gui.common.SCSTStupenStudia
15:59:09.807 [main] DEBUG o.s.j.b.loader.SquidClassLoader - .class not found for java.lang.SCSTStupenStudia
15:59:09.807 [main] DEBUG o.s.j.b.loader.SquidClassLoader - .class not found for java.lang.Synthetic$SCSTStupenStudia
15:59:09.808 [main] DEBUG o.s.j.b.loader.SquidClassLoader - .class not found for ais.gui.common.EmptySpec
15:59:09.808 [main] DEBUG o.s.j.b.loader.SquidClassLoader - .class not found for java.lang.EmptySpec
15:59:09.808 [main] DEBUG o.s.j.b.loader.SquidClassLoader - .class not found for java.lang.Synthetic$EmptySpec
15:59:09.809 [main] DEBUG o.s.j.b.loader.SquidClassLoader - .class not found for ais.gui.common.AppException
15:59:09.809 [main] DEBUG o.s.j.b.loader.SquidClassLoader - .class not found for java.lang.AppException
15:59:09.809 [main] DEBUG o.s.j.b.loader.SquidClassLoader - .class not found for java.lang.Synthetic$AppException
15:59:09.810 [main] DEBUG o.s.j.b.loader.SquidClassLoader - .class not found for ais.gui.common.Object
15:59:09.810 [main] DEBUG o.s.j.b.loader.SquidClassLoader - .class not found for java.lang.Synthetic$Object
15:59:09.810 [main] DEBUG o.s.j.b.loader.SquidClassLoader - .class not found for ais.gui.common.SCSTDruhStudia
15:59:09.810 [main] DEBUG o.s.j.b.loader.SquidClassLoader - .class not found for java.lang.SCSTDruhStudia
15:59:09.810 [main] DEBUG o.s.j.b.loader.SquidClassLoader - .class not found for java.lang.Synthetic$SCSTDruhStudia
15:59:09.810 [main] DEBUG o.s.j.b.loader.SquidClassLoader - .class not found for ais.gui.common.SCSTDruhStudia
15:59:09.811 [main] DEBUG o.s.j.b.loader.SquidClassLoader - .class not found for java.lang.SCSTDruhStudia
15:59:09.811 [main] DEBUG o.s.j.b.loader.SquidClassLoader - .class not found for java.lang.Synthetic$SCSTDruhStudia
15:59:09.811 [main] DEBUG o.s.j.b.loader.SquidClassLoader - .class not found for ais.gui.common.BarSpec
15:59:09.811 [main] DEBUG o.s.j.b.loader.SquidClassLoader - .class not found for java.lang.BarSpec
15:59:09.811 [main] DEBUG o.s.j.b.loader.SquidClassLoader - .class not found for java.lang.Synthetic$BarSpec
15:59:09.812 [main] DEBUG o.s.j.b.loader.SquidClassLoader - .class not found for ais.gui.common.AppException
15:59:09.812 [main] DEBUG o.s.j.b.loader.SquidClassLoader - .class not found for java.lang.AppException
15:59:09.812 [main] DEBUG o.s.j.b.loader.SquidClassLoader - .class not found for java.lang.Synthetic$AppException
15:59:09.812 [main] DEBUG o.s.j.b.loader.SquidClassLoader - .class not found for ais.gui.common.Columns
15:59:09.812 [main] DEBUG o.s.j.b.loader.SquidClassLoader - .class not found for java.lang.Columns
15:59:09.812 [main] DEBUG o.s.j.b.loader.SquidClassLoader - .class not found for java.lang.Synthetic$Columns
15:59:09.812 [main] DEBUG o.s.j.b.loader.SquidClassLoader - .class not found for ais.gui.common.SCSTStudProgram
15:59:09.812 [main] DEBUG o.s.j.b.loader.SquidClassLoader - .class not found for java.lang.SCSTStudProgram
15:59:09.812 [main] DEBUG o.s.j.b.loader.SquidClassLoader - .class not found for java.lang.Synthetic$SCSTStudProgram
15:59:09.812 [main] DEBUG o.s.j.b.loader.SquidClassLoader - .class not found for ais.gui.common.STCinnostSPOJ
15:59:09.813 [main] DEBUG o.s.j.b.loader.SquidClassLoader - .class not found for java.lang.STCinnostSPOJ
15:59:09.813 [main] DEBUG o.s.j.b.loader.SquidClassLoader - .class not found for java.lang.Synthetic$STCinnostSPOJ
15:59:09.813 [main] DEBUG o.s.j.b.loader.SquidClassLoader - .class not found for ais.gui.common.Columns
15:59:09.813 [main] DEBUG o.s.j.b.loader.SquidClassLoader - .class not found for java.lang.Columns
15:59:09.813 [main] DEBUG o.s.j.b.loader.SquidClassLoader - .class not found for java.lang.Synthetic$Columns
15:59:09.813 [main] DEBUG o.s.j.b.loader.SquidClassLoader - .class not found for ais.gui.common.Filter
15:59:09.813 [main] DEBUG o.s.j.b.loader.SquidClassLoader - .class not found for java.lang.Filter
15:59:09.813 [main] DEBUG o.s.j.b.loader.SquidClassLoader - .class not found for java.lang.Synthetic$Filter
15:59:09.813 [main] DEBUG o.s.j.b.loader.SquidClassLoader - .class not found for ais.gui.common.String
15:59:09.813 [main] DEBUG o.s.j.b.loader.SquidClassLoader - .class not found for java.lang.Synthetic$String
15:59:09.815 [main] DEBUG o.s.j.b.loader.SquidClassLoader - .class not found for ais.gui.common.DateUtils
15:59:09.815 [main] DEBUG o.s.j.b.loader.SquidClassLoader - .class not found for java.lang.DateUtils
15:59:09.815 [main] DEBUG o.s.j.b.loader.SquidClassLoader - .class not found for java.lang.Synthetic$DateUtils
15:59:09.815 [main] DEBUG o.s.j.b.loader.SquidClassLoader - .class not found for ais.gui.common.DateUtils
15:59:09.815 [main] DEBUG o.s.j.b.loader.SquidClassLoader - .class not found for java.lang.DateUtils
15:59:09.815 [main] DEBUG o.s.j.b.loader.SquidClassLoader - .class not found for java.lang.Synthetic$DateUtils
15:59:09.815 [main] DEBUG o.s.j.b.loader.SquidClassLoader - .class not found for ais.gui.common.STCinnostSPOJ
15:59:09.815 [main] DEBUG o.s.j.b.loader.SquidClassLoader - .class not found for java.lang.STCinnostSPOJ
15:59:09.815 [main] DEBUG o.s.j.b.loader.SquidClassLoader - .class not found for java.lang.Synthetic$STCinnostSPOJ
15:59:09.815 [main] DEBUG o.s.j.b.loader.SquidClassLoader - .class not found for ais.gui.common.STCinnostSPOJ
15:59:09.815 [main] DEBUG o.s.j.b.loader.SquidClassLoader - .class not found for java.lang.STCinnostSPOJ
15:59:09.816 [main] DEBUG o.s.j.b.loader.SquidClassLoader - .class not found for java.lang.Synthetic$STCinnostSPOJ
15:59:09.816 [main] DEBUG o.s.j.b.loader.SquidClassLoader - .class not found for ais.gui.common.BarSpec
15:59:09.816 [main] DEBUG o.s.j.b.loader.SquidClassLoader - .class not found for java.lang.BarSpec
15:59:09.816 [main] DEBUG o.s.j.b.loader.SquidClassLoader - .class not found for java.lang.Synthetic$BarSpec
15:59:09.816 [main] DEBUG o.s.j.b.loader.SquidClassLoader - .class not found for ais.gui.common.AppException
15:59:09.816 [main] DEBUG o.s.j.b.loader.SquidClassLoader - .class not found for java.lang.AppException
15:59:09.816 [main] DEBUG o.s.j.b.loader.SquidClassLoader - .class not found for java.lang.Synthetic$AppException
15:59:09.816 [main] DEBUG o.s.j.b.loader.SquidClassLoader - .class not found for ais.gui.common.SCSTDruhStudia
15:59:09.816 [main] DEBUG o.s.j.b.loader.SquidClassLoader - .class not found for java.lang.SCSTDruhStudia
15:59:09.816 [main] DEBUG o.s.j.b.loader.SquidClassLoader - .class not found for java.lang.Synthetic$SCSTDruhStudia
15:59:09.816 [main] DEBUG o.s.j.b.loader.SquidClassLoader - .class not found for ais.gui.common.Filter
15:59:09.816 [main] DEBUG o.s.j.b.loader.SquidClassLoader - .class not found for java.lang.Filter
15:59:09.816 [main] DEBUG o.s.j.b.loader.SquidClassLoader - .class not found for java.lang.Synthetic$Filter
15:59:09.817 [main] DEBUG o.s.j.b.loader.SquidClassLoader - .class not found for ais.gui.common.DateUtils
15:59:09.817 [main] DEBUG o.s.j.b.loader.SquidClassLoader - .class not found for java.lang.DateUtils
15:59:09.817 [main] DEBUG o.s.j.b.loader.SquidClassLoader - .class not found for java.lang.Synthetic$DateUtils
15:59:09.817 [main] DEBUG o.s.j.b.loader.SquidClassLoader - .class not found for ais.gui.common.DateUtils
15:59:09.817 [main] DEBUG o.s.j.b.loader.SquidClassLoader - .class not found for java.lang.DateUtils
15:59:09.817 [main] DEBUG o.s.j.b.loader.SquidClassLoader - .class not found for java.lang.Synthetic$DateUtils
15:59:09.817 [main] DEBUG o.s.j.b.loader.SquidClassLoader - .class not found for ais.gui.common.Ordering
15:59:09.817 [main] DEBUG o.s.j.b.loader.SquidClassLoader - .class not found for java.lang.Ordering
15:59:09.817 [main] DEBUG o.s.j.b.loader.SquidClassLoader - .class not found for java.lang.Synthetic$Ordering
15:59:09.817 [main] DEBUG o.s.j.b.loader.SquidClassLoader - .class not found for ais.gui.common.SCSTDruhStudia
15:59:09.817 [main] DEBUG o.s.j.b.loader.SquidClassLoader - .class not found for java.lang.SCSTDruhStudia
15:59:09.817 [main] DEBUG o.s.j.b.loader.SquidClassLoader - .class not found for java.lang.Synthetic$SCSTDruhStudia
15:59:09.817 [main] DEBUG o.s.j.b.loader.SquidClassLoader - .class not found for ais.gui.common.SCSTDruhStudia
15:59:09.817 [main] DEBUG o.s.j.b.loader.SquidClassLoader - .class not found for java.lang.SCSTDruhStudia
15:59:09.818 [main] DEBUG o.s.j.b.loader.SquidClassLoader - .class not found for java.lang.Synthetic$SCSTDruhStudia
15:59:09.818 [main] DEBUG o.s.j.b.loader.SquidClassLoader - .class not found for ais.gui.common.EmptySpec
15:59:09.818 [main] DEBUG o.s.j.b.loader.SquidClassLoader - .class not found for java.lang.EmptySpec
15:59:09.818 [main] DEBUG o.s.j.b.loader.SquidClassLoader - .class not found for java.lang.Synthetic$EmptySpec
15:59:09.818 [main] DEBUG o.s.j.b.loader.SquidClassLoader - .class not found for ais.gui.common.AppException
15:59:09.818 [main] DEBUG o.s.j.b.loader.SquidClassLoader - .class not found for java.lang.AppException
15:59:09.818 [main] DEBUG o.s.j.b.loader.SquidClassLoader - .class not found for java.lang.Synthetic$AppException
15:59:09.818 [main] DEBUG o.s.j.b.loader.SquidClassLoader - .class not found for ais.gui.common.Object
15:59:09.819 [main] DEBUG o.s.j.b.loader.SquidClassLoader - .class not found for java.lang.Synthetic$Object
15:59:09.819 [main] DEBUG o.s.j.b.loader.SquidClassLoader - .class not found for ais.gui.common.SCSTTypStudia
15:59:09.819 [main] DEBUG o.s.j.b.loader.SquidClassLoader - .class not found for java.lang.SCSTTypStudia
15:59:09.819 [main] DEBUG o.s.j.b.loader.SquidClassLoader - .class not found for java.lang.Synthetic$SCSTTypStudia
15:59:09.819 [main] DEBUG o.s.j.b.loader.SquidClassLoader - .class not found for ais.gui.common.SCSTTypStudia
15:59:09.819 [main] DEBUG o.s.j.b.loader.SquidClassLoader - .class not found for java.lang.SCSTTypStudia
15:59:09.819 [main] DEBUG o.s.j.b.loader.SquidClassLoader - .class not found for java.lang.Synthetic$SCSTTypStudia
15:59:09.820 [main] DEBUG o.s.j.b.loader.SquidClassLoader - .class not found for ais.gui.common.BarSpec
15:59:09.820 [main] DEBUG o.s.j.b.loader.SquidClassLoader - .class not found for java.lang.BarSpec
15:59:09.820 [main] DEBUG o.s.j.b.loader.SquidClassLoader - .class not found for java.lang.Synthetic$BarSpec
15:59:09.820 [main] DEBUG o.s.j.b.loader.SquidClassLoader - .class not found for ais.gui.common.AppException
15:59:09.820 [main] DEBUG o.s.j.b.loader.SquidClassLoader - .class not found for java.lang.AppException
15:59:09.820 [main] DEBUG o.s.j.b.loader.SquidClassLoader - .class not found for java.lang.Synthetic$AppException
15:59:09.820 [main] DEBUG o.s.j.b.loader.SquidClassLoader - .class not found for ais.gui.common.SCSTTypStudia
15:59:09.820 [main] DEBUG o.s.j.b.loader.SquidClassLoader - .class not found for java.lang.SCSTTypStudia
15:59:09.821 [main] DEBUG o.s.j.b.loader.SquidClassLoader - .class not found for java.lang.Synthetic$SCSTTypStudia
15:59:09.822 [main] DEBUG o.s.j.b.loader.SquidClassLoader - .class not found for ais.gui.common.Filter
15:59:09.822 [main] DEBUG o.s.j.b.loader.SquidClassLoader - .class not found for java.lang.Filter
15:59:09.822 [main] DEBUG o.s.j.b.loader.SquidClassLoader - .class not found for java.lang.Synthetic$Filter
15:59:09.822 [main] DEBUG o.s.j.b.loader.SquidClassLoader - .class not found for ais.gui.common.DateUtils
15:59:09.822 [main] DEBUG o.s.j.b.loader.SquidClassLoader - .class not found for java.lang.DateUtils
15:59:09.822 [main] DEBUG o.s.j.b.loader.SquidClassLoader - .class not found for java.lang.Synthetic$DateUtils
15:59:09.822 [main] DEBUG o.s.j.b.loader.SquidClassLoader - .class not found for ais.gui.common.DateUtils
15:59:09.822 [main] DEBUG o.s.j.b.loader.SquidClassLoader - .class not found for java.lang.DateUtils
15:59:09.823 [main] DEBUG o.s.j.b.loader.SquidClassLoader - .class not found for java.lang.Synthetic$DateUtils
15:59:09.823 [main] DEBUG o.s.j.b.loader.SquidClassLoader - .class not found for ais.gui.common.Ordering
15:59:09.823 [main] DEBUG o.s.j.b.loader.SquidClassLoader - .class not found for java.lang.Ordering
15:59:09.823 [main] DEBUG o.s.j.b.loader.SquidClassLoader - .class not found for java.lang.Synthetic$Ordering
15:59:09.823 [main] DEBUG o.s.j.b.loader.SquidClassLoader - .class not found for ais.gui.common.SCSTTypStudia
15:59:09.823 [main] DEBUG o.s.j.b.loader.SquidClassLoader - .class not found for java.lang.SCSTTypStudia
15:59:09.823 [main] DEBUG o.s.j.b.loader.SquidClassLoader - .class not found for java.lang.Synthetic$SCSTTypStudia
15:59:09.824 [main] DEBUG o.s.j.b.loader.SquidClassLoader - .class not found for ais.gui.common.SCSTTypStudia
15:59:09.824 [main] DEBUG o.s.j.b.loader.SquidClassLoader - .class not found for java.lang.SCSTTypStudia
15:59:09.824 [main] DEBUG o.s.j.b.loader.SquidClassLoader - .class not found for java.lang.Synthetic$SCSTTypStudia
15:59:09.824 [main] DEBUG o.s.j.b.loader.SquidClassLoader - .class not found for ais.gui.common.EmptySpec
15:59:09.824 [main] DEBUG o.s.j.b.loader.SquidClassLoader - .class not found for java.lang.EmptySpec
15:59:09.824 [main] DEBUG o.s.j.b.loader.SquidClassLoader - .class not found for java.lang.Synthetic$EmptySpec
15:59:09.824 [main] DEBUG o.s.j.b.loader.SquidClassLoader - .class not found for ais.gui.common.AppException
15:59:09.824 [main] DEBUG o.s.j.b.loader.SquidClassLoader - .class not found for java.lang.AppException
15:59:09.825 [main] DEBUG o.s.j.b.loader.SquidClassLoader - .class not found for java.lang.Synthetic$AppException
15:59:09.825 [main] DEBUG o.s.j.b.loader.SquidClassLoader - .class not found for ais.gui.common.Object
15:59:09.825 [main] DEBUG o.s.j.b.loader.SquidClassLoader - .class not found for java.lang.Synthetic$Object
15:59:09.825 [main] DEBUG o.s.j.b.loader.SquidClassLoader - .class not found for ais.gui.common.SCSTFormaStudia
15:59:09.825 [main] DEBUG o.s.j.b.loader.SquidClassLoader - .class not found for java.lang.SCSTFormaStudia
15:59:09.825 [main] DEBUG o.s.j.b.loader.SquidClassLoader - .class not found for java.lang.Synthetic$SCSTFormaStudia
15:59:09.825 [main] DEBUG o.s.j.b.loader.SquidClassLoader - .class not found for ais.gui.common.SCSTFormaStudia
15:59:09.825 [main] DEBUG o.s.j.b.loader.SquidClassLoader - .class not found for java.lang.SCSTFormaStudia
15:59:09.825 [main] DEBUG o.s.j.b.loader.SquidClassLoader - .class not found for java.lang.Synthetic$SCSTFormaStudia
15:59:09.826 [main] DEBUG o.s.j.b.loader.SquidClassLoader - .class not found for ais.gui.common.BarSpec
15:59:09.826 [main] DEBUG o.s.j.b.loader.SquidClassLoader - .class not found for java.lang.BarSpec
15:59:09.826 [main] DEBUG o.s.j.b.loader.SquidClassLoader - .class not found for java.lang.Synthetic$BarSpec
15:59:09.826 [main] DEBUG o.s.j.b.loader.SquidClassLoader - .class not found for ais.gui.common.AppException
15:59:09.826 [main] DEBUG o.s.j.b.loader.SquidClassLoader - .class not found for java.lang.AppException
15:59:09.826 [main] DEBUG o.s.j.b.loader.SquidClassLoader - .class not found for java.lang.Synthetic$AppException
15:59:09.826 [main] DEBUG o.s.j.b.loader.SquidClassLoader - .class not found for ais.gui.common.SCSTFormaStudia
15:59:09.826 [main] DEBUG o.s.j.b.loader.SquidClassLoader - .class not found for java.lang.SCSTFormaStudia
15:59:09.826 [main] DEBUG o.s.j.b.loader.SquidClassLoader - .class not found for java.lang.Synthetic$SCSTFormaStudia
15:59:09.827 [main] DEBUG o.s.j.b.loader.SquidClassLoader - .class not found for ais.gui.common.Filter
15:59:09.827 [main] DEBUG o.s.j.b.loader.SquidClassLoader - .class not found for java.lang.Filter
15:59:09.827 [main] DEBUG o.s.j.b.loader.SquidClassLoader - .class not found for java.lang.Synthetic$Filter
15:59:09.827 [main] DEBUG o.s.j.b.loader.SquidClassLoader - .class not found for ais.gui.common.DateUtils
15:59:09.827 [main] DEBUG o.s.j.b.loader.SquidClassLoader - .class not found for java.lang.DateUtils
15:59:09.827 [main] DEBUG o.s.j.b.loader.SquidClassLoader - .class not found for java.lang.Synthetic$DateUtils
15:59:09.827 [main] DEBUG o.s.j.b.loader.SquidClassLoader - .class not found for ais.gui.common.DateUtils
15:59:09.827 [main] DEBUG o.s.j.b.loader.SquidClassLoader - .class not found for java.lang.DateUtils
15:59:09.828 [main] DEBUG o.s.j.b.loader.SquidClassLoader - .class not found for java.lang.Synthetic$DateUtils
15:59:09.828 [main] DEBUG o.s.j.b.loader.SquidClassLoader - .class not found for ais.gui.common.Ordering
15:59:09.829 [main] DEBUG o.s.j.b.loader.SquidClassLoader - .class not found for java.lang.Ordering
15:59:09.829 [main] DEBUG o.s.j.b.loader.SquidClassLoader - .class not found for java.lang.Synthetic$Ordering
15:59:09.829 [main] DEBUG o.s.j.b.loader.SquidClassLoader - .class not found for ais.gui.common.SCSTFormaStudia
15:59:09.829 [main] DEBUG o.s.j.b.loader.SquidClassLoader - .class not found for java.lang.SCSTFormaStudia
15:59:09.829 [main] DEBUG o.s.j.b.loader.SquidClassLoader - .class not found for java.lang.Synthetic$SCSTFormaStudia
15:59:09.829 [main] DEBUG o.s.j.b.loader.SquidClassLoader - .class not found for ais.gui.common.SCSTFormaStudia
15:59:09.829 [main] DEBUG o.s.j.b.loader.SquidClassLoader - .class not found for java.lang.SCSTFormaStudia
15:59:09.829 [main] DEBUG o.s.j.b.loader.SquidClassLoader - .class not found for java.lang.Synthetic$SCSTFormaStudia
15:59:09.829 [main] DEBUG o.s.j.b.loader.SquidClassLoader - .class not found for ais.gui.common.EmptySpec
15:59:09.830 [main] DEBUG o.s.j.b.loader.SquidClassLoader - .class not found for java.lang.EmptySpec
15:59:09.830 [main] DEBUG o.s.j.b.loader.SquidClassLoader - .class not found for java.lang.Synthetic$EmptySpec
15:59:09.830 [main] DEBUG o.s.j.b.loader.SquidClassLoader - .class not found for ais.gui.common.AppException
15:59:09.830 [main] DEBUG o.s.j.b.loader.SquidClassLoader - .class not found for java.lang.AppException
15:59:09.830 [main] DEBUG o.s.j.b.loader.SquidClassLoader - .class not found for java.lang.Synthetic$AppException
15:59:09.830 [main] DEBUG o.s.j.b.loader.SquidClassLoader - .class not found for ais.gui.common.Object
15:59:09.830 [main] DEBUG o.s.j.b.loader.SquidClassLoader - .class not found for java.lang.Synthetic$Object
15:59:09.830 [main] DEBUG o.s.j.b.loader.SquidClassLoader - .class not found for ais.gui.common.SCSTMetodaStudia
15:59:09.830 [main] DEBUG o.s.j.b.loader.SquidClassLoader - .class not found for java.lang.SCSTMetodaStudia
15:59:09.830 [main] DEBUG o.s.j.b.loader.SquidClassLoader - .class not found for java.lang.Synthetic$SCSTMetodaStudia
15:59:09.830 [main] DEBUG o.s.j.b.loader.SquidClassLoader - .class not found for ais.gui.common.SCSTMetodaStudia
15:59:09.830 [main] DEBUG o.s.j.b.loader.SquidClassLoader - .class not found for java.lang.SCSTMetodaStudia
15:59:09.830 [main] DEBUG o.s.j.b.loader.SquidClassLoader - .class not found for java.lang.Synthetic$SCSTMetodaStudia
15:59:09.830 [main] DEBUG o.s.j.b.loader.SquidClassLoader - .class not found for ais.gui.common.BarSpec
15:59:09.831 [main] DEBUG o.s.j.b.loader.SquidClassLoader - .class not found for java.lang.BarSpec
15:59:09.831 [main] DEBUG o.s.j.b.loader.SquidClassLoader - .class not found for java.lang.Synthetic$BarSpec
15:59:09.831 [main] DEBUG o.s.j.b.loader.SquidClassLoader - .class not found for ais.gui.common.AppException
15:59:09.831 [main] DEBUG o.s.j.b.loader.SquidClassLoader - .class not found for java.lang.AppException
15:59:09.831 [main] DEBUG o.s.j.b.loader.SquidClassLoader - .class not found for java.lang.Synthetic$AppException
15:59:09.831 [main] DEBUG o.s.j.b.loader.SquidClassLoader - .class not found for ais.gui.common.SCSTMetodaStudia
15:59:09.831 [main] DEBUG o.s.j.b.loader.SquidClassLoader - .class not found for java.lang.SCSTMetodaStudia
15:59:09.832 [main] DEBUG o.s.j.b.loader.SquidClassLoader - .class not found for java.lang.Synthetic$SCSTMetodaStudia
15:59:09.832 [main] DEBUG o.s.j.b.loader.SquidClassLoader - .class not found for ais.gui.common.Filter
15:59:09.832 [main] DEBUG o.s.j.b.loader.SquidClassLoader - .class not found for java.lang.Filter
15:59:09.832 [main] DEBUG o.s.j.b.loader.SquidClassLoader - .class not found for java.lang.Synthetic$Filter
15:59:09.832 [main] DEBUG o.s.j.b.loader.SquidClassLoader - .class not found for ais.gui.common.DateUtils
15:59:09.832 [main] DEBUG o.s.j.b.loader.SquidClassLoader - .class not found for java.lang.DateUtils
15:59:09.832 [main] DEBUG o.s.j.b.loader.SquidClassLoader - .class not found for java.lang.Synthetic$DateUtils
15:59:09.833 [main] DEBUG o.s.j.b.loader.SquidClassLoader - .class not found for ais.gui.common.DateUtils
15:59:09.833 [main] DEBUG o.s.j.b.loader.SquidClassLoader - .class not found for java.lang.DateUtils
15:59:09.833 [main] DEBUG o.s.j.b.loader.SquidClassLoader - .class not found for java.lang.Synthetic$DateUtils
15:59:09.833 [main] DEBUG o.s.j.b.loader.SquidClassLoader - .class not found for ais.gui.common.Ordering
15:59:09.834 [main] DEBUG o.s.j.b.loader.SquidClassLoader - .class not found for java.lang.Ordering
15:59:09.834 [main] DEBUG o.s.j.b.loader.SquidClassLoader - .class not found for java.lang.Synthetic$Ordering
15:59:09.834 [main] DEBUG o.s.j.b.loader.SquidClassLoader - .class not found for ais.gui.common.SCSTMetodaStudia
15:59:09.834 [main] DEBUG o.s.j.b.loader.SquidClassLoader - .class not found for java.lang.SCSTMetodaStudia
15:59:09.834 [main] DEBUG o.s.j.b.loader.SquidClassLoader - .class not found for java.lang.Synthetic$SCSTMetodaStudia
15:59:09.834 [main] DEBUG o.s.j.b.loader.SquidClassLoader - .class not found for ais.gui.common.SCSTMetodaStudia
15:59:09.834 [main] DEBUG o.s.j.b.loader.SquidClassLoader - .class not found for java.lang.SCSTMetodaStudia
15:59:09.834 [main] DEBUG o.s.j.b.loader.SquidClassLoader - .class not found for java.lang.Synthetic$SCSTMetodaStudia
15:59:09.834 [main] DEBUG o.s.j.b.loader.SquidClassLoader - .class not found for ais.gui.common.EmptySpec
15:59:09.834 [main] DEBUG o.s.j.b.loader.SquidClassLoader - .class not found for java.lang.EmptySpec
15:59:09.834 [main] DEBUG o.s.j.b.loader.SquidClassLoader - .class not found for java.lang.Synthetic$EmptySpec
15:59:09.834 [main] DEBUG o.s.j.b.loader.SquidClassLoader - .class not found for ais.gui.common.AppException
15:59:09.834 [main] DEBUG o.s.j.b.loader.SquidClassLoader - .class not found for java.lang.AppException
15:59:09.834 [main] DEBUG o.s.j.b.loader.SquidClassLoader - .class not found for java.lang.Synthetic$AppException
15:59:09.834 [main] DEBUG o.s.j.b.loader.SquidClassLoader - .class not found for ais.gui.common.Object
15:59:09.834 [main] DEBUG o.s.j.b.loader.SquidClassLoader - .class not found for java.lang.Synthetic$Object
15:59:09.835 [main] DEBUG o.s.j.b.loader.SquidClassLoader - .class not found for ais.gui.common.SCSTSposVyucby
15:59:09.835 [main] DEBUG o.s.j.b.loader.SquidClassLoader - .class not found for java.lang.SCSTSposVyucby
15:59:09.835 [main] DEBUG o.s.j.b.loader.SquidClassLoader - .class not found for java.lang.Synthetic$SCSTSposVyucby
15:59:09.835 [main] DEBUG o.s.j.b.loader.SquidClassLoader - .class not found for ais.gui.common.SCSTSposVyucby
15:59:09.835 [main] DEBUG o.s.j.b.loader.SquidClassLoader - .class not found for java.lang.SCSTSposVyucby
15:59:09.835 [main] DEBUG o.s.j.b.loader.SquidClassLoader - .class not found for java.lang.Synthetic$SCSTSposVyucby
15:59:09.835 [main] DEBUG o.s.j.b.loader.SquidClassLoader - .class not found for ais.gui.common.BarSpec
15:59:09.835 [main] DEBUG o.s.j.b.loader.SquidClassLoader - .class not found for java.lang.BarSpec
15:59:09.835 [main] DEBUG o.s.j.b.loader.SquidClassLoader - .class not found for java.lang.Synthetic$BarSpec
15:59:09.835 [main] DEBUG o.s.j.b.loader.SquidClassLoader - .class not found for ais.gui.common.AppException
15:59:09.835 [main] DEBUG o.s.j.b.loader.SquidClassLoader - .class not found for java.lang.AppException
15:59:09.835 [main] DEBUG o.s.j.b.loader.SquidClassLoader - .class not found for java.lang.Synthetic$AppException
15:59:09.835 [main] DEBUG o.s.j.b.loader.SquidClassLoader - .class not found for ais.gui.common.SCSTSposVyucby
15:59:09.835 [main] DEBUG o.s.j.b.loader.SquidClassLoader - .class not found for java.lang.SCSTSposVyucby
15:59:09.836 [main] DEBUG o.s.j.b.loader.SquidClassLoader - .class not found for java.lang.Synthetic$SCSTSposVyucby
15:59:09.836 [main] DEBUG o.s.j.b.loader.SquidClassLoader - .class not found for ais.gui.common.Filter
15:59:09.836 [main] DEBUG o.s.j.b.loader.SquidClassLoader - .class not found for java.lang.Filter
15:59:09.836 [main] DEBUG o.s.j.b.loader.SquidClassLoader - .class not found for java.lang.Synthetic$Filter
15:59:09.836 [main] DEBUG o.s.j.b.loader.SquidClassLoader - .class not found for ais.gui.common.SCSTSposVyucby
15:59:09.836 [main] DEBUG o.s.j.b.loader.SquidClassLoader - .class not found for java.lang.SCSTSposVyucby
15:59:09.837 [main] DEBUG o.s.j.b.loader.SquidClassLoader - .class not found for java.lang.Synthetic$SCSTSposVyucby
15:59:09.837 [main] DEBUG o.s.j.b.loader.SquidClassLoader - .class not found for ais.gui.common.SCSTSposVyucby
15:59:09.837 [main] DEBUG o.s.j.b.loader.SquidClassLoader - .class not found for java.lang.SCSTSposVyucby
15:59:09.837 [main] DEBUG o.s.j.b.loader.SquidClassLoader - .class not found for java.lang.Synthetic$SCSTSposVyucby
15:59:09.837 [main] DEBUG o.s.j.b.loader.SquidClassLoader - .class not found for ais.gui.common.EmptySpec
15:59:09.837 [main] DEBUG o.s.j.b.loader.SquidClassLoader - .class not found for java.lang.EmptySpec
15:59:09.837 [main] DEBUG o.s.j.b.loader.SquidClassLoader - .class not found for java.lang.Synthetic$EmptySpec
15:59:09.837 [main] DEBUG o.s.j.b.loader.SquidClassLoader - .class not found for ais.gui.common.AppException
15:59:09.837 [main] DEBUG o.s.j.b.loader.SquidClassLoader - .class not found for java.lang.AppException
15:59:09.837 [main] DEBUG o.s.j.b.loader.SquidClassLoader - .class not found for java.lang.Synthetic$AppException
15:59:09.838 [main] DEBUG o.s.j.b.loader.SquidClassLoader - .class not found for ais.gui.common.SCPWOrgJednotka
15:59:09.838 [main] DEBUG o.s.j.b.loader.SquidClassLoader - .class not found for java.lang.SCPWOrgJednotka
15:59:09.838 [main] DEBUG o.s.j.b.loader.SquidClassLoader - .class not found for java.lang.Synthetic$SCPWOrgJednotka
15:59:09.838 [main] DEBUG o.s.j.b.loader.SquidClassLoader - .class not found for ais.gui.common.STCinnostSPOJ
15:59:09.838 [main] DEBUG o.s.j.b.loader.SquidClassLoader - .class not found for java.lang.STCinnostSPOJ
15:59:09.838 [main] DEBUG o.s.j.b.loader.SquidClassLoader - .class not found for java.lang.Synthetic$STCinnostSPOJ
15:59:09.838 [main] DEBUG o.s.j.b.loader.SquidClassLoader - .class not found for ais.gui.common.Filter
15:59:09.838 [main] DEBUG o.s.j.b.loader.SquidClassLoader - .class not found for java.lang.Filter
15:59:09.839 [main] DEBUG o.s.j.b.loader.SquidClassLoader - .class not found for java.lang.Synthetic$Filter
15:59:09.839 [main] DEBUG o.s.j.b.loader.SquidClassLoader - .class not found for ais.gui.common.SCSTCinnostStudPrg
15:59:09.839 [main] DEBUG o.s.j.b.loader.SquidClassLoader - .class not found for java.lang.SCSTCinnostStudPrg
15:59:09.839 [main] DEBUG o.s.j.b.loader.SquidClassLoader - .class not found for java.lang.Synthetic$SCSTCinnostStudPrg
15:59:09.839 [main] DEBUG o.s.j.b.loader.SquidClassLoader - .class not found for ais.gui.common.String
15:59:09.839 [main] DEBUG o.s.j.b.loader.SquidClassLoader - .class not found for java.lang.Synthetic$String
15:59:09.840 [main] DEBUG o.s.j.b.loader.SquidClassLoader - .class not found for ais.gui.common.STCinnostSPOJ
15:59:09.840 [main] DEBUG o.s.j.b.loader.SquidClassLoader - .class not found for java.lang.STCinnostSPOJ
15:59:09.840 [main] DEBUG o.s.j.b.loader.SquidClassLoader - .class not found for java.lang.Synthetic$STCinnostSPOJ
15:59:09.840 [main] DEBUG o.s.j.b.loader.SquidClassLoader - .class not found for ais.gui.common.STCinnostSPOJ
15:59:09.840 [main] DEBUG o.s.j.b.loader.SquidClassLoader - .class not found for java.lang.STCinnostSPOJ
15:59:09.840 [main] DEBUG o.s.j.b.loader.SquidClassLoader - .class not found for java.lang.Synthetic$STCinnostSPOJ
15:59:09.840 [main] DEBUG o.s.j.b.loader.SquidClassLoader - .class not found for ais.gui.common.EmptySpec
15:59:09.840 [main] DEBUG o.s.j.b.loader.SquidClassLoader - .class not found for java.lang.EmptySpec
15:59:09.840 [main] DEBUG o.s.j.b.loader.SquidClassLoader - .class not found for java.lang.Synthetic$EmptySpec
15:59:09.841 [main] DEBUG o.s.j.b.loader.SquidClassLoader - .class not found for ais.gui.common.SCPWOrgJednotka
15:59:09.841 [main] DEBUG o.s.j.b.loader.SquidClassLoader - .class not found for java.lang.SCPWOrgJednotka
15:59:09.841 [main] DEBUG o.s.j.b.loader.SquidClassLoader - .class not found for java.lang.Synthetic$SCPWOrgJednotka
15:59:09.841 [main] DEBUG o.s.j.b.loader.SquidClassLoader - .class not found for ais.gui.common.Integer
15:59:09.841 [main] DEBUG o.s.j.b.loader.SquidClassLoader - .class not found for java.lang.Synthetic$Integer
15:59:09.841 [main] DEBUG o.s.j.b.loader.SquidClassLoader - .class not found for ais.gui.common.STCinnostSPOJ
15:59:09.841 [main] DEBUG o.s.j.b.loader.SquidClassLoader - .class not found for java.lang.STCinnostSPOJ
15:59:09.842 [main] DEBUG o.s.j.b.loader.SquidClassLoader - .class not found for java.lang.Synthetic$STCinnostSPOJ
15:59:09.842 [main] DEBUG o.s.j.b.loader.SquidClassLoader - .class not found for ais.gui.common.Filter
15:59:09.842 [main] DEBUG o.s.j.b.loader.SquidClassLoader - .class not found for java.lang.Filter
15:59:09.842 [main] DEBUG o.s.j.b.loader.SquidClassLoader - .class not found for java.lang.Synthetic$Filter
15:59:09.842 [main] DEBUG o.s.j.b.loader.SquidClassLoader - .class not found for ais.gui.common.SCSTCinnostStudPrg
15:59:09.842 [main] DEBUG o.s.j.b.loader.SquidClassLoader - .class not found for java.lang.SCSTCinnostStudPrg
15:59:09.842 [main] DEBUG o.s.j.b.loader.SquidClassLoader - .class not found for java.lang.Synthetic$SCSTCinnostStudPrg
15:59:09.842 [main] DEBUG o.s.j.b.loader.SquidClassLoader - .class not found for ais.gui.common.Integer
15:59:09.843 [main] DEBUG o.s.j.b.loader.SquidClassLoader - .class not found for java.lang.Synthetic$Integer
15:59:09.843 [main] DEBUG o.s.j.b.loader.SquidClassLoader - .class not found for ais.gui.common.STCinnostSPOJ
15:59:09.843 [main] DEBUG o.s.j.b.loader.SquidClassLoader - .class not found for java.lang.STCinnostSPOJ
15:59:09.844 [main] DEBUG o.s.j.b.loader.SquidClassLoader - .class not found for java.lang.Synthetic$STCinnostSPOJ
15:59:09.844 [main] DEBUG o.s.j.b.loader.SquidClassLoader - .class not found for ais.gui.common.STCinnostSPOJ
15:59:09.844 [main] DEBUG o.s.j.b.loader.SquidClassLoader - .class not found for java.lang.STCinnostSPOJ
15:59:09.844 [main] DEBUG o.s.j.b.loader.SquidClassLoader - .class not found for java.lang.Synthetic$STCinnostSPOJ
15:59:09.844 [main] DEBUG o.s.j.b.loader.SquidClassLoader - .class not found for ais.gui.common.EmptySpec
15:59:09.845 [main] DEBUG o.s.j.b.loader.SquidClassLoader - .class not found for java.lang.EmptySpec
15:59:09.845 [main] DEBUG o.s.j.b.loader.SquidClassLoader - .class not found for java.lang.Synthetic$EmptySpec
15:59:09.846 [main] DEBUG o.s.j.b.loader.SquidClassLoader - .class not found for ais.gui.common.SCPWOrgJednotka
15:59:09.846 [main] DEBUG o.s.j.b.loader.SquidClassLoader - .class not found for java.lang.SCPWOrgJednotka
15:59:09.846 [main] DEBUG o.s.j.b.loader.SquidClassLoader - .class not found for java.lang.Synthetic$SCPWOrgJednotka
15:59:09.847 [main] DEBUG o.s.j.b.loader.SquidClassLoader - .class not found for ais.gui.common.String
15:59:09.847 [main] DEBUG o.s.j.b.loader.SquidClassLoader - .class not found for java.lang.Synthetic$String
15:59:09.848 [main] DEBUG o.s.j.b.loader.SquidClassLoader - .class not found for ais.gui.common.SCPWOrgJednotka
15:59:09.849 [main] DEBUG o.s.j.b.loader.SquidClassLoader - .class not found for java.lang.SCPWOrgJednotka
15:59:09.849 [main] DEBUG o.s.j.b.loader.SquidClassLoader - .class not found for java.lang.Synthetic$SCPWOrgJednotka
15:59:09.850 [main] DEBUG o.s.j.b.loader.SquidClassLoader - .class not found for ais.gui.common.Filter
15:59:09.850 [main] DEBUG o.s.j.b.loader.SquidClassLoader - .class not found for java.lang.Filter
15:59:09.850 [main] DEBUG o.s.j.b.loader.SquidClassLoader - .class not found for java.lang.Synthetic$Filter
15:59:09.850 [main] DEBUG o.s.j.b.loader.SquidClassLoader - .class not found for ais.gui.common.String
15:59:09.850 [main] DEBUG o.s.j.b.loader.SquidClassLoader - .class not found for java.lang.Synthetic$String
15:59:09.852 [main] DEBUG o.s.j.b.loader.SquidClassLoader - .class not found for ais.gui.common.SCPWOrgJednotka
15:59:09.852 [main] DEBUG o.s.j.b.loader.SquidClassLoader - .class not found for java.lang.SCPWOrgJednotka
15:59:09.853 [main] DEBUG o.s.j.b.loader.SquidClassLoader - .class not found for java.lang.Synthetic$SCPWOrgJednotka
15:59:09.853 [main] DEBUG o.s.j.b.loader.SquidClassLoader - .class not found for ais.gui.common.SCPWOrgJednotka
15:59:09.853 [main] DEBUG o.s.j.b.loader.SquidClassLoader - .class not found for java.lang.SCPWOrgJednotka
15:59:09.853 [main] DEBUG o.s.j.b.loader.SquidClassLoader - .class not found for java.lang.Synthetic$SCPWOrgJednotka
15:59:09.854 [main] DEBUG o.s.j.b.loader.SquidClassLoader - .class not found for ais.gui.common.EmptySpec
15:59:09.854 [main] DEBUG o.s.j.b.loader.SquidClassLoader - .class not found for java.lang.EmptySpec
15:59:09.854 [main] DEBUG o.s.j.b.loader.SquidClassLoader - .class not found for java.lang.Synthetic$EmptySpec
15:59:09.855 [main] DEBUG o.s.j.b.loader.SquidClassLoader - .class not found for ais.gui.common.AppException
15:59:09.855 [main] DEBUG o.s.j.b.loader.SquidClassLoader - .class not found for java.lang.AppException
15:59:09.855 [main] DEBUG o.s.j.b.loader.SquidClassLoader - .class not found for java.lang.Synthetic$AppException
15:59:09.855 [main] DEBUG o.s.j.b.loader.SquidClassLoader - .class not found for ais.gui.common.PWVlastnostOJ
15:59:09.855 [main] DEBUG o.s.j.b.loader.SquidClassLoader - .class not found for java.lang.PWVlastnostOJ
15:59:09.855 [main] DEBUG o.s.j.b.loader.SquidClassLoader - .class not found for java.lang.Synthetic$PWVlastnostOJ
15:59:09.856 [main] DEBUG o.s.j.b.loader.SquidClassLoader - .class not found for ais.gui.common.PWVlastnostOJ
15:59:09.856 [main] DEBUG o.s.j.b.loader.SquidClassLoader - .class not found for java.lang.PWVlastnostOJ
15:59:09.856 [main] DEBUG o.s.j.b.loader.SquidClassLoader - .class not found for java.lang.Synthetic$PWVlastnostOJ
15:59:09.856 [main] DEBUG o.s.j.b.loader.SquidClassLoader - .class not found for ais.gui.common.Object
15:59:09.856 [main] DEBUG o.s.j.b.loader.SquidClassLoader - .class not found for java.lang.Synthetic$Object
15:59:09.857 [main] DEBUG o.s.j.b.loader.SquidClassLoader - .class not found for ais.gui.common.BarSpec
15:59:09.857 [main] DEBUG o.s.j.b.loader.SquidClassLoader - .class not found for java.lang.BarSpec
15:59:09.857 [main] DEBUG o.s.j.b.loader.SquidClassLoader - .class not found for java.lang.Synthetic$BarSpec
15:59:09.859 [main] DEBUG o.s.j.b.loader.SquidClassLoader - .class not found for ais.gui.common.SCPWOrgJednotka
15:59:09.859 [main] DEBUG o.s.j.b.loader.SquidClassLoader - .class not found for java.lang.SCPWOrgJednotka
15:59:09.859 [main] DEBUG o.s.j.b.loader.SquidClassLoader - .class not found for java.lang.Synthetic$SCPWOrgJednotka
15:59:09.859 [main] DEBUG o.s.j.b.loader.SquidClassLoader - .class not found for ais.gui.common.String
15:59:09.859 [main] DEBUG o.s.j.b.loader.SquidClassLoader - .class not found for java.lang.Synthetic$String
15:59:09.860 [main] DEBUG o.s.j.b.loader.SquidClassLoader - .class not found for ais.gui.common.SCPWOrgJednotka
15:59:09.860 [main] DEBUG o.s.j.b.loader.SquidClassLoader - .class not found for java.lang.SCPWOrgJednotka
15:59:09.860 [main] DEBUG o.s.j.b.loader.SquidClassLoader - .class not found for java.lang.Synthetic$SCPWOrgJednotka
15:59:09.860 [main] DEBUG o.s.j.b.loader.SquidClassLoader - .class not found for ais.gui.common.Filter
15:59:09.860 [main] DEBUG o.s.j.b.loader.SquidClassLoader - .class not found for java.lang.Filter
15:59:09.860 [main] DEBUG o.s.j.b.loader.SquidClassLoader - .class not found for java.lang.Synthetic$Filter
15:59:09.860 [main] DEBUG o.s.j.b.loader.SquidClassLoader - .class not found for ais.gui.common.String
15:59:09.861 [main] DEBUG o.s.j.b.loader.SquidClassLoader - .class not found for java.lang.Synthetic$String
15:59:09.862 [main] DEBUG o.s.j.b.loader.SquidClassLoader - .class not found for ais.gui.common.Ordering
15:59:09.863 [main] DEBUG o.s.j.b.loader.SquidClassLoader - .class not found for java.lang.Ordering
15:59:09.863 [main] DEBUG o.s.j.b.loader.SquidClassLoader - .class not found for java.lang.Synthetic$Ordering
15:59:09.864 [main] DEBUG o.s.j.b.loader.SquidClassLoader - .class not found for ais.gui.common.SCPWOrgJednotka
15:59:09.864 [main] DEBUG o.s.j.b.loader.SquidClassLoader - .class not found for java.lang.SCPWOrgJednotka
15:59:09.864 [main] DEBUG o.s.j.b.loader.SquidClassLoader - .class not found for java.lang.Synthetic$SCPWOrgJednotka
15:59:09.864 [main] DEBUG o.s.j.b.loader.SquidClassLoader - .class not found for ais.gui.common.SCPWOrgJednotka
15:59:09.864 [main] DEBUG o.s.j.b.loader.SquidClassLoader - .class not found for java.lang.SCPWOrgJednotka
15:59:09.864 [main] DEBUG o.s.j.b.loader.SquidClassLoader - .class not found for java.lang.Synthetic$SCPWOrgJednotka
15:59:09.865 [main] DEBUG o.s.j.b.loader.SquidClassLoader - .class not found for ais.gui.common.BarSpec
15:59:09.865 [main] DEBUG o.s.j.b.loader.SquidClassLoader - .class not found for java.lang.BarSpec
15:59:09.865 [main] DEBUG o.s.j.b.loader.SquidClassLoader - .class not found for java.lang.Synthetic$BarSpec
15:59:09.865 [main] DEBUG o.s.j.b.loader.SquidClassLoader - .class not found for ais.gui.common.AppException
15:59:09.865 [main] DEBUG o.s.j.b.loader.SquidClassLoader - .class not found for java.lang.AppException
15:59:09.865 [main] DEBUG o.s.j.b.loader.SquidClassLoader - .class not found for java.lang.Synthetic$AppException
15:59:09.866 [main] DEBUG o.s.j.b.loader.SquidClassLoader - .class not found for ais.gui.common.SCSviatokKalendar
15:59:09.866 [main] DEBUG o.s.j.b.loader.SquidClassLoader - .class not found for java.lang.SCSviatokKalendar
15:59:09.866 [main] DEBUG o.s.j.b.loader.SquidClassLoader - .class not found for java.lang.Synthetic$SCSviatokKalendar
15:59:09.866 [main] DEBUG o.s.j.b.loader.SquidClassLoader - .class not found for ais.gui.common.SCSviatokKalendar
15:59:09.866 [main] DEBUG o.s.j.b.loader.SquidClassLoader - .class not found for java.lang.SCSviatokKalendar
15:59:09.866 [main] DEBUG o.s.j.b.loader.SquidClassLoader - .class not found for java.lang.Synthetic$SCSviatokKalendar
15:59:09.866 [main] DEBUG o.s.j.b.loader.SquidClassLoader - .class not found for ais.gui.common.BarSpec
15:59:09.866 [main] DEBUG o.s.j.b.loader.SquidClassLoader - .class not found for java.lang.BarSpec
15:59:09.866 [main] DEBUG o.s.j.b.loader.SquidClassLoader - .class not found for java.lang.Synthetic$BarSpec
15:59:09.866 [main] DEBUG o.s.j.b.loader.SquidClassLoader - .class not found for ais.gui.common.AppException
15:59:09.867 [main] DEBUG o.s.j.b.loader.SquidClassLoader - .class not found for java.lang.AppException
15:59:09.867 [main] DEBUG o.s.j.b.loader.SquidClassLoader - .class not found for java.lang.Synthetic$AppException
15:59:09.867 [main] DEBUG o.s.j.b.loader.SquidClassLoader - .class not found for ais.gui.common.SCStat
15:59:09.867 [main] DEBUG o.s.j.b.loader.SquidClassLoader - .class not found for java.lang.SCStat
15:59:09.867 [main] DEBUG o.s.j.b.loader.SquidClassLoader - .class not found for java.lang.Synthetic$SCStat
15:59:09.867 [main] DEBUG o.s.j.b.loader.SquidClassLoader - .class not found for ais.gui.common.SCStat
15:59:09.867 [main] DEBUG o.s.j.b.loader.SquidClassLoader - .class not found for java.lang.SCStat
15:59:09.867 [main] DEBUG o.s.j.b.loader.SquidClassLoader - .class not found for java.lang.Synthetic$SCStat
15:59:09.867 [main] DEBUG o.s.j.b.loader.SquidClassLoader - .class not found for ais.gui.common.EmptySpec
15:59:09.867 [main] DEBUG o.s.j.b.loader.SquidClassLoader - .class not found for java.lang.EmptySpec
15:59:09.867 [main] DEBUG o.s.j.b.loader.SquidClassLoader - .class not found for java.lang.Synthetic$EmptySpec
15:59:09.868 [main] DEBUG o.s.j.b.loader.SquidClassLoader - .class not found for ais.gui.common.AppException
15:59:09.868 [main] DEBUG o.s.j.b.loader.SquidClassLoader - .class not found for java.lang.AppException
15:59:09.868 [main] DEBUG o.s.j.b.loader.SquidClassLoader - .class not found for java.lang.Synthetic$AppException
15:59:09.869 [main] DEBUG o.s.j.b.loader.SquidClassLoader - .class not found for ais.gui.common.Object
15:59:09.869 [main] DEBUG o.s.j.b.loader.SquidClassLoader - .class not found for java.lang.Synthetic$Object
15:59:09.869 [main] DEBUG o.s.j.b.loader.SquidClassLoader - .class not found for ais.gui.common.SCStat
15:59:09.869 [main] DEBUG o.s.j.b.loader.SquidClassLoader - .class not found for java.lang.SCStat
15:59:09.869 [main] DEBUG o.s.j.b.loader.SquidClassLoader - .class not found for java.lang.Synthetic$SCStat
15:59:09.869 [main] DEBUG o.s.j.b.loader.SquidClassLoader - .class not found for ais.gui.common.SCStat
15:59:09.869 [main] DEBUG o.s.j.b.loader.SquidClassLoader - .class not found for java.lang.SCStat
15:59:09.869 [main] DEBUG o.s.j.b.loader.SquidClassLoader - .class not found for java.lang.Synthetic$SCStat
15:59:09.869 [main] DEBUG o.s.j.b.loader.SquidClassLoader - .class not found for ais.gui.common.BarSpec
15:59:09.870 [main] DEBUG o.s.j.b.loader.SquidClassLoader - .class not found for java.lang.BarSpec
15:59:09.870 [main] DEBUG o.s.j.b.loader.SquidClassLoader - .class not found for java.lang.Synthetic$BarSpec
15:59:09.870 [main] DEBUG o.s.j.b.loader.SquidClassLoader - .class not found for ais.gui.common.AppException
15:59:09.870 [main] DEBUG o.s.j.b.loader.SquidClassLoader - .class not found for java.lang.AppException
15:59:09.870 [main] DEBUG o.s.j.b.loader.SquidClassLoader - .class not found for java.lang.Synthetic$AppException
15:59:09.870 [main] DEBUG o.s.j.b.loader.SquidClassLoader - .class not found for ais.gui.common.SCStat
15:59:09.870 [main] DEBUG o.s.j.b.loader.SquidClassLoader - .class not found for java.lang.SCStat
15:59:09.870 [main] DEBUG o.s.j.b.loader.SquidClassLoader - .class not found for java.lang.Synthetic$SCStat
15:59:09.870 [main] DEBUG o.s.j.b.loader.SquidClassLoader - .class not found for ais.gui.common.Filter
15:59:09.871 [main] DEBUG o.s.j.b.loader.SquidClassLoader - .class not found for java.lang.Filter
15:59:09.871 [main] DEBUG o.s.j.b.loader.SquidClassLoader - .class not found for java.lang.Synthetic$Filter
15:59:09.871 [main] DEBUG o.s.j.b.loader.SquidClassLoader - .class not found for ais.gui.common.DateUtils
15:59:09.871 [main] DEBUG o.s.j.b.loader.SquidClassLoader - .class not found for java.lang.DateUtils
15:59:09.871 [main] DEBUG o.s.j.b.loader.SquidClassLoader - .class not found for java.lang.Synthetic$DateUtils
15:59:09.871 [main] DEBUG o.s.j.b.loader.SquidClassLoader - .class not found for ais.gui.common.DateUtils
15:59:09.871 [main] DEBUG o.s.j.b.loader.SquidClassLoader - .class not found for java.lang.DateUtils
15:59:09.871 [main] DEBUG o.s.j.b.loader.SquidClassLoader - .class not found for java.lang.Synthetic$DateUtils
15:59:09.872 [main] DEBUG o.s.j.b.loader.SquidClassLoader - .class not found for ais.gui.common.Ordering
15:59:09.872 [main] DEBUG o.s.j.b.loader.SquidClassLoader - .class not found for java.lang.Ordering
15:59:09.872 [main] DEBUG o.s.j.b.loader.SquidClassLoader - .class not found for java.lang.Synthetic$Ordering
15:59:09.872 [main] DEBUG o.s.j.b.loader.SquidClassLoader - .class not found for ais.gui.common.SCStat
15:59:09.872 [main] DEBUG o.s.j.b.loader.SquidClassLoader - .class not found for java.lang.SCStat
15:59:09.872 [main] DEBUG o.s.j.b.loader.SquidClassLoader - .class not found for java.lang.Synthetic$SCStat
15:59:09.872 [main] DEBUG o.s.j.b.loader.SquidClassLoader - .class not found for ais.gui.common.SCStat
15:59:09.872 [main] DEBUG o.s.j.b.loader.SquidClassLoader - .class not found for java.lang.SCStat
15:59:09.872 [main] DEBUG o.s.j.b.loader.SquidClassLoader - .class not found for java.lang.Synthetic$SCStat
15:59:09.872 [main] DEBUG o.s.j.b.loader.SquidClassLoader - .class not found for ais.gui.common.EmptySpec
15:59:09.873 [main] DEBUG o.s.j.b.loader.SquidClassLoader - .class not found for java.lang.EmptySpec
15:59:09.873 [main] DEBUG o.s.j.b.loader.SquidClassLoader - .class not found for java.lang.Synthetic$EmptySpec
15:59:09.873 [main] DEBUG o.s.j.b.loader.SquidClassLoader - .class not found for ais.gui.common.AppException
15:59:09.873 [main] DEBUG o.s.j.b.loader.SquidClassLoader - .class not found for java.lang.AppException
15:59:09.873 [main] DEBUG o.s.j.b.loader.SquidClassLoader - .class not found for java.lang.Synthetic$AppException
15:59:09.873 [main] DEBUG o.s.j.b.loader.SquidClassLoader - .class not found for ais.gui.common.SCStat
15:59:09.873 [main] DEBUG o.s.j.b.loader.SquidClassLoader - .class not found for java.lang.SCStat
15:59:09.873 [main] DEBUG o.s.j.b.loader.SquidClassLoader - .class not found for java.lang.Synthetic$SCStat
15:59:09.873 [main] DEBUG o.s.j.b.loader.SquidClassLoader - .class not found for ais.gui.common.SCStat
15:59:09.873 [main] DEBUG o.s.j.b.loader.SquidClassLoader - .class not found for java.lang.SCStat
15:59:09.874 [main] DEBUG o.s.j.b.loader.SquidClassLoader - .class not found for java.lang.Synthetic$SCStat
15:59:09.874 [main] DEBUG o.s.j.b.loader.SquidClassLoader - .class not found for ais.gui.common.BarSpec
15:59:09.874 [main] DEBUG o.s.j.b.loader.SquidClassLoader - .class not found for java.lang.BarSpec
15:59:09.874 [main] DEBUG o.s.j.b.loader.SquidClassLoader - .class not found for java.lang.Synthetic$BarSpec
15:59:09.874 [main] DEBUG o.s.j.b.loader.SquidClassLoader - .class not found for ais.gui.common.AppException
15:59:09.874 [main] DEBUG o.s.j.b.loader.SquidClassLoader - .class not found for java.lang.AppException
15:59:09.874 [main] DEBUG o.s.j.b.loader.SquidClassLoader - .class not found for java.lang.Synthetic$AppException
15:59:09.874 [main] DEBUG o.s.j.b.loader.SquidClassLoader - .class not found for ais.gui.common.SCStat
15:59:09.874 [main] DEBUG o.s.j.b.loader.SquidClassLoader - .class not found for java.lang.SCStat
15:59:09.875 [main] DEBUG o.s.j.b.loader.SquidClassLoader - .class not found for java.lang.Synthetic$SCStat
15:59:09.875 [main] DEBUG o.s.j.b.loader.SquidClassLoader - .class not found for ais.gui.common.SCStat
15:59:09.875 [main] DEBUG o.s.j.b.loader.SquidClassLoader - .class not found for java.lang.SCStat
15:59:09.875 [main] DEBUG o.s.j.b.loader.SquidClassLoader - .class not found for java.lang.Synthetic$SCStat
15:59:09.875 [main] DEBUG o.s.j.b.loader.SquidClassLoader - .class not found for ais.gui.common.BarSpec
15:59:09.876 [main] DEBUG o.s.j.b.loader.SquidClassLoader - .class not found for java.lang.BarSpec
15:59:09.876 [main] DEBUG o.s.j.b.loader.SquidClassLoader - .class not found for java.lang.Synthetic$BarSpec
15:59:09.876 [main] DEBUG o.s.j.b.loader.SquidClassLoader - .class not found for ais.gui.common.AppException
15:59:09.876 [main] DEBUG o.s.j.b.loader.SquidClassLoader - .class not found for java.lang.AppException
15:59:09.876 [main] DEBUG o.s.j.b.loader.SquidClassLoader - .class not found for java.lang.Synthetic$AppException
15:59:09.876 [main] DEBUG o.s.j.b.loader.SquidClassLoader - .class not found for ais.gui.common.SCStat
15:59:09.876 [main] DEBUG o.s.j.b.loader.SquidClassLoader - .class not found for java.lang.SCStat
15:59:09.876 [main] DEBUG o.s.j.b.loader.SquidClassLoader - .class not found for java.lang.Synthetic$SCStat
15:59:09.876 [main] DEBUG o.s.j.b.loader.SquidClassLoader - .class not found for ais.gui.common.SCStat
15:59:09.877 [main] DEBUG o.s.j.b.loader.SquidClassLoader - .class not found for java.lang.SCStat
15:59:09.877 [main] DEBUG o.s.j.b.loader.SquidClassLoader - .class not found for java.lang.Synthetic$SCStat
15:59:09.877 [main] DEBUG o.s.j.b.loader.SquidClassLoader - .class not found for ais.gui.common.BarSpec
15:59:09.877 [main] DEBUG o.s.j.b.loader.SquidClassLoader - .class not found for java.lang.BarSpec
15:59:09.877 [main] DEBUG o.s.j.b.loader.SquidClassLoader - .class not found for java.lang.Synthetic$BarSpec
15:59:09.877 [main] DEBUG o.s.j.b.loader.SquidClassLoader - .class not found for ais.gui.common.AppException
15:59:09.877 [main] DEBUG o.s.j.b.loader.SquidClassLoader - .class not found for java.lang.AppException
15:59:09.877 [main] DEBUG o.s.j.b.loader.SquidClassLoader - .class not found for java.lang.Synthetic$AppException
15:59:09.878 [main] DEBUG o.s.j.b.loader.SquidClassLoader - .class not found for ais.gui.common.StringUtils
15:59:09.878 [main] DEBUG o.s.j.b.loader.SquidClassLoader - .class not found for java.lang.StringUtils
15:59:09.878 [main] DEBUG o.s.j.b.loader.SquidClassLoader - .class not found for java.lang.Synthetic$StringUtils
15:59:09.879 [main] DEBUG o.s.j.b.loader.SquidClassLoader - .class not found for ais.gui.common.SCStat
15:59:09.880 [main] DEBUG o.s.j.b.loader.SquidClassLoader - .class not found for java.lang.SCStat
15:59:09.880 [main] DEBUG o.s.j.b.loader.SquidClassLoader - .class not found for java.lang.Synthetic$SCStat
15:59:09.880 [main] DEBUG o.s.j.b.loader.SquidClassLoader - .class not found for ais.gui.common.SCStat
15:59:09.880 [main] DEBUG o.s.j.b.loader.SquidClassLoader - .class not found for java.lang.SCStat
15:59:09.881 [main] DEBUG o.s.j.b.loader.SquidClassLoader - .class not found for java.lang.Synthetic$SCStat
15:59:09.881 [main] DEBUG o.s.j.b.loader.SquidClassLoader - .class not found for ais.gui.common.Object
15:59:09.882 [main] DEBUG o.s.j.b.loader.SquidClassLoader - .class not found for java.lang.Synthetic$Object
15:59:09.883 [main] DEBUG o.s.j.b.loader.SquidClassLoader - .class not found for ais.gui.common.DateUtils
15:59:09.883 [main] DEBUG o.s.j.b.loader.SquidClassLoader - .class not found for java.lang.DateUtils
15:59:09.883 [main] DEBUG o.s.j.b.loader.SquidClassLoader - .class not found for java.lang.Synthetic$DateUtils
15:59:09.883 [main] DEBUG o.s.j.b.loader.SquidClassLoader - .class not found for ais.gui.common.BarSpec
15:59:09.883 [main] DEBUG o.s.j.b.loader.SquidClassLoader - .class not found for java.lang.BarSpec
15:59:09.883 [main] DEBUG o.s.j.b.loader.SquidClassLoader - .class not found for java.lang.Synthetic$BarSpec
15:59:09.884 [main] DEBUG o.s.j.b.loader.SquidClassLoader - .class not found for ais.gui.common.AppException
15:59:09.884 [main] DEBUG o.s.j.b.loader.SquidClassLoader - .class not found for java.lang.AppException
15:59:09.884 [main] DEBUG o.s.j.b.loader.SquidClassLoader - .class not found for java.lang.Synthetic$AppException
15:59:09.886 [main] DEBUG o.s.j.b.loader.SquidClassLoader - .class not found for ais.gui.common.StringUtils
15:59:09.886 [main] DEBUG o.s.j.b.loader.SquidClassLoader - .class not found for java.lang.StringUtils
15:59:09.886 [main] DEBUG o.s.j.b.loader.SquidClassLoader - .class not found for java.lang.Synthetic$StringUtils
15:59:09.887 [main] DEBUG o.s.j.b.loader.SquidClassLoader - .class not found for ais.gui.common.SCStat
15:59:09.887 [main] DEBUG o.s.j.b.loader.SquidClassLoader - .class not found for java.lang.SCStat
15:59:09.887 [main] DEBUG o.s.j.b.loader.SquidClassLoader - .class not found for java.lang.Synthetic$SCStat
15:59:09.887 [main] DEBUG o.s.j.b.loader.SquidClassLoader - .class not found for ais.gui.common.Object
15:59:09.887 [main] DEBUG o.s.j.b.loader.SquidClassLoader - .class not found for java.lang.Synthetic$Object
15:59:09.887 [main] DEBUG o.s.j.b.loader.SquidClassLoader - .class not found for ais.gui.common.DateUtils
15:59:09.887 [main] DEBUG o.s.j.b.loader.SquidClassLoader - .class not found for java.lang.DateUtils
15:59:09.887 [main] DEBUG o.s.j.b.loader.SquidClassLoader - .class not found for java.lang.Synthetic$DateUtils
15:59:09.888 [main] DEBUG o.s.j.b.loader.SquidClassLoader - .class not found for ais.gui.common.BarSpec
15:59:09.888 [main] DEBUG o.s.j.b.loader.SquidClassLoader - .class not found for java.lang.BarSpec
15:59:09.888 [main] DEBUG o.s.j.b.loader.SquidClassLoader - .class not found for java.lang.Synthetic$BarSpec
15:59:09.888 [main] DEBUG o.s.j.b.loader.SquidClassLoader - .class not found for ais.gui.common.AppException
15:59:09.888 [main] DEBUG o.s.j.b.loader.SquidClassLoader - .class not found for java.lang.AppException
15:59:09.888 [main] DEBUG o.s.j.b.loader.SquidClassLoader - .class not found for java.lang.Synthetic$AppException
15:59:09.889 [main] DEBUG o.s.j.b.loader.SquidClassLoader - .class not found for ais.gui.common.SCJazyk
15:59:09.889 [main] DEBUG o.s.j.b.loader.SquidClassLoader - .class not found for java.lang.SCJazyk
15:59:09.889 [main] DEBUG o.s.j.b.loader.SquidClassLoader - .class not found for java.lang.Synthetic$SCJazyk
15:59:09.890 [main] DEBUG o.s.j.b.loader.SquidClassLoader - .class not found for ais.gui.common.SCJazyk
15:59:09.890 [main] DEBUG o.s.j.b.loader.SquidClassLoader - .class not found for java.lang.SCJazyk
15:59:09.891 [main] DEBUG o.s.j.b.loader.SquidClassLoader - .class not found for java.lang.Synthetic$SCJazyk
15:59:09.891 [main] DEBUG o.s.j.b.loader.SquidClassLoader - .class not found for ais.gui.common.EmptySpec
15:59:09.891 [main] DEBUG o.s.j.b.loader.SquidClassLoader - .class not found for java.lang.EmptySpec
15:59:09.892 [main] DEBUG o.s.j.b.loader.SquidClassLoader - .class not found for java.lang.Synthetic$EmptySpec
15:59:09.892 [main] DEBUG o.s.j.b.loader.SquidClassLoader - .class not found for ais.gui.common.AppException
15:59:09.893 [main] DEBUG o.s.j.b.loader.SquidClassLoader - .class not found for java.lang.AppException
15:59:09.893 [main] DEBUG o.s.j.b.loader.SquidClassLoader - .class not found for java.lang.Synthetic$AppException
15:59:09.893 [main] DEBUG o.s.j.b.loader.SquidClassLoader - .class not found for ais.gui.common.SCJazyk
15:59:09.893 [main] DEBUG o.s.j.b.loader.SquidClassLoader - .class not found for java.lang.SCJazyk
15:59:09.893 [main] DEBUG o.s.j.b.loader.SquidClassLoader - .class not found for java.lang.Synthetic$SCJazyk
15:59:09.893 [main] DEBUG o.s.j.b.loader.SquidClassLoader - .class not found for ais.gui.common.Filter
15:59:09.893 [main] DEBUG o.s.j.b.loader.SquidClassLoader - .class not found for java.lang.Filter
15:59:09.893 [main] DEBUG o.s.j.b.loader.SquidClassLoader - .class not found for java.lang.Synthetic$Filter
15:59:09.894 [main] DEBUG o.s.j.b.loader.SquidClassLoader - .class not found for ais.gui.common.DateUtils
15:59:09.894 [main] DEBUG o.s.j.b.loader.SquidClassLoader - .class not found for java.lang.DateUtils
15:59:09.894 [main] DEBUG o.s.j.b.loader.SquidClassLoader - .class not found for java.lang.Synthetic$DateUtils
15:59:09.894 [main] DEBUG o.s.j.b.loader.SquidClassLoader - .class not found for ais.gui.common.DateUtils
15:59:09.894 [main] DEBUG o.s.j.b.loader.SquidClassLoader - .class not found for java.lang.DateUtils
15:59:09.894 [main] DEBUG o.s.j.b.loader.SquidClassLoader - .class not found for java.lang.Synthetic$DateUtils
15:59:09.895 [main] DEBUG o.s.j.b.loader.SquidClassLoader - .class not found for ais.gui.common.Ordering
15:59:09.895 [main] DEBUG o.s.j.b.loader.SquidClassLoader - .class not found for java.lang.Ordering
15:59:09.895 [main] DEBUG o.s.j.b.loader.SquidClassLoader - .class not found for java.lang.Synthetic$Ordering
15:59:09.895 [main] DEBUG o.s.j.b.loader.SquidClassLoader - .class not found for ais.gui.common.SCJazyk
15:59:09.895 [main] DEBUG o.s.j.b.loader.SquidClassLoader - .class not found for java.lang.SCJazyk
15:59:09.897 [main] DEBUG o.s.j.b.loader.SquidClassLoader - .class not found for java.lang.Synthetic$SCJazyk
15:59:09.897 [main] DEBUG o.s.j.b.loader.SquidClassLoader - .class not found for ais.gui.common.SCJazyk
15:59:09.897 [main] DEBUG o.s.j.b.loader.SquidClassLoader - .class not found for java.lang.SCJazyk
15:59:09.897 [main] DEBUG o.s.j.b.loader.SquidClassLoader - .class not found for java.lang.Synthetic$SCJazyk
15:59:09.897 [main] DEBUG o.s.j.b.loader.SquidClassLoader - .class not found for ais.gui.common.EmptySpec
15:59:09.897 [main] DEBUG o.s.j.b.loader.SquidClassLoader - .class not found for java.lang.EmptySpec
15:59:09.897 [main] DEBUG o.s.j.b.loader.SquidClassLoader - .class not found for java.lang.Synthetic$EmptySpec
15:59:09.897 [main] DEBUG o.s.j.b.loader.SquidClassLoader - .class not found for ais.gui.common.AppException
15:59:09.897 [main] DEBUG o.s.j.b.loader.SquidClassLoader - .class not found for java.lang.AppException
15:59:09.898 [main] DEBUG o.s.j.b.loader.SquidClassLoader - .class not found for java.lang.Synthetic$AppException
15:59:09.898 [main] DEBUG o.s.j.b.loader.SquidClassLoader - .class not found for ais.gui.common.SCJazyk
15:59:09.898 [main] DEBUG o.s.j.b.loader.SquidClassLoader - .class not found for java.lang.SCJazyk
15:59:09.898 [main] DEBUG o.s.j.b.loader.SquidClassLoader - .class not found for java.lang.Synthetic$SCJazyk
15:59:09.898 [main] DEBUG o.s.j.b.loader.SquidClassLoader - .class not found for ais.gui.common.Filter
15:59:09.898 [main] DEBUG o.s.j.b.loader.SquidClassLoader - .class not found for java.lang.Filter
15:59:09.898 [main] DEBUG o.s.j.b.loader.SquidClassLoader - .class not found for java.lang.Synthetic$Filter
15:59:09.898 [main] DEBUG o.s.j.b.loader.SquidClassLoader - .class not found for ais.gui.common.String
15:59:09.898 [main] DEBUG o.s.j.b.loader.SquidClassLoader - .class not found for java.lang.Synthetic$String
15:59:09.899 [main] DEBUG o.s.j.b.loader.SquidClassLoader - .class not found for ais.gui.common.Ordering
15:59:09.899 [main] DEBUG o.s.j.b.loader.SquidClassLoader - .class not found for java.lang.Ordering
15:59:09.899 [main] DEBUG o.s.j.b.loader.SquidClassLoader - .class not found for java.lang.Synthetic$Ordering
15:59:09.899 [main] DEBUG o.s.j.b.loader.SquidClassLoader - .class not found for ais.gui.common.SCJazyk
15:59:09.899 [main] DEBUG o.s.j.b.loader.SquidClassLoader - .class not found for java.lang.SCJazyk
15:59:09.899 [main] DEBUG o.s.j.b.loader.SquidClassLoader - .class not found for java.lang.Synthetic$SCJazyk
15:59:09.899 [main] DEBUG o.s.j.b.loader.SquidClassLoader - .class not found for ais.gui.common.SCJazyk
15:59:09.900 [main] DEBUG o.s.j.b.loader.SquidClassLoader - .class not found for java.lang.SCJazyk
15:59:09.900 [main] DEBUG o.s.j.b.loader.SquidClassLoader - .class not found for java.lang.Synthetic$SCJazyk
15:59:09.900 [main] DEBUG o.s.j.b.loader.SquidClassLoader - .class not found for ais.gui.common.EmptySpec
15:59:09.900 [main] DEBUG o.s.j.b.loader.SquidClassLoader - .class not found for java.lang.EmptySpec
15:59:09.900 [main] DEBUG o.s.j.b.loader.SquidClassLoader - .class not found for java.lang.Synthetic$EmptySpec
15:59:09.900 [main] DEBUG o.s.j.b.loader.SquidClassLoader - .class not found for ais.gui.common.AppException
15:59:09.900 [main] DEBUG o.s.j.b.loader.SquidClassLoader - .class not found for java.lang.AppException
15:59:09.900 [main] DEBUG o.s.j.b.loader.SquidClassLoader - .class not found for java.lang.Synthetic$AppException
15:59:09.900 [main] DEBUG o.s.j.b.loader.SquidClassLoader - .class not found for ais.gui.common.JoinTreeBuilder
15:59:09.901 [main] DEBUG o.s.j.b.loader.SquidClassLoader - .class not found for java.lang.JoinTreeBuilder
15:59:09.901 [main] DEBUG o.s.j.b.loader.SquidClassLoader - .class not found for java.lang.Synthetic$JoinTreeBuilder
15:59:09.901 [main] DEBUG o.s.j.b.loader.SquidClassLoader - .class not found for ais.gui.common.STJazykPredmet
15:59:09.901 [main] DEBUG o.s.j.b.loader.SquidClassLoader - .class not found for java.lang.STJazykPredmet
15:59:09.901 [main] DEBUG o.s.j.b.loader.SquidClassLoader - .class not found for java.lang.Synthetic$STJazykPredmet
15:59:09.901 [main] DEBUG o.s.j.b.loader.SquidClassLoader - .class not found for ais.gui.common.JoinTree
15:59:09.901 [main] DEBUG o.s.j.b.loader.SquidClassLoader - .class not found for java.lang.JoinTree
15:59:09.901 [main] DEBUG o.s.j.b.loader.SquidClassLoader - .class not found for java.lang.Synthetic$JoinTree
15:59:09.902 [main] DEBUG o.s.j.b.loader.SquidClassLoader - .class not found for ais.gui.common.base
15:59:09.902 [main] DEBUG o.s.j.b.loader.SquidClassLoader - .class not found for java.lang.base
15:59:09.902 [main] DEBUG o.s.j.b.loader.SquidClassLoader - .class not found for java.lang.Synthetic$base
15:59:09.902 [main] DEBUG o.s.j.b.loader.SquidClassLoader - .class not found for base.Columns
15:59:09.902 [main] DEBUG o.s.j.b.loader.SquidClassLoader - .class not found for ais.gui.common.STPredmetRok
15:59:09.902 [main] DEBUG o.s.j.b.loader.SquidClassLoader - .class not found for java.lang.STPredmetRok
15:59:09.902 [main] DEBUG o.s.j.b.loader.SquidClassLoader - .class not found for java.lang.Synthetic$STPredmetRok
15:59:09.902 [main] DEBUG o.s.j.b.loader.SquidClassLoader - .class not found for ais.gui.common.base
15:59:09.902 [main] DEBUG o.s.j.b.loader.SquidClassLoader - .class not found for java.lang.base
15:59:09.903 [main] DEBUG o.s.j.b.loader.SquidClassLoader - .class not found for java.lang.Synthetic$base
15:59:09.903 [main] DEBUG o.s.j.b.loader.SquidClassLoader - .class not found for base.Columns
15:59:09.903 [main] DEBUG o.s.j.b.loader.SquidClassLoader - .class not found for ais.gui.common.base
15:59:09.903 [main] DEBUG o.s.j.b.loader.SquidClassLoader - .class not found for java.lang.base
15:59:09.903 [main] DEBUG o.s.j.b.loader.SquidClassLoader - .class not found for java.lang.Synthetic$base
15:59:09.903 [main] DEBUG o.s.j.b.loader.SquidClassLoader - .class not found for base.Filter
15:59:09.903 [main] DEBUG o.s.j.b.loader.SquidClassLoader - .class not found for ais.gui.common.Integer
15:59:09.903 [main] DEBUG o.s.j.b.loader.SquidClassLoader - .class not found for java.lang.Synthetic$Integer
15:59:09.904 [main] DEBUG o.s.j.b.loader.SquidClassLoader - .class not found for ais.gui.common.STJazykPredmet
15:59:09.904 [main] DEBUG o.s.j.b.loader.SquidClassLoader - .class not found for java.lang.STJazykPredmet
15:59:09.904 [main] DEBUG o.s.j.b.loader.SquidClassLoader - .class not found for java.lang.Synthetic$STJazykPredmet
15:59:09.905 [main] DEBUG o.s.j.b.loader.SquidClassLoader - .class not found for ais.gui.common.STJazykPredmet
15:59:09.905 [main] DEBUG o.s.j.b.loader.SquidClassLoader - .class not found for java.lang.STJazykPredmet
15:59:09.905 [main] DEBUG o.s.j.b.loader.SquidClassLoader - .class not found for java.lang.Synthetic$STJazykPredmet
15:59:09.906 [main] DEBUG o.s.j.b.loader.SquidClassLoader - .class not found for ais.gui.common.EmptySpec
15:59:09.906 [main] DEBUG o.s.j.b.loader.SquidClassLoader - .class not found for java.lang.EmptySpec
15:59:09.906 [main] DEBUG o.s.j.b.loader.SquidClassLoader - .class not found for java.lang.Synthetic$EmptySpec
15:59:09.907 [main] DEBUG o.s.j.b.loader.SquidClassLoader - .class not found for ais.gui.common.String
15:59:09.907 [main] DEBUG o.s.j.b.loader.SquidClassLoader - .class not found for java.lang.Synthetic$String
15:59:09.908 [main] DEBUG o.s.j.b.loader.SquidClassLoader - .class not found for ais.gui.common.AppException
15:59:09.908 [main] DEBUG o.s.j.b.loader.SquidClassLoader - .class not found for java.lang.AppException
15:59:09.908 [main] DEBUG o.s.j.b.loader.SquidClassLoader - .class not found for java.lang.Synthetic$AppException
15:59:09.909 [main] DEBUG o.s.j.b.loader.SquidClassLoader - .class not found for ais.gui.common.SCJazyk
15:59:09.909 [main] DEBUG o.s.j.b.loader.SquidClassLoader - .class not found for java.lang.SCJazyk
15:59:09.909 [main] DEBUG o.s.j.b.loader.SquidClassLoader - .class not found for java.lang.Synthetic$SCJazyk
15:59:09.909 [main] DEBUG o.s.j.b.loader.SquidClassLoader - .class not found for ais.gui.common.SCJazyk
15:59:09.909 [main] DEBUG o.s.j.b.loader.SquidClassLoader - .class not found for java.lang.SCJazyk
15:59:09.909 [main] DEBUG o.s.j.b.loader.SquidClassLoader - .class not found for java.lang.Synthetic$SCJazyk
15:59:09.909 [main] DEBUG o.s.j.b.loader.SquidClassLoader - .class not found for ais.gui.common.Object
15:59:09.909 [main] DEBUG o.s.j.b.loader.SquidClassLoader - .class not found for java.lang.Synthetic$Object
15:59:09.909 [main] DEBUG o.s.j.b.loader.SquidClassLoader - .class not found for ais.gui.common.BarSpec
15:59:09.909 [main] DEBUG o.s.j.b.loader.SquidClassLoader - .class not found for java.lang.BarSpec
15:59:09.910 [main] DEBUG o.s.j.b.loader.SquidClassLoader - .class not found for java.lang.Synthetic$BarSpec
15:59:09.910 [main] DEBUG o.s.j.b.loader.SquidClassLoader - .class not found for ais.gui.common.AppException
15:59:09.910 [main] DEBUG o.s.j.b.loader.SquidClassLoader - .class not found for java.lang.AppException
15:59:09.910 [main] DEBUG o.s.j.b.loader.SquidClassLoader - .class not found for java.lang.Synthetic$AppException
15:59:09.910 [main] DEBUG o.s.j.b.loader.SquidClassLoader - .class not found for ais.gui.common.SCJazyk
15:59:09.910 [main] DEBUG o.s.j.b.loader.SquidClassLoader - .class not found for java.lang.SCJazyk
15:59:09.912 [main] DEBUG o.s.j.b.loader.SquidClassLoader - .class not found for java.lang.Synthetic$SCJazyk
15:59:09.912 [main] DEBUG o.s.j.b.loader.SquidClassLoader - .class not found for ais.gui.common.SCJazyk
15:59:09.912 [main] DEBUG o.s.j.b.loader.SquidClassLoader - .class not found for java.lang.SCJazyk
15:59:09.913 [main] DEBUG o.s.j.b.loader.SquidClassLoader - .class not found for java.lang.Synthetic$SCJazyk
15:59:09.913 [main] DEBUG o.s.j.b.loader.SquidClassLoader - .class not found for ais.gui.common.Object
15:59:09.913 [main] DEBUG o.s.j.b.loader.SquidClassLoader - .class not found for java.lang.Synthetic$Object
15:59:09.914 [main] DEBUG o.s.j.b.loader.SquidClassLoader - .class not found for ais.gui.common.BarSpec
15:59:09.914 [main] DEBUG o.s.j.b.loader.SquidClassLoader - .class not found for java.lang.BarSpec
15:59:09.915 [main] DEBUG o.s.j.b.loader.SquidClassLoader - .class not found for java.lang.Synthetic$BarSpec
15:59:09.915 [main] DEBUG o.s.j.b.loader.SquidClassLoader - .class not found for ais.gui.common.String
15:59:09.915 [main] DEBUG o.s.j.b.loader.SquidClassLoader - .class not found for java.lang.Synthetic$String
15:59:09.916 [main] DEBUG o.s.j.b.loader.SquidClassLoader - .class not found for ais.gui.common.AppException
15:59:09.916 [main] DEBUG o.s.j.b.loader.SquidClassLoader - .class not found for java.lang.AppException
15:59:09.916 [main] DEBUG o.s.j.b.loader.SquidClassLoader - .class not found for java.lang.Synthetic$AppException
15:59:09.917 [main] DEBUG o.s.j.b.loader.SquidClassLoader - .class not found for ais.gui.common.Object
15:59:09.917 [main] DEBUG o.s.j.b.loader.SquidClassLoader - .class not found for java.lang.Synthetic$Object
15:59:09.918 [main] DEBUG o.s.j.b.loader.SquidClassLoader - .class not found for ais.gui.common.SCJazyk
15:59:09.918 [main] DEBUG o.s.j.b.loader.SquidClassLoader - .class not found for java.lang.SCJazyk
15:59:09.918 [main] DEBUG o.s.j.b.loader.SquidClassLoader - .class not found for java.lang.Synthetic$SCJazyk
15:59:09.919 [main] DEBUG o.s.j.b.loader.SquidClassLoader - .class not found for ais.gui.common.SCJazyk
15:59:09.919 [main] DEBUG o.s.j.b.loader.SquidClassLoader - .class not found for java.lang.SCJazyk
15:59:09.919 [main] DEBUG o.s.j.b.loader.SquidClassLoader - .class not found for java.lang.Synthetic$SCJazyk
15:59:09.920 [main] DEBUG o.s.j.b.loader.SquidClassLoader - .class not found for ais.gui.common.BarSpec
15:59:09.920 [main] DEBUG o.s.j.b.loader.SquidClassLoader - .class not found for java.lang.BarSpec
15:59:09.921 [main] DEBUG o.s.j.b.loader.SquidClassLoader - .class not found for java.lang.Synthetic$BarSpec
15:59:09.921 [main] DEBUG o.s.j.b.loader.SquidClassLoader - .class not found for ais.gui.common.AppException
15:59:09.922 [main] DEBUG o.s.j.b.loader.SquidClassLoader - .class not found for java.lang.AppException
15:59:09.922 [main] DEBUG o.s.j.b.loader.SquidClassLoader - .class not found for java.lang.Synthetic$AppException
15:59:09.922 [main] DEBUG o.s.j.b.loader.SquidClassLoader - .class not found for ais.gui.common.SCJazyk
15:59:09.922 [main] DEBUG o.s.j.b.loader.SquidClassLoader - .class not found for java.lang.SCJazyk
15:59:09.922 [main] DEBUG o.s.j.b.loader.SquidClassLoader - .class not found for java.lang.Synthetic$SCJazyk
15:59:09.923 [main] DEBUG o.s.j.b.loader.SquidClassLoader - .class not found for ais.gui.common.SCJazyk
15:59:09.923 [main] DEBUG o.s.j.b.loader.SquidClassLoader - .class not found for java.lang.SCJazyk
15:59:09.923 [main] DEBUG o.s.j.b.loader.SquidClassLoader - .class not found for java.lang.Synthetic$SCJazyk
15:59:09.924 [main] DEBUG o.s.j.b.loader.SquidClassLoader - .class not found for ais.gui.common.BarSpec
15:59:09.924 [main] DEBUG o.s.j.b.loader.SquidClassLoader - .class not found for java.lang.BarSpec
15:59:09.924 [main] DEBUG o.s.j.b.loader.SquidClassLoader - .class not found for java.lang.Synthetic$BarSpec
15:59:09.924 [main] DEBUG o.s.j.b.loader.SquidClassLoader - .class not found for ais.gui.common.AppException
15:59:09.924 [main] DEBUG o.s.j.b.loader.SquidClassLoader - .class not found for java.lang.AppException
15:59:09.925 [main] DEBUG o.s.j.b.loader.SquidClassLoader - .class not found for java.lang.Synthetic$AppException
15:59:09.925 [main] DEBUG o.s.j.b.loader.SquidClassLoader - .class not found for ais.gui.common.String
15:59:09.925 [main] DEBUG o.s.j.b.loader.SquidClassLoader - .class not found for java.lang.Synthetic$String
15:59:09.925 [main] DEBUG o.s.j.b.loader.SquidClassLoader - .class not found for ais.gui.common.Columns
15:59:09.925 [main] DEBUG o.s.j.b.loader.SquidClassLoader - .class not found for java.lang.Columns
15:59:09.925 [main] DEBUG o.s.j.b.loader.SquidClassLoader - .class not found for java.lang.Synthetic$Columns
15:59:09.926 [main] DEBUG o.s.j.b.loader.SquidClassLoader - .class not found for ais.gui.common.PSParamSysOJ
15:59:09.926 [main] DEBUG o.s.j.b.loader.SquidClassLoader - .class not found for java.lang.PSParamSysOJ
15:59:09.926 [main] DEBUG o.s.j.b.loader.SquidClassLoader - .class not found for java.lang.Synthetic$PSParamSysOJ
15:59:09.926 [main] DEBUG o.s.j.b.loader.SquidClassLoader - .class not found for ais.gui.common.SCParamSystem
15:59:09.927 [main] DEBUG o.s.j.b.loader.SquidClassLoader - .class not found for java.lang.SCParamSystem
15:59:09.927 [main] DEBUG o.s.j.b.loader.SquidClassLoader - .class not found for java.lang.Synthetic$SCParamSystem
15:59:09.928 [main] DEBUG o.s.j.b.loader.SquidClassLoader - .class not found for ais.gui.common.Columns
15:59:09.928 [main] DEBUG o.s.j.b.loader.SquidClassLoader - .class not found for java.lang.Columns
15:59:09.928 [main] DEBUG o.s.j.b.loader.SquidClassLoader - .class not found for java.lang.Synthetic$Columns
15:59:09.928 [main] DEBUG o.s.j.b.loader.SquidClassLoader - .class not found for ais.gui.common.Filter
15:59:09.928 [main] DEBUG o.s.j.b.loader.SquidClassLoader - .class not found for java.lang.Filter
15:59:09.928 [main] DEBUG o.s.j.b.loader.SquidClassLoader - .class not found for java.lang.Synthetic$Filter
15:59:09.929 [main] DEBUG o.s.j.b.loader.SquidClassLoader - .class not found for ais.gui.common.PSParamSysOJ
15:59:09.929 [main] DEBUG o.s.j.b.loader.SquidClassLoader - .class not found for java.lang.PSParamSysOJ
15:59:09.929 [main] DEBUG o.s.j.b.loader.SquidClassLoader - .class not found for java.lang.Synthetic$PSParamSysOJ
15:59:09.930 [main] DEBUG o.s.j.b.loader.SquidClassLoader - .class not found for ais.gui.common.PSParamSysOJ
15:59:09.930 [main] DEBUG o.s.j.b.loader.SquidClassLoader - .class not found for java.lang.PSParamSysOJ
15:59:09.931 [main] DEBUG o.s.j.b.loader.SquidClassLoader - .class not found for java.lang.Synthetic$PSParamSysOJ
15:59:09.932 [main] DEBUG o.s.j.b.loader.SquidClassLoader - .class not found for ais.gui.common.BarSpec
15:59:09.932 [main] DEBUG o.s.j.b.loader.SquidClassLoader - .class not found for java.lang.BarSpec
15:59:09.932 [main] DEBUG o.s.j.b.loader.SquidClassLoader - .class not found for java.lang.Synthetic$BarSpec
15:59:09.933 [main] DEBUG o.s.j.b.loader.SquidClassLoader - .class not found for ais.gui.common.AppException
15:59:09.933 [main] DEBUG o.s.j.b.loader.SquidClassLoader - .class not found for java.lang.AppException
15:59:09.933 [main] DEBUG o.s.j.b.loader.SquidClassLoader - .class not found for java.lang.Synthetic$AppException
15:59:09.934 [main] DEBUG o.s.j.b.loader.SquidClassLoader - .class not found for ais.gui.common.Columns
15:59:09.934 [main] DEBUG o.s.j.b.loader.SquidClassLoader - .class not found for java.lang.Columns
15:59:09.934 [main] DEBUG o.s.j.b.loader.SquidClassLoader - .class not found for java.lang.Synthetic$Columns
15:59:09.934 [main] DEBUG o.s.j.b.loader.SquidClassLoader - .class not found for ais.gui.common.PSParamSysOJ
15:59:09.934 [main] DEBUG o.s.j.b.loader.SquidClassLoader - .class not found for java.lang.PSParamSysOJ
15:59:09.934 [main] DEBUG o.s.j.b.loader.SquidClassLoader - .class not found for java.lang.Synthetic$PSParamSysOJ
15:59:09.935 [main] DEBUG o.s.j.b.loader.SquidClassLoader - .class not found for ais.gui.common.SCParamSystem
15:59:09.935 [main] DEBUG o.s.j.b.loader.SquidClassLoader - .class not found for java.lang.SCParamSystem
15:59:09.935 [main] DEBUG o.s.j.b.loader.SquidClassLoader - .class not found for java.lang.Synthetic$SCParamSystem
15:59:09.935 [main] DEBUG o.s.j.b.loader.SquidClassLoader - .class not found for ais.gui.common.Columns
15:59:09.935 [main] DEBUG o.s.j.b.loader.SquidClassLoader - .class not found for java.lang.Columns
15:59:09.935 [main] DEBUG o.s.j.b.loader.SquidClassLoader - .class not found for java.lang.Synthetic$Columns
15:59:09.936 [main] DEBUG o.s.j.b.loader.SquidClassLoader - .class not found for ais.gui.common.Filter
15:59:09.936 [main] DEBUG o.s.j.b.loader.SquidClassLoader - .class not found for java.lang.Filter
15:59:09.936 [main] DEBUG o.s.j.b.loader.SquidClassLoader - .class not found for java.lang.Synthetic$Filter
15:59:09.937 [main] DEBUG o.s.j.b.loader.SquidClassLoader - .class not found for ais.gui.common.DateUtils
15:59:09.937 [main] DEBUG o.s.j.b.loader.SquidClassLoader - .class not found for java.lang.DateUtils
15:59:09.938 [main] DEBUG o.s.j.b.loader.SquidClassLoader - .class not found for java.lang.Synthetic$DateUtils
15:59:09.938 [main] DEBUG o.s.j.b.loader.SquidClassLoader - .class not found for ais.gui.common.DateUtils
15:59:09.938 [main] DEBUG o.s.j.b.loader.SquidClassLoader - .class not found for java.lang.DateUtils
15:59:09.939 [main] DEBUG o.s.j.b.loader.SquidClassLoader - .class not found for java.lang.Synthetic$DateUtils
15:59:09.939 [main] DEBUG o.s.j.b.loader.SquidClassLoader - .class not found for ais.gui.common.PSParamSysOJ
15:59:09.939 [main] DEBUG o.s.j.b.loader.SquidClassLoader - .class not found for java.lang.PSParamSysOJ
15:59:09.939 [main] DEBUG o.s.j.b.loader.SquidClassLoader - .class not found for java.lang.Synthetic$PSParamSysOJ
15:59:09.940 [main] DEBUG o.s.j.b.loader.SquidClassLoader - .class not found for ais.gui.common.PSParamSysOJ
15:59:09.940 [main] DEBUG o.s.j.b.loader.SquidClassLoader - .class not found for java.lang.PSParamSysOJ
15:59:09.940 [main] DEBUG o.s.j.b.loader.SquidClassLoader - .class not found for java.lang.Synthetic$PSParamSysOJ
15:59:09.940 [main] DEBUG o.s.j.b.loader.SquidClassLoader - .class not found for ais.gui.common.BarSpec
15:59:09.940 [main] DEBUG o.s.j.b.loader.SquidClassLoader - .class not found for java.lang.BarSpec
15:59:09.940 [main] DEBUG o.s.j.b.loader.SquidClassLoader - .class not found for java.lang.Synthetic$BarSpec
15:59:09.940 [main] DEBUG o.s.j.b.loader.SquidClassLoader - .class not found for ais.gui.common.AppException
15:59:09.940 [main] DEBUG o.s.j.b.loader.SquidClassLoader - .class not found for java.lang.AppException
15:59:09.940 [main] DEBUG o.s.j.b.loader.SquidClassLoader - .class not found for java.lang.Synthetic$AppException
15:59:09.941 [main] DEBUG o.s.j.b.loader.SquidClassLoader - .class not found for ais.gui.common.SCParamSystem
15:59:09.941 [main] DEBUG o.s.j.b.loader.SquidClassLoader - .class not found for java.lang.SCParamSystem
15:59:09.941 [main] DEBUG o.s.j.b.loader.SquidClassLoader - .class not found for java.lang.Synthetic$SCParamSystem
15:59:09.941 [main] DEBUG o.s.j.b.loader.SquidClassLoader - .class not found for ais.gui.common.Filter
15:59:09.941 [main] DEBUG o.s.j.b.loader.SquidClassLoader - .class not found for java.lang.Filter
15:59:09.941 [main] DEBUG o.s.j.b.loader.SquidClassLoader - .class not found for java.lang.Synthetic$Filter
15:59:09.941 [main] DEBUG o.s.j.b.loader.SquidClassLoader - .class not found for ais.gui.common.DateUtils
15:59:09.941 [main] DEBUG o.s.j.b.loader.SquidClassLoader - .class not found for java.lang.DateUtils
15:59:09.941 [main] DEBUG o.s.j.b.loader.SquidClassLoader - .class not found for java.lang.Synthetic$DateUtils
15:59:09.942 [main] DEBUG o.s.j.b.loader.SquidClassLoader - .class not found for ais.gui.common.DateUtils
15:59:09.942 [main] DEBUG o.s.j.b.loader.SquidClassLoader - .class not found for java.lang.DateUtils
15:59:09.942 [main] DEBUG o.s.j.b.loader.SquidClassLoader - .class not found for java.lang.Synthetic$DateUtils
15:59:09.943 [main] DEBUG o.s.j.b.loader.SquidClassLoader - .class not found for ais.gui.common.SCParamSystem
15:59:09.943 [main] DEBUG o.s.j.b.loader.SquidClassLoader - .class not found for java.lang.SCParamSystem
15:59:09.944 [main] DEBUG o.s.j.b.loader.SquidClassLoader - .class not found for java.lang.Synthetic$SCParamSystem
15:59:09.944 [main] DEBUG o.s.j.b.loader.SquidClassLoader - .class not found for ais.gui.common.SCParamSystem
15:59:09.944 [main] DEBUG o.s.j.b.loader.SquidClassLoader - .class not found for java.lang.SCParamSystem
15:59:09.944 [main] DEBUG o.s.j.b.loader.SquidClassLoader - .class not found for java.lang.Synthetic$SCParamSystem
15:59:09.944 [main] DEBUG o.s.j.b.loader.SquidClassLoader - .class not found for ais.gui.common.BarSpec
15:59:09.945 [main] DEBUG o.s.j.b.loader.SquidClassLoader - .class not found for java.lang.BarSpec
15:59:09.945 [main] DEBUG o.s.j.b.loader.SquidClassLoader - .class not found for java.lang.Synthetic$BarSpec
15:59:09.946 [main] DEBUG o.s.j.b.loader.SquidClassLoader - .class not found for ais.gui.common.AppException
15:59:09.946 [main] DEBUG o.s.j.b.loader.SquidClassLoader - .class not found for java.lang.AppException
15:59:09.946 [main] DEBUG o.s.j.b.loader.SquidClassLoader - .class not found for java.lang.Synthetic$AppException
15:59:09.947 [main] DEBUG o.s.j.b.loader.SquidClassLoader - .class not found for ais.gui.common.Object
15:59:09.947 [main] DEBUG o.s.j.b.loader.SquidClassLoader - .class not found for java.lang.Synthetic$Object
15:59:09.947 [main] DEBUG o.s.j.b.loader.SquidClassLoader - .class not found for ais.gui.common.MSMessage
15:59:09.947 [main] DEBUG o.s.j.b.loader.SquidClassLoader - .class not found for java.lang.MSMessage
15:59:09.948 [main] DEBUG o.s.j.b.loader.SquidClassLoader - .class not found for java.lang.Synthetic$MSMessage
15:59:09.948 [main] DEBUG o.s.j.b.loader.SquidClassLoader - .class not found for ais.gui.common.MSMessage
15:59:09.948 [main] DEBUG o.s.j.b.loader.SquidClassLoader - .class not found for java.lang.MSMessage
15:59:09.948 [main] DEBUG o.s.j.b.loader.SquidClassLoader - .class not found for java.lang.Synthetic$MSMessage
15:59:09.949 [main] DEBUG o.s.j.b.loader.SquidClassLoader - .class not found for ais.gui.common.BarSpec
15:59:09.949 [main] DEBUG o.s.j.b.loader.SquidClassLoader - .class not found for java.lang.BarSpec
15:59:09.949 [main] DEBUG o.s.j.b.loader.SquidClassLoader - .class not found for java.lang.Synthetic$BarSpec
15:59:09.949 [main] DEBUG o.s.j.b.loader.SquidClassLoader - .class not found for ais.gui.common.AppException
15:59:09.950 [main] DEBUG o.s.j.b.loader.SquidClassLoader - .class not found for java.lang.AppException
15:59:09.950 [main] DEBUG o.s.j.b.loader.SquidClassLoader - .class not found for java.lang.Synthetic$AppException
15:59:09.951 [main] DEBUG o.s.j.b.loader.SquidClassLoader - .class not found for ais.gui.common.Object
15:59:09.951 [main] DEBUG o.s.j.b.loader.SquidClassLoader - .class not found for java.lang.Synthetic$Object
15:59:09.952 [main] DEBUG o.s.j.b.loader.SquidClassLoader - .class not found for ais.gui.common.MSMessage
15:59:09.952 [main] DEBUG o.s.j.b.loader.SquidClassLoader - .class not found for java.lang.MSMessage
15:59:09.952 [main] DEBUG o.s.j.b.loader.SquidClassLoader - .class not found for java.lang.Synthetic$MSMessage
15:59:09.953 [main] DEBUG o.s.j.b.loader.SquidClassLoader - .class not found for ais.gui.common.MSMessage
15:59:09.953 [main] DEBUG o.s.j.b.loader.SquidClassLoader - .class not found for java.lang.MSMessage
15:59:09.953 [main] DEBUG o.s.j.b.loader.SquidClassLoader - .class not found for java.lang.Synthetic$MSMessage
15:59:09.953 [main] DEBUG o.s.j.b.loader.SquidClassLoader - .class not found for ais.gui.common.BarSpec
15:59:09.954 [main] DEBUG o.s.j.b.loader.SquidClassLoader - .class not found for java.lang.BarSpec
15:59:09.954 [main] DEBUG o.s.j.b.loader.SquidClassLoader - .class not found for java.lang.Synthetic$BarSpec
15:59:09.955 [main] DEBUG o.s.j.b.loader.SquidClassLoader - .class not found for ais.gui.common.AppException
15:59:09.955 [main] DEBUG o.s.j.b.loader.SquidClassLoader - .class not found for java.lang.AppException
15:59:09.955 [main] DEBUG o.s.j.b.loader.SquidClassLoader - .class not found for java.lang.Synthetic$AppException
15:59:09.955 [main] DEBUG o.s.j.b.loader.SquidClassLoader - .class not found for ais.gui.common.Columns
15:59:09.955 [main] DEBUG o.s.j.b.loader.SquidClassLoader - .class not found for java.lang.Columns
15:59:09.955 [main] DEBUG o.s.j.b.loader.SquidClassLoader - .class not found for java.lang.Synthetic$Columns
15:59:09.956 [main] DEBUG o.s.j.b.loader.SquidClassLoader - .class not found for ais.gui.common.MSMessagePouzivatela
15:59:09.956 [main] DEBUG o.s.j.b.loader.SquidClassLoader - .class not found for java.lang.MSMessagePouzivatela
15:59:09.956 [main] DEBUG o.s.j.b.loader.SquidClassLoader - .class not found for java.lang.Synthetic$MSMessagePouzivatela
15:59:09.957 [main] DEBUG o.s.j.b.loader.SquidClassLoader - .class not found for ais.gui.common.MSMessage
15:59:09.957 [main] DEBUG o.s.j.b.loader.SquidClassLoader - .class not found for java.lang.MSMessage
15:59:09.957 [main] DEBUG o.s.j.b.loader.SquidClassLoader - .class not found for java.lang.Synthetic$MSMessage
15:59:09.957 [main] DEBUG o.s.j.b.loader.SquidClassLoader - .class not found for ais.gui.common.Columns
15:59:09.957 [main] DEBUG o.s.j.b.loader.SquidClassLoader - .class not found for java.lang.Columns
15:59:09.958 [main] DEBUG o.s.j.b.loader.SquidClassLoader - .class not found for java.lang.Synthetic$Columns
15:59:09.958 [main] DEBUG o.s.j.b.loader.SquidClassLoader - .class not found for ais.gui.common.Filter
15:59:09.958 [main] DEBUG o.s.j.b.loader.SquidClassLoader - .class not found for java.lang.Filter
15:59:09.959 [main] DEBUG o.s.j.b.loader.SquidClassLoader - .class not found for java.lang.Synthetic$Filter
15:59:09.959 [main] DEBUG o.s.j.b.loader.SquidClassLoader - .class not found for ais.gui.common.DateUtils
15:59:09.959 [main] DEBUG o.s.j.b.loader.SquidClassLoader - .class not found for java.lang.DateUtils
15:59:09.959 [main] DEBUG o.s.j.b.loader.SquidClassLoader - .class not found for java.lang.Synthetic$DateUtils
15:59:09.959 [main] DEBUG o.s.j.b.loader.SquidClassLoader - .class not found for ais.gui.common.DateUtils
15:59:09.959 [main] DEBUG o.s.j.b.loader.SquidClassLoader - .class not found for java.lang.DateUtils
15:59:09.959 [main] DEBUG o.s.j.b.loader.SquidClassLoader - .class not found for java.lang.Synthetic$DateUtils
15:59:09.960 [main] DEBUG o.s.j.b.loader.SquidClassLoader - .class not found for ais.gui.common.MSMessagePouzivatela
15:59:09.960 [main] DEBUG o.s.j.b.loader.SquidClassLoader - .class not found for java.lang.MSMessagePouzivatela
15:59:09.960 [main] DEBUG o.s.j.b.loader.SquidClassLoader - .class not found for java.lang.Synthetic$MSMessagePouzivatela
15:59:09.960 [main] DEBUG o.s.j.b.loader.SquidClassLoader - .class not found for ais.gui.common.MSMessagePouzivatela
15:59:09.960 [main] DEBUG o.s.j.b.loader.SquidClassLoader - .class not found for java.lang.MSMessagePouzivatela
15:59:09.960 [main] DEBUG o.s.j.b.loader.SquidClassLoader - .class not found for java.lang.Synthetic$MSMessagePouzivatela
15:59:09.961 [main] DEBUG o.s.j.b.loader.SquidClassLoader - .class not found for ais.gui.common.BarSpec
15:59:09.961 [main] DEBUG o.s.j.b.loader.SquidClassLoader - .class not found for java.lang.BarSpec
15:59:09.962 [main] DEBUG o.s.j.b.loader.SquidClassLoader - .class not found for java.lang.Synthetic$BarSpec
15:59:09.963 [main] DEBUG o.s.j.b.loader.SquidClassLoader - .class not found for ais.gui.common.AppException
15:59:09.963 [main] DEBUG o.s.j.b.loader.SquidClassLoader - .class not found for java.lang.AppException
15:59:09.964 [main] DEBUG o.s.j.b.loader.SquidClassLoader - .class not found for java.lang.Synthetic$AppException
15:59:09.964 [main] DEBUG o.s.j.b.loader.SquidClassLoader - .class not found for ais.gui.common.SCObec
15:59:09.964 [main] DEBUG o.s.j.b.loader.SquidClassLoader - .class not found for java.lang.SCObec
15:59:09.964 [main] DEBUG o.s.j.b.loader.SquidClassLoader - .class not found for java.lang.Synthetic$SCObec
15:59:09.964 [main] DEBUG o.s.j.b.loader.SquidClassLoader - .class not found for ais.gui.common.Filter
15:59:09.964 [main] DEBUG o.s.j.b.loader.SquidClassLoader - .class not found for java.lang.Filter
15:59:09.964 [main] DEBUG o.s.j.b.loader.SquidClassLoader - .class not found for java.lang.Synthetic$Filter
15:59:09.964 [main] DEBUG o.s.j.b.loader.SquidClassLoader - .class not found for ais.gui.common.DateUtils
15:59:09.964 [main] DEBUG o.s.j.b.loader.SquidClassLoader - .class not found for java.lang.DateUtils
15:59:09.965 [main] DEBUG o.s.j.b.loader.SquidClassLoader - .class not found for java.lang.Synthetic$DateUtils
15:59:09.965 [main] DEBUG o.s.j.b.loader.SquidClassLoader - .class not found for ais.gui.common.DateUtils
15:59:09.965 [main] DEBUG o.s.j.b.loader.SquidClassLoader - .class not found for java.lang.DateUtils
15:59:09.965 [main] DEBUG o.s.j.b.loader.SquidClassLoader - .class not found for java.lang.Synthetic$DateUtils
15:59:09.965 [main] DEBUG o.s.j.b.loader.SquidClassLoader - .class not found for ais.gui.common.Ordering
15:59:09.965 [main] DEBUG o.s.j.b.loader.SquidClassLoader - .class not found for java.lang.Ordering
15:59:09.965 [main] DEBUG o.s.j.b.loader.SquidClassLoader - .class not found for java.lang.Synthetic$Ordering
15:59:09.966 [main] DEBUG o.s.j.b.loader.SquidClassLoader - .class not found for ais.gui.common.SCObec
15:59:09.966 [main] DEBUG o.s.j.b.loader.SquidClassLoader - .class not found for java.lang.SCObec
15:59:09.966 [main] DEBUG o.s.j.b.loader.SquidClassLoader - .class not found for java.lang.Synthetic$SCObec
15:59:09.968 [main] DEBUG o.s.j.b.loader.SquidClassLoader - .class not found for ais.gui.common.Override
15:59:09.968 [main] DEBUG o.s.j.b.loader.SquidClassLoader - .class not found for java.lang.Synthetic$Override
15:59:09.970 [main] DEBUG o.s.j.b.loader.SquidClassLoader - .class not found for ais.gui.common.SCObec
15:59:09.970 [main] DEBUG o.s.j.b.loader.SquidClassLoader - .class not found for java.lang.SCObec
15:59:09.970 [main] DEBUG o.s.j.b.loader.SquidClassLoader - .class not found for java.lang.Synthetic$SCObec
15:59:09.973 [main] DEBUG o.s.j.b.loader.SquidClassLoader - .class not found for ais.gui.common.SCObec
15:59:09.973 [main] DEBUG o.s.j.b.loader.SquidClassLoader - .class not found for java.lang.SCObec
15:59:09.973 [main] DEBUG o.s.j.b.loader.SquidClassLoader - .class not found for java.lang.Synthetic$SCObec
15:59:09.974 [main] DEBUG o.s.j.b.loader.SquidClassLoader - .class not found for ais.gui.common.Filter
15:59:09.974 [main] DEBUG o.s.j.b.loader.SquidClassLoader - .class not found for java.lang.Filter
15:59:09.974 [main] DEBUG o.s.j.b.loader.SquidClassLoader - .class not found for java.lang.Synthetic$Filter
15:59:09.974 [main] DEBUG o.s.j.b.loader.SquidClassLoader - .class not found for ais.gui.common.DateUtils
15:59:09.974 [main] DEBUG o.s.j.b.loader.SquidClassLoader - .class not found for java.lang.DateUtils
15:59:09.974 [main] DEBUG o.s.j.b.loader.SquidClassLoader - .class not found for java.lang.Synthetic$DateUtils
15:59:09.975 [main] DEBUG o.s.j.b.loader.SquidClassLoader - .class not found for ais.gui.common.DateUtils
15:59:09.975 [main] DEBUG o.s.j.b.loader.SquidClassLoader - .class not found for java.lang.DateUtils
15:59:09.975 [main] DEBUG o.s.j.b.loader.SquidClassLoader - .class not found for java.lang.Synthetic$DateUtils
15:59:09.975 [main] DEBUG o.s.j.b.loader.SquidClassLoader - .class not found for ais.gui.common.SCObec
15:59:09.975 [main] DEBUG o.s.j.b.loader.SquidClassLoader - .class not found for java.lang.SCObec
15:59:09.975 [main] DEBUG o.s.j.b.loader.SquidClassLoader - .class not found for java.lang.Synthetic$SCObec
15:59:09.975 [main] DEBUG o.s.j.b.loader.SquidClassLoader - .class not found for ais.gui.common.SCObec
15:59:09.975 [main] DEBUG o.s.j.b.loader.SquidClassLoader - .class not found for java.lang.SCObec
15:59:09.975 [main] DEBUG o.s.j.b.loader.SquidClassLoader - .class not found for java.lang.Synthetic$SCObec
15:59:09.976 [main] DEBUG o.s.j.b.loader.SquidClassLoader - .class not found for ais.gui.common.BarSpec
15:59:09.976 [main] DEBUG o.s.j.b.loader.SquidClassLoader - .class not found for java.lang.BarSpec
15:59:09.976 [main] DEBUG o.s.j.b.loader.SquidClassLoader - .class not found for java.lang.Synthetic$BarSpec
15:59:09.977 [main] DEBUG o.s.j.b.loader.SquidClassLoader - .class not found for ais.gui.common.SCObec
15:59:09.977 [main] DEBUG o.s.j.b.loader.SquidClassLoader - .class not found for java.lang.SCObec
15:59:09.977 [main] DEBUG o.s.j.b.loader.SquidClassLoader - .class not found for java.lang.Synthetic$SCObec
15:59:09.978 [main] DEBUG o.s.j.b.loader.SquidClassLoader - .class not found for ais.gui.common.Filter
15:59:09.978 [main] DEBUG o.s.j.b.loader.SquidClassLoader - .class not found for java.lang.Filter
15:59:09.978 [main] DEBUG o.s.j.b.loader.SquidClassLoader - .class not found for java.lang.Synthetic$Filter
15:59:09.979 [main] DEBUG o.s.j.b.loader.SquidClassLoader - .class not found for ais.gui.common.DateUtils
15:59:09.979 [main] DEBUG o.s.j.b.loader.SquidClassLoader - .class not found for java.lang.DateUtils
15:59:09.980 [main] DEBUG o.s.j.b.loader.SquidClassLoader - .class not found for java.lang.Synthetic$DateUtils
15:59:09.980 [main] DEBUG o.s.j.b.loader.SquidClassLoader - .class not found for ais.gui.common.DateUtils
15:59:09.980 [main] DEBUG o.s.j.b.loader.SquidClassLoader - .class not found for java.lang.DateUtils
15:59:09.980 [main] DEBUG o.s.j.b.loader.SquidClassLoader - .class not found for java.lang.Synthetic$DateUtils
15:59:09.981 [main] DEBUG o.s.j.b.loader.SquidClassLoader - .class not found for ais.gui.common.SCObec
15:59:09.981 [main] DEBUG o.s.j.b.loader.SquidClassLoader - .class not found for java.lang.SCObec
15:59:09.981 [main] DEBUG o.s.j.b.loader.SquidClassLoader - .class not found for java.lang.Synthetic$SCObec
15:59:09.981 [main] DEBUG o.s.j.b.loader.SquidClassLoader - .class not found for ais.gui.common.SCObec
15:59:09.981 [main] DEBUG o.s.j.b.loader.SquidClassLoader - .class not found for java.lang.SCObec
15:59:09.981 [main] DEBUG o.s.j.b.loader.SquidClassLoader - .class not found for java.lang.Synthetic$SCObec
15:59:09.981 [main] DEBUG o.s.j.b.loader.SquidClassLoader - .class not found for ais.gui.common.BarSpec
15:59:09.981 [main] DEBUG o.s.j.b.loader.SquidClassLoader - .class not found for java.lang.BarSpec
15:59:09.982 [main] DEBUG o.s.j.b.loader.SquidClassLoader - .class not found for java.lang.Synthetic$BarSpec
15:59:09.982 [main] DEBUG o.s.j.b.loader.SquidClassLoader - .class not found for ais.gui.common.SCObec
15:59:09.982 [main] DEBUG o.s.j.b.loader.SquidClassLoader - .class not found for java.lang.SCObec
15:59:09.983 [main] DEBUG o.s.j.b.loader.SquidClassLoader - .class not found for java.lang.Synthetic$SCObec
15:59:09.993 [main] DEBUG o.s.j.b.loader.SquidClassLoader - .class not found for ais.gui.common.SCObec
15:59:09.993 [main] DEBUG o.s.j.b.loader.SquidClassLoader - .class not found for java.lang.SCObec
15:59:09.993 [main] DEBUG o.s.j.b.loader.SquidClassLoader - .class not found for java.lang.Synthetic$SCObec
15:59:09.994 [main] DEBUG o.s.j.b.loader.SquidClassLoader - .class not found for ais.gui.common.SCObec
15:59:09.994 [main] DEBUG o.s.j.b.loader.SquidClassLoader - .class not found for java.lang.SCObec
15:59:09.994 [main] DEBUG o.s.j.b.loader.SquidClassLoader - .class not found for java.lang.Synthetic$SCObec
15:59:09.994 [main] DEBUG o.s.j.b.loader.SquidClassLoader - .class not found for ais.gui.common.BarSpec
15:59:09.994 [main] DEBUG o.s.j.b.loader.SquidClassLoader - .class not found for java.lang.BarSpec
15:59:09.994 [main] DEBUG o.s.j.b.loader.SquidClassLoader - .class not found for java.lang.Synthetic$BarSpec
15:59:09.995 [main] DEBUG o.s.j.b.loader.SquidClassLoader - .class not found for ais.gui.common.AppException
15:59:09.995 [main] DEBUG o.s.j.b.loader.SquidClassLoader - .class not found for java.lang.AppException
15:59:09.995 [main] DEBUG o.s.j.b.loader.SquidClassLoader - .class not found for java.lang.Synthetic$AppException
15:59:09.995 [main] DEBUG o.s.j.b.loader.SquidClassLoader - .class not found for ais.gui.common.SCOkres
15:59:09.995 [main] DEBUG o.s.j.b.loader.SquidClassLoader - .class not found for java.lang.SCOkres
15:59:09.995 [main] DEBUG o.s.j.b.loader.SquidClassLoader - .class not found for java.lang.Synthetic$SCOkres
15:59:09.996 [main] DEBUG o.s.j.b.loader.SquidClassLoader - .class not found for ais.gui.common.Filter
15:59:09.996 [main] DEBUG o.s.j.b.loader.SquidClassLoader - .class not found for java.lang.Filter
15:59:09.997 [main] DEBUG o.s.j.b.loader.SquidClassLoader - .class not found for java.lang.Synthetic$Filter
15:59:09.997 [main] DEBUG o.s.j.b.loader.SquidClassLoader - .class not found for ais.gui.common.DateUtils
15:59:09.997 [main] DEBUG o.s.j.b.loader.SquidClassLoader - .class not found for java.lang.DateUtils
15:59:09.997 [main] DEBUG o.s.j.b.loader.SquidClassLoader - .class not found for java.lang.Synthetic$DateUtils
15:59:09.997 [main] DEBUG o.s.j.b.loader.SquidClassLoader - .class not found for ais.gui.common.DateUtils
15:59:09.997 [main] DEBUG o.s.j.b.loader.SquidClassLoader - .class not found for java.lang.DateUtils
15:59:09.997 [main] DEBUG o.s.j.b.loader.SquidClassLoader - .class not found for java.lang.Synthetic$DateUtils
15:59:09.997 [main] DEBUG o.s.j.b.loader.SquidClassLoader - .class not found for ais.gui.common.SCOkres
15:59:09.997 [main] DEBUG o.s.j.b.loader.SquidClassLoader - .class not found for java.lang.SCOkres
15:59:09.998 [main] DEBUG o.s.j.b.loader.SquidClassLoader - .class not found for java.lang.Synthetic$SCOkres
15:59:09.998 [main] DEBUG o.s.j.b.loader.SquidClassLoader - .class not found for ais.gui.common.SCOkres
15:59:09.998 [main] DEBUG o.s.j.b.loader.SquidClassLoader - .class not found for java.lang.SCOkres
15:59:09.998 [main] DEBUG o.s.j.b.loader.SquidClassLoader - .class not found for java.lang.Synthetic$SCOkres
15:59:09.998 [main] DEBUG o.s.j.b.loader.SquidClassLoader - .class not found for ais.gui.common.EmptySpec
15:59:09.998 [main] DEBUG o.s.j.b.loader.SquidClassLoader - .class not found for java.lang.EmptySpec
15:59:09.998 [main] DEBUG o.s.j.b.loader.SquidClassLoader - .class not found for java.lang.Synthetic$EmptySpec
15:59:09.998 [main] DEBUG o.s.j.b.loader.SquidClassLoader - .class not found for ais.gui.common.AppException
15:59:09.998 [main] DEBUG o.s.j.b.loader.SquidClassLoader - .class not found for java.lang.AppException
15:59:09.998 [main] DEBUG o.s.j.b.loader.SquidClassLoader - .class not found for java.lang.Synthetic$AppException
15:59:09.999 [main] DEBUG o.s.j.b.loader.SquidClassLoader - .class not found for ais.gui.common.SCObec
15:59:09.999 [main] DEBUG o.s.j.b.loader.SquidClassLoader - .class not found for java.lang.SCObec
15:59:09.999 [main] DEBUG o.s.j.b.loader.SquidClassLoader - .class not found for java.lang.Synthetic$SCObec
15:59:09.999 [main] DEBUG o.s.j.b.loader.SquidClassLoader - .class not found for ais.gui.common.SCObec
15:59:09.999 [main] DEBUG o.s.j.b.loader.SquidClassLoader - .class not found for java.lang.SCObec
15:59:09.999 [main] DEBUG o.s.j.b.loader.SquidClassLoader - .class not found for java.lang.Synthetic$SCObec
15:59:09.999 [main] DEBUG o.s.j.b.loader.SquidClassLoader - .class not found for ais.gui.common.BarSpec
15:59:09.999 [main] DEBUG o.s.j.b.loader.SquidClassLoader - .class not found for java.lang.BarSpec
15:59:09.999 [main] DEBUG o.s.j.b.loader.SquidClassLoader - .class not found for java.lang.Synthetic$BarSpec
15:59:09.999 [main] DEBUG o.s.j.b.loader.SquidClassLoader - .class not found for ais.gui.common.AppException
15:59:09.999 [main] DEBUG o.s.j.b.loader.SquidClassLoader - .class not found for java.lang.AppException
15:59:09.999 [main] DEBUG o.s.j.b.loader.SquidClassLoader - .class not found for java.lang.Synthetic$AppException
15:59:10.000 [main] DEBUG o.s.j.b.loader.SquidClassLoader - .class not found for ais.gui.common.ais
15:59:10.000 [main] DEBUG o.s.j.b.loader.SquidClassLoader - .class not found for java.lang.ais
15:59:10.000 [main] DEBUG o.s.j.b.loader.SquidClassLoader - .class not found for java.lang.Synthetic$ais
15:59:10.000 [main] DEBUG o.s.j.b.loader.SquidClassLoader - .class not found for ais.sys
15:59:10.000 [main] DEBUG o.s.j.b.loader.SquidClassLoader - .class not found for ais.sys.AisApplicationContext
15:59:10.000 [main] DEBUG o.s.j.b.loader.SquidClassLoader - .class not found for ais.gui.common.CRSC_Obec
15:59:10.000 [main] DEBUG o.s.j.b.loader.SquidClassLoader - .class not found for java.lang.CRSC_Obec
15:59:10.000 [main] DEBUG o.s.j.b.loader.SquidClassLoader - .class not found for java.lang.Synthetic$CRSC_Obec
15:59:10.000 [main] DEBUG o.s.j.b.loader.SquidClassLoader - .class not found for ais.gui.common.CRSC_Obec
15:59:10.000 [main] DEBUG o.s.j.b.loader.SquidClassLoader - .class not found for java.lang.CRSC_Obec
15:59:10.000 [main] DEBUG o.s.j.b.loader.SquidClassLoader - .class not found for java.lang.Synthetic$CRSC_Obec
15:59:10.000 [main] DEBUG o.s.j.b.loader.SquidClassLoader - .class not found for ais.gui.common.BarSpec
15:59:10.000 [main] DEBUG o.s.j.b.loader.SquidClassLoader - .class not found for java.lang.BarSpec
15:59:10.000 [main] DEBUG o.s.j.b.loader.SquidClassLoader - .class not found for java.lang.Synthetic$BarSpec
15:59:10.001 [main] DEBUG o.s.j.b.loader.SquidClassLoader - .class not found for ais.gui.common.AppException
15:59:10.001 [main] DEBUG o.s.j.b.loader.SquidClassLoader - .class not found for java.lang.AppException
15:59:10.001 [main] DEBUG o.s.j.b.loader.SquidClassLoader - .class not found for java.lang.Synthetic$AppException
15:59:10.001 [main] DEBUG o.s.j.b.loader.SquidClassLoader - .class not found for ais.gui.common.SCMesiac
15:59:10.001 [main] DEBUG o.s.j.b.loader.SquidClassLoader - .class not found for java.lang.SCMesiac
15:59:10.001 [main] DEBUG o.s.j.b.loader.SquidClassLoader - .class not found for java.lang.Synthetic$SCMesiac
15:59:10.001 [main] DEBUG o.s.j.b.loader.SquidClassLoader - .class not found for ais.gui.common.Filter
15:59:10.001 [main] DEBUG o.s.j.b.loader.SquidClassLoader - .class not found for java.lang.Filter
15:59:10.001 [main] DEBUG o.s.j.b.loader.SquidClassLoader - .class not found for java.lang.Synthetic$Filter
15:59:10.001 [main] DEBUG o.s.j.b.loader.SquidClassLoader - .class not found for ais.gui.common.DateUtils
15:59:10.001 [main] DEBUG o.s.j.b.loader.SquidClassLoader - .class not found for java.lang.DateUtils
15:59:10.001 [main] DEBUG o.s.j.b.loader.SquidClassLoader - .class not found for java.lang.Synthetic$DateUtils
15:59:10.001 [main] DEBUG o.s.j.b.loader.SquidClassLoader - .class not found for ais.gui.common.DateUtils
15:59:10.001 [main] DEBUG o.s.j.b.loader.SquidClassLoader - .class not found for java.lang.DateUtils
15:59:10.002 [main] DEBUG o.s.j.b.loader.SquidClassLoader - .class not found for java.lang.Synthetic$DateUtils
15:59:10.002 [main] DEBUG o.s.j.b.loader.SquidClassLoader - .class not found for ais.gui.common.Ordering
15:59:10.002 [main] DEBUG o.s.j.b.loader.SquidClassLoader - .class not found for java.lang.Ordering
15:59:10.002 [main] DEBUG o.s.j.b.loader.SquidClassLoader - .class not found for java.lang.Synthetic$Ordering
15:59:10.002 [main] DEBUG o.s.j.b.loader.SquidClassLoader - .class not found for ais.gui.common.SCMesiac
15:59:10.002 [main] DEBUG o.s.j.b.loader.SquidClassLoader - .class not found for java.lang.SCMesiac
15:59:10.002 [main] DEBUG o.s.j.b.loader.SquidClassLoader - .class not found for java.lang.Synthetic$SCMesiac
15:59:10.002 [main] DEBUG o.s.j.b.loader.SquidClassLoader - .class not found for ais.gui.common.SCMesiac
15:59:10.002 [main] DEBUG o.s.j.b.loader.SquidClassLoader - .class not found for java.lang.SCMesiac
15:59:10.002 [main] DEBUG o.s.j.b.loader.SquidClassLoader - .class not found for java.lang.Synthetic$SCMesiac
15:59:10.002 [main] DEBUG o.s.j.b.loader.SquidClassLoader - .class not found for ais.gui.common.EmptySpec
15:59:10.002 [main] DEBUG o.s.j.b.loader.SquidClassLoader - .class not found for java.lang.EmptySpec
15:59:10.003 [main] DEBUG o.s.j.b.loader.SquidClassLoader - .class not found for java.lang.Synthetic$EmptySpec
15:59:10.003 [main] DEBUG o.s.j.b.loader.SquidClassLoader - .class not found for ais.gui.common.AppException
15:59:10.003 [main] DEBUG o.s.j.b.loader.SquidClassLoader - .class not found for java.lang.AppException
15:59:10.003 [main] DEBUG o.s.j.b.loader.SquidClassLoader - .class not found for java.lang.Synthetic$AppException
15:59:10.005 [main] DEBUG o.s.j.b.loader.SquidClassLoader - .class not found for ais.gui.common.Object
15:59:10.005 [main] DEBUG o.s.j.b.loader.SquidClassLoader - .class not found for java.lang.Synthetic$Object
15:59:10.006 [main] DEBUG o.s.j.b.loader.SquidClassLoader - .class not found for ais.gui.common.DateTimeFormater
15:59:10.006 [main] DEBUG o.s.j.b.loader.SquidClassLoader - .class not found for java.lang.DateTimeFormater
15:59:10.006 [main] DEBUG o.s.j.b.loader.SquidClassLoader - .class not found for java.lang.Synthetic$DateTimeFormater
15:59:10.007 [main] DEBUG o.s.j.b.loader.SquidClassLoader - .class not found for ais.gui.common.DateTimeFormater
15:59:10.007 [main] DEBUG o.s.j.b.loader.SquidClassLoader - .class not found for java.lang.DateTimeFormater
15:59:10.007 [main] DEBUG o.s.j.b.loader.SquidClassLoader - .class not found for java.lang.Synthetic$DateTimeFormater
15:59:10.007 [main] DEBUG o.s.j.b.loader.SquidClassLoader - .class not found for ais.gui.common.BarSpec
15:59:10.008 [main] DEBUG o.s.j.b.loader.SquidClassLoader - .class not found for java.lang.BarSpec
15:59:10.008 [main] DEBUG o.s.j.b.loader.SquidClassLoader - .class not found for java.lang.Synthetic$BarSpec
15:59:10.008 [main] DEBUG o.s.j.b.loader.SquidClassLoader - .class not found for ais.gui.common.SCPWOrgJednotka
15:59:10.008 [main] DEBUG o.s.j.b.loader.SquidClassLoader - .class not found for java.lang.SCPWOrgJednotka
15:59:10.009 [main] DEBUG o.s.j.b.loader.SquidClassLoader - .class not found for java.lang.Synthetic$SCPWOrgJednotka
15:59:10.009 [main] DEBUG o.s.j.b.loader.SquidClassLoader - .class not found for ais.gui.common.SCPWOrgJednotka
15:59:10.009 [main] DEBUG o.s.j.b.loader.SquidClassLoader - .class not found for java.lang.SCPWOrgJednotka
15:59:10.009 [main] DEBUG o.s.j.b.loader.SquidClassLoader - .class not found for java.lang.Synthetic$SCPWOrgJednotka
15:59:10.010 [main] DEBUG o.s.j.b.loader.SquidClassLoader - .class not found for ais.gui.common.AppException
15:59:10.010 [main] DEBUG o.s.j.b.loader.SquidClassLoader - .class not found for java.lang.AppException
15:59:10.010 [main] DEBUG o.s.j.b.loader.SquidClassLoader - .class not found for java.lang.Synthetic$AppException
15:59:10.010 [main] DEBUG o.s.j.b.loader.SquidClassLoader - .class not found for ais.gui.common.SCTypParamSystem
15:59:10.010 [main] DEBUG o.s.j.b.loader.SquidClassLoader - .class not found for java.lang.SCTypParamSystem
15:59:10.010 [main] DEBUG o.s.j.b.loader.SquidClassLoader - .class not found for java.lang.Synthetic$SCTypParamSystem
15:59:10.010 [main] DEBUG o.s.j.b.loader.SquidClassLoader - .class not found for ais.gui.common.SCTypParamSystem
15:59:10.010 [main] DEBUG o.s.j.b.loader.SquidClassLoader - .class not found for java.lang.SCTypParamSystem
15:59:10.010 [main] DEBUG o.s.j.b.loader.SquidClassLoader - .class not found for java.lang.Synthetic$SCTypParamSystem
15:59:10.010 [main] DEBUG o.s.j.b.loader.SquidClassLoader - .class not found for ais.gui.common.EmptySpec
15:59:10.011 [main] DEBUG o.s.j.b.loader.SquidClassLoader - .class not found for java.lang.EmptySpec
15:59:10.011 [main] DEBUG o.s.j.b.loader.SquidClassLoader - .class not found for java.lang.Synthetic$EmptySpec
15:59:10.011 [main] DEBUG o.s.j.b.loader.SquidClassLoader - .class not found for ais.gui.common.Integer
15:59:10.011 [main] DEBUG o.s.j.b.loader.SquidClassLoader - .class not found for java.lang.Synthetic$Integer
15:59:10.012 [main] DEBUG o.s.j.b.loader.SquidClassLoader - .class not found for ais.gui.common.SCDenVTyzdni
15:59:10.012 [main] DEBUG o.s.j.b.loader.SquidClassLoader - .class not found for java.lang.SCDenVTyzdni
15:59:10.012 [main] DEBUG o.s.j.b.loader.SquidClassLoader - .class not found for java.lang.Synthetic$SCDenVTyzdni
15:59:10.012 [main] DEBUG o.s.j.b.loader.SquidClassLoader - .class not found for ais.gui.common.SCDenVTyzdni
15:59:10.012 [main] DEBUG o.s.j.b.loader.SquidClassLoader - .class not found for java.lang.SCDenVTyzdni
15:59:10.012 [main] DEBUG o.s.j.b.loader.SquidClassLoader - .class not found for java.lang.Synthetic$SCDenVTyzdni
15:59:10.013 [main] DEBUG o.s.j.b.loader.SquidClassLoader - .class not found for ais.gui.common.EmptySpec
15:59:10.013 [main] DEBUG o.s.j.b.loader.SquidClassLoader - .class not found for java.lang.EmptySpec
15:59:10.013 [main] DEBUG o.s.j.b.loader.SquidClassLoader - .class not found for java.lang.Synthetic$EmptySpec
15:59:10.013 [main] DEBUG o.s.j.b.loader.SquidClassLoader - .class not found for ais.gui.common.AppException
15:59:10.013 [main] DEBUG o.s.j.b.loader.SquidClassLoader - .class not found for java.lang.AppException
15:59:10.013 [main] DEBUG o.s.j.b.loader.SquidClassLoader - .class not found for java.lang.Synthetic$AppException
15:59:10.014 [main] DEBUG o.s.j.b.loader.SquidClassLoader - .class not found for ais.gui.common.SCTypDatumAkcia
15:59:10.014 [main] DEBUG o.s.j.b.loader.SquidClassLoader - .class not found for java.lang.SCTypDatumAkcia
15:59:10.014 [main] DEBUG o.s.j.b.loader.SquidClassLoader - .class not found for java.lang.Synthetic$SCTypDatumAkcia
15:59:10.015 [main] DEBUG o.s.j.b.loader.SquidClassLoader - .class not found for ais.gui.common.SCTypDatumAkcia
15:59:10.015 [main] DEBUG o.s.j.b.loader.SquidClassLoader - .class not found for java.lang.SCTypDatumAkcia
15:59:10.015 [main] DEBUG o.s.j.b.loader.SquidClassLoader - .class not found for java.lang.Synthetic$SCTypDatumAkcia
15:59:10.016 [main] DEBUG o.s.j.b.loader.SquidClassLoader - .class not found for ais.gui.common.EmptySpec
15:59:10.016 [main] DEBUG o.s.j.b.loader.SquidClassLoader - .class not found for java.lang.EmptySpec
15:59:10.016 [main] DEBUG o.s.j.b.loader.SquidClassLoader - .class not found for java.lang.Synthetic$EmptySpec
15:59:10.016 [main] DEBUG o.s.j.b.loader.SquidClassLoader - .class not found for ais.gui.common.AppException
15:59:10.016 [main] DEBUG o.s.j.b.loader.SquidClassLoader - .class not found for java.lang.AppException
15:59:10.016 [main] DEBUG o.s.j.b.loader.SquidClassLoader - .class not found for java.lang.Synthetic$AppException
15:59:10.017 [main] DEBUG o.s.j.b.loader.SquidClassLoader - .class not found for ais.gui.common.AisAppException
15:59:10.017 [main] DEBUG o.s.j.b.loader.SquidClassLoader - .class not found for java.lang.AisAppException
15:59:10.017 [main] DEBUG o.s.j.b.loader.SquidClassLoader - .class not found for java.lang.Synthetic$AisAppException
15:59:10.017 [main] DEBUG o.s.j.b.loader.SquidClassLoader - .class not found for ais.gui.common.AisAppException
15:59:10.017 [main] DEBUG o.s.j.b.loader.SquidClassLoader - .class not found for java.lang.AisAppException
15:59:10.017 [main] DEBUG o.s.j.b.loader.SquidClassLoader - .class not found for java.lang.Synthetic$AisAppException
15:59:10.017 [main] DEBUG o.s.j.b.loader.SquidClassLoader - .class not found for ais.gui.common.SCSTCinnostStudPrg
15:59:10.018 [main] DEBUG o.s.j.b.loader.SquidClassLoader - .class not found for java.lang.SCSTCinnostStudPrg
15:59:10.018 [main] DEBUG o.s.j.b.loader.SquidClassLoader - .class not found for java.lang.Synthetic$SCSTCinnostStudPrg
15:59:10.018 [main] DEBUG o.s.j.b.loader.SquidClassLoader - .class not found for ais.gui.common.AisAppException
15:59:10.018 [main] DEBUG o.s.j.b.loader.SquidClassLoader - .class not found for java.lang.AisAppException
15:59:10.018 [main] DEBUG o.s.j.b.loader.SquidClassLoader - .class not found for java.lang.Synthetic$AisAppException
15:59:10.018 [main] DEBUG o.s.j.b.loader.SquidClassLoader - .class not found for ais.gui.common.SCSTCinnostStudPrg
15:59:10.018 [main] DEBUG o.s.j.b.loader.SquidClassLoader - .class not found for java.lang.SCSTCinnostStudPrg
15:59:10.019 [main] DEBUG o.s.j.b.loader.SquidClassLoader - .class not found for java.lang.Synthetic$SCSTCinnostStudPrg
15:59:10.019 [main] DEBUG o.s.j.b.loader.SquidClassLoader - .class not found for ais.gui.common.ais
15:59:10.019 [main] DEBUG o.s.j.b.loader.SquidClassLoader - .class not found for java.lang.ais
15:59:10.019 [main] DEBUG o.s.j.b.loader.SquidClassLoader - .class not found for java.lang.Synthetic$ais
15:59:10.019 [main] DEBUG o.s.j.b.loader.SquidClassLoader - .class not found for ais.sys
15:59:10.019 [main] DEBUG o.s.j.b.loader.SquidClassLoader - .class not found for ais.sys.AisApplicationContext
15:59:10.019 [main] DEBUG o.s.j.b.loader.SquidClassLoader - .class not found for ais.gui.common.STCinnostSPOJ
15:59:10.019 [main] DEBUG o.s.j.b.loader.SquidClassLoader - .class not found for java.lang.STCinnostSPOJ
15:59:10.019 [main] DEBUG o.s.j.b.loader.SquidClassLoader - .class not found for java.lang.Synthetic$STCinnostSPOJ
15:59:10.019 [main] DEBUG o.s.j.b.loader.SquidClassLoader - .class not found for ais.gui.common.Filter
15:59:10.020 [main] DEBUG o.s.j.b.loader.SquidClassLoader - .class not found for java.lang.Filter
15:59:10.020 [main] DEBUG o.s.j.b.loader.SquidClassLoader - .class not found for java.lang.Synthetic$Filter
15:59:10.020 [main] DEBUG o.s.j.b.loader.SquidClassLoader - .class not found for ais.gui.common.STCinnostSPOJ
15:59:10.020 [main] DEBUG o.s.j.b.loader.SquidClassLoader - .class not found for java.lang.STCinnostSPOJ
15:59:10.021 [main] DEBUG o.s.j.b.loader.SquidClassLoader - .class not found for java.lang.Synthetic$STCinnostSPOJ
15:59:10.021 [main] DEBUG o.s.j.b.loader.SquidClassLoader - .class not found for ais.gui.common.STCinnostSPOJ
15:59:10.021 [main] DEBUG o.s.j.b.loader.SquidClassLoader - .class not found for java.lang.STCinnostSPOJ
15:59:10.021 [main] DEBUG o.s.j.b.loader.SquidClassLoader - .class not found for java.lang.Synthetic$STCinnostSPOJ
15:59:10.021 [main] DEBUG o.s.j.b.loader.SquidClassLoader - .class not found for ais.gui.common.EmptySpec
15:59:10.021 [main] DEBUG o.s.j.b.loader.SquidClassLoader - .class not found for java.lang.EmptySpec
15:59:10.021 [main] DEBUG o.s.j.b.loader.SquidClassLoader - .class not found for java.lang.Synthetic$EmptySpec
15:59:10.022 [main] DEBUG o.s.j.b.loader.SquidClassLoader - .class not found for ais.gui.common.SCPWOrgJednotka
15:59:10.022 [main] DEBUG o.s.j.b.loader.SquidClassLoader - .class not found for java.lang.SCPWOrgJednotka
15:59:10.022 [main] DEBUG o.s.j.b.loader.SquidClassLoader - .class not found for java.lang.Synthetic$SCPWOrgJednotka
15:59:10.022 [main] DEBUG o.s.j.b.loader.SquidClassLoader - .class not found for ais.gui.common.String
15:59:10.022 [main] DEBUG o.s.j.b.loader.SquidClassLoader - .class not found for java.lang.Synthetic$String
15:59:10.023 [main] DEBUG o.s.j.b.loader.SquidClassLoader - .class not found for ais.gui.common.SCPWOrgJednotka
15:59:10.023 [main] DEBUG o.s.j.b.loader.SquidClassLoader - .class not found for java.lang.SCPWOrgJednotka
15:59:10.023 [main] DEBUG o.s.j.b.loader.SquidClassLoader - .class not found for java.lang.Synthetic$SCPWOrgJednotka
15:59:10.023 [main] DEBUG o.s.j.b.loader.SquidClassLoader - .class not found for ais.gui.common.Filter
15:59:10.023 [main] DEBUG o.s.j.b.loader.SquidClassLoader - .class not found for java.lang.Filter
15:59:10.023 [main] DEBUG o.s.j.b.loader.SquidClassLoader - .class not found for java.lang.Synthetic$Filter
15:59:10.023 [main] DEBUG o.s.j.b.loader.SquidClassLoader - .class not found for ais.gui.common.String
15:59:10.023 [main] DEBUG o.s.j.b.loader.SquidClassLoader - .class not found for java.lang.Synthetic$String
15:59:10.024 [main] DEBUG o.s.j.b.loader.SquidClassLoader - .class not found for ais.gui.common.SCPWOrgJednotka
15:59:10.025 [main] DEBUG o.s.j.b.loader.SquidClassLoader - .class not found for java.lang.SCPWOrgJednotka
15:59:10.026 [main] DEBUG o.s.j.b.loader.SquidClassLoader - .class not found for java.lang.Synthetic$SCPWOrgJednotka
15:59:10.026 [main] DEBUG o.s.j.b.loader.SquidClassLoader - .class not found for ais.gui.common.SCPWOrgJednotka
15:59:10.026 [main] DEBUG o.s.j.b.loader.SquidClassLoader - .class not found for java.lang.SCPWOrgJednotka
15:59:10.026 [main] DEBUG o.s.j.b.loader.SquidClassLoader - .class not found for java.lang.Synthetic$SCPWOrgJednotka
15:59:10.026 [main] DEBUG o.s.j.b.loader.SquidClassLoader - .class not found for ais.gui.common.BarSpec
15:59:10.026 [main] DEBUG o.s.j.b.loader.SquidClassLoader - .class not found for java.lang.BarSpec
15:59:10.026 [main] DEBUG o.s.j.b.loader.SquidClassLoader - .class not found for java.lang.Synthetic$BarSpec
15:59:10.027 [main] DEBUG o.s.j.b.loader.SquidClassLoader - .class not found for ais.gui.common.AppException
15:59:10.027 [main] DEBUG o.s.j.b.loader.SquidClassLoader - .class not found for java.lang.AppException
15:59:10.027 [main] DEBUG o.s.j.b.loader.SquidClassLoader - .class not found for java.lang.Synthetic$AppException
15:59:10.027 [main] DEBUG o.s.j.b.loader.SquidClassLoader - .class not found for ais.gui.common.Attribute
15:59:10.027 [main] DEBUG o.s.j.b.loader.SquidClassLoader - .class not found for java.lang.Attribute
15:59:10.027 [main] DEBUG o.s.j.b.loader.SquidClassLoader - .class not found for java.lang.Synthetic$Attribute
15:59:10.027 [main] DEBUG o.s.j.b.loader.SquidClassLoader - .class not found for ais.gui.common.Filter
15:59:10.028 [main] DEBUG o.s.j.b.loader.SquidClassLoader - .class not found for java.lang.Filter
15:59:10.028 [main] DEBUG o.s.j.b.loader.SquidClassLoader - .class not found for java.lang.Synthetic$Filter
15:59:10.028 [main] DEBUG o.s.j.b.loader.SquidClassLoader - .class not found for ais.gui.common.Attribute
15:59:10.028 [main] DEBUG o.s.j.b.loader.SquidClassLoader - .class not found for java.lang.Attribute
15:59:10.028 [main] DEBUG o.s.j.b.loader.SquidClassLoader - .class not found for java.lang.Synthetic$Attribute
15:59:10.028 [main] DEBUG o.s.j.b.loader.SquidClassLoader - .class not found for ais.gui.common.Attribute
15:59:10.028 [main] DEBUG o.s.j.b.loader.SquidClassLoader - .class not found for java.lang.Attribute
15:59:10.028 [main] DEBUG o.s.j.b.loader.SquidClassLoader - .class not found for java.lang.Synthetic$Attribute
15:59:10.029 [main] DEBUG o.s.j.b.loader.SquidClassLoader - .class not found for ais.gui.common.EmptySpec
15:59:10.029 [main] DEBUG o.s.j.b.loader.SquidClassLoader - .class not found for java.lang.EmptySpec
15:59:10.029 [main] DEBUG o.s.j.b.loader.SquidClassLoader - .class not found for java.lang.Synthetic$EmptySpec
15:59:10.029 [main] DEBUG o.s.j.b.loader.SquidClassLoader - .class not found for ais.gui.common.AppException
15:59:10.030 [main] DEBUG o.s.j.b.loader.SquidClassLoader - .class not found for java.lang.AppException
15:59:10.030 [main] DEBUG o.s.j.b.loader.SquidClassLoader - .class not found for java.lang.Synthetic$AppException
15:59:10.030 [main] DEBUG o.s.j.b.loader.SquidClassLoader - .class not found for ais.gui.common.CRSC_Staty
15:59:10.030 [main] DEBUG o.s.j.b.loader.SquidClassLoader - .class not found for java.lang.CRSC_Staty
15:59:10.031 [main] DEBUG o.s.j.b.loader.SquidClassLoader - .class not found for java.lang.Synthetic$CRSC_Staty
15:59:10.031 [main] DEBUG o.s.j.b.loader.SquidClassLoader - .class not found for ais.gui.common.CRSC_Staty
15:59:10.031 [main] DEBUG o.s.j.b.loader.SquidClassLoader - .class not found for java.lang.CRSC_Staty
15:59:10.031 [main] DEBUG o.s.j.b.loader.SquidClassLoader - .class not found for java.lang.Synthetic$CRSC_Staty
15:59:10.032 [main] DEBUG o.s.j.b.loader.SquidClassLoader - .class not found for ais.gui.common.EmptySpec
15:59:10.032 [main] DEBUG o.s.j.b.loader.SquidClassLoader - .class not found for java.lang.EmptySpec
15:59:10.033 [main] DEBUG o.s.j.b.loader.SquidClassLoader - .class not found for java.lang.Synthetic$EmptySpec
15:59:10.033 [main] DEBUG o.s.j.b.loader.SquidClassLoader - .class not found for ais.gui.common.AppException
15:59:10.033 [main] DEBUG o.s.j.b.loader.SquidClassLoader - .class not found for java.lang.AppException
15:59:10.033 [main] DEBUG o.s.j.b.loader.SquidClassLoader - .class not found for java.lang.Synthetic$AppException
15:59:10.033 [main] DEBUG o.s.j.b.loader.SquidClassLoader - .class not found for ais.gui.common.StringUtils
15:59:10.034 [main] DEBUG o.s.j.b.loader.SquidClassLoader - .class not found for java.lang.StringUtils
15:59:10.034 [main] DEBUG o.s.j.b.loader.SquidClassLoader - .class not found for java.lang.Synthetic$StringUtils
15:59:10.034 [main] DEBUG o.s.j.b.loader.SquidClassLoader - .class not found for ais.gui.common.CRSC_Staty
15:59:10.034 [main] DEBUG o.s.j.b.loader.SquidClassLoader - .class not found for java.lang.CRSC_Staty
15:59:10.034 [main] DEBUG o.s.j.b.loader.SquidClassLoader - .class not found for java.lang.Synthetic$CRSC_Staty
15:59:10.034 [main] DEBUG o.s.j.b.loader.SquidClassLoader - .class not found for ais.gui.common.CRSC_Staty
15:59:10.034 [main] DEBUG o.s.j.b.loader.SquidClassLoader - .class not found for java.lang.CRSC_Staty
15:59:10.034 [main] DEBUG o.s.j.b.loader.SquidClassLoader - .class not found for java.lang.Synthetic$CRSC_Staty
15:59:10.034 [main] DEBUG o.s.j.b.loader.SquidClassLoader - .class not found for ais.gui.common.Object
15:59:10.035 [main] DEBUG o.s.j.b.loader.SquidClassLoader - .class not found for java.lang.Synthetic$Object
15:59:10.035 [main] DEBUG o.s.j.b.loader.SquidClassLoader - .class not found for ais.gui.common.DateUtils
15:59:10.035 [main] DEBUG o.s.j.b.loader.SquidClassLoader - .class not found for java.lang.DateUtils
15:59:10.035 [main] DEBUG o.s.j.b.loader.SquidClassLoader - .class not found for java.lang.Synthetic$DateUtils
15:59:10.035 [main] DEBUG o.s.j.b.loader.SquidClassLoader - .class not found for ais.gui.common.BarSpec
15:59:10.035 [main] DEBUG o.s.j.b.loader.SquidClassLoader - .class not found for java.lang.BarSpec
15:59:10.035 [main] DEBUG o.s.j.b.loader.SquidClassLoader - .class not found for java.lang.Synthetic$BarSpec
15:59:10.036 [main] DEBUG o.s.j.b.loader.SquidClassLoader - .class not found for ais.gui.common.AppException
15:59:10.036 [main] DEBUG o.s.j.b.loader.SquidClassLoader - .class not found for java.lang.AppException
15:59:10.036 [main] DEBUG o.s.j.b.loader.SquidClassLoader - .class not found for java.lang.Synthetic$AppException
15:59:10.037 [main] DEBUG o.s.j.b.loader.SquidClassLoader - .class not found for ais.gui.common.StringUtils
15:59:10.037 [main] DEBUG o.s.j.b.loader.SquidClassLoader - .class not found for java.lang.StringUtils
15:59:10.037 [main] DEBUG o.s.j.b.loader.SquidClassLoader - .class not found for java.lang.Synthetic$StringUtils
15:59:10.037 [main] DEBUG o.s.j.b.loader.SquidClassLoader - .class not found for ais.gui.common.CRSC_Staty
15:59:10.037 [main] DEBUG o.s.j.b.loader.SquidClassLoader - .class not found for java.lang.CRSC_Staty
15:59:10.037 [main] DEBUG o.s.j.b.loader.SquidClassLoader - .class not found for java.lang.Synthetic$CRSC_Staty
15:59:10.038 [main] DEBUG o.s.j.b.loader.SquidClassLoader - .class not found for ais.gui.common.Object
15:59:10.038 [main] DEBUG o.s.j.b.loader.SquidClassLoader - .class not found for java.lang.Synthetic$Object
15:59:10.038 [main] DEBUG o.s.j.b.loader.SquidClassLoader - .class not found for ais.gui.common.DateUtils
15:59:10.038 [main] DEBUG o.s.j.b.loader.SquidClassLoader - .class not found for java.lang.DateUtils
15:59:10.038 [main] DEBUG o.s.j.b.loader.SquidClassLoader - .class not found for java.lang.Synthetic$DateUtils
15:59:10.038 [main] DEBUG o.s.j.b.loader.SquidClassLoader - .class not found for ais.gui.common.BarSpec
15:59:10.038 [main] DEBUG o.s.j.b.loader.SquidClassLoader - .class not found for java.lang.BarSpec
15:59:10.038 [main] DEBUG o.s.j.b.loader.SquidClassLoader - .class not found for java.lang.Synthetic$BarSpec
15:59:10.039 [main] DEBUG o.s.j.b.loader.SquidClassLoader - .class not found for ais.gui.common.AppException
15:59:10.039 [main] DEBUG o.s.j.b.loader.SquidClassLoader - .class not found for java.lang.AppException
15:59:10.039 [main] DEBUG o.s.j.b.loader.SquidClassLoader - .class not found for java.lang.Synthetic$AppException
15:59:10.039 [main] DEBUG o.s.j.b.loader.SquidClassLoader - .class not found for ais.gui.common.StringUtils
15:59:10.039 [main] DEBUG o.s.j.b.loader.SquidClassLoader - .class not found for java.lang.StringUtils
15:59:10.039 [main] DEBUG o.s.j.b.loader.SquidClassLoader - .class not found for java.lang.Synthetic$StringUtils
15:59:10.039 [main] DEBUG o.s.j.b.loader.SquidClassLoader - .class not found for ais.gui.common.CRSC_Obec
15:59:10.040 [main] DEBUG o.s.j.b.loader.SquidClassLoader - .class not found for java.lang.CRSC_Obec
15:59:10.040 [main] DEBUG o.s.j.b.loader.SquidClassLoader - .class not found for java.lang.Synthetic$CRSC_Obec
15:59:10.040 [main] DEBUG o.s.j.b.loader.SquidClassLoader - .class not found for ais.gui.common.CRSC_Obec
15:59:10.040 [main] DEBUG o.s.j.b.loader.SquidClassLoader - .class not found for java.lang.CRSC_Obec
15:59:10.040 [main] DEBUG o.s.j.b.loader.SquidClassLoader - .class not found for java.lang.Synthetic$CRSC_Obec
15:59:10.040 [main] DEBUG o.s.j.b.loader.SquidClassLoader - .class not found for ais.gui.common.Object
15:59:10.040 [main] DEBUG o.s.j.b.loader.SquidClassLoader - .class not found for java.lang.Synthetic$Object
15:59:10.040 [main] DEBUG o.s.j.b.loader.SquidClassLoader - .class not found for ais.gui.common.DateUtils
15:59:10.040 [main] DEBUG o.s.j.b.loader.SquidClassLoader - .class not found for java.lang.DateUtils
15:59:10.040 [main] DEBUG o.s.j.b.loader.SquidClassLoader - .class not found for java.lang.Synthetic$DateUtils
15:59:10.041 [main] DEBUG o.s.j.b.loader.SquidClassLoader - .class not found for ais.gui.common.BarSpec
15:59:10.041 [main] DEBUG o.s.j.b.loader.SquidClassLoader - .class not found for java.lang.BarSpec
15:59:10.041 [main] DEBUG o.s.j.b.loader.SquidClassLoader - .class not found for java.lang.Synthetic$BarSpec
15:59:10.041 [main] DEBUG o.s.j.b.loader.SquidClassLoader - .class not found for ais.gui.common.AppException
15:59:10.041 [main] DEBUG o.s.j.b.loader.SquidClassLoader - .class not found for java.lang.AppException
15:59:10.041 [main] DEBUG o.s.j.b.loader.SquidClassLoader - .class not found for java.lang.Synthetic$AppException
15:59:10.041 [main] DEBUG o.s.j.b.loader.SquidClassLoader - .class not found for ais.gui.common.PZZostava
15:59:10.042 [main] DEBUG o.s.j.b.loader.SquidClassLoader - .class not found for java.lang.PZZostava
15:59:10.042 [main] DEBUG o.s.j.b.loader.SquidClassLoader - .class not found for java.lang.Synthetic$PZZostava
15:59:10.042 [main] DEBUG o.s.j.b.loader.SquidClassLoader - .class not found for ais.gui.common.PZZostava
15:59:10.042 [main] DEBUG o.s.j.b.loader.SquidClassLoader - .class not found for java.lang.PZZostava
15:59:10.042 [main] DEBUG o.s.j.b.loader.SquidClassLoader - .class not found for java.lang.Synthetic$PZZostava
15:59:10.042 [main] DEBUG o.s.j.b.loader.SquidClassLoader - .class not found for ais.gui.common.EmptySpec
15:59:10.042 [main] DEBUG o.s.j.b.loader.SquidClassLoader - .class not found for java.lang.EmptySpec
15:59:10.042 [main] DEBUG o.s.j.b.loader.SquidClassLoader - .class not found for java.lang.Synthetic$EmptySpec
15:59:10.042 [main] DEBUG o.s.j.b.loader.SquidClassLoader - .class not found for ais.gui.common.AppException
15:59:10.042 [main] DEBUG o.s.j.b.loader.SquidClassLoader - .class not found for java.lang.AppException
15:59:10.042 [main] DEBUG o.s.j.b.loader.SquidClassLoader - .class not found for java.lang.Synthetic$AppException
15:59:10.042 [main] DEBUG o.s.j.b.loader.SquidClassLoader - .class not found for ais.gui.common.Globals
15:59:10.043 [main] DEBUG o.s.j.b.loader.SquidClassLoader - .class not found for java.lang.Globals
15:59:10.043 [main] DEBUG o.s.j.b.loader.SquidClassLoader - .class not found for java.lang.Synthetic$Globals
15:59:10.043 [main] DEBUG o.s.j.b.loader.SquidClassLoader - .class not found for ais.gui.common.JazykyListModel
15:59:10.043 [main] DEBUG o.s.j.b.loader.SquidClassLoader - .class not found for java.lang.JazykyListModel
15:59:10.043 [main] DEBUG o.s.j.b.loader.SquidClassLoader - .class not found for java.lang.Synthetic$JazykyListModel
15:59:10.043 [main] DEBUG o.s.j.b.loader.SquidClassLoader - .class not found for ais.gui.common.Globals
15:59:10.043 [main] DEBUG o.s.j.b.loader.SquidClassLoader - .class not found for java.lang.Globals
15:59:10.043 [main] DEBUG o.s.j.b.loader.SquidClassLoader - .class not found for java.lang.Synthetic$Globals
15:59:10.043 [main] DEBUG o.s.j.b.loader.SquidClassLoader - .class not found for ais.gui.common.CM009_VyberMoznostiDlg
15:59:10.043 [main] DEBUG o.s.j.b.loader.SquidClassLoader - .class not found for java.lang.CM009_VyberMoznostiDlg
15:59:10.044 [main] DEBUG o.s.j.b.loader.SquidClassLoader - .class not found for java.lang.Synthetic$CM009_VyberMoznostiDlg
15:59:10.044 [main] DEBUG o.s.j.b.loader.SquidClassLoader - .class not found for ais.gui.common.AisDlg
15:59:10.044 [main] DEBUG o.s.j.b.loader.SquidClassLoader - .class not found for java.lang.AisDlg
15:59:10.044 [main] DEBUG o.s.j.b.loader.SquidClassLoader - .class not found for java.lang.Synthetic$AisDlg
15:59:10.045 [main] DEBUG o.s.j.b.loader.SquidClassLoader - .class not found for ais.gui.common.System
15:59:10.045 [main] DEBUG o.s.j.b.loader.SquidClassLoader - .class not found for java.lang.Synthetic$System
15:59:10.046 [main] DEBUG o.s.j.b.loader.SquidClassLoader - .class not found for ais.gui.common.PrintUtils
15:59:10.046 [main] DEBUG o.s.j.b.loader.SquidClassLoader - .class not found for java.lang.PrintUtils
15:59:10.046 [main] DEBUG o.s.j.b.loader.SquidClassLoader - .class not found for java.lang.Synthetic$PrintUtils
15:59:10.046 [main] DEBUG o.s.j.b.loader.SquidClassLoader - .class not found for ais.gui.common.TransformationService
15:59:10.046 [main] DEBUG o.s.j.b.loader.SquidClassLoader - .class not found for java.lang.TransformationService
15:59:10.047 [main] DEBUG o.s.j.b.loader.SquidClassLoader - .class not found for java.lang.Synthetic$TransformationService
15:59:10.047 [main] DEBUG o.s.j.b.loader.SquidClassLoader - .class not found for ais.gui.common.RuntimeException
15:59:10.047 [main] DEBUG o.s.j.b.loader.SquidClassLoader - .class not found for java.lang.Synthetic$RuntimeException
15:59:10.047 [main] DEBUG o.s.j.b.loader.SquidClassLoader - .class not found for ais.gui.common.RuntimeException
15:59:10.047 [main] DEBUG o.s.j.b.loader.SquidClassLoader - .class not found for java.lang.Synthetic$RuntimeException
15:59:10.048 [main] DEBUG o.s.j.b.loader.SquidClassLoader - .class not found for ais.gui.common.AVCException
15:59:10.048 [main] DEBUG o.s.j.b.loader.SquidClassLoader - .class not found for java.lang.AVCException
15:59:10.048 [main] DEBUG o.s.j.b.loader.SquidClassLoader - .class not found for java.lang.Synthetic$AVCException
15:59:10.049 [main] DEBUG o.s.j.b.loader.SquidClassLoader - .class not found for ais.gui.common.AVCException
15:59:10.049 [main] DEBUG o.s.j.b.loader.SquidClassLoader - .class not found for java.lang.AVCException
15:59:10.049 [main] DEBUG o.s.j.b.loader.SquidClassLoader - .class not found for java.lang.Synthetic$AVCException
15:59:10.050 [main] DEBUG o.s.j.b.loader.SquidClassLoader - .class not found for ais.gui.common.AVCException
15:59:10.050 [main] DEBUG o.s.j.b.loader.SquidClassLoader - .class not found for java.lang.AVCException
15:59:10.050 [main] DEBUG o.s.j.b.loader.SquidClassLoader - .class not found for java.lang.Synthetic$AVCException
15:59:10.050 [main] DEBUG o.s.j.b.loader.SquidClassLoader - .class not found for ais.gui.common.AVCException
15:59:10.050 [main] DEBUG o.s.j.b.loader.SquidClassLoader - .class not found for java.lang.AVCException
15:59:10.050 [main] DEBUG o.s.j.b.loader.SquidClassLoader - .class not found for java.lang.Synthetic$AVCException
15:59:10.051 [main] DEBUG o.s.j.b.loader.SquidClassLoader - .class not found for ais.gui.common.AVCException
15:59:10.051 [main] DEBUG o.s.j.b.loader.SquidClassLoader - .class not found for java.lang.AVCException
15:59:10.051 [main] DEBUG o.s.j.b.loader.SquidClassLoader - .class not found for java.lang.Synthetic$AVCException
15:59:10.051 [main] DEBUG o.s.j.b.loader.SquidClassLoader - .class not found for ais.gui.common.SluzbaBD
15:59:10.051 [main] DEBUG o.s.j.b.loader.SquidClassLoader - .class not found for java.lang.SluzbaBD
15:59:10.051 [main] DEBUG o.s.j.b.loader.SquidClassLoader - .class not found for java.lang.Synthetic$SluzbaBD
15:59:10.051 [main] DEBUG o.s.j.b.loader.SquidClassLoader - .class not found for ais.gui.common.ais
15:59:10.052 [main] DEBUG o.s.j.b.loader.SquidClassLoader - .class not found for java.lang.ais
15:59:10.052 [main] DEBUG o.s.j.b.loader.SquidClassLoader - .class not found for java.lang.Synthetic$ais
15:59:10.052 [main] DEBUG o.s.j.b.loader.SquidClassLoader - .class not found for ais.bo
15:59:10.052 [main] DEBUG o.s.j.b.loader.SquidClassLoader - .class not found for ais.bo.SluzbaBD
15:59:10.052 [main] DEBUG o.s.j.b.loader.SquidClassLoader - .class not found for ais.bo.SluzbaBD.TemplateChooserBezPravSpravcuAPrezeraca
15:59:10.053 [main] DEBUG o.s.j.b.loader.SquidClassLoader - .class not found for ais.gui.common.ais
15:59:10.053 [main] DEBUG o.s.j.b.loader.SquidClassLoader - .class not found for java.lang.ais
15:59:10.053 [main] DEBUG o.s.j.b.loader.SquidClassLoader - .class not found for java.lang.Synthetic$ais
15:59:10.054 [main] DEBUG o.s.j.b.loader.SquidClassLoader - .class not found for ais.bo
15:59:10.054 [main] DEBUG o.s.j.b.loader.SquidClassLoader - .class not found for ais.bo.SluzbaBD
15:59:10.054 [main] DEBUG o.s.j.b.loader.SquidClassLoader - .class not found for ais.bo.SluzbaBD.TemplateChooserBezPravSpravcuAPrezeraca
15:59:10.054 [main] DEBUG o.s.j.b.loader.SquidClassLoader - .class not found for ais.gui.common.IllegalStateException
15:59:10.054 [main] DEBUG o.s.j.b.loader.SquidClassLoader - .class not found for java.lang.Synthetic$IllegalStateException
15:59:10.055 [main] DEBUG o.s.j.b.loader.SquidClassLoader - .class not found for ais.gui.common.IllegalStateException
15:59:10.055 [main] DEBUG o.s.j.b.loader.SquidClassLoader - .class not found for java.lang.Synthetic$IllegalStateException
15:59:10.056 [main] DEBUG o.s.j.b.loader.SquidClassLoader - .class not found for ais.gui.common.IllegalStateException
15:59:10.056 [main] DEBUG o.s.j.b.loader.SquidClassLoader - .class not found for java.lang.Synthetic$IllegalStateException
15:59:10.056 [main] DEBUG o.s.j.b.loader.SquidClassLoader - .class not found for ais.gui.common.IllegalStateException
15:59:10.056 [main] DEBUG o.s.j.b.loader.SquidClassLoader - .class not found for java.lang.Synthetic$IllegalStateException
15:59:10.056 [main] DEBUG o.s.j.b.loader.SquidClassLoader - .class not found for ais.gui.common.System
15:59:10.057 [main] DEBUG o.s.j.b.loader.SquidClassLoader - .class not found for java.lang.Synthetic$System
15:59:10.057 [main] DEBUG o.s.j.b.loader.SquidClassLoader - .class not found for ais.gui.common.PrintUtils
15:59:10.057 [main] DEBUG o.s.j.b.loader.SquidClassLoader - .class not found for java.lang.PrintUtils
15:59:10.057 [main] DEBUG o.s.j.b.loader.SquidClassLoader - .class not found for java.lang.Synthetic$PrintUtils
15:59:10.058 [main] DEBUG o.s.j.b.loader.SquidClassLoader - .class not found for ais.gui.common.TransformationService
15:59:10.058 [main] DEBUG o.s.j.b.loader.SquidClassLoader - .class not found for java.lang.TransformationService
15:59:10.058 [main] DEBUG o.s.j.b.loader.SquidClassLoader - .class not found for java.lang.Synthetic$TransformationService
15:59:10.059 [main] DEBUG o.s.j.b.loader.SquidClassLoader - .class not found for ais.gui.common.AppException
15:59:10.060 [main] DEBUG o.s.j.b.loader.SquidClassLoader - .class not found for java.lang.AppException
15:59:10.060 [main] DEBUG o.s.j.b.loader.SquidClassLoader - .class not found for java.lang.Synthetic$AppException
15:59:10.105 [Report about progress of Java AST analyzer] INFO  org.sonar.squidbridge.ProgressReport - 1/1 source files have been analyzed
15:59:10.106 [main] DEBUG o.s.j.checks.verifier.CheckVerifier - Remediation function and cost not provided, "constant" is assumed.
]]></system-out>
  </testcase>
</testsuite>